20.12.2024 132449.327MainForm - FormShow - Создание фрейма номер - 0 - успешно!
20.12.2024 132449.543MainForm - AddRich(Порт COM1 открыт!, Номер вкладки:0)
20.12.2024 132449.675MainForm - FormShow - Создание фрейма номер - 1 - успешно!
20.12.2024 132449.802MainForm - FormShow - Создание фрейма номер - 2 - успешно!
20.12.2024 132449.897MainForm - FormShow - Создание фрейма номер - 3 - успешно!
20.12.2024 132450.001MainForm - FormShow - Создание фрейма номер - 4 - успешно!
20.12.2024 132450.092MainForm - FormShow - Создание фрейма номер - 5 - успешно!
20.12.2024 132450.195MainForm - THRD.StartThread
20.12.2024 132450.236MainForm - AddRich(Порт COM3 открыт!, Номер вкладки:1)
20.12.2024 132450.237КПА-1 - THRD.StartThread
20.12.2024 132505.881MainForm - AddRich(Данных нет или время ожидания истекло!, Номер вкладки:0)
20.12.2024 132505.881MainForm - THRD.ReciveAnswer. Ответ: 
20.12.2024 132505.881MainForm - THRD.ReciveAnswer. Result: 
20.12.2024 132505.910MainForm - AddRich(Данных нет или время ожидания истекло!, Номер вкладки:1)
20.12.2024 132505.911КПА-1 - THRD.ReciveAnswer. Ответ: 
20.12.2024 132505.911КПА-1 - THRD.ReciveAnswer. Result: 
20.12.2024 134246.733MainForm - TframeKPA.OpenComPortThread. Ошибка Cannot change Visible in OnShow or OnHide
20.12.2024 134246.740MainForm - FormShow - Создание фрейма номер - 0 - успешно!
20.12.2024 134246.752MainForm - SelectPort - Сортировка портов
20.12.2024 134246.921MainForm - FormShow - Создание фрейма номер - 1 - успешно!
20.12.2024 134246.973MainForm - FormShow - Создание фрейма номер - 2 - успешно!
20.12.2024 134246.997MainForm - FormShow - Создание фрейма номер - 3 - успешно!
20.12.2024 134247.008MainForm - FormShow - Создание фрейма номер - 4 - успешно!
20.12.2024 134247.017MainForm - FormShow - Создание фрейма номер - 5 - успешно!
20.12.2024 134247.078MainForm - AddRich(Порт COM3 открыт!, Номер вкладки:1)
20.12.2024 134247.078КПА-1 - THRD.StartThread
20.12.2024 134247.079MainForm - AddRich(Опрос КПА, Номер вкладки:1)
20.12.2024 134302.736MainForm - AddRich(Данных нет или время ожидания истекло!, Номер вкладки:1)
20.12.2024 134302.736КПА-1 - THRD.ReciveAnswer. Ответ: 
20.12.2024 134302.736КПА-1 - THRD.ReciveAnswer. Result: 
20.12.2024 134302.736MainForm - AddRich(Опрос КПА, Номер вкладки:1)
20.12.2024 142404.267MainForm - FormShow - Создание фрейма номер - 0 - успешно!
20.12.2024 142404.502MainForm - AddRich(Порт COM1 открыт!, Номер вкладки:0)
20.12.2024 142404.626MainForm - FormShow - Создание фрейма номер - 1 - успешно!
20.12.2024 142404.788MainForm - FormShow - Создание фрейма номер - 2 - успешно!
20.12.2024 142404.882MainForm - FormShow - Создание фрейма номер - 3 - успешно!
20.12.2024 142404.991MainForm - FormShow - Создание фрейма номер - 4 - успешно!
20.12.2024 142405.083MainForm - FormShow - Создание фрейма номер - 5 - успешно!
20.12.2024 142405.200MainForm - THRD.StartThread
20.12.2024 142405.246MainForm - AddRich(Порт COM3 открыт!, Номер вкладки:1)
20.12.2024 142405.246MainForm - AddRich(Опрос КПА, Номер вкладки:0)
20.12.2024 142405.246КПА-1 - THRD.StartThread
20.12.2024 142405.256MainForm - AddRich(Опрос КПА, Номер вкладки:1)
20.12.2024 142409.801MainForm - SelectPort - Сортировка портов
20.12.2024 142831.721MainForm - FormShow - Создание фрейма номер - 0 - успешно!
20.12.2024 142831.965MainForm - AddRich(Порт COM1 открыт!, Номер вкладки:0)
20.12.2024 142832.082MainForm - FormShow - Создание фрейма номер - 1 - успешно!
20.12.2024 142832.229MainForm - FormShow - Создание фрейма номер - 2 - успешно!
20.12.2024 142832.332MainForm - FormShow - Создание фрейма номер - 3 - успешно!
20.12.2024 142832.433MainForm - FormShow - Создание фрейма номер - 4 - успешно!
20.12.2024 142832.525MainForm - FormShow - Создание фрейма номер - 5 - успешно!
20.12.2024 142832.648MainForm - THRD.StartThread
20.12.2024 142832.693MainForm - AddRich(Порт COM3 открыт!, Номер вкладки:1)
20.12.2024 142832.694MainForm - AddRich(Опрос КПА, Номер вкладки:0)
20.12.2024 142832.694КПА-1 - THRD.StartThread
20.12.2024 142832.695MainForm - AddRich(Опрос КПА, Номер вкладки:1)
20.12.2024 142836.226MainForm - SelectPort - Сортировка портов
20.12.2024 142848.361MainForm - AddRich(Данных нет или время ожидания истекло!, Номер вкладки:1)
20.12.2024 142848.362MainForm - AddRich(Данных нет или время ожидания истекло!, Номер вкладки:0)
20.12.2024 142848.362КПА-1 - THRD.ReciveAnswer. Ответ: 
20.12.2024 142848.362КПА-1 - THRD.ReciveAnswer. Result: 
20.12.2024 142848.363MainForm - AddRich(Опрос КПА, Номер вкладки:1)
20.12.2024 142848.363MainForm - THRD.ReciveAnswer. Ответ: 
20.12.2024 142848.363MainForm - THRD.ReciveAnswer. Result: 
20.12.2024 142848.526MainForm - AddRich(Порт COM5 открыт!, Номер вкладки:0)
20.12.2024 142848.526MainForm - THRD.StartThread
20.12.2024 142848.527MainForm - AddRich(Опрос КПА, Номер вкладки:0)
20.12.2024 142901.411MainForm - AddRich(Ответ: {"KPA-1","1.05.04","5","01.01.2000,00:10:55","49560","0",{"7BFFFFC3F","1","1","","","","","","1"}}
, Номер вкладки:0)
20.12.2024 142903.372MainForm - THRD.BCPRxChar. Ответ: {"KPA-1","1.05.04","5","01.01.2000,00:10:55","49560","0",{"7BFFFFC3F","1","1","","","","","","1"}}

20.12.2024 143014.295MainForm - FormShow - Создание фрейма номер - 0 - успешно!
20.12.2024 143014.545MainForm - AddRich(Порт COM1 открыт!, Номер вкладки:0)
20.12.2024 143014.673MainForm - FormShow - Создание фрейма номер - 1 - успешно!
20.12.2024 143014.853MainForm - FormShow - Создание фрейма номер - 2 - успешно!
20.12.2024 143014.970MainForm - FormShow - Создание фрейма номер - 3 - успешно!
20.12.2024 143015.100MainForm - FormShow - Создание фрейма номер - 4 - успешно!
20.12.2024 143015.218MainForm - FormShow - Создание фрейма номер - 5 - успешно!
20.12.2024 143015.362MainForm - THRD.StartThread
20.12.2024 143015.407MainForm - AddRich(Порт COM3 открыт!, Номер вкладки:1)
20.12.2024 143015.408MainForm - AddRich(Опрос КПА, Номер вкладки:0)
20.12.2024 143015.408КПА-1 - THRD.StartThread
20.12.2024 143015.409MainForm - AddRich(Опрос КПА, Номер вкладки:1)
20.12.2024 143019.673MainForm - SelectPort - Сортировка портов
20.12.2024 143031.104MainForm - AddRich(Данных нет или время ожидания истекло!, Номер вкладки:1)
20.12.2024 143031.105MainForm - AddRich(Данных нет или время ожидания истекло!, Номер вкладки:0)
20.12.2024 143031.105КПА-1 - THRD.ReciveAnswer. Ответ: 
20.12.2024 143031.105MainForm - THRD.ReciveAnswer. Ответ: 
20.12.2024 143031.105КПА-1 - THRD.ReciveAnswer. Result: 
20.12.2024 143031.152MainForm - AddRich(Опрос КПА, Номер вкладки:1)
20.12.2024 143031.152MainForm - THRD.ReciveAnswer. Result: 
20.12.2024 143031.354MainForm - AddRich(Порт COM5 открыт!, Номер вкладки:0)
20.12.2024 143031.354MainForm - THRD.StartThread
20.12.2024 143031.359MainForm - AddRich(Опрос КПА, Номер вкладки:0)
20.12.2024 143036.129MainForm - AddRich(Ответ: {"KPA-1","1.05.04","5","01.01.2000,00:12:37","49560","0",{"7BFFFFC3F","1","1","","","","","","1"}}
, Номер вкладки:0)
20.12.2024 143036.129MainForm - THRD.BCPRxChar. Ответ: {"KPA-1","1.05.04","5","01.01.2000,00:12:37","49560","0",{"7BFFFFC3F","1","1","","","","","","1"}}

20.12.2024 143113.946MainForm - FormShow - Создание фрейма номер - 0 - успешно!
20.12.2024 143114.189MainForm - AddRich(Порт COM1 открыт!, Номер вкладки:0)
20.12.2024 143114.308MainForm - FormShow - Создание фрейма номер - 1 - успешно!
20.12.2024 143114.480MainForm - FormShow - Создание фрейма номер - 2 - успешно!
20.12.2024 143114.596MainForm - FormShow - Создание фрейма номер - 3 - успешно!
20.12.2024 143114.715MainForm - FormShow - Создание фрейма номер - 4 - успешно!
20.12.2024 143114.832MainForm - FormShow - Создание фрейма номер - 5 - успешно!
20.12.2024 143114.975MainForm - THRD.StartThread
20.12.2024 143115.018MainForm - AddRich(Порт COM3 открыт!, Номер вкладки:1)
20.12.2024 143115.019MainForm - AddRich(Опрос КПА, Номер вкладки:0)
20.12.2024 143115.019КПА-1 - THRD.StartThread
20.12.2024 143115.034MainForm - AddRich(Опрос КПА, Номер вкладки:1)
20.12.2024 143117.353MainForm - SelectPort - Сортировка портов
20.12.2024 143130.686MainForm - AddRich(Данных нет или время ожидания истекло!, Номер вкладки:0)
20.12.2024 143130.686MainForm - THRD.ReciveAnswer. Ответ: 
20.12.2024 143130.686MainForm - THRD.ReciveAnswer. Result: 
20.12.2024 143130.707MainForm - AddRich(Данных нет или время ожидания истекло!, Номер вкладки:1)
20.12.2024 143130.750КПА-1 - THRD.ReciveAnswer. Ответ: 
20.12.2024 143130.854КПА-1 - THRD.ReciveAnswer. Result: 
20.12.2024 143130.915MainForm - AddRich(Порт COM5 открыт!, Номер вкладки:0)
20.12.2024 143130.921MainForm - AddRich(Опрос КПА, Номер вкладки:1)
20.12.2024 143130.921MainForm - THRD.StartThread
20.12.2024 143130.926MainForm - AddRich(Опрос КПА, Номер вкладки:0)
20.12.2024 143130.955MainForm - AddRich(Ответ: {"KPA-1","1.05.04","5","01.01.2000,00:13:37","49560","0",{"7BFFFFC3F","1","1","","","","","","1"}}
, Номер вкладки:0)
20.12.2024 143130.955MainForm - THRD.BCPRxChar. Ответ: {"KPA-1","1.05.04","5","01.01.2000,00:13:37","49560","0",{"7BFFFFC3F","1","1","","","","","","1"}}

20.12.2024 143135.466MainForm - SelectPort - Сортировка портов
20.12.2024 143253.928MainForm - FormShow - Создание фрейма номер - 0 - успешно!
20.12.2024 143254.165MainForm - AddRich(Порт COM1 открыт!, Номер вкладки:0)
20.12.2024 143254.292MainForm - FormShow - Создание фрейма номер - 1 - успешно!
20.12.2024 143254.451MainForm - FormShow - Создание фрейма номер - 2 - успешно!
20.12.2024 143254.563MainForm - FormShow - Создание фрейма номер - 3 - успешно!
20.12.2024 143254.679MainForm - FormShow - Создание фрейма номер - 4 - успешно!
20.12.2024 143254.792MainForm - FormShow - Создание фрейма номер - 5 - успешно!
20.12.2024 143254.923MainForm - THRD.StartThread
20.12.2024 143254.964MainForm - AddRich(Порт COM3 открыт!, Номер вкладки:1)
20.12.2024 143254.965MainForm - AddRich(Опрос КПА, Номер вкладки:0)
20.12.2024 143254.965КПА-1 - THRD.StartThread
20.12.2024 143254.965MainForm - AddRich(Опрос КПА, Номер вкладки:1)
20.12.2024 143302.373MainForm - SelectPort - Сортировка портов
20.12.2024 143656.595MainForm - FormShow - Создание фрейма номер - 0 - успешно!
20.12.2024 143701.543MainForm - AddRich(Порт COM1 открыт!, Номер вкладки:0)
20.12.2024 143706.693MainForm - FormShow - Создание фрейма номер - 1 - успешно!
20.12.2024 143706.805MainForm - FormShow - Создание фрейма номер - 2 - успешно!
20.12.2024 143706.923MainForm - FormShow - Создание фрейма номер - 3 - успешно!
20.12.2024 143707.035MainForm - FormShow - Создание фрейма номер - 4 - успешно!
20.12.2024 143707.173MainForm - FormShow - Создание фрейма номер - 5 - успешно!
20.12.2024 143707.334MainForm - THRD.StartThread
20.12.2024 143707.378MainForm - AddRich(Порт COM3 открыт!, Номер вкладки:1)
20.12.2024 143707.378MainForm - AddRich(Опрос КПА, Номер вкладки:0)
20.12.2024 143707.378КПА-1 - THRD.StartThread
20.12.2024 143707.379MainForm - AddRich(Опрос КПА, Номер вкладки:1)
20.12.2024 143723.076MainForm - AddRich(Данных нет или время ожидания истекло!, Номер вкладки:0)
20.12.2024 143723.077MainForm - AddRich(Данных нет или время ожидания истекло!, Номер вкладки:1)
20.12.2024 143723.077MainForm - THRD.ReciveAnswer. Ответ: 
20.12.2024 143723.077КПА-1 - THRD.ReciveAnswer. Ответ: 
20.12.2024 143723.077КПА-1 - THRD.ReciveAnswer. Result: 
20.12.2024 143723.077MainForm - THRD.ReciveAnswer. Result: 
20.12.2024 143723.112MainForm - AddRich(Опрос КПА, Номер вкладки:0)
20.12.2024 143723.119MainForm - AddRich(Опрос КПА, Номер вкладки:1)
20.12.2024 143738.822MainForm - AddRich(Данных нет или время ожидания истекло!, Номер вкладки:1)
20.12.2024 143738.846MainForm - AddRich(Данных нет или время ожидания истекло!, Номер вкладки:0)
20.12.2024 143738.847КПА-1 - THRD.ReciveAnswer. Ответ: 
20.12.2024 143738.847MainForm - THRD.ReciveAnswer. Ответ: 
20.12.2024 143738.847КПА-1 - THRD.ReciveAnswer. Result: 
20.12.2024 143738.847MainForm - THRD.ReciveAnswer. Result: 
20.12.2024 143738.855MainForm - AddRich(Опрос КПА, Номер вкладки:1)
20.12.2024 143738.861MainForm - AddRich(Опрос КПА, Номер вкладки:0)
20.12.2024 143754.572MainForm - AddRich(Данных нет или время ожидания истекло!, Номер вкладки:1)
20.12.2024 143754.578MainForm - AddRich(Данных нет или время ожидания истекло!, Номер вкладки:0)
20.12.2024 143754.578КПА-1 - THRD.ReciveAnswer. Ответ: 
20.12.2024 143754.578MainForm - THRD.ReciveAnswer. Ответ: 
20.12.2024 143754.578КПА-1 - THRD.ReciveAnswer. Result: 
20.12.2024 143754.584MainForm - AddRich(Опрос КПА, Номер вкладки:1)
20.12.2024 143754.584MainForm - THRD.ReciveAnswer. Result: 
20.12.2024 143754.590MainForm - AddRich(Опрос КПА, Номер вкладки:0)
20.12.2024 143757.682MainForm - SelectPort - Сортировка портов
20.12.2024 143810.323MainForm - AddRich(Данных нет или время ожидания истекло!, Номер вкладки:1)
20.12.2024 143810.330MainForm - AddRich(Данных нет или время ожидания истекло!, Номер вкладки:0)
20.12.2024 143810.330КПА-1 - THRD.ReciveAnswer. Ответ: 
20.12.2024 143810.330MainForm - THRD.ReciveAnswer. Ответ: 
20.12.2024 143810.330КПА-1 - THRD.ReciveAnswer. Result: 
20.12.2024 143810.330MainForm - THRD.ReciveAnswer. Result: 
20.12.2024 143810.336MainForm - AddRich(Опрос КПА, Номер вкладки:1)
20.12.2024 143810.342MainForm - AddRich(Опрос КПА, Номер вкладки:0)
20.12.2024 143825.997MainForm - AddRich(Данных нет или время ожидания истекло!, Номер вкладки:0)
20.12.2024 143826.003MainForm - AddRich(Данных нет или время ожидания истекло!, Номер вкладки:1)
20.12.2024 143826.003MainForm - THRD.ReciveAnswer. Ответ: 
20.12.2024 143826.003КПА-1 - THRD.ReciveAnswer. Ответ: 
20.12.2024 143826.003КПА-1 - THRD.ReciveAnswer. Result: 
20.12.2024 143826.003MainForm - THRD.ReciveAnswer. Result: 
20.12.2024 143826.009MainForm - AddRich(Опрос КПА, Номер вкладки:1)
20.12.2024 143826.015MainForm - AddRich(Опрос КПА, Номер вкладки:0)
20.12.2024 144057.966MainForm - FormShow - Создание фрейма номер - 0 - успешно!
20.12.2024 144100.501MainForm - AddRich(Порт COM1 открыт!, Номер вкладки:0)
20.12.2024 144100.625MainForm - FormShow - Создание фрейма номер - 1 - успешно!
20.12.2024 144100.776MainForm - FormShow - Создание фрейма номер - 2 - успешно!
20.12.2024 144100.908MainForm - FormShow - Создание фрейма номер - 3 - успешно!
20.12.2024 144101.032MainForm - FormShow - Создание фрейма номер - 4 - успешно!
20.12.2024 144101.164MainForm - FormShow - Создание фрейма номер - 5 - успешно!
20.12.2024 144101.342MainForm - THRD.StartThread
20.12.2024 144101.388MainForm - AddRich(Порт COM3 открыт!, Номер вкладки:1)
20.12.2024 144101.388MainForm - AddRich(Опрос КПА, Номер вкладки:0)
20.12.2024 144101.388КПА-1 - THRD.StartThread
20.12.2024 144101.389MainForm - AddRich(Опрос КПА, Номер вкладки:1)
20.12.2024 144109.779MainForm - SelectPort - Сортировка портов
20.12.2024 144537.725MainForm - FormShow - Создание фрейма номер - 0 - успешно!
20.12.2024 144539.588MainForm - AddRich(Порт COM1 открыт!, Номер вкладки:0)
20.12.2024 144539.710MainForm - FormShow - Создание фрейма номер - 1 - успешно!
20.12.2024 144541.934MainForm - FormShow - Создание фрейма номер - 2 - успешно!
20.12.2024 144542.074MainForm - FormShow - Создание фрейма номер - 3 - успешно!
20.12.2024 144542.226MainForm - FormShow - Создание фрейма номер - 4 - успешно!
20.12.2024 144542.375MainForm - FormShow - Создание фрейма номер - 5 - успешно!
20.12.2024 144542.516MainForm - THRD.StartThread
20.12.2024 144542.580MainForm - AddRich(Порт COM3 открыт!, Номер вкладки:1)
20.12.2024 144542.582MainForm - AddRich(Опрос КПА, Номер вкладки:0)
20.12.2024 144542.598КПА-1 - THRD.StartThread
20.12.2024 144544.800MainForm - AddRich(Опрос КПА, Номер вкладки:1)
20.12.2024 144558.875MainForm - SelectPort - Сортировка портов
20.12.2024 144600.419MainForm - AddRich(Данных нет или время ожидания истекло!, Номер вкладки:0)
20.12.2024 144600.419MainForm - THRD.ReciveAnswer. Ответ: 
20.12.2024 144600.421MainForm - THRD.ReciveAnswer. Result: 
20.12.2024 144600.468MainForm - AddRich(Данных нет или время ожидания истекло!, Номер вкладки:1)
20.12.2024 144600.468КПА-1 - THRD.ReciveAnswer. Ответ: 
20.12.2024 144600.468КПА-1 - THRD.ReciveAnswer. Result: 
20.12.2024 144654.682MainForm - FormShow - Создание фрейма номер - 0 - успешно!
20.12.2024 144701.383MainForm - AddRich(Порт COM1 открыт!, Номер вкладки:0)
20.12.2024 144701.495MainForm - FormShow - Создание фрейма номер - 1 - успешно!
20.12.2024 144702.260MainForm - FormShow - Создание фрейма номер - 2 - успешно!
20.12.2024 144702.380MainForm - FormShow - Создание фрейма номер - 3 - успешно!
20.12.2024 144702.517MainForm - FormShow - Создание фрейма номер - 4 - успешно!
20.12.2024 144702.635MainForm - FormShow - Создание фрейма номер - 5 - успешно!
20.12.2024 144702.776MainForm - THRD.StartThread
20.12.2024 144702.818MainForm - AddRich(Порт COM3 открыт!, Номер вкладки:1)
20.12.2024 144702.819MainForm - AddRich(Опрос КПА, Номер вкладки:0)
20.12.2024 144702.819КПА-1 - THRD.StartThread
20.12.2024 144702.820MainForm - AddRich(Опрос КПА, Номер вкладки:1)
20.12.2024 144708.204MainForm - SelectPort - Сортировка портов
20.12.2024 145542.944MainForm - FormShow - Создание фрейма номер - 0 - успешно!
20.12.2024 145544.832MainForm - AddRich(Порт COM1 открыт!, Номер вкладки:0)
20.12.2024 145544.953MainForm - FormShow - Создание фрейма номер - 1 - успешно!
20.12.2024 145545.288MainForm - FormShow - Создание фрейма номер - 2 - успешно!
20.12.2024 145545.407MainForm - FormShow - Создание фрейма номер - 3 - успешно!
20.12.2024 145545.536MainForm - FormShow - Создание фрейма номер - 4 - успешно!
20.12.2024 145545.655MainForm - FormShow - Создание фрейма номер - 5 - успешно!
20.12.2024 145545.802MainForm - THRD.StartThread
20.12.2024 145545.843MainForm - AddRich(Порт COM3 открыт!, Номер вкладки:1)
20.12.2024 145545.844MainForm - AddRich(Опрос КПА, Номер вкладки:0)
20.12.2024 145545.844КПА-1 - THRD.StartThread
20.12.2024 145545.844MainForm - AddRich(Опрос КПА, Номер вкладки:1)
20.12.2024 145551.557MainForm - SelectPort - Сортировка портов
20.12.2024 145606.840MainForm - AddRich(Данных нет или время ожидания истекло!, Номер вкладки:0)
20.12.2024 145606.841MainForm - AddRich(Данных нет или время ожидания истекло!, Номер вкладки:1)
20.12.2024 145606.841MainForm - THRD.ReciveAnswer. Ответ: 
20.12.2024 145606.841КПА-1 - THRD.ReciveAnswer. Ответ: 
20.12.2024 145606.841MainForm - THRD.ReciveAnswer. Result: 
20.12.2024 145606.841КПА-1 - THRD.ReciveAnswer. Result: 
20.12.2024 145606.913MainForm - AddRich(Порт COM5 открыт!, Номер вкладки:0)
20.12.2024 145611.966MainForm - AddRich(Опрос КПА, Номер вкладки:0)
20.12.2024 145612.095MainForm - AddRich(Ответ: {"KPA-1","1.05.04","5","01.01.2000,00:38:19","49560","0",{"7BFFFFC3F","1","1","","","","","","1"}}
, Номер вкладки:0)
20.12.2024 145612.095MainForm - THRD.BCPRxChar. Ответ: {"KPA-1","1.05.04","5","01.01.2000,00:38:19","49560","0",{"7BFFFFC3F","1","1","","","","","","1"}}

20.12.2024 145627.660MainForm - AddRich(Данных нет или время ожидания истекло!, Номер вкладки:0)
20.12.2024 145627.660MainForm - THRD.ReciveAnswer. Ответ: 
20.12.2024 145627.660MainForm - THRD.ReciveAnswer. Result: 
20.12.2024 145725.551MainForm - FormShow - Создание фрейма номер - 0 - успешно!
20.12.2024 145730.167MainForm - AddRich(Порт COM1 открыт!, Номер вкладки:0)
20.12.2024 145730.288MainForm - FormShow - Создание фрейма номер - 1 - успешно!
20.12.2024 145731.363MainForm - FormShow - Создание фрейма номер - 2 - успешно!
20.12.2024 145731.493MainForm - FormShow - Создание фрейма номер - 3 - успешно!
20.12.2024 145731.611MainForm - FormShow - Создание фрейма номер - 4 - успешно!
20.12.2024 145731.750MainForm - FormShow - Создание фрейма номер - 5 - успешно!
20.12.2024 145731.901MainForm - THRD.StartThread
20.12.2024 145733.530MainForm - AddRich(Порт COM3 открыт!, Номер вкладки:1)
20.12.2024 145733.531MainForm - AddRich(Опрос КПА, Номер вкладки:0)
20.12.2024 145733.531КПА-1 - THRD.StartThread
20.12.2024 145734.346MainForm - AddRich(Опрос КПА, Номер вкладки:1)
20.12.2024 150643.794MainForm - FormShow - Создание фрейма номер - 0 - успешно!
20.12.2024 150646.725MainForm - AddRich(Порт COM1 открыт!, Номер вкладки:0)
20.12.2024 150646.837MainForm - FormShow - Создание фрейма номер - 1 - успешно!
20.12.2024 150648.158MainForm - FormShow - Создание фрейма номер - 2 - успешно!
20.12.2024 150648.278MainForm - FormShow - Создание фрейма номер - 3 - успешно!
20.12.2024 150648.412MainForm - FormShow - Создание фрейма номер - 4 - успешно!
20.12.2024 150648.534MainForm - FormShow - Создание фрейма номер - 5 - успешно!
20.12.2024 150648.705MainForm - THRD.StartThread
20.12.2024 150651.085MainForm - AddRich(Порт COM3 открыт!, Номер вкладки:1)
20.12.2024 150651.086MainForm - AddRich(Опрос КПА, Номер вкладки:0)
20.12.2024 150651.086КПА-1 - THRD.StartThread
20.12.2024 150651.087MainForm - AddRich(Опрос КПА, Номер вкладки:1)
20.12.2024 150706.781MainForm - AddRich(Данных нет или время ожидания истекло!, Номер вкладки:0)
20.12.2024 150706.786MainForm - AddRich(Данных нет или время ожидания истекло!, Номер вкладки:1)
20.12.2024 150706.786MainForm - THRD.ReciveAnswer. Ответ: 
20.12.2024 150706.786КПА-1 - THRD.ReciveAnswer. Ответ: 
20.12.2024 150706.786MainForm - THRD.ReciveAnswer. Result: 
20.12.2024 150706.786КПА-1 - THRD.ReciveAnswer. Result: 
20.12.2024 150903.043MainForm - FormShow - Создание фрейма номер - 0 - успешно!
20.12.2024 150903.299MainForm - AddRich(Порт COM1 открыт!, Номер вкладки:0)
20.12.2024 150903.406MainForm - FormShow - Создание фрейма номер - 1 - успешно!
20.12.2024 150903.566MainForm - FormShow - Создание фрейма номер - 2 - успешно!
20.12.2024 150903.678MainForm - FormShow - Создание фрейма номер - 3 - успешно!
20.12.2024 150903.810MainForm - FormShow - Создание фрейма номер - 4 - успешно!
20.12.2024 150903.931MainForm - FormShow - Создание фрейма номер - 5 - успешно!
20.12.2024 150904.064MainForm - THRD.StartThread
20.12.2024 150904.108MainForm - AddRich(Порт COM3 открыт!, Номер вкладки:1)
20.12.2024 150904.109MainForm - AddRich(Опрос КПА, Номер вкладки:0)
20.12.2024 150904.109КПА-1 - THRD.StartThread
20.12.2024 150904.110MainForm - AddRich(Опрос КПА, Номер вкладки:1)
20.12.2024 151029.900MainForm - FormShow - Создание фрейма номер - 0 - успешно!
20.12.2024 151030.142MainForm - AddRich(Порт COM1 открыт!, Номер вкладки:0)
20.12.2024 151030.247MainForm - FormShow - Создание фрейма номер - 1 - успешно!
20.12.2024 151030.440MainForm - FormShow - Создание фрейма номер - 2 - успешно!
20.12.2024 151030.560MainForm - FormShow - Создание фрейма номер - 3 - успешно!
20.12.2024 151030.694MainForm - FormShow - Создание фрейма номер - 4 - успешно!
20.12.2024 151030.810MainForm - FormShow - Создание фрейма номер - 5 - успешно!
20.12.2024 151030.947MainForm - THRD.StartThread
20.12.2024 151030.990MainForm - AddRich(Порт COM3 открыт!, Номер вкладки:1)
20.12.2024 151030.991MainForm - AddRich(Опрос КПА, Номер вкладки:0)
20.12.2024 151030.991КПА-1 - THRD.StartThread
20.12.2024 151030.991MainForm - AddRich(Опрос КПА, Номер вкладки:1)
20.12.2024 151136.077MainForm - FormShow - Создание фрейма номер - 0 - успешно!
20.12.2024 151136.327MainForm - AddRich(Порт COM1 открыт!, Номер вкладки:0)
20.12.2024 151136.442MainForm - FormShow - Создание фрейма номер - 1 - успешно!
20.12.2024 151136.588MainForm - FormShow - Создание фрейма номер - 2 - успешно!
20.12.2024 151136.703MainForm - FormShow - Создание фрейма номер - 3 - успешно!
20.12.2024 151136.822MainForm - FormShow - Создание фрейма номер - 4 - успешно!
20.12.2024 151136.941MainForm - FormShow - Создание фрейма номер - 5 - успешно!
20.12.2024 151137.113MainForm - THRD.StartThread
20.12.2024 151137.155MainForm - AddRich(Порт COM3 открыт!, Номер вкладки:1)
20.12.2024 151137.156MainForm - AddRich(Опрос КПА, Номер вкладки:0)
20.12.2024 151137.156КПА-1 - THRD.StartThread
20.12.2024 151137.157MainForm - AddRich(Опрос КПА, Номер вкладки:1)
20.12.2024 151152.860MainForm - AddRich(Данных нет или время ожидания истекло!, Номер вкладки:1)
20.12.2024 151152.865MainForm - AddRich(Данных нет или время ожидания истекло!, Номер вкладки:0)
20.12.2024 151152.865КПА-1 - THRD.ReciveAnswer. Ответ: 
20.12.2024 151152.865MainForm - THRD.ReciveAnswer. Ответ: 
20.12.2024 151152.865КПА-1 - THRD.ReciveAnswer. Result: 
20.12.2024 151152.865MainForm - THRD.ReciveAnswer. Result: 
20.12.2024 151153.067MainForm - AddRich(Порт COM3 закрыт!, Номер вкладки:1)
20.12.2024 151158.797MainForm - AddRich(Порт COM1 закрыт!, Номер вкладки:0)
20.12.2024 151400.059MainForm - FormShow - Создание фрейма номер - 0 - успешно!
20.12.2024 151400.329MainForm - AddRich(Порт COM1 открыт!, Номер вкладки:0)
20.12.2024 151400.437MainForm - FormShow - Создание фрейма номер - 1 - успешно!
20.12.2024 151400.613MainForm - FormShow - Создание фрейма номер - 2 - успешно!
20.12.2024 151400.733MainForm - FormShow - Создание фрейма номер - 3 - успешно!
20.12.2024 151400.851MainForm - FormShow - Создание фрейма номер - 4 - успешно!
20.12.2024 151400.985MainForm - FormShow - Создание фрейма номер - 5 - успешно!
20.12.2024 151401.118MainForm - THRD.StartThread
20.12.2024 151401.161MainForm - AddRich(Порт COM3 открыт!, Номер вкладки:1)
20.12.2024 151401.162MainForm - AddRich(Опрос КПА, Номер вкладки:0)
20.12.2024 151401.162КПА-1 - THRD.StartThread
20.12.2024 151401.163MainForm - AddRich(Опрос КПА, Номер вкладки:1)
20.12.2024 151417.018MainForm - AddRich(Данных нет или время ожидания истекло!, Номер вкладки:1)
20.12.2024 151417.019MainForm - AddRich(Данных нет или время ожидания истекло!, Номер вкладки:0)
20.12.2024 151417.019КПА-1 - THRD.ReciveAnswer. Ответ: 
20.12.2024 151417.019MainForm - THRD.ReciveAnswer. Ответ: 
20.12.2024 151417.019КПА-1 - THRD.ReciveAnswer. Result: 
20.12.2024 151417.021MainForm - THRD.ReciveAnswer. Result: 
20.12.2024 151417.112MainForm - AddRich(Порт COM1 закрыт!, Номер вкладки:0)
20.12.2024 151417.240MainForm - AddRich(Порт COM3 закрыт!, Номер вкладки:1)
20.12.2024 151902.441MainForm - FormShow - Создание фрейма номер - 0 - успешно!
20.12.2024 151902.679MainForm - AddRich(Порт COM1 открыт!, Номер вкладки:0)
20.12.2024 151902.803MainForm - FormShow - Создание фрейма номер - 1 - успешно!
20.12.2024 151902.980MainForm - FormShow - Создание фрейма номер - 2 - успешно!
20.12.2024 151903.104MainForm - FormShow - Создание фрейма номер - 3 - успешно!
20.12.2024 151903.217MainForm - FormShow - Создание фрейма номер - 4 - успешно!
20.12.2024 151903.347MainForm - FormShow - Создание фрейма номер - 5 - успешно!
20.12.2024 151903.480MainForm - THRD.StartThread
20.12.2024 151903.522MainForm - AddRich(Порт COM3 открыт!, Номер вкладки:1)
20.12.2024 151903.523MainForm - AddRich(Опрос КПА, Номер вкладки:0)
20.12.2024 151903.523КПА-1 - THRD.StartThread
20.12.2024 151903.524MainForm - AddRich(Опрос КПА, Номер вкладки:1)
20.12.2024 151907.132MainForm - SelectPort - Сортировка портов
20.12.2024 151922.841MainForm - AddRich(Данных нет или время ожидания истекло!, Номер вкладки:0)
20.12.2024 151922.842MainForm - AddRich(Данных нет или время ожидания истекло!, Номер вкладки:1)
20.12.2024 151922.842MainForm - THRD.ReciveAnswer. Ответ: 
20.12.2024 151922.842КПА-1 - THRD.ReciveAnswer. Ответ: 
20.12.2024 151922.842MainForm - THRD.ReciveAnswer. Result: 
20.12.2024 151922.842КПА-1 - THRD.ReciveAnswer. Result: 
20.12.2024 151922.937MainForm - AddRich(Порт COM5 закрыт!, Номер вкладки:0)
20.12.2024 151923.076MainForm - AddRich(Порт COM3 закрыт!, Номер вкладки:1)
20.12.2024 152058.823MainForm - FormShow - Создание фрейма номер - 0 - успешно!
20.12.2024 152059.064MainForm - AddRich(Порт COM1 открыт!, Номер вкладки:0)
20.12.2024 152059.186MainForm - FormShow - Создание фрейма номер - 1 - успешно!
20.12.2024 152059.323MainForm - FormShow - Создание фрейма номер - 2 - успешно!
20.12.2024 152059.447MainForm - FormShow - Создание фрейма номер - 3 - успешно!
20.12.2024 152059.566MainForm - FormShow - Создание фрейма номер - 4 - успешно!
20.12.2024 152059.680MainForm - FormShow - Создание фрейма номер - 5 - успешно!
20.12.2024 152059.818MainForm - THRD.StartThread
20.12.2024 152059.862MainForm - AddRich(Порт COM3 открыт!, Номер вкладки:1)
20.12.2024 152059.862MainForm - AddRich(Опрос КПА, Номер вкладки:0)
20.12.2024 152059.862КПА-1 - THRD.StartThread
20.12.2024 152059.870MainForm - AddRich(Опрос КПА, Номер вкладки:1)
20.12.2024 152103.066MainForm - SelectPort - Сортировка портов
20.12.2024 152118.625MainForm - AddRich(Данных нет или время ожидания истекло!, Номер вкладки:0)
20.12.2024 152118.627MainForm - AddRich(Данных нет или время ожидания истекло!, Номер вкладки:1)
20.12.2024 152118.627MainForm - THRD.ReciveAnswer. Ответ: 
20.12.2024 152118.627КПА-1 - THRD.ReciveAnswer. Ответ: 
20.12.2024 152118.627MainForm - THRD.ReciveAnswer. Result: 
20.12.2024 152118.627КПА-1 - THRD.ReciveAnswer. Result: 
20.12.2024 152118.714MainForm - AddRich(Порт COM5 закрыт!, Номер вкладки:0)
20.12.2024 152118.900MainForm - AddRich(Порт COM3 закрыт!, Номер вкладки:1)
20.12.2024 155135.355MainForm - FormShow - Создание фрейма номер - 0 - успешно!
20.12.2024 155135.605MainForm - AddRich(Порт COM1 открыт!, Номер вкладки:0)
20.12.2024 155135.732MainForm - FormShow - Создание фрейма номер - 1 - успешно!
20.12.2024 155135.896MainForm - FormShow - Создание фрейма номер - 2 - успешно!
20.12.2024 155136.017MainForm - FormShow - Создание фрейма номер - 3 - успешно!
20.12.2024 155136.132MainForm - FormShow - Создание фрейма номер - 4 - успешно!
20.12.2024 155136.252MainForm - FormShow - Создание фрейма номер - 5 - успешно!
20.12.2024 155136.385MainForm - THRD.StartThread
20.12.2024 155136.432MainForm - AddRich(Порт COM3 открыт!, Номер вкладки:1)
20.12.2024 155136.432MainForm - AddRich(Опрос КПА, Номер вкладки:0)
20.12.2024 155136.432КПА-1 - THRD.StartThread
20.12.2024 155136.433MainForm - AddRich(Опрос КПА, Номер вкладки:1)
20.12.2024 155140.379MainForm - SelectPort - Сортировка портов
20.12.2024 155146.258MainForm - THRD.ReciveAnswer. Ответ: 
20.12.2024 155146.363MainForm - THRD.ReciveAnswer. Result: 
20.12.2024 155156.748MainForm - AddRich(Данных нет или время ожидания истекло!, Номер вкладки:1)
20.12.2024 155156.751КПА-1 - THRD.ReciveAnswer. Ответ: 
20.12.2024 155156.753КПА-1 - THRD.ReciveAnswer. Result: 
20.12.2024 155239.001MainForm - AddRich(Порт COM1 закрыт!, Номер вкладки:0)
20.12.2024 155240.890MainForm - AddRich(Порт COM5 открыт!, Номер вкладки:0)
20.12.2024 155242.009MainForm - AddRich(Опрос КПА, Номер вкладки:0)
20.12.2024 155242.009MainForm - THRD.ReciveAnswer. Ответ: 
20.12.2024 155242.115MainForm - THRD.ReciveAnswer. Result: 
20.12.2024 155435.018MainForm - FormShow - Создание фрейма номер - 0 - успешно!
20.12.2024 155435.259MainForm - AddRich(Порт COM1 открыт!, Номер вкладки:0)
20.12.2024 155435.382MainForm - FormShow - Создание фрейма номер - 1 - успешно!
20.12.2024 155435.529MainForm - FormShow - Создание фрейма номер - 2 - успешно!
20.12.2024 155435.651MainForm - FormShow - Создание фрейма номер - 3 - успешно!
20.12.2024 155435.770MainForm - FormShow - Создание фрейма номер - 4 - успешно!
20.12.2024 155435.886MainForm - FormShow - Создание фрейма номер - 5 - успешно!
20.12.2024 155436.039MainForm - THRD.StartThread
20.12.2024 155436.080MainForm - AddRich(Порт COM3 открыт!, Номер вкладки:1)
20.12.2024 155436.081MainForm - AddRich(Опрос КПА, Номер вкладки:0)
20.12.2024 155436.081КПА-1 - THRD.StartThread
20.12.2024 155436.082MainForm - AddRich(Опрос КПА, Номер вкладки:1)
20.12.2024 155439.437MainForm - SelectPort - Сортировка портов
20.12.2024 155444.652MainForm - AddRich(Данных нет или время ожидания истекло!, Номер вкладки:0)
20.12.2024 155444.763MainForm - THRD.ReciveAnswer. Ответ: 
20.12.2024 155444.768MainForm - THRD.ReciveAnswer. Result: 
20.12.2024 155454.864MainForm - AddRich(Данных нет или время ожидания истекло!, Номер вкладки:1)
20.12.2024 155454.864КПА-1 - THRD.ReciveAnswer. Ответ: 
20.12.2024 155454.864КПА-1 - THRD.ReciveAnswer. Result: 
20.12.2024 155603.737MainForm - FormShow - Создание фрейма номер - 0 - успешно!
20.12.2024 155603.989MainForm - AddRich(Порт COM1 открыт!, Номер вкладки:0)
20.12.2024 155604.114MainForm - FormShow - Создание фрейма номер - 1 - успешно!
20.12.2024 155604.270MainForm - FormShow - Создание фрейма номер - 2 - успешно!
20.12.2024 155604.409MainForm - FormShow - Создание фрейма номер - 3 - успешно!
20.12.2024 155604.534MainForm - FormShow - Создание фрейма номер - 4 - успешно!
20.12.2024 155604.654MainForm - FormShow - Создание фрейма номер - 5 - успешно!
20.12.2024 155604.791MainForm - THRD.StartThread
20.12.2024 155604.833MainForm - AddRich(Порт COM3 открыт!, Номер вкладки:1)
20.12.2024 155604.834MainForm - AddRich(Опрос КПА, Номер вкладки:0)
20.12.2024 155604.834КПА-1 - THRD.StartThread
20.12.2024 155604.835MainForm - AddRich(Опрос КПА, Номер вкладки:1)
20.12.2024 155607.351MainForm - SelectPort - Сортировка портов
20.12.2024 155610.497MainForm - AddRich(Данных нет или время ожидания истекло!, Номер вкладки:0)
20.12.2024 155610.598MainForm - THRD.ReciveAnswer. Ответ: 
20.12.2024 155610.604MainForm - THRD.ReciveAnswer. Result: 
20.12.2024 155610.647MainForm - AddRich(Порт COM1 закрыт!, Номер вкладки:0)
20.12.2024 155613.072MainForm - AddRich(Порт COM5 открыт!, Номер вкладки:0)
20.12.2024 155613.081MainForm - AddRich(Опрос КПА, Номер вкладки:0)
20.12.2024 155613.198MainForm - AddRich(Ответ: {"KPA-1","1.05.04","5","01.01.2000,01:38:21","49560","0",{"7BFFFFC3F","1","1","","","","","","1"}}
, Номер вкладки:0)
20.12.2024 155613.198MainForm - THRD.BCPRxChar. Ответ: {"KPA-1","1.05.04","5","01.01.2000,01:38:21","49560","0",{"7BFFFFC3F","1","1","","","","","","1"}}

20.12.2024 155636.622MainForm - FormShow - Создание фрейма номер - 0 - успешно!
20.12.2024 155636.876MainForm - AddRich(Порт COM1 открыт!, Номер вкладки:0)
20.12.2024 155636.988MainForm - FormShow - Создание фрейма номер - 1 - успешно!
20.12.2024 155637.137MainForm - FormShow - Создание фрейма номер - 2 - успешно!
20.12.2024 155637.247MainForm - FormShow - Создание фрейма номер - 3 - успешно!
20.12.2024 155637.367MainForm - FormShow - Создание фрейма номер - 4 - успешно!
20.12.2024 155637.480MainForm - FormShow - Создание фрейма номер - 5 - успешно!
20.12.2024 155637.631MainForm - THRD.StartThread
20.12.2024 155637.673MainForm - AddRich(Порт COM3 открыт!, Номер вкладки:1)
20.12.2024 155637.674MainForm - AddRich(Опрос КПА, Номер вкладки:0)
20.12.2024 155637.674КПА-1 - THRD.StartThread
20.12.2024 155637.675MainForm - AddRich(Опрос КПА, Номер вкладки:1)
20.12.2024 155640.070MainForm - SelectPort - Сортировка портов
20.12.2024 155641.333MainForm - AddRich(Данных нет или время ожидания истекло!, Номер вкладки:0)
20.12.2024 155641.334MainForm - THRD.ReciveAnswer. Ответ: 
20.12.2024 155641.334MainForm - THRD.ReciveAnswer. Result: 
20.12.2024 155641.379MainForm - AddRich(Порт COM1 закрыт!, Номер вкладки:0)
20.12.2024 155641.438MainForm - AddRich(Порт COM5 открыт!, Номер вкладки:0)
20.12.2024 155641.443MainForm - AddRich(Опрос КПА, Номер вкладки:0)
20.12.2024 155641.475MainForm - AddRich(Ответ: {"KPA-1","1.05.04","5","01.01.2000,01:38:49","49560","0",{"7BFFFFC3F","1","1","","","","","","1"}}
, Номер вкладки:0)
20.12.2024 155641.475MainForm - THRD.BCPRxChar. Ответ: {"KPA-1","1.05.04","5","01.01.2000,01:38:49","49560","0",{"7BFFFFC3F","1","1","","","","","","1"}}

20.12.2024 155646.954MainForm - SelectPort - Сортировка портов
