[15.01.2025 14:05:57.263][main]Старт программы KPA-1: Голунова Наталья Николаевна. Версия ПО: 1.0.0.0.
[15.01.2025 14:05:57.379][main]Создание фрейма номер - 0 - успешно!
[15.01.2025 14:05:57.469][main]Создание фрейма номер - 1 - успешно!
[15.01.2025 14:05:57.557][main]Создание фрейма номер - 2 - успешно!
[15.01.2025 14:05:57.646][main]Создание фрейма номер - 3 - успешно!
[15.01.2025 14:05:57.743][main]Создание фрейма номер - 4 - успешно!
[15.01.2025 14:05:57.831][main]Создание фрейма номер - 5 - успешно!
[15.01.2025 14:05:58.150][success][COM1]:Порт открыт!
[15.01.2025 14:05:58.150][success][COM1]:Опрос КПА
[15.01.2025 14:05:59.732][success][COM1]:Данных нет или время ожидания истекло!
[15.01.2025 14:05:59.732][success][COM1]:THRD.ReciveAnswer. Ответ: 
[15.01.2025 14:05:59.732][success][COM1]:THRD.ReciveAnswer. Ответ: 
[15.01.2025 14:05:59.792][success][COM1]:Порт закрыт!
[15.01.2025 14:06:00.032][success][COM3]:Порт открыт!
[15.01.2025 14:06:00.032][success][COM3]:Опрос КПА
[15.01.2025 14:06:01.625][success][COM3]:Данных нет или время ожидания истекло!
[15.01.2025 14:06:01.625][success][COM3]:THRD.ReciveAnswer. Ответ: 
[15.01.2025 14:06:01.625][success][COM3]:THRD.ReciveAnswer. Ответ: 
[15.01.2025 14:06:01.792][success][COM3]:Порт закрыт!
[15.01.2025 14:06:01.889][success][COM5]:Порт открыт!
[15.01.2025 14:06:01.935][success][COM5]:Опрос КПА
[15.01.2025 14:06:01.965][success][COM5]:THRD.BCPRxChar. Ответ: {"KPA-1","1.05.04","5","02.01.2000,22:52:23","49560","0",{"7BFFFFC3F","1","1","","","","","","0"}}

[15.01.2025 14:06:01.975][success][COM5]:THRD.ReciveAnswer. Ответ: {"KPA-1","1.05.04","5","02.01.2000,22:52:23","49560","0",{"7BFFFFC3F","1","1","","","","","","0"}}

[15.01.2025 14:06:01.975][success][COM5]:THRD.ReciveAnswer. Ответ: {"KPA-1","1.05.04","5","02.01.2000,22:52:23","49560","0",{"7BFFFFC3F","1","1","","","","","","0"}}

[15.01.2025 14:06:01.991][success][COM5]:THRD.ReciveAnswer. Ответ: {"KPA-1","1.05.04","5","02.01.2000,22:52:23","49560","0",{"7BFFFFC3F","1","1","","","","","","0"}}

[15.01.2025 14:06:02.022][success][COM5]:THRD.BCPRxChar. Ответ: "0"

[15.01.2025 14:06:02.027][success][COM5]:THRD.ReciveAnswer. Ответ: 0
[15.01.2025 14:06:02.028][success][COM5]:THRD.ReciveAnswer. Ответ: 0
[15.01.2025 14:06:02.036][success][COM5]:Плата не вставлена.
[15.01.2025 14:06:04.076][success][COM5]:THRD.BCPRxChar. Ответ: "0"

[15.01.2025 14:06:04.087][success][COM5]:THRD.ReciveAnswer. Ответ: 0
[15.01.2025 14:06:04.088][success][COM5]:THRD.ReciveAnswer. Ответ: 0
[15.01.2025 14:06:04.095][success][COM5]:Плата не вставлена.
[15.01.2025 14:06:06.116][success][COM5]:THRD.BCPRxChar. Ответ: "0"

[15.01.2025 14:06:06.123][success][COM5]:THRD.ReciveAnswer. Ответ: 0
[15.01.2025 14:06:06.124][success][COM5]:THRD.ReciveAnswer. Ответ: 0
[15.01.2025 14:06:06.134][success][COM5]:Плата не вставлена.
[15.01.2025 14:06:08.173][success][COM5]:THRD.BCPRxChar. Ответ: "0"

[15.01.2025 14:06:08.179][success][COM5]:THRD.ReciveAnswer. Ответ: 0
[15.01.2025 14:06:08.181][success][COM5]:THRD.ReciveAnswer. Ответ: 0
[15.01.2025 14:06:08.188][success][COM5]:Плата не вставлена.
[15.01.2025 14:06:10.235][success][COM5]:THRD.BCPRxChar. Ответ: "0"

[15.01.2025 14:06:10.241][success][COM5]:THRD.ReciveAnswer. Ответ: 0
[15.01.2025 14:06:10.243][success][COM5]:THRD.ReciveAnswer. Ответ: 0
[15.01.2025 14:06:10.250][success][COM5]:Плата не вставлена.
[15.01.2025 14:06:12.279][success][COM5]:THRD.BCPRxChar. Ответ: "0"

[15.01.2025 14:06:12.290][success][COM5]:THRD.ReciveAnswer. Ответ: 0
[15.01.2025 14:06:12.294][success][COM5]:THRD.ReciveAnswer. Ответ: 0
[15.01.2025 14:06:12.304][success][COM5]:Плата не вставлена.
[15.01.2025 14:06:14.358][success][COM5]:THRD.BCPRxChar. Ответ: "0"

[15.01.2025 14:06:14.363][success][COM5]:THRD.ReciveAnswer. Ответ: 0
[15.01.2025 14:06:14.364][success][COM5]:THRD.ReciveAnswer. Ответ: 0
[15.01.2025 14:06:14.373][success][COM5]:Плата не вставлена.
[15.01.2025 14:06:16.421][success][COM5]:THRD.BCPRxChar. Ответ: "0"

[15.01.2025 14:06:16.425][success][COM5]:THRD.ReciveAnswer. Ответ: 0
[15.01.2025 14:06:16.427][success][COM5]:THRD.ReciveAnswer. Ответ: 0
[15.01.2025 14:06:16.435][success][COM5]:Плата не вставлена.
[15.01.2025 14:06:18.461][success][COM5]:THRD.BCPRxChar. Ответ: "0"

[15.01.2025 14:06:18.466][success][COM5]:THRD.ReciveAnswer. Ответ: 0
[15.01.2025 14:06:18.468][success][COM5]:THRD.ReciveAnswer. Ответ: 0
[15.01.2025 14:06:18.476][success][COM5]:Плата не вставлена.
[15.01.2025 14:06:20.515][success][COM5]:THRD.BCPRxChar. Ответ: "0"

[15.01.2025 14:06:20.519][success][COM5]:THRD.ReciveAnswer. Ответ: 0
[15.01.2025 14:06:20.522][success][COM5]:THRD.ReciveAnswer. Ответ: 0
[15.01.2025 14:06:20.530][success][COM5]:Плата не вставлена.
[15.01.2025 14:06:22.552][success][COM5]:THRD.BCPRxChar. Ответ: "0"

[15.01.2025 14:06:22.556][success][COM5]:THRD.ReciveAnswer. Ответ: 0
[15.01.2025 14:06:22.558][success][COM5]:THRD.ReciveAnswer. Ответ: 0
[15.01.2025 14:06:22.565][success][COM5]:Плата не вставлена.
[15.01.2025 14:06:24.589][success][COM5]:THRD.BCPRxChar. Ответ: "0"

[15.01.2025 14:06:24.595][success][COM5]:THRD.ReciveAnswer. Ответ: 0
[15.01.2025 14:06:24.598][success][COM5]:THRD.ReciveAnswer. Ответ: 0
[15.01.2025 14:06:24.607][success][COM5]:Плата не вставлена.
[15.01.2025 14:06:26.642][success][COM5]:THRD.BCPRxChar. Ответ: "0"

[15.01.2025 14:06:26.647][success][COM5]:THRD.ReciveAnswer. Ответ: 0
[15.01.2025 14:06:26.650][success][COM5]:THRD.ReciveAnswer. Ответ: 0
[15.01.2025 14:06:26.658][success][COM5]:Плата не вставлена.
[15.01.2025 14:06:28.680][success][COM5]:THRD.BCPRxChar. Ответ: "0"

[15.01.2025 14:06:28.684][success][COM5]:THRD.ReciveAnswer. Ответ: 0
[15.01.2025 14:06:28.687][success][COM5]:THRD.ReciveAnswer. Ответ: 0
[15.01.2025 14:06:28.696][success][COM5]:Плата не вставлена.
[15.01.2025 14:06:30.733][success][COM5]:THRD.BCPRxChar. Ответ: "0"

[15.01.2025 14:06:30.738][success][COM5]:THRD.ReciveAnswer. Ответ: 0
[15.01.2025 14:06:30.741][success][COM5]:THRD.ReciveAnswer. Ответ: 0
[15.01.2025 14:06:30.752][success][COM5]:Плата не вставлена.
[15.01.2025 14:06:32.790][success][COM5]:THRD.BCPRxChar. Ответ: "0"

[15.01.2025 14:06:32.795][success][COM5]:THRD.ReciveAnswer. Ответ: 0
[15.01.2025 14:06:32.798][success][COM5]:THRD.ReciveAnswer. Ответ: 0
[15.01.2025 14:06:32.806][success][COM5]:Плата не вставлена.
[15.01.2025 14:06:34.840][success][COM5]:THRD.BCPRxChar. Ответ: "0"

[15.01.2025 14:06:34.862][success][COM5]:THRD.ReciveAnswer. Ответ: 0
[15.01.2025 14:06:34.866][success][COM5]:THRD.ReciveAnswer. Ответ: 0
[15.01.2025 14:06:34.876][success][COM5]:Плата не вставлена.
[15.01.2025 14:06:36.901][success][COM5]:THRD.BCPRxChar. Ответ: "0"

[15.01.2025 14:06:36.914][success][COM5]:THRD.ReciveAnswer. Ответ: 0
[15.01.2025 14:06:36.918][success][COM5]:THRD.ReciveAnswer. Ответ: 0
[15.01.2025 14:06:36.928][success][COM5]:Плата не вставлена.
[15.01.2025 14:06:38.977][success][COM5]:THRD.BCPRxChar. Ответ: "0"

[15.01.2025 14:06:38.994][success][COM5]:THRD.ReciveAnswer. Ответ: 0
[15.01.2025 14:06:38.998][success][COM5]:THRD.ReciveAnswer. Ответ: 0
[15.01.2025 14:06:39.009][success][COM5]:Плата не вставлена.
[15.01.2025 14:06:41.042][success][COM5]:THRD.BCPRxChar. Ответ: "0"

[15.01.2025 14:06:41.047][success][COM5]:THRD.ReciveAnswer. Ответ: 0
[15.01.2025 14:06:41.051][success][COM5]:THRD.ReciveAnswer. Ответ: 0
[15.01.2025 14:06:41.060][success][COM5]:Плата не вставлена.
[15.01.2025 14:06:43.096][success][COM5]:THRD.BCPRxChar. Ответ: "0"

[15.01.2025 14:06:43.104][success][COM5]:THRD.ReciveAnswer. Ответ: 0
[15.01.2025 14:06:43.107][success][COM5]:THRD.ReciveAnswer. Ответ: 0
[15.01.2025 14:06:43.116][success][COM5]:Плата не вставлена.
[15.01.2025 14:06:46.717][success][COM5]:Данных нет или время ожидания истекло!
[15.01.2025 14:06:46.724][success][COM5]:THRD.ReciveAnswer. Ответ: 
[15.01.2025 14:06:46.730][success][COM5]:THRD.ReciveAnswer. Ответ: 
[15.01.2025 14:06:46.809][success][COM5]:Порт закрыт!
[15.01.2025 14:08:54.097][main]Старт программы KPA-1: Голунова Наталья Николаевна. Версия ПО: 1.0.0.0.
[15.01.2025 14:08:54.185][main]Создание фрейма номер - 0 - успешно!
[15.01.2025 14:08:54.281][main]Создание фрейма номер - 1 - успешно!
[15.01.2025 14:08:54.363][main]Создание фрейма номер - 2 - успешно!
[15.01.2025 14:08:54.444][main]Создание фрейма номер - 3 - успешно!
[15.01.2025 14:08:54.531][main]Создание фрейма номер - 4 - успешно!
[15.01.2025 14:08:54.615][main]Создание фрейма номер - 5 - успешно!
[15.01.2025 14:08:54.938][success][COM1]:Порт открыт!
[15.01.2025 14:08:54.938][success][COM1]:Опрос КПА
[15.01.2025 14:08:56.521][success][COM1]:Данных нет или время ожидания истекло!
[15.01.2025 14:08:56.521][success][COM1]:THRD.ReciveAnswer. Ответ: 
[15.01.2025 14:08:56.521][success][COM1]:THRD.ReciveAnswer. Ответ: 
[15.01.2025 14:08:56.565][success][COM1]:Порт закрыт!
[15.01.2025 14:08:56.829][success][COM3]:Порт открыт!
[15.01.2025 14:08:56.829][success][COM3]:Опрос КПА
[15.01.2025 14:08:58.405][success][COM3]:Данных нет или время ожидания истекло!
[15.01.2025 14:08:58.405][success][COM3]:THRD.ReciveAnswer. Ответ: 
[15.01.2025 14:08:58.405][success][COM3]:THRD.ReciveAnswer. Ответ: 
[15.01.2025 14:08:58.554][success][COM3]:Порт закрыт!
[15.01.2025 14:08:58.669][success][COM5]:Порт открыт!
[15.01.2025 14:08:58.698][success][COM5]:Опрос КПА
[15.01.2025 14:09:00.282][success][COM5]:Данных нет или время ожидания истекло!
[15.01.2025 14:09:00.282][success][COM5]:THRD.ReciveAnswer. Ответ: 
[15.01.2025 14:09:00.282][success][COM5]:THRD.ReciveAnswer. Ответ: 
[15.01.2025 14:09:00.335][success][COM5]:Порт закрыт!
[15.01.2025 14:10:34.474][main]Старт программы KPA-1: Голунова Наталья Николаевна. Версия ПО: 1.0.0.0.
[15.01.2025 14:10:34.619][main]Создание фрейма номер - 0 - успешно!
[15.01.2025 14:10:34.712][main]Создание фрейма номер - 1 - успешно!
[15.01.2025 14:10:34.823][main]Создание фрейма номер - 2 - успешно!
[15.01.2025 14:10:34.918][main]Создание фрейма номер - 3 - успешно!
[15.01.2025 14:10:35.019][main]Создание фрейма номер - 4 - успешно!
[15.01.2025 14:10:35.110][main]Создание фрейма номер - 5 - успешно!
[15.01.2025 14:10:35.718][success][COM1]:Порт открыт!
[15.01.2025 14:10:35.719][success][COM1]:Опрос КПА
[15.01.2025 14:10:37.292][success][COM1]:Данных нет или время ожидания истекло!
[15.01.2025 14:10:37.292][success][COM1]:THRD.ReciveAnswer. Ответ: 
[15.01.2025 14:10:37.292][success][COM1]:THRD.ReciveAnswer. Ответ: 
[15.01.2025 14:10:37.348][success][COM1]:Порт закрыт!
[15.01.2025 14:10:37.586][success][COM3]:Порт открыт!
[15.01.2025 14:10:37.586][success][COM3]:Опрос КПА
[15.01.2025 14:10:39.161][success][COM3]:Данных нет или время ожидания истекло!
[15.01.2025 14:10:39.161][success][COM3]:THRD.ReciveAnswer. Ответ: 
[15.01.2025 14:10:39.161][success][COM3]:THRD.ReciveAnswer. Ответ: 
[15.01.2025 14:10:39.300][success][COM3]:Порт закрыт!
[15.01.2025 14:10:39.391][success][COM5]:Порт открыт!
[15.01.2025 14:10:39.427][success][COM5]:Опрос КПА
[15.01.2025 14:10:41.010][success][COM5]:Данных нет или время ожидания истекло!
[15.01.2025 14:10:41.010][success][COM5]:THRD.ReciveAnswer. Ответ: 
[15.01.2025 14:10:41.010][success][COM5]:THRD.ReciveAnswer. Ответ: 
[15.01.2025 14:10:41.074][success][COM5]:Порт закрыт!
[15.01.2025 14:11:07.824][main]Старт программы KPA-1: Голунова Наталья Николаевна. Версия ПО: 1.0.0.0.
[15.01.2025 14:11:07.962][main]Создание фрейма номер - 0 - успешно!
[15.01.2025 14:11:08.052][main]Создание фрейма номер - 1 - успешно!
[15.01.2025 14:11:08.147][main]Создание фрейма номер - 2 - успешно!
[15.01.2025 14:11:08.253][main]Создание фрейма номер - 3 - успешно!
[15.01.2025 14:11:08.344][main]Создание фрейма номер - 4 - успешно!
[15.01.2025 14:11:08.451][main]Создание фрейма номер - 5 - успешно!
[15.01.2025 14:11:38.974][main]Старт программы KPA-1: Голунова Наталья Николаевна. Версия ПО: 1.0.0.0.
[15.01.2025 14:11:39.070][main]Создание фрейма номер - 0 - успешно!
[15.01.2025 14:11:39.166][main]Создание фрейма номер - 1 - успешно!
[15.01.2025 14:11:39.255][main]Создание фрейма номер - 2 - успешно!
[15.01.2025 14:11:39.346][main]Создание фрейма номер - 3 - успешно!
[15.01.2025 14:11:39.447][main]Создание фрейма номер - 4 - успешно!
[15.01.2025 14:11:39.568][main]Создание фрейма номер - 5 - успешно!
[15.01.2025 14:11:39.890][success][COM1]:Порт открыт!
[15.01.2025 14:11:39.891][success][COM1]:Опрос КПА
[15.01.2025 14:11:41.473][success][COM1]:Данных нет или время ожидания истекло!
[15.01.2025 14:11:41.473][success][COM1]:THRD.ReciveAnswer. Ответ: 
[15.01.2025 14:11:41.473][success][COM1]:THRD.ReciveAnswer. Ответ: 
[15.01.2025 14:11:41.519][success][COM1]:Порт закрыт!
[15.01.2025 14:11:41.775][success][COM3]:Порт открыт!
[15.01.2025 14:11:41.776][success][COM3]:Опрос КПА
[15.01.2025 14:11:43.348][success][COM3]:Данных нет или время ожидания истекло!
[15.01.2025 14:11:43.348][success][COM3]:THRD.ReciveAnswer. Ответ: 
[15.01.2025 14:11:43.348][success][COM3]:THRD.ReciveAnswer. Ответ: 
[15.01.2025 14:11:43.519][success][COM3]:Порт закрыт!
[15.01.2025 14:11:43.611][success][COM5]:Порт открыт!
[15.01.2025 14:11:43.655][success][COM5]:Опрос КПА
[15.01.2025 14:11:45.237][success][COM5]:Данных нет или время ожидания истекло!
[15.01.2025 14:11:45.237][success][COM5]:THRD.ReciveAnswer. Ответ: 
[15.01.2025 14:11:45.237][success][COM5]:THRD.ReciveAnswer. Ответ: 
[15.01.2025 14:11:45.315][success][COM5]:Порт закрыт!
[15.01.2025 14:12:45.419][main]Старт программы KPA-1: Голунова Наталья Николаевна. Версия ПО: 1.0.0.0.
[15.01.2025 14:12:45.512][main]Создание фрейма номер - 0 - успешно!
[15.01.2025 14:12:45.602][main]Создание фрейма номер - 1 - успешно!
[15.01.2025 14:12:45.709][main]Создание фрейма номер - 2 - успешно!
[15.01.2025 14:12:45.811][main]Создание фрейма номер - 3 - успешно!
[15.01.2025 14:12:45.905][main]Создание фрейма номер - 4 - успешно!
[15.01.2025 14:12:46.007][main]Создание фрейма номер - 5 - успешно!
[15.01.2025 14:12:46.311][success][COM1]:Порт открыт!
[15.01.2025 14:12:46.312][success][COM1]:Опрос КПА
[15.01.2025 14:12:46.313][success][COM1]:Данных нет или время ожидания истекло!
[15.01.2025 14:12:46.313][success][COM1]:THRD.ReciveAnswer. Ответ: 
[15.01.2025 14:12:46.313][success][COM1]:THRD.ReciveAnswer. Ответ: 
[15.01.2025 14:12:46.369][success][COM1]:Порт закрыт!
[15.01.2025 14:12:46.630][success][COM3]:Порт открыт!
[15.01.2025 14:12:46.630][success][COM3]:Опрос КПА
[15.01.2025 14:12:46.632][success][COM3]:Данных нет или время ожидания истекло!
[15.01.2025 14:12:46.632][success][COM3]:THRD.ReciveAnswer. Ответ: 
[15.01.2025 14:12:46.632][success][COM3]:THRD.ReciveAnswer. Ответ: 
[15.01.2025 14:12:46.785][success][COM3]:Порт закрыт!
[15.01.2025 14:12:46.873][success][COM5]:Порт открыт!
[15.01.2025 14:12:46.902][success][COM5]:Опрос КПА
[15.01.2025 14:12:46.908][success][COM5]:Данных нет или время ожидания истекло!
[15.01.2025 14:12:46.909][success][COM5]:THRD.ReciveAnswer. Ответ: 
[15.01.2025 14:12:46.909][success][COM5]:THRD.ReciveAnswer. Ответ: 
[15.01.2025 14:12:46.963][success][COM5]:Порт закрыт!
[15.01.2025 14:16:16.423][main]Старт программы KPA-1: Голунова Наталья Николаевна. Версия ПО: 1.0.0.0.
[15.01.2025 14:16:16.519][main]Создание фрейма номер - 0 - успешно!
[15.01.2025 14:16:16.613][main]Создание фрейма номер - 1 - успешно!
[15.01.2025 14:16:16.700][main]Создание фрейма номер - 2 - успешно!
[15.01.2025 14:16:16.791][main]Создание фрейма номер - 3 - успешно!
[15.01.2025 14:16:16.882][main]Создание фрейма номер - 4 - успешно!
[15.01.2025 14:16:16.970][main]Создание фрейма номер - 5 - успешно!
[15.01.2025 14:16:17.301][success][COM1]:Порт открыт!
[15.01.2025 14:16:17.301][success][COM1]:Опрос КПА
[15.01.2025 14:16:21.912][success][COM1]:Данных нет или время ожидания истекло!
[15.01.2025 14:16:21.912][success][COM1]:THRD.ReciveAnswer. Ответ: 
[15.01.2025 14:16:21.912][success][COM1]:THRD.ReciveAnswer. Ответ: 
[15.01.2025 14:16:21.959][success][COM1]:Порт закрыт!
[15.01.2025 14:16:22.217][success][COM3]:Порт открыт!
[15.01.2025 14:16:22.218][success][COM3]:Опрос КПА
[15.01.2025 14:16:22.311][success][COM3]:Данных нет или время ожидания истекло!
[15.01.2025 14:16:22.311][success][COM3]:THRD.ReciveAnswer. Ответ: 
[15.01.2025 14:16:22.311][success][COM3]:THRD.ReciveAnswer. Ответ: 
[15.01.2025 14:16:22.479][success][COM3]:Порт закрыт!
[15.01.2025 14:16:22.577][success][COM5]:Порт открыт!
[15.01.2025 14:16:22.607][success][COM5]:Опрос КПА
[15.01.2025 14:16:22.639][success][COM5]:THRD.BCPRxChar. Ответ: {"KPA-1","1.05.04","5","02.01.2000,23:02:43","49560","0",{"7BFFFFC3F","1","1","","","","","","0"}}

[15.01.2025 14:16:22.648][success][COM5]:THRD.ReciveAnswer. Ответ: {"KPA-1","1.05.04","5","02.01.2000,23:02:43","49560","0",{"7BFFFFC3F","1","1","","","","","","0"}}

[15.01.2025 14:16:22.648][success][COM5]:THRD.ReciveAnswer. Ответ: {"KPA-1","1.05.04","5","02.01.2000,23:02:43","49560","0",{"7BFFFFC3F","1","1","","","","","","0"}}

[15.01.2025 14:16:22.663][success][COM5]:THRD.ReciveAnswer. Ответ: {"KPA-1","1.05.04","5","02.01.2000,23:02:43","49560","0",{"7BFFFFC3F","1","1","","","","","","0"}}

[15.01.2025 14:16:22.693][success][COM5]:THRD.BCPRxChar. Ответ: "0"

[15.01.2025 14:16:22.696][success][COM5]:THRD.ReciveAnswer. Ответ: 0
[15.01.2025 14:16:22.697][success][COM5]:THRD.ReciveAnswer. Ответ: 0
[15.01.2025 14:16:22.705][success][COM5]:Плата не вставлена.
[15.01.2025 14:16:24.724][success][COM5]:THRD.BCPRxChar. Ответ: "0"

[15.01.2025 14:16:24.728][success][COM5]:THRD.ReciveAnswer. Ответ: 0
[15.01.2025 14:16:24.729][success][COM5]:THRD.ReciveAnswer. Ответ: 0
[15.01.2025 14:16:24.736][success][COM5]:Плата не вставлена.
[15.01.2025 14:16:26.754][success][COM5]:THRD.BCPRxChar. Ответ: "0"

[15.01.2025 14:16:26.758][success][COM5]:THRD.ReciveAnswer. Ответ: 0
[15.01.2025 14:16:26.760][success][COM5]:THRD.ReciveAnswer. Ответ: 0
[15.01.2025 14:16:26.767][success][COM5]:Плата не вставлена.
[15.01.2025 14:16:28.840][success][COM5]:Данных нет или время ожидания истекло!
[15.01.2025 14:16:28.842][success][COM5]:THRD.ReciveAnswer. Ответ: 
[15.01.2025 14:16:28.843][success][COM5]:THRD.ReciveAnswer. Ответ: 
[15.01.2025 14:16:28.903][success][COM5]:Порт закрыт!
[15.01.2025 14:16:49.108][main]Старт программы KPA-1: Голунова Наталья Николаевна. Версия ПО: 1.0.0.0.
[15.01.2025 14:16:49.221][main]Создание фрейма номер - 0 - успешно!
[15.01.2025 14:16:49.327][main]Создание фрейма номер - 1 - успешно!
[15.01.2025 14:16:49.435][main]Создание фрейма номер - 2 - успешно!
[15.01.2025 14:16:49.527][main]Создание фрейма номер - 3 - успешно!
[15.01.2025 14:16:49.633][main]Создание фрейма номер - 4 - успешно!
[15.01.2025 14:16:49.722][main]Создание фрейма номер - 5 - успешно!
[15.01.2025 14:16:50.087][success][COM1]:Порт открыт!
[15.01.2025 14:16:50.088][success][COM1]:Опрос КПА
[15.01.2025 14:16:50.224][success][COM1]:Данных нет или время ожидания истекло!
[15.01.2025 14:16:50.224][success][COM1]:THRD.ReciveAnswer. Ответ: 
[15.01.2025 14:16:50.224][success][COM1]:THRD.ReciveAnswer. Ответ: 
[15.01.2025 14:16:50.271][success][COM1]:Порт закрыт!
[15.01.2025 14:16:50.517][success][COM3]:Порт открыт!
[15.01.2025 14:16:50.518][success][COM3]:Опрос КПА
[15.01.2025 14:16:50.619][success][COM3]:Данных нет или время ожидания истекло!
[15.01.2025 14:16:50.619][success][COM3]:THRD.ReciveAnswer. Ответ: 
[15.01.2025 14:16:50.619][success][COM3]:THRD.ReciveAnswer. Ответ: 
[15.01.2025 14:16:50.760][success][COM3]:Порт закрыт!
[15.01.2025 14:16:50.871][success][COM5]:Порт открыт!
[15.01.2025 14:16:50.901][success][COM5]:Опрос КПА
[15.01.2025 14:16:50.932][success][COM5]:THRD.BCPRxChar. Ответ: {"KPA-1","1.05.04","5","02.01.2000,23:03:12","49560","0",{"7BFFFFC3F","1","1","","","","","","0"}}

[15.01.2025 14:16:50.952][success][COM5]:THRD.ReciveAnswer. Ответ: {"KPA-1","1.05.04","5","02.01.2000,23:03:12","49560","0",{"7BFFFFC3F","1","1","","","","","","0"}}

[15.01.2025 14:16:50.952][success][COM5]:THRD.ReciveAnswer. Ответ: {"KPA-1","1.05.04","5","02.01.2000,23:03:12","49560","0",{"7BFFFFC3F","1","1","","","","","","0"}}

[15.01.2025 14:16:50.967][success][COM5]:THRD.ReciveAnswer. Ответ: {"KPA-1","1.05.04","5","02.01.2000,23:03:12","49560","0",{"7BFFFFC3F","1","1","","","","","","0"}}

[15.01.2025 14:16:50.998][success][COM5]:THRD.BCPRxChar. Ответ: "0"

[15.01.2025 14:16:51.001][success][COM5]:THRD.ReciveAnswer. Ответ: 0
[15.01.2025 14:16:51.002][success][COM5]:THRD.ReciveAnswer. Ответ: 0
[15.01.2025 14:16:51.010][success][COM5]:Плата не вставлена.
[15.01.2025 14:16:53.036][success][COM5]:THRD.BCPRxChar. Ответ: "0"

[15.01.2025 14:16:53.039][success][COM5]:THRD.ReciveAnswer. Ответ: 0
[15.01.2025 14:16:53.041][success][COM5]:THRD.ReciveAnswer. Ответ: 0
[15.01.2025 14:16:53.050][success][COM5]:Плата не вставлена.
[15.01.2025 14:16:55.084][success][COM5]:THRD.BCPRxChar. Ответ: "0"

[15.01.2025 14:16:55.089][success][COM5]:THRD.ReciveAnswer. Ответ: 0
[15.01.2025 14:16:55.091][success][COM5]:THRD.ReciveAnswer. Ответ: 0
[15.01.2025 14:16:55.097][success][COM5]:Плата не вставлена.
[15.01.2025 14:16:57.114][success][COM5]:THRD.BCPRxChar. Ответ: "0"

[15.01.2025 14:16:57.119][success][COM5]:THRD.ReciveAnswer. Ответ: 0
[15.01.2025 14:16:57.121][success][COM5]:THRD.ReciveAnswer. Ответ: 0
[15.01.2025 14:16:57.128][success][COM5]:Плата не вставлена.
[15.01.2025 14:16:59.146][success][COM5]:THRD.BCPRxChar. Ответ: "0"

[15.01.2025 14:16:59.149][success][COM5]:THRD.ReciveAnswer. Ответ: 0
[15.01.2025 14:16:59.151][success][COM5]:THRD.ReciveAnswer. Ответ: 0
[15.01.2025 14:16:59.158][success][COM5]:Плата не вставлена.
[15.01.2025 14:17:01.177][success][COM5]:THRD.BCPRxChar. Ответ: "0"

[15.01.2025 14:17:01.181][success][COM5]:THRD.ReciveAnswer. Ответ: 0
[15.01.2025 14:17:01.183][success][COM5]:THRD.ReciveAnswer. Ответ: 0
[15.01.2025 14:17:01.191][success][COM5]:Плата не вставлена.
[15.01.2025 14:17:03.210][success][COM5]:THRD.BCPRxChar. Ответ: "0"

[15.01.2025 14:17:03.214][success][COM5]:THRD.ReciveAnswer. Ответ: 0
[15.01.2025 14:17:03.215][success][COM5]:THRD.ReciveAnswer. Ответ: 0
[15.01.2025 14:17:03.223][success][COM5]:Плата не вставлена.
[15.01.2025 14:17:05.253][success][COM5]:THRD.BCPRxChar. Ответ: "0"

[15.01.2025 14:17:05.260][success][COM5]:THRD.ReciveAnswer. Ответ: 0
[15.01.2025 14:17:05.263][success][COM5]:THRD.ReciveAnswer. Ответ: 0
[15.01.2025 14:17:05.271][success][COM5]:Плата не вставлена.
[15.01.2025 14:17:07.303][success][COM5]:THRD.BCPRxChar. Ответ: "0"

[15.01.2025 14:17:07.308][success][COM5]:THRD.ReciveAnswer. Ответ: 0
[15.01.2025 14:17:07.312][success][COM5]:THRD.ReciveAnswer. Ответ: 0
[15.01.2025 14:17:07.321][success][COM5]:Плата не вставлена.
[15.01.2025 14:17:09.351][success][COM5]:THRD.BCPRxChar. Ответ: "0"

[15.01.2025 14:17:09.355][success][COM5]:THRD.ReciveAnswer. Ответ: 0
[15.01.2025 14:17:09.358][success][COM5]:THRD.ReciveAnswer. Ответ: 0
[15.01.2025 14:17:09.366][success][COM5]:Плата не вставлена.
[15.01.2025 14:17:11.396][success][COM5]:THRD.BCPRxChar. Ответ: "0"

[15.01.2025 14:17:11.400][success][COM5]:THRD.ReciveAnswer. Ответ: 0
[15.01.2025 14:17:11.402][success][COM5]:THRD.ReciveAnswer. Ответ: 0
[15.01.2025 14:17:11.410][success][COM5]:Плата не вставлена.
[15.01.2025 14:17:13.431][success][COM5]:THRD.BCPRxChar. Ответ: "0"

[15.01.2025 14:17:13.438][success][COM5]:THRD.ReciveAnswer. Ответ: 0
[15.01.2025 14:17:13.442][success][COM5]:THRD.ReciveAnswer. Ответ: 0
[15.01.2025 14:17:13.451][success][COM5]:Плата не вставлена.
[15.01.2025 14:17:15.476][success][COM5]:THRD.BCPRxChar. Ответ: "0"

[15.01.2025 14:17:15.481][success][COM5]:THRD.ReciveAnswer. Ответ: 0
[15.01.2025 14:17:15.484][success][COM5]:THRD.ReciveAnswer. Ответ: 0
[15.01.2025 14:17:15.493][success][COM5]:Плата не вставлена.
[15.01.2025 14:17:17.522][success][COM5]:THRD.BCPRxChar. Ответ: "0"

[15.01.2025 14:17:17.527][success][COM5]:THRD.ReciveAnswer. Ответ: 0
[15.01.2025 14:17:17.530][success][COM5]:THRD.ReciveAnswer. Ответ: 0
[15.01.2025 14:17:17.539][success][COM5]:Плата не вставлена.
[15.01.2025 14:17:19.569][success][COM5]:THRD.BCPRxChar. Ответ: "0"

[15.01.2025 14:17:19.575][success][COM5]:THRD.ReciveAnswer. Ответ: 0
[15.01.2025 14:17:19.578][success][COM5]:THRD.ReciveAnswer. Ответ: 0
[15.01.2025 14:17:19.589][success][COM5]:Плата не вставлена.
[15.01.2025 14:17:21.620][success][COM5]:THRD.BCPRxChar. Ответ: "0"

[15.01.2025 14:17:21.627][success][COM5]:THRD.ReciveAnswer. Ответ: 0
[15.01.2025 14:17:21.632][success][COM5]:THRD.ReciveAnswer. Ответ: 0
[15.01.2025 14:17:21.641][success][COM5]:Плата не вставлена.
[15.01.2025 14:17:23.663][success][COM5]:THRD.BCPRxChar. Ответ: "0"

[15.01.2025 14:17:23.670][success][COM5]:THRD.ReciveAnswer. Ответ: 0
[15.01.2025 14:17:23.673][success][COM5]:THRD.ReciveAnswer. Ответ: 0
[15.01.2025 14:17:23.685][success][COM5]:Плата не вставлена.
[15.01.2025 14:17:25.710][success][COM5]:THRD.BCPRxChar. Ответ: "0"

[15.01.2025 14:17:25.717][success][COM5]:THRD.ReciveAnswer. Ответ: 0
[15.01.2025 14:17:25.721][success][COM5]:THRD.ReciveAnswer. Ответ: 0
[15.01.2025 14:17:25.731][success][COM5]:Плата не вставлена.
[15.01.2025 14:17:27.758][success][COM5]:THRD.BCPRxChar. Ответ: "0"

[15.01.2025 14:17:27.763][success][COM5]:THRD.ReciveAnswer. Ответ: 0
[15.01.2025 14:17:27.767][success][COM5]:THRD.ReciveAnswer. Ответ: 0
[15.01.2025 14:17:27.776][success][COM5]:Плата не вставлена.
[15.01.2025 14:17:29.804][success][COM5]:THRD.BCPRxChar. Ответ: "0"

[15.01.2025 14:17:29.810][success][COM5]:THRD.ReciveAnswer. Ответ: 0
[15.01.2025 14:17:29.814][success][COM5]:THRD.ReciveAnswer. Ответ: 0
[15.01.2025 14:17:29.824][success][COM5]:Плата не вставлена.
[15.01.2025 14:17:31.852][success][COM5]:THRD.BCPRxChar. Ответ: "0"

[15.01.2025 14:17:31.858][success][COM5]:THRD.ReciveAnswer. Ответ: 0
[15.01.2025 14:17:31.862][success][COM5]:THRD.ReciveAnswer. Ответ: 0
[15.01.2025 14:17:31.871][success][COM5]:Плата не вставлена.
[15.01.2025 14:17:33.898][success][COM5]:THRD.BCPRxChar. Ответ: "0"

[15.01.2025 14:17:33.904][success][COM5]:THRD.ReciveAnswer. Ответ: 0
[15.01.2025 14:17:33.908][success][COM5]:THRD.ReciveAnswer. Ответ: 0
[15.01.2025 14:17:33.917][success][COM5]:Плата не вставлена.
[15.01.2025 14:17:35.947][success][COM5]:THRD.BCPRxChar. Ответ: "0"

[15.01.2025 14:17:35.953][success][COM5]:THRD.ReciveAnswer. Ответ: 0
[15.01.2025 14:17:35.957][success][COM5]:THRD.ReciveAnswer. Ответ: 0
[15.01.2025 14:17:35.966][success][COM5]:Плата не вставлена.
[15.01.2025 14:17:37.994][success][COM5]:THRD.BCPRxChar. Ответ: "0"

[15.01.2025 14:17:38.001][success][COM5]:THRD.ReciveAnswer. Ответ: 0
[15.01.2025 14:17:38.007][success][COM5]:THRD.ReciveAnswer. Ответ: 0
[15.01.2025 14:17:38.019][success][COM5]:Плата не вставлена.
[15.01.2025 14:17:40.039][success][COM5]:THRD.BCPRxChar. Ответ: "0"

[15.01.2025 14:17:40.045][success][COM5]:THRD.ReciveAnswer. Ответ: 0
[15.01.2025 14:17:40.050][success][COM5]:THRD.ReciveAnswer. Ответ: 0
[15.01.2025 14:17:40.060][success][COM5]:Плата не вставлена.
[15.01.2025 14:17:42.086][success][COM5]:THRD.BCPRxChar. Ответ: "0"

[15.01.2025 14:17:42.092][success][COM5]:THRD.ReciveAnswer. Ответ: 0
[15.01.2025 14:17:42.097][success][COM5]:THRD.ReciveAnswer. Ответ: 0
[15.01.2025 14:17:42.108][success][COM5]:Плата не вставлена.
[15.01.2025 14:17:44.133][success][COM5]:THRD.BCPRxChar. Ответ: "0"

[15.01.2025 14:17:44.139][success][COM5]:THRD.ReciveAnswer. Ответ: 0
[15.01.2025 14:17:44.144][success][COM5]:THRD.ReciveAnswer. Ответ: 0
[15.01.2025 14:17:44.154][success][COM5]:Плата не вставлена.
[15.01.2025 14:17:46.190][success][COM5]:THRD.BCPRxChar. Ответ: "0"

[15.01.2025 14:17:46.200][success][COM5]:THRD.ReciveAnswer. Ответ: 0
[15.01.2025 14:17:46.205][success][COM5]:THRD.ReciveAnswer. Ответ: 0
[15.01.2025 14:17:46.219][success][COM5]:Плата не вставлена.
[15.01.2025 14:17:48.243][success][COM5]:THRD.BCPRxChar. Ответ: "0"

[15.01.2025 14:17:48.250][success][COM5]:THRD.ReciveAnswer. Ответ: 0
[15.01.2025 14:17:48.254][success][COM5]:THRD.ReciveAnswer. Ответ: 0
[15.01.2025 14:17:48.265][success][COM5]:Плата не вставлена.
[15.01.2025 14:17:50.289][success][COM5]:THRD.BCPRxChar. Ответ: "0"

[15.01.2025 14:17:50.295][success][COM5]:THRD.ReciveAnswer. Ответ: 0
[15.01.2025 14:17:50.300][success][COM5]:THRD.ReciveAnswer. Ответ: 0
[15.01.2025 14:17:50.310][success][COM5]:Плата не вставлена.
[15.01.2025 14:17:52.337][success][COM5]:THRD.BCPRxChar. Ответ: "0"

[15.01.2025 14:17:52.344][success][COM5]:THRD.ReciveAnswer. Ответ: 0
[15.01.2025 14:17:52.349][success][COM5]:THRD.ReciveAnswer. Ответ: 0
[15.01.2025 14:17:52.360][success][COM5]:Плата не вставлена.
[15.01.2025 14:17:54.385][success][COM5]:THRD.BCPRxChar. Ответ: "0"

[15.01.2025 14:17:54.393][success][COM5]:THRD.ReciveAnswer. Ответ: 0
[15.01.2025 14:17:54.400][success][COM5]:THRD.ReciveAnswer. Ответ: 0
[15.01.2025 14:17:54.410][success][COM5]:Плата не вставлена.
[15.01.2025 14:17:56.431][success][COM5]:THRD.BCPRxChar. Ответ: "0"

[15.01.2025 14:17:56.440][success][COM5]:THRD.ReciveAnswer. Ответ: 0
[15.01.2025 14:17:56.446][success][COM5]:THRD.ReciveAnswer. Ответ: 0
[15.01.2025 14:17:56.459][success][COM5]:Плата не вставлена.
[15.01.2025 14:17:58.495][success][COM5]:THRD.BCPRxChar. Ответ: "0"

[15.01.2025 14:17:58.504][success][COM5]:THRD.ReciveAnswer. Ответ: 0
[15.01.2025 14:17:58.508][success][COM5]:THRD.ReciveAnswer. Ответ: 0
[15.01.2025 14:17:58.519][success][COM5]:Плата не вставлена.
[15.01.2025 14:18:00.540][success][COM5]:THRD.BCPRxChar. Ответ: "0"

[15.01.2025 14:18:00.549][success][COM5]:THRD.ReciveAnswer. Ответ: 0
[15.01.2025 14:18:00.556][success][COM5]:THRD.ReciveAnswer. Ответ: 0
[15.01.2025 14:18:00.567][success][COM5]:Плата не вставлена.
[15.01.2025 14:18:02.587][success][COM5]:THRD.BCPRxChar. Ответ: "0"

[15.01.2025 14:18:02.594][success][COM5]:THRD.ReciveAnswer. Ответ: 0
[15.01.2025 14:18:02.599][success][COM5]:THRD.ReciveAnswer. Ответ: 0
[15.01.2025 14:18:02.610][success][COM5]:Плата не вставлена.
[15.01.2025 14:18:04.634][success][COM5]:THRD.BCPRxChar. Ответ: "0"

[15.01.2025 14:18:04.643][success][COM5]:THRD.ReciveAnswer. Ответ: 0
[15.01.2025 14:18:04.650][success][COM5]:THRD.ReciveAnswer. Ответ: 0
[15.01.2025 14:18:04.662][success][COM5]:Плата не вставлена.
[15.01.2025 14:18:06.699][success][COM5]:THRD.BCPRxChar. Ответ: "0"

[15.01.2025 14:18:06.708][success][COM5]:THRD.ReciveAnswer. Ответ: 0
[15.01.2025 14:18:06.715][success][COM5]:THRD.ReciveAnswer. Ответ: 0
[15.01.2025 14:18:06.727][success][COM5]:Плата не вставлена.
[15.01.2025 14:18:08.762][success][COM5]:THRD.BCPRxChar. Ответ: "0"

[15.01.2025 14:18:08.772][success][COM5]:THRD.ReciveAnswer. Ответ: 0
[15.01.2025 14:18:08.777][success][COM5]:THRD.ReciveAnswer. Ответ: 0
[15.01.2025 14:18:08.788][success][COM5]:Плата не вставлена.
[15.01.2025 14:18:10.824][success][COM5]:THRD.BCPRxChar. Ответ: "0"

[15.01.2025 14:18:10.833][success][COM5]:THRD.ReciveAnswer. Ответ: 0
[15.01.2025 14:18:10.839][success][COM5]:THRD.ReciveAnswer. Ответ: 0
[15.01.2025 14:18:10.851][success][COM5]:Плата не вставлена.
[15.01.2025 14:18:12.887][success][COM5]:THRD.BCPRxChar. Ответ: "0"

[15.01.2025 14:18:12.895][success][COM5]:THRD.ReciveAnswer. Ответ: 0
[15.01.2025 14:18:12.901][success][COM5]:THRD.ReciveAnswer. Ответ: 0
[15.01.2025 14:18:12.913][success][COM5]:Плата не вставлена.
[15.01.2025 14:18:14.947][success][COM5]:THRD.BCPRxChar. Ответ: "0"

[15.01.2025 14:18:14.955][success][COM5]:THRD.ReciveAnswer. Ответ: 0
[15.01.2025 14:18:14.963][success][COM5]:THRD.ReciveAnswer. Ответ: 0
[15.01.2025 14:18:14.975][success][COM5]:Плата не вставлена.
[15.01.2025 14:18:17.012][success][COM5]:THRD.BCPRxChar. Ответ: "0"

[15.01.2025 14:18:17.021][success][COM5]:THRD.ReciveAnswer. Ответ: 0
[15.01.2025 14:18:17.027][success][COM5]:THRD.ReciveAnswer. Ответ: 0
[15.01.2025 14:18:17.039][success][COM5]:Плата не вставлена.
[15.01.2025 14:18:19.075][success][COM5]:THRD.BCPRxChar. Ответ: "0"

[15.01.2025 14:18:19.085][success][COM5]:THRD.ReciveAnswer. Ответ: 0
[15.01.2025 14:18:19.092][success][COM5]:THRD.ReciveAnswer. Ответ: 0
[15.01.2025 14:18:19.105][success][COM5]:Плата не вставлена.
[15.01.2025 14:18:21.138][success][COM5]:THRD.BCPRxChar. Ответ: "0"

[15.01.2025 14:18:21.147][success][COM5]:THRD.ReciveAnswer. Ответ: 0
[15.01.2025 14:18:21.154][success][COM5]:THRD.ReciveAnswer. Ответ: 0
[15.01.2025 14:18:21.166][success][COM5]:Плата не вставлена.
[15.01.2025 14:18:23.201][success][COM5]:THRD.BCPRxChar. Ответ: "0"

[15.01.2025 14:18:23.209][success][COM5]:THRD.ReciveAnswer. Ответ: 0
[15.01.2025 14:18:23.215][success][COM5]:THRD.ReciveAnswer. Ответ: 0
[15.01.2025 14:18:23.227][success][COM5]:Плата не вставлена.
[15.01.2025 14:18:25.261][success][COM5]:THRD.BCPRxChar. Ответ: "0"

[15.01.2025 14:18:25.271][success][COM5]:THRD.ReciveAnswer. Ответ: 0
[15.01.2025 14:18:25.277][success][COM5]:THRD.ReciveAnswer. Ответ: 0
[15.01.2025 14:18:25.289][success][COM5]:Плата не вставлена.
[15.01.2025 14:18:27.324][success][COM5]:THRD.BCPRxChar. Ответ: "0"

[15.01.2025 14:18:27.337][success][COM5]:THRD.ReciveAnswer. Ответ: 0
[15.01.2025 14:18:27.344][success][COM5]:THRD.ReciveAnswer. Ответ: 0
[15.01.2025 14:18:27.356][success][COM5]:Плата не вставлена.
[15.01.2025 14:18:29.386][success][COM5]:THRD.BCPRxChar. Ответ: "0"

[15.01.2025 14:18:29.398][success][COM5]:THRD.ReciveAnswer. Ответ: 0
[15.01.2025 14:18:29.404][success][COM5]:THRD.ReciveAnswer. Ответ: 0
[15.01.2025 14:18:29.416][success][COM5]:Плата не вставлена.
[15.01.2025 14:18:31.451][success][COM5]:THRD.BCPRxChar. Ответ: "0"

[15.01.2025 14:18:31.460][success][COM5]:THRD.ReciveAnswer. Ответ: 0
[15.01.2025 14:18:31.468][success][COM5]:THRD.ReciveAnswer. Ответ: 0
[15.01.2025 14:18:31.483][success][COM5]:Плата не вставлена.
[15.01.2025 14:18:33.509][success][COM5]:THRD.BCPRxChar. Ответ: "0"

[15.01.2025 14:18:33.518][success][COM5]:THRD.ReciveAnswer. Ответ: 0
[15.01.2025 14:18:33.525][success][COM5]:THRD.ReciveAnswer. Ответ: 0
[15.01.2025 14:18:33.540][success][COM5]:Плата не вставлена.
[15.01.2025 14:18:35.574][success][COM5]:THRD.BCPRxChar. Ответ: "0"

[15.01.2025 14:18:35.582][success][COM5]:THRD.ReciveAnswer. Ответ: 0
[15.01.2025 14:18:35.590][success][COM5]:THRD.ReciveAnswer. Ответ: 0
[15.01.2025 14:18:35.604][success][COM5]:Плата не вставлена.
[15.01.2025 14:18:37.926][success][COM5]:THRD.BCPRxChar. Ответ: "0"

[15.01.2025 14:18:37.935][success][COM5]:THRD.ReciveAnswer. Ответ: 0
[15.01.2025 14:18:37.942][success][COM5]:THRD.ReciveAnswer. Ответ: 0
[15.01.2025 14:18:37.955][success][COM5]:Плата не вставлена.
[15.01.2025 14:18:39.980][success][COM5]:THRD.BCPRxChar. Ответ: "0"

[15.01.2025 14:18:39.991][success][COM5]:THRD.ReciveAnswer. Ответ: 0
[15.01.2025 14:18:40.000][success][COM5]:THRD.ReciveAnswer. Ответ: 0
[15.01.2025 14:18:40.016][success][COM5]:Плата не вставлена.
[15.01.2025 14:18:42.043][success][COM5]:THRD.BCPRxChar. Ответ: "0"

[15.01.2025 14:18:42.053][success][COM5]:THRD.ReciveAnswer. Ответ: 0
[15.01.2025 14:18:42.062][success][COM5]:THRD.ReciveAnswer. Ответ: 0
[15.01.2025 14:18:42.078][success][COM5]:Плата не вставлена.
[15.01.2025 14:18:44.155][success][COM5]:THRD.BCPRxChar. Ответ: "0"

[15.01.2025 14:18:44.165][success][COM5]:THRD.ReciveAnswer. Ответ: 0
[15.01.2025 14:18:44.172][success][COM5]:THRD.ReciveAnswer. Ответ: 0
[15.01.2025 14:18:44.185][success][COM5]:Плата не вставлена.
[15.01.2025 14:18:46.589][success][COM5]:THRD.BCPRxChar. Ответ: "0"

[15.01.2025 14:18:46.604][success][COM5]:THRD.ReciveAnswer. Ответ: 0
[15.01.2025 14:18:46.612][success][COM5]:THRD.ReciveAnswer. Ответ: 0
[15.01.2025 14:18:46.625][success][COM5]:Плата не вставлена.
[15.01.2025 14:18:48.653][success][COM5]:THRD.BCPRxChar. Ответ: "0"

[15.01.2025 14:18:48.664][success][COM5]:THRD.ReciveAnswer. Ответ: 0
[15.01.2025 14:18:48.673][success][COM5]:THRD.ReciveAnswer. Ответ: 0
[15.01.2025 14:18:48.690][success][COM5]:Плата не вставлена.
[15.01.2025 14:18:50.719][success][COM5]:THRD.BCPRxChar. Ответ: "0"

[15.01.2025 14:18:50.731][success][COM5]:THRD.ReciveAnswer. Ответ: 0
[15.01.2025 14:18:50.740][success][COM5]:THRD.ReciveAnswer. Ответ: 0
[15.01.2025 14:18:50.753][success][COM5]:Плата не вставлена.
[15.01.2025 14:18:52.778][success][COM5]:THRD.BCPRxChar. Ответ: "0"

[15.01.2025 14:18:52.788][success][COM5]:THRD.ReciveAnswer. Ответ: 0
[15.01.2025 14:18:52.796][success][COM5]:THRD.ReciveAnswer. Ответ: 0
[15.01.2025 14:18:52.812][success][COM5]:Плата не вставлена.
[15.01.2025 14:18:54.840][success][COM5]:THRD.BCPRxChar. Ответ: "0"

[15.01.2025 14:18:54.851][success][COM5]:THRD.ReciveAnswer. Ответ: 0
[15.01.2025 14:18:54.861][success][COM5]:THRD.ReciveAnswer. Ответ: 0
[15.01.2025 14:18:54.877][success][COM5]:Плата не вставлена.
[15.01.2025 14:18:56.903][success][COM5]:THRD.BCPRxChar. Ответ: "0"

[15.01.2025 14:18:56.916][success][COM5]:THRD.ReciveAnswer. Ответ: 0
[15.01.2025 14:18:56.926][success][COM5]:THRD.ReciveAnswer. Ответ: 0
[15.01.2025 14:18:56.941][success][COM5]:Плата не вставлена.
[15.01.2025 14:18:58.969][success][COM5]:THRD.BCPRxChar. Ответ: "0"

[15.01.2025 14:18:58.980][success][COM5]:THRD.ReciveAnswer. Ответ: 0
[15.01.2025 14:18:58.988][success][COM5]:THRD.ReciveAnswer. Ответ: 0
[15.01.2025 14:18:59.002][success][COM5]:Плата не вставлена.
[15.01.2025 14:19:01.030][success][COM5]:THRD.BCPRxChar. Ответ: "0"

[15.01.2025 14:19:01.041][success][COM5]:THRD.ReciveAnswer. Ответ: 0
[15.01.2025 14:19:01.049][success][COM5]:THRD.ReciveAnswer. Ответ: 0
[15.01.2025 14:19:01.064][success][COM5]:Плата не вставлена.
[15.01.2025 14:19:03.093][success][COM5]:THRD.BCPRxChar. Ответ: "0"

[15.01.2025 14:19:03.105][success][COM5]:THRD.ReciveAnswer. Ответ: 0
[15.01.2025 14:19:03.113][success][COM5]:THRD.ReciveAnswer. Ответ: 0
[15.01.2025 14:19:03.128][success][COM5]:Плата не вставлена.
[15.01.2025 14:19:05.153][success][COM5]:THRD.BCPRxChar. Ответ: "0"

[15.01.2025 14:19:05.166][success][COM5]:THRD.ReciveAnswer. Ответ: 0
[15.01.2025 14:19:05.174][success][COM5]:THRD.ReciveAnswer. Ответ: 0
[15.01.2025 14:19:05.188][success][COM5]:Плата не вставлена.
[15.01.2025 14:19:07.544][success][COM5]:THRD.BCPRxChar. Ответ: "0"

[15.01.2025 14:19:07.554][success][COM5]:THRD.ReciveAnswer. Ответ: 0
[15.01.2025 14:19:07.563][success][COM5]:THRD.ReciveAnswer. Ответ: 0
[15.01.2025 14:19:07.579][success][COM5]:Плата не вставлена.
[15.01.2025 14:19:09.607][success][COM5]:THRD.BCPRxChar. Ответ: "0"

[15.01.2025 14:19:09.659][success][COM5]:THRD.ReciveAnswer. Ответ: 0
[15.01.2025 14:19:09.667][success][COM5]:THRD.ReciveAnswer. Ответ: 0
[15.01.2025 14:19:09.680][success][COM5]:Плата не вставлена.
[15.01.2025 14:19:11.738][success][COM5]:THRD.BCPRxChar. Ответ: "0"

[15.01.2025 14:19:11.787][success][COM5]:THRD.ReciveAnswer. Ответ: 0
[15.01.2025 14:19:11.795][success][COM5]:THRD.ReciveAnswer. Ответ: 0
[15.01.2025 14:19:11.818][success][COM5]:Плата не вставлена.
[15.01.2025 14:19:13.851][success][COM5]:THRD.BCPRxChar. Ответ: "0"

[15.01.2025 14:19:13.868][success][COM5]:THRD.ReciveAnswer. Ответ: 0
[15.01.2025 14:19:13.876][success][COM5]:THRD.ReciveAnswer. Ответ: 0
[15.01.2025 14:19:13.898][success][COM5]:Плата не вставлена.
[15.01.2025 14:19:15.943][success][COM5]:THRD.BCPRxChar. Ответ: "0"

[15.01.2025 14:19:15.956][success][COM5]:THRD.ReciveAnswer. Ответ: 0
[15.01.2025 14:19:15.969][success][COM5]:THRD.ReciveAnswer. Ответ: 0
[15.01.2025 14:19:15.990][success][COM5]:Плата не вставлена.
[15.01.2025 14:19:18.025][success][COM5]:THRD.BCPRxChar. Ответ: "0"

[15.01.2025 14:19:18.037][success][COM5]:THRD.ReciveAnswer. Ответ: 0
[15.01.2025 14:19:18.048][success][COM5]:THRD.ReciveAnswer. Ответ: 0
[15.01.2025 14:19:18.073][success][COM5]:Плата не вставлена.
[15.01.2025 14:19:20.119][success][COM5]:THRD.BCPRxChar. Ответ: "0"

[15.01.2025 14:19:20.130][success][COM5]:THRD.ReciveAnswer. Ответ: 0
[15.01.2025 14:19:20.140][success][COM5]:THRD.ReciveAnswer. Ответ: 0
[15.01.2025 14:19:20.166][success][COM5]:Плата не вставлена.
[15.01.2025 14:19:22.210][success][COM5]:THRD.BCPRxChar. Ответ: "0"

[15.01.2025 14:19:22.224][success][COM5]:THRD.ReciveAnswer. Ответ: 0
[15.01.2025 14:19:22.236][success][COM5]:THRD.ReciveAnswer. Ответ: 0
[15.01.2025 14:19:22.260][success][COM5]:Плата не вставлена.
[15.01.2025 14:19:24.301][success][COM5]:THRD.BCPRxChar. Ответ: "0"

[15.01.2025 14:19:24.313][success][COM5]:THRD.ReciveAnswer. Ответ: 0
[15.01.2025 14:19:24.325][success][COM5]:THRD.ReciveAnswer. Ответ: 0
[15.01.2025 14:19:24.350][success][COM5]:Плата не вставлена.
[15.01.2025 14:19:26.398][success][COM5]:THRD.BCPRxChar. Ответ: "0"

[15.01.2025 14:19:26.410][success][COM5]:THRD.ReciveAnswer. Ответ: 0
[15.01.2025 14:19:26.420][success][COM5]:THRD.ReciveAnswer. Ответ: 0
[15.01.2025 14:19:26.446][success][COM5]:Плата не вставлена.
[15.01.2025 14:19:28.492][success][COM5]:THRD.BCPRxChar. Ответ: "0"

[15.01.2025 14:19:28.505][success][COM5]:THRD.ReciveAnswer. Ответ: 0
[15.01.2025 14:19:28.517][success][COM5]:THRD.ReciveAnswer. Ответ: 0
[15.01.2025 14:19:28.544][success][COM5]:Плата не вставлена.
[15.01.2025 14:19:30.587][success][COM5]:THRD.BCPRxChar. Ответ: "0"

[15.01.2025 14:19:30.602][success][COM5]:THRD.ReciveAnswer. Ответ: 0
[15.01.2025 14:19:30.611][success][COM5]:THRD.ReciveAnswer. Ответ: 0
[15.01.2025 14:19:30.633][success][COM5]:Плата не вставлена.
[15.01.2025 14:19:32.679][success][COM5]:THRD.BCPRxChar. Ответ: "0"

[15.01.2025 14:19:32.693][success][COM5]:THRD.ReciveAnswer. Ответ: 0
[15.01.2025 14:19:32.706][success][COM5]:THRD.ReciveAnswer. Ответ: 0
[15.01.2025 14:19:32.729][success][COM5]:Плата не вставлена.
[15.01.2025 14:19:34.774][success][COM5]:THRD.BCPRxChar. Ответ: "0"

[15.01.2025 14:19:34.786][success][COM5]:THRD.ReciveAnswer. Ответ: 0
[15.01.2025 14:19:34.796][success][COM5]:THRD.ReciveAnswer. Ответ: 0
[15.01.2025 14:19:34.823][success][COM5]:Плата не вставлена.
[15.01.2025 14:19:36.870][success][COM5]:THRD.BCPRxChar. Ответ: "0"

[15.01.2025 14:19:36.883][success][COM5]:THRD.ReciveAnswer. Ответ: 0
[15.01.2025 14:19:36.892][success][COM5]:THRD.ReciveAnswer. Ответ: 0
[15.01.2025 14:19:36.913][success][COM5]:Плата не вставлена.
[15.01.2025 14:19:38.960][success][COM5]:THRD.BCPRxChar. Ответ: "0"

[15.01.2025 14:19:38.974][success][COM5]:THRD.ReciveAnswer. Ответ: 0
[15.01.2025 14:19:38.986][success][COM5]:THRD.ReciveAnswer. Ответ: 0
[15.01.2025 14:19:39.012][success][COM5]:Плата не вставлена.
[15.01.2025 14:19:41.056][success][COM5]:THRD.BCPRxChar. Ответ: "0"

[15.01.2025 14:19:41.069][success][COM5]:THRD.ReciveAnswer. Ответ: 0
[15.01.2025 14:19:41.079][success][COM5]:THRD.ReciveAnswer. Ответ: 0
[15.01.2025 14:19:41.102][success][COM5]:Плата не вставлена.
[15.01.2025 14:19:43.148][success][COM5]:THRD.BCPRxChar. Ответ: "0"

[15.01.2025 14:19:43.164][success][COM5]:THRD.ReciveAnswer. Ответ: 0
[15.01.2025 14:19:43.174][success][COM5]:THRD.ReciveAnswer. Ответ: 0
[15.01.2025 14:19:43.196][success][COM5]:Плата не вставлена.
[15.01.2025 14:19:45.240][success][COM5]:THRD.BCPRxChar. Ответ: "0"

[15.01.2025 14:19:45.255][success][COM5]:THRD.ReciveAnswer. Ответ: 0
[15.01.2025 14:19:45.269][success][COM5]:THRD.ReciveAnswer. Ответ: 0
[15.01.2025 14:19:45.292][success][COM5]:Плата не вставлена.
[15.01.2025 14:19:47.338][success][COM5]:THRD.BCPRxChar. Ответ: "0"

[15.01.2025 14:19:47.351][success][COM5]:THRD.ReciveAnswer. Ответ: 0
[15.01.2025 14:19:47.362][success][COM5]:THRD.ReciveAnswer. Ответ: 0
[15.01.2025 14:19:47.390][success][COM5]:Плата не вставлена.
[15.01.2025 14:19:49.429][success][COM5]:THRD.BCPRxChar. Ответ: "0"

[15.01.2025 14:19:49.444][success][COM5]:THRD.ReciveAnswer. Ответ: 0
[15.01.2025 14:19:49.458][success][COM5]:THRD.ReciveAnswer. Ответ: 0
[15.01.2025 14:19:49.481][success][COM5]:Плата не вставлена.
[15.01.2025 14:19:51.528][success][COM5]:THRD.BCPRxChar. Ответ: "0"

[15.01.2025 14:19:51.541][success][COM5]:THRD.ReciveAnswer. Ответ: 0
[15.01.2025 14:19:51.554][success][COM5]:THRD.ReciveAnswer. Ответ: 0
[15.01.2025 14:19:51.580][success][COM5]:Плата не вставлена.
[15.01.2025 14:19:53.617][success][COM5]:THRD.BCPRxChar. Ответ: "0"

[15.01.2025 14:19:53.632][success][COM5]:THRD.ReciveAnswer. Ответ: 0
[15.01.2025 14:19:53.646][success][COM5]:THRD.ReciveAnswer. Ответ: 0
[15.01.2025 14:19:53.670][success][COM5]:Плата не вставлена.
[15.01.2025 14:19:55.713][success][COM5]:THRD.BCPRxChar. Ответ: "0"

[15.01.2025 14:19:55.728][success][COM5]:THRD.ReciveAnswer. Ответ: 0
[15.01.2025 14:19:55.743][success][COM5]:THRD.ReciveAnswer. Ответ: 0
[15.01.2025 14:19:55.768][success][COM5]:Плата не вставлена.
[15.01.2025 14:19:57.809][success][COM5]:THRD.BCPRxChar. Ответ: "0"

[15.01.2025 14:19:57.823][success][COM5]:THRD.ReciveAnswer. Ответ: 0
[15.01.2025 14:19:57.834][success][COM5]:THRD.ReciveAnswer. Ответ: 0
[15.01.2025 14:19:57.858][success][COM5]:Плата не вставлена.
[15.01.2025 14:19:59.898][success][COM5]:THRD.BCPRxChar. Ответ: "0"

[15.01.2025 14:19:59.913][success][COM5]:THRD.ReciveAnswer. Ответ: 0
[15.01.2025 14:19:59.927][success][COM5]:THRD.ReciveAnswer. Ответ: 0
[15.01.2025 14:19:59.952][success][COM5]:Плата не вставлена.
[15.01.2025 14:20:01.993][success][COM5]:THRD.BCPRxChar. Ответ: "0"

[15.01.2025 14:20:02.008][success][COM5]:THRD.ReciveAnswer. Ответ: 0
[15.01.2025 14:20:02.019][success][COM5]:THRD.ReciveAnswer. Ответ: 0
[15.01.2025 14:20:02.044][success][COM5]:Плата не вставлена.
[15.01.2025 14:20:04.086][success][COM5]:THRD.BCPRxChar. Ответ: "0"

[15.01.2025 14:20:04.103][success][COM5]:THRD.ReciveAnswer. Ответ: 0
[15.01.2025 14:20:04.115][success][COM5]:THRD.ReciveAnswer. Ответ: 0
[15.01.2025 14:20:04.140][success][COM5]:Плата не вставлена.
[15.01.2025 14:20:06.183][success][COM5]:THRD.BCPRxChar. Ответ: "0"

[15.01.2025 14:20:06.197][success][COM5]:THRD.ReciveAnswer. Ответ: 0
[15.01.2025 14:20:06.211][success][COM5]:THRD.ReciveAnswer. Ответ: 0
[15.01.2025 14:20:06.239][success][COM5]:Плата не вставлена.
[15.01.2025 14:20:08.276][success][COM5]:THRD.BCPRxChar. Ответ: "0"

[15.01.2025 14:20:08.293][success][COM5]:THRD.ReciveAnswer. Ответ: 0
[15.01.2025 14:20:08.305][success][COM5]:THRD.ReciveAnswer. Ответ: 0
[15.01.2025 14:20:08.330][success][COM5]:Плата не вставлена.
[15.01.2025 14:20:10.371][success][COM5]:THRD.BCPRxChar. Ответ: "0"

[15.01.2025 14:20:10.385][success][COM5]:THRD.ReciveAnswer. Ответ: 0
[15.01.2025 14:20:10.399][success][COM5]:THRD.ReciveAnswer. Ответ: 0
[15.01.2025 14:20:10.427][success][COM5]:Плата не вставлена.
[15.01.2025 14:20:12.463][success][COM5]:THRD.BCPRxChar. Ответ: "0"

[15.01.2025 14:20:12.480][success][COM5]:THRD.ReciveAnswer. Ответ: 0
[15.01.2025 14:20:12.493][success][COM5]:THRD.ReciveAnswer. Ответ: 0
[15.01.2025 14:20:12.518][success][COM5]:Плата не вставлена.
[15.01.2025 14:20:14.558][success][COM5]:THRD.BCPRxChar. Ответ: "0"

[15.01.2025 14:20:14.574][success][COM5]:THRD.ReciveAnswer. Ответ: 0
[15.01.2025 14:20:14.586][success][COM5]:THRD.ReciveAnswer. Ответ: 0
[15.01.2025 14:20:14.610][success][COM5]:Плата не вставлена.
[15.01.2025 14:20:16.650][success][COM5]:THRD.BCPRxChar. Ответ: "0"

[15.01.2025 14:20:16.666][success][COM5]:THRD.ReciveAnswer. Ответ: 0
[15.01.2025 14:20:16.682][success][COM5]:THRD.ReciveAnswer. Ответ: 0
[15.01.2025 14:20:16.706][success][COM5]:Плата не вставлена.
[15.01.2025 14:20:18.743][success][COM5]:THRD.BCPRxChar. Ответ: "0"

[15.01.2025 14:20:18.759][success][COM5]:THRD.ReciveAnswer. Ответ: 0
[15.01.2025 14:20:18.774][success][COM5]:THRD.ReciveAnswer. Ответ: 0
[15.01.2025 14:20:18.800][success][COM5]:Плата не вставлена.
[15.01.2025 14:20:20.840][success][COM5]:THRD.BCPRxChar. Ответ: "0"

[15.01.2025 14:20:20.854][success][COM5]:THRD.ReciveAnswer. Ответ: 0
[15.01.2025 14:20:20.865][success][COM5]:THRD.ReciveAnswer. Ответ: 0
[15.01.2025 14:20:20.889][success][COM5]:Плата не вставлена.
[15.01.2025 14:20:22.929][success][COM5]:THRD.BCPRxChar. Ответ: "0"

[15.01.2025 14:20:22.945][success][COM5]:THRD.ReciveAnswer. Ответ: 0
[15.01.2025 14:20:22.960][success][COM5]:THRD.ReciveAnswer. Ответ: 0
[15.01.2025 14:20:22.986][success][COM5]:Плата не вставлена.
[15.01.2025 14:20:25.028][success][COM5]:THRD.BCPRxChar. Ответ: "0"

[15.01.2025 14:20:25.041][success][COM5]:THRD.ReciveAnswer. Ответ: 0
[15.01.2025 14:20:25.053][success][COM5]:THRD.ReciveAnswer. Ответ: 0
[15.01.2025 14:20:25.078][success][COM5]:Плата не вставлена.
[15.01.2025 14:20:27.118][success][COM5]:THRD.BCPRxChar. Ответ: "0"

[15.01.2025 14:20:27.136][success][COM5]:THRD.ReciveAnswer. Ответ: 0
[15.01.2025 14:20:27.153][success][COM5]:THRD.ReciveAnswer. Ответ: 0
[15.01.2025 14:20:27.178][success][COM5]:Плата не вставлена.
[15.01.2025 14:20:29.227][success][COM5]:THRD.BCPRxChar. Ответ: "0"

[15.01.2025 14:20:29.240][success][COM5]:THRD.ReciveAnswer. Ответ: 0
[15.01.2025 14:20:29.253][success][COM5]:THRD.ReciveAnswer. Ответ: 0
[15.01.2025 14:20:29.278][success][COM5]:Плата не вставлена.
[15.01.2025 14:20:31.324][success][COM5]:THRD.BCPRxChar. Ответ: "0"

[15.01.2025 14:20:31.342][success][COM5]:THRD.ReciveAnswer. Ответ: 0
[15.01.2025 14:20:31.354][success][COM5]:THRD.ReciveAnswer. Ответ: 0
[15.01.2025 14:20:31.379][success][COM5]:Плата не вставлена.
[15.01.2025 14:20:33.419][success][COM5]:THRD.BCPRxChar. Ответ: "0"

[15.01.2025 14:20:33.438][success][COM5]:THRD.ReciveAnswer. Ответ: 0
[15.01.2025 14:20:33.453][success][COM5]:THRD.ReciveAnswer. Ответ: 0
[15.01.2025 14:20:33.479][success][COM5]:Плата не вставлена.
[15.01.2025 14:20:35.525][success][COM5]:THRD.BCPRxChar. Ответ: "0"

[15.01.2025 14:20:35.542][success][COM5]:THRD.ReciveAnswer. Ответ: 0
[15.01.2025 14:20:35.557][success][COM5]:THRD.ReciveAnswer. Ответ: 0
[15.01.2025 14:20:35.584][success][COM5]:Плата не вставлена.
[15.01.2025 14:20:37.619][success][COM5]:THRD.BCPRxChar. Ответ: "0"

[15.01.2025 14:20:37.637][success][COM5]:THRD.ReciveAnswer. Ответ: 0
[15.01.2025 14:20:37.653][success][COM5]:THRD.ReciveAnswer. Ответ: 0
[15.01.2025 14:20:37.678][success][COM5]:Плата не вставлена.
[15.01.2025 14:20:39.717][success][COM5]:THRD.BCPRxChar. Ответ: "0"

[15.01.2025 14:20:39.732][success][COM5]:THRD.ReciveAnswer. Ответ: 0
[15.01.2025 14:20:39.748][success][COM5]:THRD.ReciveAnswer. Ответ: 0
[15.01.2025 14:20:39.778][success][COM5]:Плата не вставлена.
[15.01.2025 14:20:41.824][success][COM5]:THRD.BCPRxChar. Ответ: "0"

[15.01.2025 14:20:41.840][success][COM5]:THRD.ReciveAnswer. Ответ: 0
[15.01.2025 14:20:41.857][success][COM5]:THRD.ReciveAnswer. Ответ: 0
[15.01.2025 14:20:41.887][success][COM5]:Плата не вставлена.
[15.01.2025 14:20:43.932][success][COM5]:THRD.BCPRxChar. Ответ: "0"

[15.01.2025 14:20:43.947][success][COM5]:THRD.ReciveAnswer. Ответ: 0
[15.01.2025 14:20:43.959][success][COM5]:THRD.ReciveAnswer. Ответ: 0
[15.01.2025 14:20:43.984][success][COM5]:Плата не вставлена.
[15.01.2025 14:20:46.028][success][COM5]:THRD.BCPRxChar. Ответ: "0"

[15.01.2025 14:20:46.046][success][COM5]:THRD.ReciveAnswer. Ответ: 0
[15.01.2025 14:20:46.058][success][COM5]:THRD.ReciveAnswer. Ответ: 0
[15.01.2025 14:20:46.084][success][COM5]:Плата не вставлена.
[15.01.2025 14:20:48.122][success][COM5]:THRD.BCPRxChar. Ответ: "0"

[15.01.2025 14:20:48.139][success][COM5]:THRD.ReciveAnswer. Ответ: 0
[15.01.2025 14:20:48.155][success][COM5]:THRD.ReciveAnswer. Ответ: 0
[15.01.2025 14:20:48.186][success][COM5]:Плата не вставлена.
[15.01.2025 14:20:50.231][success][COM5]:THRD.BCPRxChar. Ответ: "0"

[15.01.2025 14:20:50.250][success][COM5]:THRD.ReciveAnswer. Ответ: 0
[15.01.2025 14:20:50.263][success][COM5]:THRD.ReciveAnswer. Ответ: 0
[15.01.2025 14:20:50.289][success][COM5]:Плата не вставлена.
[15.01.2025 14:20:52.341][success][COM5]:THRD.BCPRxChar. Ответ: "0"

[15.01.2025 14:20:52.358][success][COM5]:THRD.ReciveAnswer. Ответ: 0
[15.01.2025 14:20:52.371][success][COM5]:THRD.ReciveAnswer. Ответ: 0
[15.01.2025 14:20:52.397][success][COM5]:Плата не вставлена.
[15.01.2025 14:20:54.449][success][COM5]:THRD.BCPRxChar. Ответ: "0"

[15.01.2025 14:20:54.469][success][COM5]:THRD.ReciveAnswer. Ответ: 0
[15.01.2025 14:20:54.482][success][COM5]:THRD.ReciveAnswer. Ответ: 0
[15.01.2025 14:20:54.510][success][COM5]:Плата не вставлена.
[15.01.2025 14:20:56.563][success][COM5]:THRD.BCPRxChar. Ответ: "0"

[15.01.2025 14:20:56.578][success][COM5]:THRD.ReciveAnswer. Ответ: 0
[15.01.2025 14:20:56.592][success][COM5]:THRD.ReciveAnswer. Ответ: 0
[15.01.2025 14:20:56.618][success][COM5]:Плата не вставлена.
[15.01.2025 14:20:58.672][success][COM5]:THRD.BCPRxChar. Ответ: "0"

[15.01.2025 14:20:58.686][success][COM5]:THRD.ReciveAnswer. Ответ: 0
[15.01.2025 14:20:58.700][success][COM5]:THRD.ReciveAnswer. Ответ: 0
[15.01.2025 14:20:58.727][success][COM5]:Плата не вставлена.
[15.01.2025 14:21:00.780][success][COM5]:THRD.BCPRxChar. Ответ: "0"

[15.01.2025 14:21:00.797][success][COM5]:THRD.ReciveAnswer. Ответ: 0
[15.01.2025 14:21:00.811][success][COM5]:THRD.ReciveAnswer. Ответ: 0
[15.01.2025 14:21:00.838][success][COM5]:Плата не вставлена.
[15.01.2025 14:21:02.887][success][COM5]:THRD.BCPRxChar. Ответ: "0"

[15.01.2025 14:21:02.905][success][COM5]:THRD.ReciveAnswer. Ответ: 0
[15.01.2025 14:21:02.920][success][COM5]:THRD.ReciveAnswer. Ответ: 0
[15.01.2025 14:21:02.947][success][COM5]:Плата не вставлена.
[15.01.2025 14:21:04.997][success][COM5]:THRD.BCPRxChar. Ответ: "0"

[15.01.2025 14:21:05.016][success][COM5]:THRD.ReciveAnswer. Ответ: 0
[15.01.2025 14:21:05.030][success][COM5]:THRD.ReciveAnswer. Ответ: 0
[15.01.2025 14:21:05.056][success][COM5]:Плата не вставлена.
[15.01.2025 14:21:07.105][success][COM5]:THRD.BCPRxChar. Ответ: "0"

[15.01.2025 14:21:07.126][success][COM5]:THRD.ReciveAnswer. Ответ: 0
[15.01.2025 14:21:07.142][success][COM5]:THRD.ReciveAnswer. Ответ: 0
[15.01.2025 14:21:07.169][success][COM5]:Плата не вставлена.
[15.01.2025 14:21:09.214][success][COM5]:THRD.BCPRxChar. Ответ: "0"

[15.01.2025 14:21:09.235][success][COM5]:THRD.ReciveAnswer. Ответ: 0
[15.01.2025 14:21:09.249][success][COM5]:THRD.ReciveAnswer. Ответ: 0
[15.01.2025 14:21:09.276][success][COM5]:Плата не вставлена.
[15.01.2025 14:21:11.323][success][COM5]:THRD.BCPRxChar. Ответ: "0"

[15.01.2025 14:21:11.343][success][COM5]:THRD.ReciveAnswer. Ответ: 0
[15.01.2025 14:21:11.362][success][COM5]:THRD.ReciveAnswer. Ответ: 0
[15.01.2025 14:21:11.389][success][COM5]:Плата не вставлена.
[15.01.2025 14:21:13.432][success][COM5]:THRD.BCPRxChar. Ответ: "0"

[15.01.2025 14:21:13.453][success][COM5]:THRD.ReciveAnswer. Ответ: 0
[15.01.2025 14:21:13.469][success][COM5]:THRD.ReciveAnswer. Ответ: 0
[15.01.2025 14:21:13.495][success][COM5]:Плата не вставлена.
[15.01.2025 14:21:15.541][success][COM5]:THRD.BCPRxChar. Ответ: "0"

[15.01.2025 14:21:15.561][success][COM5]:THRD.ReciveAnswer. Ответ: 0
[15.01.2025 14:21:15.578][success][COM5]:THRD.ReciveAnswer. Ответ: 0
[15.01.2025 14:21:15.606][success][COM5]:Плата не вставлена.
[15.01.2025 14:21:17.653][success][COM5]:THRD.BCPRxChar. Ответ: "0"

[15.01.2025 14:21:17.673][success][COM5]:THRD.ReciveAnswer. Ответ: 0
[15.01.2025 14:21:17.689][success][COM5]:THRD.ReciveAnswer. Ответ: 0
[15.01.2025 14:21:17.715][success][COM5]:Плата не вставлена.
[15.01.2025 14:21:19.764][success][COM5]:THRD.BCPRxChar. Ответ: "0"

[15.01.2025 14:21:19.782][success][COM5]:THRD.ReciveAnswer. Ответ: 0
[15.01.2025 14:21:19.800][success][COM5]:THRD.ReciveAnswer. Ответ: 0
[15.01.2025 14:21:19.832][success][COM5]:Плата не вставлена.
[15.01.2025 14:21:21.875][success][COM5]:THRD.BCPRxChar. Ответ: "0"

[15.01.2025 14:21:21.894][success][COM5]:THRD.ReciveAnswer. Ответ: 0
[15.01.2025 14:21:21.907][success][COM5]:THRD.ReciveAnswer. Ответ: 0
[15.01.2025 14:21:21.933][success][COM5]:Плата не вставлена.
[15.01.2025 14:21:23.983][success][COM5]:THRD.BCPRxChar. Ответ: "0"

[15.01.2025 14:21:24.000][success][COM5]:THRD.ReciveAnswer. Ответ: 0
[15.01.2025 14:21:24.014][success][COM5]:THRD.ReciveAnswer. Ответ: 0
[15.01.2025 14:21:24.043][success][COM5]:Плата не вставлена.
[15.01.2025 14:21:26.093][success][COM5]:THRD.BCPRxChar. Ответ: "0"

[15.01.2025 14:21:26.111][success][COM5]:THRD.ReciveAnswer. Ответ: 0
[15.01.2025 14:21:26.126][success][COM5]:THRD.ReciveAnswer. Ответ: 0
[15.01.2025 14:21:26.154][success][COM5]:Плата не вставлена.
[15.01.2025 14:21:28.204][success][COM5]:THRD.BCPRxChar. Ответ: "0"

[15.01.2025 14:21:28.221][success][COM5]:THRD.ReciveAnswer. Ответ: 0
[15.01.2025 14:21:28.235][success][COM5]:THRD.ReciveAnswer. Ответ: 0
[15.01.2025 14:21:28.262][success][COM5]:Плата не вставлена.
[15.01.2025 14:21:30.314][success][COM5]:THRD.BCPRxChar. Ответ: "0"

[15.01.2025 14:21:30.331][success][COM5]:THRD.ReciveAnswer. Ответ: 0
[15.01.2025 14:21:30.348][success][COM5]:THRD.ReciveAnswer. Ответ: 0
[15.01.2025 14:21:30.382][success][COM5]:Плата не вставлена.
[15.01.2025 14:21:32.434][success][COM5]:THRD.BCPRxChar. Ответ: "0"

[15.01.2025 14:21:32.456][success][COM5]:THRD.ReciveAnswer. Ответ: 0
[15.01.2025 14:21:32.473][success][COM5]:THRD.ReciveAnswer. Ответ: 0
[15.01.2025 14:21:32.502][success][COM5]:Плата не вставлена.
[15.01.2025 14:21:34.547][success][COM5]:THRD.BCPRxChar. Ответ: "0"

[15.01.2025 14:21:34.569][success][COM5]:THRD.ReciveAnswer. Ответ: 0
[15.01.2025 14:21:34.585][success][COM5]:THRD.ReciveAnswer. Ответ: 0
[15.01.2025 14:21:34.612][success][COM5]:Плата не вставлена.
[15.01.2025 14:21:36.653][success][COM5]:THRD.BCPRxChar. Ответ: "0"

[15.01.2025 14:21:36.677][success][COM5]:THRD.ReciveAnswer. Ответ: 0
[15.01.2025 14:21:36.694][success][COM5]:THRD.ReciveAnswer. Ответ: 0
[15.01.2025 14:21:36.722][success][COM5]:Плата не вставлена.
[15.01.2025 14:21:38.763][success][COM5]:THRD.BCPRxChar. Ответ: "0"

[15.01.2025 14:21:38.786][success][COM5]:THRD.ReciveAnswer. Ответ: 0
[15.01.2025 14:21:38.802][success][COM5]:THRD.ReciveAnswer. Ответ: 0
[15.01.2025 14:21:38.831][success][COM5]:Плата не вставлена.
[15.01.2025 14:21:40.871][success][COM5]:THRD.BCPRxChar. Ответ: "0"

[15.01.2025 14:21:40.891][success][COM5]:THRD.ReciveAnswer. Ответ: 0
[15.01.2025 14:21:40.910][success][COM5]:THRD.ReciveAnswer. Ответ: 0
[15.01.2025 14:21:40.939][success][COM5]:Плата не вставлена.
[15.01.2025 14:21:42.987][success][COM5]:THRD.BCPRxChar. Ответ: "0"

[15.01.2025 14:21:43.005][success][COM5]:THRD.ReciveAnswer. Ответ: 0
[15.01.2025 14:21:43.020][success][COM5]:THRD.ReciveAnswer. Ответ: 0
[15.01.2025 14:21:43.051][success][COM5]:Плата не вставлена.
[15.01.2025 14:21:45.092][success][COM5]:THRD.BCPRxChar. Ответ: "0"

[15.01.2025 14:21:45.114][success][COM5]:THRD.ReciveAnswer. Ответ: 0
[15.01.2025 14:21:45.134][success][COM5]:THRD.ReciveAnswer. Ответ: 0
[15.01.2025 14:21:45.162][success][COM5]:Плата не вставлена.
[15.01.2025 14:21:47.204][success][COM5]:THRD.BCPRxChar. Ответ: "0"

[15.01.2025 14:21:47.222][success][COM5]:THRD.ReciveAnswer. Ответ: 0
[15.01.2025 14:21:47.240][success][COM5]:THRD.ReciveAnswer. Ответ: 0
[15.01.2025 14:21:47.274][success][COM5]:Плата не вставлена.
[15.01.2025 14:21:49.329][success][COM5]:THRD.BCPRxChar. Ответ: "0"

[15.01.2025 14:21:49.350][success][COM5]:THRD.ReciveAnswer. Ответ: 0
[15.01.2025 14:21:49.373][success][COM5]:THRD.ReciveAnswer. Ответ: 0
[15.01.2025 14:21:49.403][success][COM5]:Плата не вставлена.
[15.01.2025 14:21:51.452][success][COM5]:THRD.BCPRxChar. Ответ: "0"

[15.01.2025 14:21:51.475][success][COM5]:THRD.ReciveAnswer. Ответ: 0
[15.01.2025 14:21:51.495][success][COM5]:THRD.ReciveAnswer. Ответ: 0
[15.01.2025 14:21:51.524][success][COM5]:Плата не вставлена.
[15.01.2025 14:21:53.580][success][COM5]:THRD.BCPRxChar. Ответ: "0"

[15.01.2025 14:21:53.602][success][COM5]:THRD.ReciveAnswer. Ответ: 0
[15.01.2025 14:21:53.623][success][COM5]:THRD.ReciveAnswer. Ответ: 0
[15.01.2025 14:21:53.653][success][COM5]:Плата не вставлена.
[15.01.2025 14:21:55.702][success][COM5]:THRD.BCPRxChar. Ответ: "0"

[15.01.2025 14:21:55.725][success][COM5]:THRD.ReciveAnswer. Ответ: 0
[15.01.2025 14:21:55.742][success][COM5]:THRD.ReciveAnswer. Ответ: 0
[15.01.2025 14:21:55.772][success][COM5]:Плата не вставлена.
[15.01.2025 14:21:57.827][success][COM5]:THRD.BCPRxChar. Ответ: "0"

[15.01.2025 14:21:57.850][success][COM5]:THRD.ReciveAnswer. Ответ: 0
[15.01.2025 14:21:57.865][success][COM5]:THRD.ReciveAnswer. Ответ: 0
[15.01.2025 14:21:57.895][success][COM5]:Плата не вставлена.
[15.01.2025 14:21:59.936][success][COM5]:THRD.BCPRxChar. Ответ: "0"

[15.01.2025 14:21:59.958][success][COM5]:THRD.ReciveAnswer. Ответ: 0
[15.01.2025 14:21:59.979][success][COM5]:THRD.ReciveAnswer. Ответ: 0
[15.01.2025 14:22:00.010][success][COM5]:Плата не вставлена.
[15.01.2025 14:22:02.061][success][COM5]:THRD.BCPRxChar. Ответ: "0"

[15.01.2025 14:22:02.084][success][COM5]:THRD.ReciveAnswer. Ответ: 0
[15.01.2025 14:22:02.104][success][COM5]:THRD.ReciveAnswer. Ответ: 0
[15.01.2025 14:22:02.135][success][COM5]:Плата не вставлена.
[15.01.2025 14:22:04.186][success][COM5]:THRD.BCPRxChar. Ответ: "0"

[15.01.2025 14:22:04.208][success][COM5]:THRD.ReciveAnswer. Ответ: 0
[15.01.2025 14:22:04.229][success][COM5]:THRD.ReciveAnswer. Ответ: 0
[15.01.2025 14:22:04.259][success][COM5]:Плата не вставлена.
[15.01.2025 14:22:06.316][success][COM5]:THRD.BCPRxChar. Ответ: "0"

[15.01.2025 14:22:06.335][success][COM5]:THRD.ReciveAnswer. Ответ: 0
[15.01.2025 14:22:06.352][success][COM5]:THRD.ReciveAnswer. Ответ: 0
[15.01.2025 14:22:06.381][success][COM5]:Плата не вставлена.
[15.01.2025 14:22:08.425][success][COM5]:THRD.BCPRxChar. Ответ: "0"

[15.01.2025 14:22:08.446][success][COM5]:THRD.ReciveAnswer. Ответ: 0
[15.01.2025 14:22:08.463][success][COM5]:THRD.ReciveAnswer. Ответ: 0
[15.01.2025 14:22:08.493][success][COM5]:Плата не вставлена.
[15.01.2025 14:22:10.552][success][COM5]:THRD.BCPRxChar. Ответ: "0"

[15.01.2025 14:22:10.571][success][COM5]:THRD.ReciveAnswer. Ответ: 0
[15.01.2025 14:22:10.588][success][COM5]:THRD.ReciveAnswer. Ответ: 0
[15.01.2025 14:22:10.618][success][COM5]:Плата не вставлена.
[15.01.2025 14:22:12.675][success][COM5]:THRD.BCPRxChar. Ответ: "0"

[15.01.2025 14:22:12.699][success][COM5]:THRD.ReciveAnswer. Ответ: 0
[15.01.2025 14:22:12.717][success][COM5]:THRD.ReciveAnswer. Ответ: 0
[15.01.2025 14:22:12.753][success][COM5]:Плата не вставлена.
[15.01.2025 14:22:14.797][success][COM5]:THRD.BCPRxChar. Ответ: "0"

[15.01.2025 14:22:14.822][success][COM5]:THRD.ReciveAnswer. Ответ: 0
[15.01.2025 14:22:14.840][success][COM5]:THRD.ReciveAnswer. Ответ: 0
[15.01.2025 14:22:14.874][success][COM5]:Плата не вставлена.
[15.01.2025 14:22:16.926][success][COM5]:THRD.BCPRxChar. Ответ: "0"

[15.01.2025 14:22:16.946][success][COM5]:THRD.ReciveAnswer. Ответ: 0
[15.01.2025 14:22:16.963][success][COM5]:THRD.ReciveAnswer. Ответ: 0
[15.01.2025 14:22:16.993][success][COM5]:Плата не вставлена.
[15.01.2025 14:22:19.048][success][COM5]:THRD.BCPRxChar. Ответ: "0"

[15.01.2025 14:22:19.068][success][COM5]:THRD.ReciveAnswer. Ответ: 0
[15.01.2025 14:22:19.089][success][COM5]:THRD.ReciveAnswer. Ответ: 0
[15.01.2025 14:22:19.124][success][COM5]:Плата не вставлена.
[15.01.2025 14:22:21.176][success][COM5]:THRD.BCPRxChar. Ответ: "0"

[15.01.2025 14:22:21.197][success][COM5]:THRD.ReciveAnswer. Ответ: 0
[15.01.2025 14:22:21.215][success][COM5]:THRD.ReciveAnswer. Ответ: 0
[15.01.2025 14:22:21.245][success][COM5]:Плата не вставлена.
[15.01.2025 14:22:23.296][success][COM5]:THRD.BCPRxChar. Ответ: "0"

[15.01.2025 14:22:23.319][success][COM5]:THRD.ReciveAnswer. Ответ: 0
[15.01.2025 14:22:23.339][success][COM5]:THRD.ReciveAnswer. Ответ: 0
[15.01.2025 14:22:23.377][success][COM5]:Плата не вставлена.
[15.01.2025 14:22:25.417][success][COM5]:THRD.BCPRxChar. Ответ: "0"

[15.01.2025 14:22:25.447][success][COM5]:THRD.ReciveAnswer. Ответ: 0
[15.01.2025 14:22:25.470][success][COM5]:THRD.ReciveAnswer. Ответ: 0
[15.01.2025 14:22:25.494][success][COM5]:Плата не вставлена.
