25.12.2024 135824.247 MainForm - FormShow - Создание фрейма номер - 0 - успешно!
25.12.2024 135837.992 MainForm - AddRich(Вкладка:0: COM1: Порт открыт!)
25.12.2024 135838.950 MainForm - FormShow - Создание фрейма номер - 1 - успешно!
25.12.2024 135852.926 MainForm - AddRich(Вкладка:0: COM1: Опрос КПА)
25.12.2024 135852.941 MainForm - AddRich(Вкладка:1: COM3: Порт открыт!)
25.12.2024 135853.000 MainForm - FormShow - Создание фрейма номер - 2 - успешно!
25.12.2024 135931.201 MainForm - FormShow - Создание фрейма номер - 3 - успешно!
25.12.2024 135932.525 MainForm - FormShow - Создание фрейма номер - 4 - успешно!
25.12.2024 135932.640 MainForm - FormShow - Создание фрейма номер - 5 - успешно!
25.12.2024 135932.693 MainForm - AddRich(Вкладка:1: COM3: Опрос КПА)
25.12.2024 135932.696 MainForm - AddRich(Вкладка:2: COM5: Порт открыт!)
25.12.2024 135932.696 MainForm - AddRich(Вкладка:2: COM5: Опрос КПА)
25.12.2024 135932.727 MainForm - AddRich(Вкладка:2: COM5: THRD.BCPRxChar. Ответ: {"KPA-1","1.05.04","5","05.01.2000,23:43:47","49560","0",{"7BFFFFC3F","1","1","","","","","","1"}}
)
25.12.2024 135932.772 MainForm - AddRich(Вкладка:2: COM5: THRD.BCPRxChar. Ответ: {"KPA-1","1.05.04","5","05.01.2000,23:43:47","49560","0",{"7BFFFFC3F","1","1","","","","","","1"}}
)
25.12.2024 140132.325 MainForm - FormShow - Создание фрейма номер - 0 - успешно!
25.12.2024 140132.545 MainForm - AddRich(Вкладка:0: COM1: Порт открыт!)
25.12.2024 140132.676 MainForm - FormShow - Создание фрейма номер - 1 - успешно!
25.12.2024 140132.872 MainForm - AddRich(Вкладка:0: COM1: Опрос КПА)
25.12.2024 140132.887 MainForm - AddRich(Вкладка:1: COM3: Порт открыт!)
25.12.2024 140132.943 MainForm - FormShow - Создание фрейма номер - 2 - успешно!
25.12.2024 140133.078 MainForm - FormShow - Создание фрейма номер - 3 - успешно!
25.12.2024 140133.189 MainForm - FormShow - Создание фрейма номер - 4 - успешно!
25.12.2024 140133.303 MainForm - FormShow - Создание фрейма номер - 5 - успешно!
25.12.2024 140133.349 MainForm - AddRich(Вкладка:1: COM3: Опрос КПА)
25.12.2024 140133.352 MainForm - AddRich(Вкладка:2: COM5: Порт открыт!)
25.12.2024 140133.352 MainForm - AddRich(Вкладка:2: COM5: Опрос КПА)
25.12.2024 140133.461 MainForm - AddRich(Вкладка:2: COM5: THRD.BCPRxChar. Ответ: {"KPA-1","1.05.04","5","05.01.2000,23:45:47","49560","0",{"7BFFFFC3F","1","1","","","","","","1"}}
)
25.12.2024 140133.529 MainForm - AddRich(Вкладка:2: COM5: THRD.BCPRxChar. Ответ: {"KPA-1","1.05.04","5","05.01.2000,23:45:47","49560","0",{"7BFFFFC3F","1","1","","","","","","1"}}
)
25.12.2024 140304.501 MainForm - FormShow - Создание фрейма номер - 0 - успешно!
25.12.2024 140304.712 MainForm - AddRich(Вкладка:0: COM1: Порт открыт!)
25.12.2024 140304.849 MainForm - FormShow - Создание фрейма номер - 1 - успешно!
25.12.2024 140305.045 MainForm - AddRich(Вкладка:0: COM1: Опрос КПА)
25.12.2024 140305.061 MainForm - AddRich(Вкладка:1: COM3: Порт открыт!)
25.12.2024 140305.117 MainForm - FormShow - Создание фрейма номер - 2 - успешно!
25.12.2024 140305.239 MainForm - FormShow - Создание фрейма номер - 3 - успешно!
25.12.2024 140305.348 MainForm - FormShow - Создание фрейма номер - 4 - успешно!
25.12.2024 140305.439 MainForm - FormShow - Создание фрейма номер - 5 - успешно!
25.12.2024 140305.545 MainForm - AddRich(Вкладка:1: COM3: Опрос КПА)
25.12.2024 140305.548 MainForm - AddRich(Вкладка:2: COM5: Порт открыт!)
25.12.2024 140305.548 MainForm - AddRich(Вкладка:2: COM5: Опрос КПА)
25.12.2024 140305.573 MainForm - AddRich(Вкладка:2: COM5: THRD.BCPRxChar. Ответ: {"KPA-1","1.05.04","5","05.01.2000,23:47:19","49560","0",{"7BFFFFC3F","1","1","","","","","","1"}}
)
25.12.2024 140305.623 MainForm - AddRich(Вкладка:2: COM5: THRD.BCPRxChar. Ответ: {"KPA-1","1.05.04","5","05.01.2000,23:47:19","49560","0",{"7BFFFFC3F","1","1","","","","","","1"}}
)
25.12.2024 140439.067 MainForm - FormShow - Создание фрейма номер - 0 - успешно!
25.12.2024 140439.307 MainForm - AddRich(Вкладка:0: COM1: Порт открыт!)
25.12.2024 140439.470 MainForm - FormShow - Создание фрейма номер - 1 - успешно!
25.12.2024 140439.657 MainForm - AddRich(Вкладка:0: COM1: Опрос КПА)
25.12.2024 140439.672 MainForm - AddRich(Вкладка:1: COM3: Порт открыт!)
25.12.2024 140439.726 MainForm - FormShow - Создание фрейма номер - 2 - успешно!
25.12.2024 140439.852 MainForm - FormShow - Создание фрейма номер - 3 - успешно!
25.12.2024 140439.945 MainForm - FormShow - Создание фрейма номер - 4 - успешно!
25.12.2024 140440.046 MainForm - FormShow - Создание фрейма номер - 5 - успешно!
25.12.2024 140440.129 MainForm - AddRich(Вкладка:1: COM3: Опрос КПА)
25.12.2024 140440.131 MainForm - AddRich(Вкладка:2: COM5: Порт открыт!)
25.12.2024 140440.132 MainForm - AddRich(Вкладка:2: COM5: Опрос КПА)
25.12.2024 140440.156 MainForm - AddRich(Вкладка:2: COM5: THRD.BCPRxChar. Ответ: {"KPA-1","1.05.04","5","05.01.2000,23:48:54","49560","0",{"7BFFFFC3F","1","1","","","","","","1"}}
)
25.12.2024 140440.218 MainForm - AddRich(Вкладка:2: COM5: THRD.BCPRxChar. Ответ: {"KPA-1","1.05.04","5","05.01.2000,23:48:54","49560","0",{"7BFFFFC3F","1","1","","","","","","1"}}
)
25.12.2024 140506.968 MainForm - FormShow - Создание фрейма номер - 0 - успешно!
25.12.2024 140507.177 MainForm - AddRich(Вкладка:0: COM1: Порт открыт!)
25.12.2024 140507.342 MainForm - FormShow - Создание фрейма номер - 1 - успешно!
25.12.2024 140507.529 MainForm - AddRich(Вкладка:0: COM1: Опрос КПА)
25.12.2024 140507.544 MainForm - AddRich(Вкладка:1: COM3: Порт открыт!)
25.12.2024 140507.618 MainForm - FormShow - Создание фрейма номер - 2 - успешно!
25.12.2024 140507.741 MainForm - FormShow - Создание фрейма номер - 3 - успешно!
25.12.2024 140507.837 MainForm - FormShow - Создание фрейма номер - 4 - успешно!
25.12.2024 140507.926 MainForm - FormShow - Создание фрейма номер - 5 - успешно!
25.12.2024 140508.013 MainForm - AddRich(Вкладка:1: COM3: Опрос КПА)
25.12.2024 140508.015 MainForm - AddRich(Вкладка:2: COM5: Порт открыт!)
25.12.2024 140508.016 MainForm - AddRich(Вкладка:2: COM5: Опрос КПА)
25.12.2024 140508.040 MainForm - AddRich(Вкладка:2: COM5: THRD.BCPRxChar. Ответ: {"KPA-1","1.05.04","5","05.01.2000,23:49:22","49560","0",{"7BFFFFC3F","1","1","","","","","","1"}}
)
25.12.2024 140508.089 MainForm - AddRich(Вкладка:2: COM5: THRD.BCPRxChar. Ответ: {"KPA-1","1.05.04","5","05.01.2000,23:49:22","49560","0",{"7BFFFFC3F","1","1","","","","","","1"}}
)
25.12.2024 140534.246 MainForm - FormShow - Создание фрейма номер - 0 - успешно!
25.12.2024 140534.463 MainForm - AddRich(Вкладка:0: COM1: Порт открыт!)
25.12.2024 140534.615 MainForm - FormShow - Создание фрейма номер - 1 - успешно!
25.12.2024 140534.807 MainForm - AddRich(Вкладка:0: COM1: Опрос КПА)
25.12.2024 140534.823 MainForm - AddRich(Вкладка:1: COM3: Порт открыт!)
25.12.2024 140534.865 MainForm - FormShow - Создание фрейма номер - 2 - успешно!
25.12.2024 140534.981 MainForm - FormShow - Создание фрейма номер - 3 - успешно!
25.12.2024 140535.081 MainForm - FormShow - Создание фрейма номер - 4 - успешно!
25.12.2024 140535.172 MainForm - FormShow - Создание фрейма номер - 5 - успешно!
25.12.2024 140535.263 MainForm - AddRich(Вкладка:1: COM3: Опрос КПА)
25.12.2024 140535.266 MainForm - AddRich(Вкладка:2: COM5: Порт открыт!)
25.12.2024 140535.266 MainForm - AddRich(Вкладка:2: COM5: Опрос КПА)
25.12.2024 140535.292 MainForm - AddRich(Вкладка:2: COM5: THRD.BCPRxChar. Ответ: {"KPA-1","1.05.04","5","05.01.2000,23:49:49","49560","0",{"7BFFFFC3F","1","1","","","","","","1"}}
)
25.12.2024 140535.340 MainForm - AddRich(Вкладка:2: COM5: THRD.BCPRxChar. Ответ: {"KPA-1","1.05.04","5","05.01.2000,23:49:49","49560","0",{"7BFFFFC3F","1","1","","","","","","1"}}
)
25.12.2024 140558.234 MainForm - FormShow - Создание фрейма номер - 0 - успешно!
25.12.2024 140558.442 MainForm - AddRich(Вкладка:0: COM1: Порт открыт!)
25.12.2024 140558.594 MainForm - FormShow - Создание фрейма номер - 1 - успешно!
25.12.2024 140558.774 MainForm - AddRich(Вкладка:0: COM1: Опрос КПА)
25.12.2024 140558.790 MainForm - AddRich(Вкладка:1: COM3: Порт открыт!)
25.12.2024 140558.833 MainForm - FormShow - Создание фрейма номер - 2 - успешно!
25.12.2024 140558.951 MainForm - FormShow - Создание фрейма номер - 3 - успешно!
25.12.2024 140559.046 MainForm - FormShow - Создание фрейма номер - 4 - успешно!
25.12.2024 140559.135 MainForm - FormShow - Создание фрейма номер - 5 - успешно!
25.12.2024 140559.220 MainForm - AddRich(Вкладка:1: COM3: Опрос КПА)
25.12.2024 140559.224 MainForm - AddRich(Вкладка:2: COM5: Порт открыт!)
25.12.2024 140559.224 MainForm - AddRich(Вкладка:2: COM5: Опрос КПА)
25.12.2024 140559.249 MainForm - AddRich(Вкладка:2: COM5: THRD.BCPRxChar. Ответ: {"KPA-1","1.05.04","5","05.01.2000,23:50:13","49560","0",{"7BFFFFC3F","1","1","","","","","","1"}}
)
25.12.2024 140559.297 MainForm - AddRich(Вкладка:2: COM5: THRD.BCPRxChar. Ответ: {"KPA-1","1.05.04","5","05.01.2000,23:50:13","49560","0",{"7BFFFFC3F","1","1","","","","","","1"}}
)
25.12.2024 140847.310 MainForm - FormShow - Создание фрейма номер - 0 - успешно!
25.12.2024 140847.522 MainForm - AddRich(Вкладка:0: COM1: Порт открыт!)
25.12.2024 140847.687 MainForm - FormShow - Создание фрейма номер - 1 - успешно!
25.12.2024 140847.873 MainForm - AddRich(Вкладка:0: COM1: Опрос КПА)
25.12.2024 140847.889 MainForm - AddRich(Вкладка:1: COM3: Порт открыт!)
25.12.2024 140847.948 MainForm - FormShow - Создание фрейма номер - 2 - успешно!
25.12.2024 140848.067 MainForm - FormShow - Создание фрейма номер - 3 - успешно!
25.12.2024 140848.161 MainForm - FormShow - Создание фрейма номер - 4 - успешно!
25.12.2024 140848.250 MainForm - FormShow - Создание фрейма номер - 5 - успешно!
25.12.2024 140848.334 MainForm - AddRich(Вкладка:1: COM3: Опрос КПА)
25.12.2024 140848.337 MainForm - AddRich(Вкладка:2: COM5: Порт открыт!)
25.12.2024 140848.337 MainForm - AddRich(Вкладка:2: COM5: Опрос КПА)
25.12.2024 140848.362 MainForm - AddRich(Вкладка:2: COM5: THRD.BCPRxChar. Ответ: {"KPA-1","1.05.04","5","05.01.2000,23:53:02","49560","0",{"7BFFFFC3F","1","1","","","","","","1"}}
)
25.12.2024 140848.413 MainForm - AddRich(Вкладка:2: COM5: THRD.BCPRxChar. Ответ: {"KPA-1","1.05.04","5","05.01.2000,23:53:02","49560","0",{"7BFFFFC3F","1","1","","","","","","1"}}
)
25.12.2024 140903.645 MainForm - AddRich(Вкладка:0: COM1: Данных нет или время ожидания истекло!)
25.12.2024 140903.645 MainForm - AddRich(Вкладка:0: COM1: THRD.ReciveAnswer. Ответ: )
25.12.2024 140904.076 MainForm - AddRich(Вкладка:2: COM5: Данных нет или время ожидания истекло!)
25.12.2024 140904.082 MainForm - AddRich(Вкладка:1: COM3: Данных нет или время ожидания истекло!)
25.12.2024 140904.085 MainForm - AddRich(Вкладка:2: COM5: THRD.ReciveAnswer. Ответ: )
25.12.2024 140904.085 MainForm - AddRich(Вкладка:1: COM3: THRD.ReciveAnswer. Ответ: )
25.12.2024 141018.210 MainForm - FormShow - Создание фрейма номер - 0 - успешно!
25.12.2024 141018.419 MainForm - AddRich(Вкладка:0: COM1: Порт открыт!)
25.12.2024 141018.564 MainForm - FormShow - Создание фрейма номер - 1 - успешно!
25.12.2024 141018.745 MainForm - AddRich(Вкладка:0: COM1: Опрос КПА)
25.12.2024 141018.759 MainForm - AddRich(Вкладка:1: COM3: Порт открыт!)
25.12.2024 141018.803 MainForm - FormShow - Создание фрейма номер - 2 - успешно!
25.12.2024 141018.923 MainForm - FormShow - Создание фрейма номер - 3 - успешно!
25.12.2024 141019.017 MainForm - FormShow - Создание фрейма номер - 4 - успешно!
25.12.2024 141019.108 MainForm - FormShow - Создание фрейма номер - 5 - успешно!
25.12.2024 141019.215 MainForm - AddRich(Вкладка:1: COM3: Опрос КПА)
25.12.2024 141019.217 MainForm - AddRich(Вкладка:2: COM5: Порт открыт!)
25.12.2024 141019.217 MainForm - AddRich(Вкладка:2: COM5: Опрос КПА)
25.12.2024 141019.331 MainForm - AddRich(Вкладка:2: COM5: THRD.BCPRxChar. Ответ: {"KPA-1","1.05.04","5","05.01.2000,23:54:33","49560","0",{"7BFFFFC3F","1","1","","","","","","1"}}
)
25.12.2024 141019.380 MainForm - AddRich(Вкладка:2: COM5: THRD.BCPRxChar. Ответ: {"KPA-1","1.05.04","5","05.01.2000,23:54:33","49560","0",{"7BFFFFC3F","1","1","","","","","","1"}}
)
25.12.2024 141034.461 MainForm - AddRich(Вкладка:0: COM1: Данных нет или время ожидания истекло!)
25.12.2024 141034.461 MainForm - AddRich(Вкладка:0: COM1: THRD.ReciveAnswer. Ответ: )
25.12.2024 141050.995 MainForm - AddRich(Вкладка:2: COM5: Данных нет или время ожидания истекло!)
25.12.2024 141051.002 MainForm - AddRich(Вкладка:1: COM3: Данных нет или время ожидания истекло!)
25.12.2024 141051.004 MainForm - AddRich(Вкладка:2: COM5: THRD.ReciveAnswer. Ответ: )
25.12.2024 141051.004 MainForm - AddRich(Вкладка:1: COM3: THRD.ReciveAnswer. Ответ: )
25.12.2024 141257.596 MainForm - FormShow - Создание фрейма номер - 0 - успешно!
25.12.2024 141257.809 MainForm - AddRich(Вкладка:0: COM1: Порт открыт!)
25.12.2024 141257.962 MainForm - FormShow - Создание фрейма номер - 1 - успешно!
25.12.2024 141258.087 MainForm - FormShow - Создание фрейма номер - 2 - успешно!
25.12.2024 141258.191 MainForm - FormShow - Создание фрейма номер - 3 - успешно!
25.12.2024 141258.282 MainForm - FormShow - Создание фрейма номер - 4 - успешно!
25.12.2024 141258.374 MainForm - FormShow - Создание фрейма номер - 5 - успешно!
25.12.2024 141258.475 MainForm - AddRich(Вкладка:0: COM1: Опрос КПА)
25.12.2024 141258.477 MainForm - AddRich(Вкладка:1: COM3: Порт открыт!)
25.12.2024 141258.477 MainForm - AddRich(Вкладка:1: COM3: Опрос КПА)
25.12.2024 141314.206 MainForm - AddRich(Вкладка:0: COM1: Данных нет или время ожидания истекло!)
25.12.2024 141314.207 MainForm - AddRich(Вкладка:1: COM3: Данных нет или время ожидания истекло!)
25.12.2024 141314.207 MainForm - AddRich(Вкладка:0: COM1: THRD.ReciveAnswer. Ответ: )
25.12.2024 141314.207 MainForm - AddRich(Вкладка:1: COM3: THRD.ReciveAnswer. Ответ: )
25.12.2024 144002.136 MainForm - FormShow - Создание фрейма номер - 0 - успешно!
25.12.2024 144002.341 MainForm - AddRich(Вкладка:0: COM1: Порт открыт!)
25.12.2024 144002.483 MainForm - FormShow - Создание фрейма номер - 1 - успешно!
25.12.2024 144002.668 MainForm - AddRich(Вкладка:0: COM1: Опрос КПА)
25.12.2024 144002.682 MainForm - AddRich(Вкладка:1: COM3: Порт открыт!)
25.12.2024 144002.732 MainForm - FormShow - Создание фрейма номер - 2 - успешно!
25.12.2024 144002.858 MainForm - FormShow - Создание фрейма номер - 3 - успешно!
25.12.2024 144002.947 MainForm - FormShow - Создание фрейма номер - 4 - успешно!
25.12.2024 144003.042 MainForm - FormShow - Создание фрейма номер - 5 - успешно!
25.12.2024 144003.125 MainForm - AddRich(Вкладка:1: COM3: Опрос КПА)
25.12.2024 144003.126 MainForm - AddRich(Вкладка:2: COM5: Порт открыт!)
25.12.2024 144003.127 MainForm - AddRich(Вкладка:2: COM5: Опрос КПА)
25.12.2024 144003.155 MainForm - AddRich(Вкладка:2: COM5: THRD.BCPRxChar. Ответ: {"KPA-1","1.05.04","5","06.01.2000,00:24:18","49560","0",{"7BFFFFC3F","1","1","","","","","","1"}}
)
25.12.2024 144003.201 MainForm - AddRich(Вкладка:2: COM5: THRD.BCPRxChar. Ответ: {"KPA-1","1.05.04","5","06.01.2000,00:24:18","49560","0",{"7BFFFFC3F","1","1","","","","","","1"}}
)
25.12.2024 144013.791 MainForm - SelectPort - Сортировка портов
25.12.2024 144013.792 MainForm - SelectPort - Сортировка портов
25.12.2024 144016.730 MainForm - AddRich(Вкладка:0: COM1: Данных нет или время ожидания истекло!)
25.12.2024 144016.730 MainForm - AddRich(Вкладка:0: COM1: THRD.ReciveAnswer. Ответ: )
25.12.2024 144016.796 MainForm - AddRich(Вкладка:0: COM1: Порт закрыт!)
25.12.2024 151650.773 MainForm - FormShow - Создание фрейма номер - 0 - успешно!
25.12.2024 151650.987 MainForm - AddRich(Вкладка:0: COM1: Порт открыт!)
25.12.2024 151650.988 MainForm - AddRich(Вкладка:0: COM1: Опрос КПА)
25.12.2024 151711.258 MainForm - AddRich(Вкладка:0: COM1: Данных нет или время ожидания истекло!)
25.12.2024 151711.258 MainForm - AddRich(Вкладка:0: COM1: THRD.ReciveAnswer. Ответ: )
25.12.2024 151711.292 MainForm - AddRich(Вкладка:0: COM1: Порт закрыт!)
25.12.2024 151832.116 MainForm - FormShow - Создание фрейма номер - 0 - успешно!
25.12.2024 151838.936 MainForm - AddRich(Вкладка:0: COM1: Порт открыт!)
25.12.2024 151838.937 MainForm - AddRich(Вкладка:0: COM1: Опрос КПА)
25.12.2024 151854.632 MainForm - AddRich(Вкладка:0: COM1: Данных нет или время ожидания истекло!)
25.12.2024 151854.632 MainForm - AddRich(Вкладка:0: COM1: THRD.ReciveAnswer. Ответ: )
25.12.2024 151854.666 MainForm - AddRich(Вкладка:0: COM1: Порт закрыт!)
25.12.2024 152149.585 MainForm - FormShow - Создание фрейма номер - 0 - успешно!
25.12.2024 152152.290 MainForm - AddRich(Вкладка:0: COM1: Порт открыт!)
25.12.2024 152152.290 MainForm - AddRich(Вкладка:0: COM1: Опрос КПА)
25.12.2024 152208.011 MainForm - AddRich(Вкладка:0: COM1: Данных нет или время ожидания истекло!)
25.12.2024 152208.011 MainForm - AddRich(Вкладка:0: COM1: THRD.ReciveAnswer. Ответ: )
25.12.2024 152208.043 MainForm - AddRich(Вкладка:0: COM1: Порт закрыт!)
25.12.2024 152942.176 MainForm - FormShow - Создание фрейма номер - 0 - успешно!
25.12.2024 152942.303 MainForm - FormShow - Создание фрейма номер - 1 - успешно!
25.12.2024 152942.414 MainForm - FormShow - Создание фрейма номер - 2 - успешно!
25.12.2024 152942.522 MainForm - FormShow - Создание фрейма номер - 3 - успешно!
25.12.2024 152942.618 MainForm - FormShow - Создание фрейма номер - 4 - успешно!
25.12.2024 152942.722 MainForm - FormShow - Создание фрейма номер - 5 - успешно!
