09.01.2025 125607.533 MainForm - FormShow - Создание фрейма номер - 0 - успешно!
09.01.2025 125607.831 MainForm - FormShow - Создание фрейма номер - 1 - успешно!
09.01.2025 125608.022 MainForm - FormShow - Создание фрейма номер - 2 - успешно!
09.01.2025 125608.118 MainForm - FormShow - Создание фрейма номер - 3 - успешно!
09.01.2025 125608.209 MainForm - FormShow - Создание фрейма номер - 4 - успешно!
09.01.2025 125608.303 MainForm - FormShow - Создание фрейма номер - 5 - успешно!
09.01.2025 125716.019 MainForm - FormShow - Создание фрейма номер - 0 - успешно!
09.01.2025 125716.302 MainForm - FormShow - Создание фрейма номер - 1 - успешно!
09.01.2025 125716.490 MainForm - FormShow - Создание фрейма номер - 2 - успешно!
09.01.2025 125716.584 MainForm - FormShow - Создание фрейма номер - 3 - успешно!
09.01.2025 125716.678 MainForm - FormShow - Создание фрейма номер - 4 - успешно!
09.01.2025 125716.768 MainForm - FormShow - Создание фрейма номер - 5 - успешно!
09.01.2025 125815.975 MainForm - FormShow - Создание фрейма номер - 0 - успешно!
09.01.2025 125824.973 MainForm - AddRich(Вкладка:0: COM1: Порт открыт!)
09.01.2025 125825.018 MainForm - AddRich(Вкладка:0: COM1: Порт закрыт!)
09.01.2025 125825.164 MainForm - FormShow - Создание фрейма номер - 1 - успешно!
09.01.2025 125831.387 MainForm - AddRich(Вкладка:1: COM3: Порт открыт!)
09.01.2025 125831.525 MainForm - AddRich(Вкладка:1: COM3: Порт закрыт!)
09.01.2025 125831.604 MainForm - FormShow - Создание фрейма номер - 2 - успешно!
09.01.2025 125831.709 MainForm - FormShow - Создание фрейма номер - 3 - успешно!
09.01.2025 125831.797 MainForm - FormShow - Создание фрейма номер - 4 - успешно!
09.01.2025 125831.890 MainForm - FormShow - Создание фрейма номер - 5 - успешно!
09.01.2025 125834.884 MainForm - AddRich(Вкладка:2: COM5: Порт открыт!)
09.01.2025 125834.932 MainForm - AddRich(Вкладка:2: COM5: Порт закрыт!)
09.01.2025 125924.627 MainForm - FormShow - Создание фрейма номер - 0 - успешно!
09.01.2025 125924.829 MainForm - AddRich(Вкладка:0: COM1: Порт открыт!)
09.01.2025 125924.865 MainForm - AddRich(Вкладка:0: COM1: Порт закрыт!)
09.01.2025 125925.008 MainForm - FormShow - Создание фрейма номер - 1 - успешно!
09.01.2025 125925.203 MainForm - AddRich(Вкладка:1: COM3: Порт открыт!)
09.01.2025 125925.351 MainForm - AddRich(Вкладка:1: COM3: Порт закрыт!)
09.01.2025 125925.435 MainForm - FormShow - Создание фрейма номер - 2 - успешно!
09.01.2025 125925.523 MainForm - FormShow - Создание фрейма номер - 3 - успешно!
09.01.2025 125925.616 MainForm - FormShow - Создание фрейма номер - 4 - успешно!
09.01.2025 125925.706 MainForm - FormShow - Создание фрейма номер - 5 - успешно!
09.01.2025 125925.816 MainForm - AddRich(Вкладка:2: COM5: Порт открыт!)
09.01.2025 125925.851 MainForm - AddRich(Вкладка:2: COM5: Порт закрыт!)
09.01.2025 130529.302 MainForm - FormShow - Создание фрейма номер - 0 - успешно!
09.01.2025 130529.500 MainForm - AddRich(Вкладка:0: COM1: Порт открыт!)
09.01.2025 130529.531 MainForm - AddRich(Вкладка:0: COM1: Порт закрыт!)
09.01.2025 130529.690 MainForm - FormShow - Создание фрейма номер - 1 - успешно!
09.01.2025 130529.883 MainForm - AddRich(Вкладка:1: COM3: Порт открыт!)
09.01.2025 130530.020 MainForm - AddRich(Вкладка:1: COM3: Порт закрыт!)
09.01.2025 130530.095 MainForm - FormShow - Создание фрейма номер - 2 - успешно!
09.01.2025 130530.191 MainForm - FormShow - Создание фрейма номер - 3 - успешно!
09.01.2025 130530.285 MainForm - FormShow - Создание фрейма номер - 4 - успешно!
09.01.2025 130530.374 MainForm - FormShow - Создание фрейма номер - 5 - успешно!
09.01.2025 130530.482 MainForm - AddRich(Вкладка:2: COM5: Порт открыт!)
09.01.2025 130533.269 MainForm - AddRich(Вкладка:2: COM5: Опрос КПА)
09.01.2025 130540.520 MainForm - AddRich(Вкладка:2: COM5: THRD.BCPRxChar. Ответ: {"KPA-1","1.05.04","5","20.01.2000,22:56:15","49560","0",{"7BFFFFC3F","1","1","","","","","","1"}}
)
09.01.2025 130544.369 MainForm - AddRich(Вкладка:2: COM5: THRD.BCPRxChar. Ответ: {"KPA-1","1.05.04","5","20.01.2000,22:56:15","49560","0",{"7BFFFFC3F","1","1","","","","","","1"}}
)
09.01.2025 130633.538 MainForm - FormShow - Создание фрейма номер - 0 - успешно!
09.01.2025 130645.768 MainForm - AddRich(Вкладка:0: COM1: Порт открыт!)
09.01.2025 130702.989 MainForm - AddRich(Вкладка:0: COM1: Порт закрыт!)
09.01.2025 130705.632 MainForm - FormShow - Создание фрейма номер - 1 - успешно!
09.01.2025 130714.566 MainForm - AddRich(Вкладка:1: COM3: Порт открыт!)
09.01.2025 130717.938 MainForm - AddRich(Вкладка:1: COM3: Порт закрыт!)
09.01.2025 130717.996 MainForm - FormShow - Создание фрейма номер - 2 - успешно!
09.01.2025 130718.077 MainForm - FormShow - Создание фрейма номер - 3 - успешно!
09.01.2025 130718.163 MainForm - FormShow - Создание фрейма номер - 4 - успешно!
09.01.2025 130718.244 MainForm - FormShow - Создание фрейма номер - 5 - успешно!
09.01.2025 130724.487 MainForm - AddRich(Вкладка:2: COM5: Порт открыт!)
09.01.2025 130738.793 MainForm - AddRich(Вкладка:2: COM5: Опрос КПА)
09.01.2025 130741.888 MainForm - AddRich(Вкладка:2: COM5: THRD.BCPRxChar. Ответ: {"KPA-1","1.05.04","5","20.01.2000,22:58:20","49560","0",{"7BFFFFC3F","1","1","","","","","","1"}}
)
09.01.2025 130741.940 MainForm - AddRich(Вкладка:2: COM5: THRD.BCPRxChar. Ответ: {"KPA-1","1.05.04","5","20.01.2000,22:58:20","49560","0",{"7BFFFFC3F","1","1","","","","","","1"}}
)
09.01.2025 131305.105 MainForm - FormShow - Создание фрейма номер - 0 - успешно!
09.01.2025 131316.290 MainForm - AddRich(Вкладка:0: COM1: Порт открыт!)
09.01.2025 133907.567 MainForm - FormShow - Создание фрейма номер - 0 - успешно!
09.01.2025 133909.408 MainForm - AddRich(Вкладка:0: COM1: Порт открыт!)
09.01.2025 133909.842 MainForm - AddRich(Вкладка:0: COM1: Опрос КПА)
09.01.2025 133929.687 MainForm - FormShow - Создание фрейма номер - 0 - успешно!
09.01.2025 133935.351 MainForm - AddRich(Вкладка:0: COM1: Порт открыт!)
09.01.2025 133942.096 MainForm - AddRich(Вкладка:0: COM1: Опрос КПА)
09.01.2025 133959.025 MainForm - AddRich(Вкладка:0: COM1: Данных нет или время ожидания истекло!)
09.01.2025 133959.025 MainForm - AddRich(Вкладка:0: COM1: THRD.ReciveAnswer. Ответ: )
09.01.2025 133959.025 MainForm - AddRich(Вкладка:0: COM1: THRD.ReciveAnswer. Ответ: )
09.01.2025 134000.731 MainForm - AddRich(Вкладка:0: COM1: Порт закрыт!)
09.01.2025 134103.517 MainForm - FormShow - Создание фрейма номер - 0 - успешно!
09.01.2025 134105.668 MainForm - AddRich(Вкладка:0: COM1: Порт открыт!)
09.01.2025 134105.668 MainForm - AddRich(Вкладка:0: COM1: Опрос КПА)
09.01.2025 134156.676 MainForm - FormShow - Создание фрейма номер - 0 - успешно!
09.01.2025 134157.984 MainForm - AddRich(Вкладка:0: COM1: Порт открыт!)
09.01.2025 134157.985 MainForm - AddRich(Вкладка:0: COM1: Опрос КПА)
09.01.2025 134215.675 MainForm - AddRich(Вкладка:0: COM1: Данных нет или время ожидания истекло!)
09.01.2025 134215.675 MainForm - AddRich(Вкладка:0: COM1: THRD.ReciveAnswer. Ответ: )
09.01.2025 134215.675 MainForm - AddRich(Вкладка:0: COM1: THRD.ReciveAnswer. Ответ: )
09.01.2025 134215.748 MainForm - AddRich(Вкладка:0: COM1: Порт закрыт!)
09.01.2025 134659.966 MainForm - FormShow - Создание фрейма номер - 0 - успешно!
09.01.2025 134703.834 MainForm - AddRich(Вкладка:0: COM1: Порт открыт!)
09.01.2025 134703.834 MainForm - AddRich(Вкладка:0: COM1: Опрос КПА)
09.01.2025 134818.870 MainForm - FormShow - Создание фрейма номер - 0 - успешно!
09.01.2025 134823.367 MainForm - AddRich(Вкладка:0: COM1: Порт открыт!)
09.01.2025 134823.367 MainForm - AddRich(Вкладка:0: COM1: Опрос КПА)
09.01.2025 134840.905 MainForm - AddRich(Вкладка:0: COM1: Данных нет или время ожидания истекло!)
09.01.2025 134840.905 MainForm - AddRich(Вкладка:0: COM1: THRD.ReciveAnswer. Ответ: )
09.01.2025 134840.905 MainForm - AddRich(Вкладка:0: COM1: THRD.ReciveAnswer. Ответ: )
09.01.2025 134844.734 MainForm - AddRich(Вкладка:0: COM1: Порт закрыт!)
09.01.2025 134848.073 MainForm - FormShow - Создание фрейма номер - 1 - успешно!
09.01.2025 134851.299 MainForm - AddRich(Вкладка:1: COM3: Порт открыт!)
09.01.2025 134851.299 MainForm - AddRich(Вкладка:1: COM3: Опрос КПА)
09.01.2025 134907.002 MainForm - AddRich(Вкладка:1: COM3: Данных нет или время ожидания истекло!)
09.01.2025 134907.002 MainForm - AddRich(Вкладка:1: COM3: THRD.ReciveAnswer. Ответ: )
09.01.2025 134907.002 MainForm - AddRich(Вкладка:1: COM3: THRD.ReciveAnswer. Ответ: )
09.01.2025 134910.608 MainForm - AddRich(Вкладка:1: COM3: Порт закрыт!)
09.01.2025 134910.665 MainForm - FormShow - Создание фрейма номер - 2 - успешно!
09.01.2025 134910.776 MainForm - FormShow - Создание фрейма номер - 3 - успешно!
09.01.2025 134910.860 MainForm - FormShow - Создание фрейма номер - 4 - успешно!
09.01.2025 134910.952 MainForm - FormShow - Создание фрейма номер - 5 - успешно!
09.01.2025 134914.033 MainForm - AddRich(Вкладка:2: COM5: Порт открыт!)
09.01.2025 134914.073 MainForm - AddRich(Вкладка:2: COM5: Опрос КПА)
09.01.2025 134914.105 MainForm - AddRich(Вкладка:2: COM5: THRD.BCPRxChar. Ответ: {"KPA-1","1.05.04","5","20.01.2000,23:39:54","49560","0",{"7BFFFFC3F","1","1","","","","","","1"}}
)
09.01.2025 134914.127 MainForm - AddRich(Вкладка:2: COM5: THRD.BCPRxChar. Ответ: {"KPA-1","1.05.04","5","20.01.2000,23:39:54","49560","0",{"7BFFFFC3F","1","1","","","","","","1"}}
)
09.01.2025 135445.527 MainForm - FormShow - Создание фрейма номер - 0 - успешно!
09.01.2025 135445.615 MainForm - FormShow - Создание фрейма номер - 1 - успешно!
09.01.2025 135445.725 MainForm - FormShow - Создание фрейма номер - 2 - успешно!
09.01.2025 135445.815 MainForm - FormShow - Создание фрейма номер - 3 - успешно!
09.01.2025 135445.908 MainForm - FormShow - Создание фрейма номер - 4 - успешно!
09.01.2025 135446.000 MainForm - FormShow - Создание фрейма номер - 5 - успешно!
09.01.2025 135523.266 MainForm - FormShow - Создание фрейма номер - 0 - успешно!
09.01.2025 135523.390 MainForm - FormShow - Создание фрейма номер - 1 - успешно!
09.01.2025 135523.485 MainForm - FormShow - Создание фрейма номер - 2 - успешно!
09.01.2025 135523.584 MainForm - FormShow - Создание фрейма номер - 3 - успешно!
09.01.2025 135523.673 MainForm - FormShow - Создание фрейма номер - 4 - успешно!
09.01.2025 135523.784 MainForm - FormShow - Создание фрейма номер - 5 - успешно!
09.01.2025 135528.665 MainForm - AddRich(Вкладка:0: COM1: Порт открыт!)
09.01.2025 135528.665 MainForm - AddRich(Вкладка:0: COM1: Опрос КПА)
09.01.2025 135546.106 MainForm - AddRich(Вкладка:0: COM1: Данных нет или время ожидания истекло!)
09.01.2025 135546.106 MainForm - AddRich(Вкладка:0: COM1: THRD.ReciveAnswer. Ответ: )
09.01.2025 135546.106 MainForm - AddRich(Вкладка:0: COM1: THRD.ReciveAnswer. Ответ: )
09.01.2025 135550.697 MainForm - AddRich(Вкладка:0: COM1: Порт закрыт!)
09.01.2025 135552.847 MainForm - AddRich(Вкладка:1: COM3: Порт открыт!)
09.01.2025 135552.848 MainForm - AddRich(Вкладка:1: COM3: Опрос КПА)
09.01.2025 135608.753 MainForm - AddRich(Вкладка:1: COM3: Данных нет или время ожидания истекло!)
09.01.2025 135608.753 MainForm - AddRich(Вкладка:1: COM3: THRD.ReciveAnswer. Ответ: )
09.01.2025 135608.753 MainForm - AddRich(Вкладка:1: COM3: THRD.ReciveAnswer. Ответ: )
09.01.2025 135610.500 MainForm - AddRich(Вкладка:1: COM3: Порт закрыт!)
09.01.2025 135611.886 MainForm - AddRich(Вкладка:2: COM5: Порт открыт!)
09.01.2025 135611.920 MainForm - AddRich(Вкладка:2: COM5: Опрос КПА)
09.01.2025 135611.951 MainForm - AddRich(Вкладка:2: COM5: THRD.BCPRxChar. Ответ: {"KPA-1","1.05.04","5","20.01.2000,23:46:52","49560","0",{"7BFFFFC3F","1","1","","","","","","1"}}
)
09.01.2025 135611.975 MainForm - AddRich(Вкладка:2: COM5: THRD.BCPRxChar. Ответ: {"KPA-1","1.05.04","5","20.01.2000,23:46:52","49560","0",{"7BFFFFC3F","1","1","","","","","","1"}}
)
09.01.2025 135727.653 MainForm - FormShow - Создание фрейма номер - 0 - успешно!
09.01.2025 135727.768 MainForm - FormShow - Создание фрейма номер - 1 - успешно!
09.01.2025 135727.858 MainForm - FormShow - Создание фрейма номер - 2 - успешно!
09.01.2025 135727.964 MainForm - FormShow - Создание фрейма номер - 3 - успешно!
09.01.2025 135728.051 MainForm - FormShow - Создание фрейма номер - 4 - успешно!
09.01.2025 135728.146 MainForm - FormShow - Создание фрейма номер - 5 - успешно!
09.01.2025 135730.640 MainForm - AddRich(Вкладка:0: COM1: Порт открыт!)
09.01.2025 135730.641 MainForm - AddRich(Вкладка:0: COM1: Опрос КПА)
09.01.2025 135747.784 MainForm - AddRich(Вкладка:0: COM1: Данных нет или время ожидания истекло!)
09.01.2025 135747.784 MainForm - AddRich(Вкладка:0: COM1: THRD.ReciveAnswer. Ответ: )
09.01.2025 135747.784 MainForm - AddRich(Вкладка:0: COM1: THRD.ReciveAnswer. Ответ: )
09.01.2025 135751.234 MainForm - AddRich(Вкладка:0: COM1: Порт закрыт!)
09.01.2025 135751.467 MainForm - AddRich(Вкладка:1: COM3: Порт открыт!)
09.01.2025 135751.467 MainForm - AddRich(Вкладка:1: COM3: Опрос КПА)
09.01.2025 135807.185 MainForm - AddRich(Вкладка:1: COM3: Данных нет или время ожидания истекло!)
09.01.2025 135807.185 MainForm - AddRich(Вкладка:1: COM3: THRD.ReciveAnswer. Ответ: )
09.01.2025 135807.185 MainForm - AddRich(Вкладка:1: COM3: THRD.ReciveAnswer. Ответ: )
09.01.2025 135810.069 MainForm - AddRich(Вкладка:1: COM3: Порт закрыт!)
09.01.2025 135810.180 MainForm - AddRich(Вкладка:2: COM5: Порт открыт!)
09.01.2025 135810.210 MainForm - AddRich(Вкладка:2: COM5: Опрос КПА)
09.01.2025 135810.248 MainForm - AddRich(Вкладка:2: COM5: THRD.BCPRxChar. Ответ: {"KPA-1","1.05.04","5","20.01.2000,23:48:50","49560","0",{"7BFFFFC3F","1","1","","","","","","1"}}
)
09.01.2025 135819.003 MainForm - AddRich(Вкладка:2: COM5: THRD.BCPRxChar. Ответ: {"KPA-1","1.05.04","5","20.01.2000,23:48:50","49560","0",{"7BFFFFC3F","1","1","","","","","","1"}}
)
09.01.2025 140006.765 MainForm - FormShow - Создание фрейма номер - 0 - успешно!
09.01.2025 140006.860 MainForm - FormShow - Создание фрейма номер - 1 - успешно!
09.01.2025 140006.949 MainForm - FormShow - Создание фрейма номер - 2 - успешно!
09.01.2025 140007.051 MainForm - FormShow - Создание фрейма номер - 3 - успешно!
09.01.2025 140007.144 MainForm - FormShow - Создание фрейма номер - 4 - успешно!
09.01.2025 140007.252 MainForm - FormShow - Создание фрейма номер - 5 - успешно!
09.01.2025 140007.586 MainForm - AddRich(Вкладка:0: COM1: Порт открыт!)
09.01.2025 140007.586 MainForm - AddRich(Вкладка:0: COM1: Опрос КПА)
09.01.2025 140024.789 MainForm - AddRich(Вкладка:0: COM1: Данных нет или время ожидания истекло!)
09.01.2025 140024.789 MainForm - AddRich(Вкладка:0: COM1: THRD.ReciveAnswer. Ответ: )
09.01.2025 140024.789 MainForm - AddRich(Вкладка:0: COM1: THRD.ReciveAnswer. Ответ: )
09.01.2025 140027.114 MainForm - AddRich(Вкладка:0: COM1: Порт закрыт!)
09.01.2025 140027.383 MainForm - AddRich(Вкладка:1: COM3: Порт открыт!)
09.01.2025 140027.384 MainForm - AddRich(Вкладка:1: COM3: Опрос КПА)
09.01.2025 140043.084 MainForm - AddRich(Вкладка:1: COM3: Данных нет или время ожидания истекло!)
09.01.2025 140043.084 MainForm - AddRich(Вкладка:1: COM3: THRD.ReciveAnswer. Ответ: )
09.01.2025 140043.084 MainForm - AddRich(Вкладка:1: COM3: THRD.ReciveAnswer. Ответ: )
09.01.2025 140047.999 MainForm - AddRich(Вкладка:1: COM3: Порт закрыт!)
09.01.2025 140050.971 MainForm - AddRich(Вкладка:2: COM5: Порт открыт!)
09.01.2025 140051.001 MainForm - AddRich(Вкладка:2: COM5: Опрос КПА)
09.01.2025 140051.035 MainForm - AddRich(Вкладка:2: COM5: THRD.BCPRxChar. Ответ: {"KPA-1","1.05.04","5","20.01.2000,23:51:31","49560","0",{"7BFFFFC3F","1","1","","","","","","1"}}
)
09.01.2025 140056.245 MainForm - AddRich(Вкладка:2: COM5: THRD.BCPRxChar. Ответ: {"KPA-1","1.05.04","5","20.01.2000,23:51:31","49560","0",{"7BFFFFC3F","1","1","","","","","","1"}}
)
09.01.2025 140318.068 MainForm - FormShow - Создание фрейма номер - 0 - успешно!
09.01.2025 140318.176 MainForm - FormShow - Создание фрейма номер - 1 - успешно!
09.01.2025 140318.287 MainForm - FormShow - Создание фрейма номер - 2 - успешно!
09.01.2025 140318.387 MainForm - FormShow - Создание фрейма номер - 3 - успешно!
09.01.2025 140318.483 MainForm - FormShow - Создание фрейма номер - 4 - успешно!
09.01.2025 140318.594 MainForm - FormShow - Создание фрейма номер - 5 - успешно!
09.01.2025 140318.923 MainForm - AddRich(Вкладка:0: COM1: Порт открыт!)
09.01.2025 140318.923 MainForm - AddRich(Вкладка:0: COM1: Опрос КПА)
09.01.2025 140334.592 MainForm - AddRich(Вкладка:0: COM1: Данных нет или время ожидания истекло!)
09.01.2025 140334.592 MainForm - AddRich(Вкладка:0: COM1: THRD.ReciveAnswer. Ответ: )
09.01.2025 140334.592 MainForm - AddRich(Вкладка:0: COM1: THRD.ReciveAnswer. Ответ: )
09.01.2025 140336.948 MainForm - AddRich(Вкладка:0: COM1: Порт закрыт!)
09.01.2025 140337.271 MainForm - AddRich(Вкладка:1: COM3: Порт открыт!)
09.01.2025 140337.271 MainForm - AddRich(Вкладка:1: COM3: Опрос КПА)
09.01.2025 140354.195 MainForm - AddRich(Вкладка:1: COM3: Данных нет или время ожидания истекло!)
09.01.2025 140354.195 MainForm - AddRich(Вкладка:1: COM3: THRD.ReciveAnswer. Ответ: )
09.01.2025 140354.195 MainForm - AddRich(Вкладка:1: COM3: THRD.ReciveAnswer. Ответ: )
09.01.2025 140359.139 MainForm - AddRich(Вкладка:1: COM3: Порт закрыт!)
09.01.2025 140401.276 MainForm - AddRich(Вкладка:2: COM5: Порт открыт!)
09.01.2025 140401.313 MainForm - AddRich(Вкладка:2: COM5: Опрос КПА)
09.01.2025 140401.345 MainForm - AddRich(Вкладка:2: COM5: THRD.BCPRxChar. Ответ: {"KPA-1","1.05.04","5","20.01.2000,23:54:41","49560","0",{"7BFFFFC3F","1","1","","","","","","1"}}
)
09.01.2025 140405.371 MainForm - AddRich(Вкладка:2: COM5: THRD.BCPRxChar. Ответ: {"KPA-1","1.05.04","5","20.01.2000,23:54:41","49560","0",{"7BFFFFC3F","1","1","","","","","","1"}}
)
09.01.2025 140505.307 MainForm - FormShow - Создание фрейма номер - 0 - успешно!
09.01.2025 140505.398 MainForm - FormShow - Создание фрейма номер - 1 - успешно!
09.01.2025 140505.500 MainForm - FormShow - Создание фрейма номер - 2 - успешно!
09.01.2025 140505.590 MainForm - FormShow - Создание фрейма номер - 3 - успешно!
09.01.2025 140505.703 MainForm - FormShow - Создание фрейма номер - 4 - успешно!
09.01.2025 140505.796 MainForm - FormShow - Создание фрейма номер - 5 - успешно!
09.01.2025 140506.104 MainForm - AddRich(Вкладка:0: COM1: Порт открыт!)
09.01.2025 140508.318 MainForm - AddRich(Вкладка:0: COM1: Опрос КПА)
09.01.2025 140525.708 MainForm - AddRich(Вкладка:0: COM1: Данных нет или время ожидания истекло!)
09.01.2025 140525.708 MainForm - AddRich(Вкладка:0: COM1: THRD.ReciveAnswer. Ответ: )
09.01.2025 140525.708 MainForm - AddRich(Вкладка:0: COM1: THRD.ReciveAnswer. Ответ: )
09.01.2025 140525.756 MainForm - AddRich(Вкладка:0: COM1: Порт закрыт!)
09.01.2025 140525.996 MainForm - AddRich(Вкладка:1: COM3: Порт открыт!)
09.01.2025 140529.467 MainForm - AddRich(Вкладка:1: COM3: Опрос КПА)
09.01.2025 140545.188 MainForm - AddRich(Вкладка:1: COM3: Данных нет или время ожидания истекло!)
09.01.2025 140545.188 MainForm - AddRich(Вкладка:1: COM3: THRD.ReciveAnswer. Ответ: )
09.01.2025 140545.188 MainForm - AddRich(Вкладка:1: COM3: THRD.ReciveAnswer. Ответ: )
09.01.2025 140545.315 MainForm - AddRich(Вкладка:1: COM3: Порт закрыт!)
09.01.2025 140545.409 MainForm - AddRich(Вкладка:2: COM5: Порт открыт!)
09.01.2025 140548.945 MainForm - AddRich(Вкладка:2: COM5: Опрос КПА)
09.01.2025 140550.055 MainForm - AddRich(Вкладка:2: COM5: THRD.BCPRxChar. Ответ: {"KPA-1","1.05.04","5","20.01.2000,23:56:30","49560","0",{"7BFFFFC3F","1","1","","","","","","1"}}
)
09.01.2025 140552.421 MainForm - AddRich(Вкладка:2: COM5: THRD.BCPRxChar. Ответ: {"KPA-1","1.05.04","5","20.01.2000,23:56:30","49560","0",{"7BFFFFC3F","1","1","","","","","","1"}}
)
09.01.2025 140921.560 MainForm - FormShow - Создание фрейма номер - 0 - успешно!
09.01.2025 140921.658 MainForm - FormShow - Создание фрейма номер - 1 - успешно!
09.01.2025 140921.756 MainForm - FormShow - Создание фрейма номер - 2 - успешно!
09.01.2025 140921.849 MainForm - FormShow - Создание фрейма номер - 3 - успешно!
09.01.2025 140921.972 MainForm - FormShow - Создание фрейма номер - 4 - успешно!
09.01.2025 140922.067 MainForm - FormShow - Создание фрейма номер - 5 - успешно!
09.01.2025 140922.437 MainForm - AddRich(Вкладка:0: COM1: Порт открыт!)
09.01.2025 140927.910 MainForm - AddRich(Вкладка:0: COM1: Опрос КПА)
09.01.2025 140944.363 MainForm - AddRich(Вкладка:0: COM1: Данных нет или время ожидания истекло!)
09.01.2025 140944.363 MainForm - AddRich(Вкладка:0: COM1: THRD.ReciveAnswer. Ответ: )
09.01.2025 140944.363 MainForm - AddRich(Вкладка:0: COM1: THRD.ReciveAnswer. Ответ: )
09.01.2025 140944.398 MainForm - AddRich(Вкладка:0: COM1: Порт закрыт!)
09.01.2025 140944.657 MainForm - AddRich(Вкладка:1: COM3: Порт открыт!)
09.01.2025 140947.901 MainForm - AddRich(Вкладка:1: COM3: Опрос КПА)
09.01.2025 141003.634 MainForm - AddRich(Вкладка:1: COM3: Данных нет или время ожидания истекло!)
09.01.2025 141003.634 MainForm - AddRich(Вкладка:1: COM3: THRD.ReciveAnswer. Ответ: )
09.01.2025 141003.634 MainForm - AddRich(Вкладка:1: COM3: THRD.ReciveAnswer. Ответ: )
09.01.2025 141003.776 MainForm - AddRich(Вкладка:1: COM3: Порт закрыт!)
09.01.2025 141003.878 MainForm - AddRich(Вкладка:2: COM5: Порт открыт!)
09.01.2025 141007.259 MainForm - AddRich(Вкладка:2: COM5: Опрос КПА)
09.01.2025 141008.340 MainForm - AddRich(Вкладка:2: COM5: THRD.BCPRxChar. Ответ: {"KPA-1","1.05.04","5","21.01.2000,00:00:48","49560","0",{"7BFFFFC3F","1","1","","","","","","1"}}
)
09.01.2025 141010.199 MainForm - AddRich(Вкладка:2: COM5: THRD.BCPRxChar. Ответ: {"KPA-1","1.05.04","5","21.01.2000,00:00:48","49560","0",{"7BFFFFC3F","1","1","","","","","","1"}}
)
09.01.2025 141141.370 MainForm - FormShow - Создание фрейма номер - 0 - успешно!
09.01.2025 141141.478 MainForm - FormShow - Создание фрейма номер - 1 - успешно!
09.01.2025 141141.572 MainForm - FormShow - Создание фрейма номер - 2 - успешно!
09.01.2025 141141.664 MainForm - FormShow - Создание фрейма номер - 3 - успешно!
09.01.2025 141141.758 MainForm - FormShow - Создание фрейма номер - 4 - успешно!
09.01.2025 141141.862 MainForm - FormShow - Создание фрейма номер - 5 - успешно!
09.01.2025 141142.171 MainForm - AddRich(Вкладка:0: COM1: Порт открыт!)
09.01.2025 141146.772 MainForm - AddRich(Вкладка:0: COM1: Опрос КПА)
09.01.2025 141204.177 MainForm - AddRich(Вкладка:0: COM1: Данных нет или время ожидания истекло!)
09.01.2025 141204.177 MainForm - AddRich(Вкладка:0: COM1: THRD.ReciveAnswer. Ответ: )
09.01.2025 141204.177 MainForm - AddRich(Вкладка:0: COM1: THRD.ReciveAnswer. Ответ: )
09.01.2025 141204.224 MainForm - AddRich(Вкладка:0: COM1: Порт закрыт!)
09.01.2025 141204.483 MainForm - AddRich(Вкладка:1: COM3: Порт открыт!)
09.01.2025 141206.939 MainForm - AddRich(Вкладка:1: COM3: Опрос КПА)
09.01.2025 141222.627 MainForm - AddRich(Вкладка:1: COM3: Данных нет или время ожидания истекло!)
09.01.2025 141222.627 MainForm - AddRich(Вкладка:1: COM3: THRD.ReciveAnswer. Ответ: )
09.01.2025 141222.627 MainForm - AddRich(Вкладка:1: COM3: THRD.ReciveAnswer. Ответ: )
09.01.2025 141222.769 MainForm - AddRich(Вкладка:1: COM3: Порт закрыт!)
09.01.2025 141222.869 MainForm - AddRich(Вкладка:2: COM5: Порт открыт!)
09.01.2025 141230.888 MainForm - AddRich(Вкладка:2: COM5: Опрос КПА)
09.01.2025 141230.919 MainForm - AddRich(Вкладка:2: COM5: THRD.BCPRxChar. Ответ: {"KPA-1","1.05.04","5","21.01.2000,00:03:11","49560","0",{"7BFFFFC3F","1","1","","","","","","1"}}
)
09.01.2025 141231.433 MainForm - AddRich(Вкладка:2: COM5: THRD.BCPRxChar. Ответ: {"KPA-1","1.05.04","5","21.01.2000,00:03:11","49560","0",{"7BFFFFC3F","1","1","","","","","","1"}}
)
09.01.2025 141528.055 MainForm - FormShow - Создание фрейма номер - 0 - успешно!
09.01.2025 141528.147 MainForm - FormShow - Создание фрейма номер - 1 - успешно!
09.01.2025 141528.238 MainForm - FormShow - Создание фрейма номер - 2 - успешно!
09.01.2025 141528.345 MainForm - FormShow - Создание фрейма номер - 3 - успешно!
09.01.2025 141528.453 MainForm - FormShow - Создание фрейма номер - 4 - успешно!
09.01.2025 141528.549 MainForm - FormShow - Создание фрейма номер - 5 - успешно!
09.01.2025 141528.856 MainForm - AddRich(Вкладка:0: COM1: Порт открыт!)
09.01.2025 141531.347 MainForm - AddRich(Вкладка:0: COM1: Опрос КПА)
09.01.2025 141548.904 MainForm - AddRich(Вкладка:0: COM1: Данных нет или время ожидания истекло!)
09.01.2025 141548.904 MainForm - AddRich(Вкладка:0: COM1: THRD.ReciveAnswer. Ответ: )
09.01.2025 141548.904 MainForm - AddRich(Вкладка:0: COM1: THRD.ReciveAnswer. Ответ: )
09.01.2025 141551.059 MainForm - AddRich(Вкладка:0: COM1: Порт закрыт!)
09.01.2025 141551.298 MainForm - AddRich(Вкладка:1: COM3: Порт открыт!)
09.01.2025 141552.157 MainForm - AddRich(Вкладка:1: COM3: Опрос КПА)
09.01.2025 141609.460 MainForm - AddRich(Вкладка:1: COM3: Данных нет или время ожидания истекло!)
09.01.2025 141609.460 MainForm - AddRich(Вкладка:1: COM3: THRD.ReciveAnswer. Ответ: )
09.01.2025 141609.460 MainForm - AddRich(Вкладка:1: COM3: THRD.ReciveAnswer. Ответ: )
09.01.2025 141612.401 MainForm - AddRich(Вкладка:1: COM3: Порт закрыт!)
09.01.2025 141612.509 MainForm - AddRich(Вкладка:2: COM5: Порт открыт!)
09.01.2025 141614.250 MainForm - AddRich(Вкладка:2: COM5: Опрос КПА)
09.01.2025 141717.508 MainForm - FormShow - Создание фрейма номер - 0 - успешно!
09.01.2025 141717.603 MainForm - FormShow - Создание фрейма номер - 1 - успешно!
09.01.2025 141717.697 MainForm - FormShow - Создание фрейма номер - 2 - успешно!
09.01.2025 141717.792 MainForm - FormShow - Создание фрейма номер - 3 - успешно!
09.01.2025 141717.884 MainForm - FormShow - Создание фрейма номер - 4 - успешно!
09.01.2025 141717.987 MainForm - FormShow - Создание фрейма номер - 5 - успешно!
09.01.2025 141718.318 MainForm - AddRich(Вкладка:0: COM1: Порт открыт!)
09.01.2025 141720.344 MainForm - AddRich(Вкладка:0: COM1: Опрос КПА)
09.01.2025 141739.237 MainForm - AddRich(Вкладка:0: COM1: Данных нет или время ожидания истекло!)
09.01.2025 141739.237 MainForm - AddRich(Вкладка:0: COM1: THRD.ReciveAnswer. Ответ: )
09.01.2025 141739.237 MainForm - AddRich(Вкладка:0: COM1: THRD.ReciveAnswer. Ответ: )
09.01.2025 141741.010 MainForm - AddRich(Вкладка:0: COM1: Порт закрыт!)
09.01.2025 141741.289 MainForm - AddRich(Вкладка:1: COM3: Порт открыт!)
09.01.2025 141742.254 MainForm - AddRich(Вкладка:1: COM3: Опрос КПА)
09.01.2025 141758.925 MainForm - AddRich(Вкладка:1: COM3: Данных нет или время ожидания истекло!)
09.01.2025 141758.925 MainForm - AddRich(Вкладка:1: COM3: THRD.ReciveAnswer. Ответ: )
09.01.2025 141758.925 MainForm - AddRich(Вкладка:1: COM3: THRD.ReciveAnswer. Ответ: )
09.01.2025 141805.872 MainForm - AddRich(Вкладка:1: COM3: Порт закрыт!)
09.01.2025 141805.992 MainForm - AddRich(Вкладка:2: COM5: Порт открыт!)
09.01.2025 141807.179 MainForm - AddRich(Вкладка:2: COM5: Опрос КПА)
09.01.2025 141808.139 MainForm - AddRich(Вкладка:2: COM5: THRD.BCPRxChar. Ответ: {"KPA-1","1.05.04","5","21.01.2000,00:08:48","49560","0",{"7BFFFFC3F","1","1","","","","","","1"}}
)
09.01.2025 141810.018 MainForm - AddRich(Вкладка:2: COM5: THRD.BCPRxChar. Ответ: {"KPA-1","1.05.04","5","21.01.2000,00:08:48","49560","0",{"7BFFFFC3F","1","1","","","","","","1"}}
)
09.01.2025 141919.884 MainForm - FormShow - Создание фрейма номер - 0 - успешно!
09.01.2025 141919.977 MainForm - FormShow - Создание фрейма номер - 1 - успешно!
09.01.2025 141920.071 MainForm - FormShow - Создание фрейма номер - 2 - успешно!
09.01.2025 141920.163 MainForm - FormShow - Создание фрейма номер - 3 - успешно!
09.01.2025 141920.259 MainForm - FormShow - Создание фрейма номер - 4 - успешно!
09.01.2025 141920.356 MainForm - FormShow - Создание фрейма номер - 5 - успешно!
09.01.2025 141920.684 MainForm - AddRich(Вкладка:0: COM1: Порт открыт!)
09.01.2025 141922.264 MainForm - AddRich(Вкладка:0: COM1: Опрос КПА)
09.01.2025 141941.386 MainForm - AddRich(Вкладка:0: COM1: Данных нет или время ожидания истекло!)
09.01.2025 141941.386 MainForm - AddRich(Вкладка:0: COM1: THRD.ReciveAnswer. Ответ: )
09.01.2025 141941.386 MainForm - AddRich(Вкладка:0: COM1: THRD.ReciveAnswer. Ответ: )
09.01.2025 141943.552 MainForm - AddRich(Вкладка:0: COM1: Порт закрыт!)
09.01.2025 141943.796 MainForm - AddRich(Вкладка:1: COM3: Порт открыт!)
09.01.2025 141944.949 MainForm - AddRich(Вкладка:1: COM3: Опрос КПА)
09.01.2025 142326.313 MainForm - FormShow - Создание фрейма номер - 0 - успешно!
09.01.2025 142326.404 MainForm - FormShow - Создание фрейма номер - 1 - успешно!
09.01.2025 142326.492 MainForm - FormShow - Создание фрейма номер - 2 - успешно!
09.01.2025 142326.600 MainForm - FormShow - Создание фрейма номер - 3 - успешно!
09.01.2025 142326.695 MainForm - FormShow - Создание фрейма номер - 4 - успешно!
09.01.2025 142326.788 MainForm - FormShow - Создание фрейма номер - 5 - успешно!
09.01.2025 142327.132 MainForm - AddRich(Вкладка:0: COM1: Порт открыт!)
09.01.2025 142328.800 MainForm - AddRich(Вкладка:0: COM1: Опрос КПА)
09.01.2025 142347.960 MainForm - AddRich(Вкладка:0: COM1: Данных нет или время ожидания истекло!)
09.01.2025 142347.960 MainForm - AddRich(Вкладка:0: COM1: THRD.ReciveAnswer. Ответ: )
09.01.2025 142347.960 MainForm - AddRich(Вкладка:0: COM1: THRD.ReciveAnswer. Ответ: )
09.01.2025 142350.033 MainForm - AddRich(Вкладка:0: COM1: Порт закрыт!)
09.01.2025 142350.293 MainForm - AddRich(Вкладка:1: COM3: Порт открыт!)
09.01.2025 142351.275 MainForm - AddRich(Вкладка:1: COM3: Опрос КПА)
09.01.2025 142409.507 MainForm - AddRich(Вкладка:1: COM3: Данных нет или время ожидания истекло!)
09.01.2025 142409.507 MainForm - AddRich(Вкладка:1: COM3: THRD.ReciveAnswer. Ответ: )
09.01.2025 142409.507 MainForm - AddRich(Вкладка:1: COM3: THRD.ReciveAnswer. Ответ: )
09.01.2025 142413.204 MainForm - AddRich(Вкладка:1: COM3: Порт закрыт!)
09.01.2025 142413.322 MainForm - AddRich(Вкладка:2: COM5: Порт открыт!)
09.01.2025 142414.319 MainForm - AddRich(Вкладка:2: COM5: Опрос КПА)
09.01.2025 142549.110 MainForm - FormShow - Создание фрейма номер - 0 - успешно!
09.01.2025 142549.201 MainForm - FormShow - Создание фрейма номер - 1 - успешно!
09.01.2025 142549.294 MainForm - FormShow - Создание фрейма номер - 2 - успешно!
09.01.2025 142549.384 MainForm - FormShow - Создание фрейма номер - 3 - успешно!
09.01.2025 142549.475 MainForm - FormShow - Создание фрейма номер - 4 - успешно!
09.01.2025 142549.577 MainForm - FormShow - Создание фрейма номер - 5 - успешно!
09.01.2025 142549.901 MainForm - AddRich(Вкладка:0: COM1: Порт открыт!)
09.01.2025 142551.990 MainForm - AddRich(Вкладка:0: COM1: Опрос КПА)
09.01.2025 142610.296 MainForm - AddRich(Вкладка:0: COM1: Данных нет или время ожидания истекло!)
09.01.2025 142610.296 MainForm - AddRich(Вкладка:0: COM1: THRD.ReciveAnswer. Ответ: )
09.01.2025 142610.296 MainForm - AddRich(Вкладка:0: COM1: THRD.ReciveAnswer. Ответ: )
09.01.2025 142615.365 MainForm - AddRich(Вкладка:0: COM1: Порт закрыт!)
09.01.2025 142615.609 MainForm - AddRich(Вкладка:1: COM3: Порт открыт!)
09.01.2025 142616.847 MainForm - AddRich(Вкладка:1: COM3: Опрос КПА)
09.01.2025 142759.002 MainForm - FormShow - Создание фрейма номер - 0 - успешно!
09.01.2025 142759.094 MainForm - FormShow - Создание фрейма номер - 1 - успешно!
09.01.2025 142759.203 MainForm - FormShow - Создание фрейма номер - 2 - успешно!
09.01.2025 142759.313 MainForm - FormShow - Создание фрейма номер - 3 - успешно!
09.01.2025 142759.409 MainForm - FormShow - Создание фрейма номер - 4 - успешно!
09.01.2025 142759.510 MainForm - FormShow - Создание фрейма номер - 5 - успешно!
09.01.2025 142759.848 MainForm - AddRich(Вкладка:0: COM1: Порт открыт!)
09.01.2025 142802.713 MainForm - AddRich(Вкладка:0: COM1: Опрос КПА)
09.01.2025 142820.832 MainForm - AddRich(Вкладка:0: COM1: Данных нет или время ожидания истекло!)
09.01.2025 142820.832 MainForm - AddRich(Вкладка:0: COM1: THRD.ReciveAnswer. Ответ: )
09.01.2025 142820.832 MainForm - AddRich(Вкладка:0: COM1: THRD.ReciveAnswer. Ответ: )
09.01.2025 142824.343 MainForm - AddRich(Вкладка:0: COM1: Порт закрыт!)
09.01.2025 142824.630 MainForm - AddRich(Вкладка:1: COM3: Порт открыт!)
09.01.2025 142826.722 MainForm - AddRich(Вкладка:1: COM3: Опрос КПА)
09.01.2025 142844.265 MainForm - AddRich(Вкладка:1: COM3: Данных нет или время ожидания истекло!)
09.01.2025 142844.265 MainForm - AddRich(Вкладка:1: COM3: THRD.ReciveAnswer. Ответ: )
09.01.2025 142844.265 MainForm - AddRich(Вкладка:1: COM3: THRD.ReciveAnswer. Ответ: )
09.01.2025 142848.720 MainForm - AddRich(Вкладка:1: COM3: Порт закрыт!)
09.01.2025 142848.782 MainForm - AddRich(Вкладка:2: COM5: Порт открыт!)
09.01.2025 142849.801 MainForm - AddRich(Вкладка:2: COM5: Опрос КПА)
09.01.2025 142854.088 MainForm - AddRich(Вкладка:2: COM5: THRD.BCPRxChar. Ответ: {"KPA-1","1.05.04","5","21.01.2000,00:19:33","49560","0",{"7BFFFFC3F","1","1","","","","","","1"}}
)
09.01.2025 142858.342 MainForm - AddRich(Вкладка:2: COM5: THRD.BCPRxChar. Ответ: {"KPA-1","1.05.04","5","21.01.2000,00:19:33","49560","0",{"7BFFFFC3F","1","1","","","","","","1"}}
)
09.01.2025 143141.057 MainForm - FormShow - Создание фрейма номер - 0 - успешно!
09.01.2025 143141.156 MainForm - FormShow - Создание фрейма номер - 1 - успешно!
09.01.2025 143141.247 MainForm - FormShow - Создание фрейма номер - 2 - успешно!
09.01.2025 143141.342 MainForm - FormShow - Создание фрейма номер - 3 - успешно!
09.01.2025 143141.437 MainForm - FormShow - Создание фрейма номер - 4 - успешно!
09.01.2025 143141.533 MainForm - FormShow - Создание фрейма номер - 5 - успешно!
09.01.2025 143141.847 MainForm - AddRich(Вкладка:0: COM1: Порт открыт!)
09.01.2025 143144.098 MainForm - AddRich(Вкладка:0: COM1: Опрос КПА)
09.01.2025 143200.603 MainForm - AddRich(Вкладка:0: COM1: Данных нет или время ожидания истекло!)
09.01.2025 143200.603 MainForm - AddRich(Вкладка:0: COM1: THRD.ReciveAnswer. Ответ: )
09.01.2025 143200.603 MainForm - AddRich(Вкладка:0: COM1: THRD.ReciveAnswer. Ответ: )
09.01.2025 143208.501 MainForm - AddRich(Вкладка:0: COM1: Порт закрыт!)
09.01.2025 143208.738 MainForm - AddRich(Вкладка:1: COM3: Порт открыт!)
09.01.2025 143208.972 MainForm - AddRich(Вкладка:1: COM3: Опрос КПА)
09.01.2025 143225.968 MainForm - AddRich(Вкладка:1: COM3: Данных нет или время ожидания истекло!)
09.01.2025 143225.968 MainForm - AddRich(Вкладка:1: COM3: THRD.ReciveAnswer. Ответ: )
09.01.2025 143225.968 MainForm - AddRich(Вкладка:1: COM3: THRD.ReciveAnswer. Ответ: )
09.01.2025 143346.526 MainForm - AddRich(Вкладка:1: COM3: Порт закрыт!)
09.01.2025 143346.632 MainForm - AddRich(Вкладка:2: COM5: Порт открыт!)
09.01.2025 143352.001 MainForm - AddRich(Вкладка:2: COM5: Опрос КПА)
09.01.2025 143356.294 MainForm - AddRich(Вкладка:2: COM5: THRD.BCPRxChar. Ответ: {"KPA-1","1.05.04","5","21.01.2000,00:24:34","49560","0",{"7BFFFFC3F","1","1","","","","","","1"}}
)
09.01.2025 143359.594 MainForm - AddRich(Вкладка:2: COM5: THRD.BCPRxChar. Ответ: {"KPA-1","1.05.04","5","21.01.2000,00:24:34","49560","0",{"7BFFFFC3F","1","1","","","","","","1"}}
)
09.01.2025 143551.238 MainForm - FormShow - Создание фрейма номер - 0 - успешно!
09.01.2025 143551.333 MainForm - FormShow - Создание фрейма номер - 1 - успешно!
09.01.2025 143551.437 MainForm - FormShow - Создание фрейма номер - 2 - успешно!
09.01.2025 143551.547 MainForm - FormShow - Создание фрейма номер - 3 - успешно!
09.01.2025 143551.647 MainForm - FormShow - Создание фрейма номер - 4 - успешно!
09.01.2025 143551.752 MainForm - FormShow - Создание фрейма номер - 5 - успешно!
09.01.2025 143552.082 MainForm - AddRich(Вкладка:0: COM1: Порт открыт!)
09.01.2025 143553.952 MainForm - AddRich(Вкладка:0: COM1: Опрос КПА)
09.01.2025 143610.399 MainForm - AddRich(Вкладка:0: COM1: Данных нет или время ожидания истекло!)
09.01.2025 143610.399 MainForm - AddRich(Вкладка:0: COM1: THRD.ReciveAnswer. Ответ: )
09.01.2025 143610.399 MainForm - AddRich(Вкладка:0: COM1: THRD.ReciveAnswer. Ответ: )
09.01.2025 143611.944 MainForm - AddRich(Вкладка:0: COM1: Порт закрыт!)
09.01.2025 143612.207 MainForm - AddRich(Вкладка:1: COM3: Порт открыт!)
09.01.2025 143613.512 MainForm - AddRich(Вкладка:1: COM3: Опрос КПА)
09.01.2025 143805.564 MainForm - FormShow - Создание фрейма номер - 0 - успешно!
09.01.2025 143805.658 MainForm - FormShow - Создание фрейма номер - 1 - успешно!
09.01.2025 143805.751 MainForm - FormShow - Создание фрейма номер - 2 - успешно!
09.01.2025 143805.854 MainForm - FormShow - Создание фрейма номер - 3 - успешно!
09.01.2025 143805.951 MainForm - FormShow - Создание фрейма номер - 4 - успешно!
09.01.2025 143806.051 MainForm - FormShow - Создание фрейма номер - 5 - успешно!
09.01.2025 143806.385 MainForm - AddRich(Вкладка:0: COM1: Порт открыт!)
09.01.2025 143808.395 MainForm - AddRich(Вкладка:0: COM1: Опрос КПА)
09.01.2025 143824.937 MainForm - AddRich(Вкладка:0: COM1: Данных нет или время ожидания истекло!)
09.01.2025 143829.099 MainForm - AddRich(Вкладка:0: COM1: THRD.ReciveAnswer. Ответ: )
09.01.2025 143829.099 MainForm - AddRich(Вкладка:0: COM1: THRD.ReciveAnswer. Ответ: )
09.01.2025 143829.977 MainForm - AddRich(Вкладка:0: COM1: Порт закрыт!)
09.01.2025 143830.244 MainForm - AddRich(Вкладка:1: COM3: Порт открыт!)
09.01.2025 143831.276 MainForm - AddRich(Вкладка:1: COM3: Опрос КПА)
09.01.2025 143847.851 MainForm - AddRich(Вкладка:1: COM3: Данных нет или время ожидания истекло!)
09.01.2025 143849.448 MainForm - AddRich(Вкладка:1: COM3: THRD.ReciveAnswer. Ответ: )
09.01.2025 143849.448 MainForm - AddRich(Вкладка:1: COM3: THRD.ReciveAnswer. Ответ: )
09.01.2025 143850.390 MainForm - AddRich(Вкладка:1: COM3: Порт закрыт!)
09.01.2025 143850.493 MainForm - AddRich(Вкладка:2: COM5: Порт открыт!)
09.01.2025 143851.528 MainForm - AddRich(Вкладка:2: COM5: Опрос КПА)
09.01.2025 143855.126 MainForm - AddRich(Вкладка:2: COM5: THRD.BCPRxChar. Ответ: {"KPA-1","1.05.04","5","21.01.2000,00:29:33","49560","0",{"7BFFFFC3F","1","1","","","","","","1"}}
)
09.01.2025 143858.262 MainForm - AddRich(Вкладка:2: COM5: THRD.BCPRxChar. Ответ: {"KPA-1","1.05.04","5","21.01.2000,00:29:33","49560","0",{"7BFFFFC3F","1","1","","","","","","1"}}
)
09.01.2025 144114.098 MainForm - FormShow - Создание фрейма номер - 0 - успешно!
09.01.2025 144114.191 MainForm - FormShow - Создание фрейма номер - 1 - успешно!
09.01.2025 144114.282 MainForm - FormShow - Создание фрейма номер - 2 - успешно!
09.01.2025 144114.384 MainForm - FormShow - Создание фрейма номер - 3 - успешно!
09.01.2025 144114.474 MainForm - FormShow - Создание фрейма номер - 4 - успешно!
09.01.2025 144114.568 MainForm - FormShow - Создание фрейма номер - 5 - успешно!
09.01.2025 144114.889 MainForm - AddRich(Вкладка:0: COM1: Порт открыт!)
09.01.2025 144116.540 MainForm - AddRich(Вкладка:0: COM1: Опрос КПА)
09.01.2025 144141.711 MainForm - AddRich(Вкладка:0: COM1: Данных нет или время ожидания истекло!)
09.01.2025 144145.223 MainForm - AddRich(Вкладка:0: COM1: THRD.ReciveAnswer. Ответ: )
09.01.2025 144145.223 MainForm - AddRich(Вкладка:0: COM1: THRD.ReciveAnswer. Ответ: )
09.01.2025 144146.292 MainForm - AddRich(Вкладка:0: COM1: Порт закрыт!)
09.01.2025 144146.492 MainForm - AddRich(Вкладка:1: COM3: Порт открыт!)
09.01.2025 144147.697 MainForm - AddRich(Вкладка:1: COM3: Опрос КПА)
09.01.2025 144204.377 MainForm - AddRich(Вкладка:1: COM3: Данных нет или время ожидания истекло!)
09.01.2025 144206.161 MainForm - AddRich(Вкладка:1: COM3: THRD.ReciveAnswer. Ответ: )
09.01.2025 144206.161 MainForm - AddRich(Вкладка:1: COM3: THRD.ReciveAnswer. Ответ: )
09.01.2025 144207.747 MainForm - AddRich(Вкладка:1: COM3: Порт закрыт!)
