[24.01.2025 14:35:50.474][main]Старт программы KPA-1: Голунова Наталья Николаевна. Версия ПО: 1.0.0.0.
[24.01.2025 14:35:50.574][main]Создание фрейма номер - 0 - успешно!
[24.01.2025 14:35:50.665][main]Создание фрейма номер - 1 - успешно!
[24.01.2025 14:35:50.774][main]Создание фрейма номер - 2 - успешно!
[24.01.2025 14:35:50.866][main]Создание фрейма номер - 3 - успешно!
[24.01.2025 14:35:50.976][main]Создание фрейма номер - 4 - успешно!
[24.01.2025 14:35:51.066][main]Создание фрейма номер - 5 - успешно!
[24.01.2025 14:36:54.015][main]Старт программы KPA-1: Голунова Наталья Николаевна. Версия ПО: 1.0.0.0.
[24.01.2025 14:36:54.118][main]Создание фрейма номер - 0 - успешно!
[24.01.2025 14:36:54.212][main]Создание фрейма номер - 1 - успешно!
[24.01.2025 14:36:54.301][main]Создание фрейма номер - 2 - успешно!
[24.01.2025 14:36:54.393][main]Создание фрейма номер - 3 - успешно!
[24.01.2025 14:36:54.483][main]Создание фрейма номер - 4 - успешно!
[24.01.2025 14:36:54.575][main]Создание фрейма номер - 5 - успешно!
[24.01.2025 14:37:54.162][main]Старт программы KPA-1: Голунова Наталья Николаевна. Версия ПО: 1.0.0.0.
[24.01.2025 14:37:54.257][main]Создание фрейма номер - 0 - успешно!
[24.01.2025 14:37:54.347][main]Создание фрейма номер - 1 - успешно!
[24.01.2025 14:37:54.454][main]Создание фрейма номер - 2 - успешно!
[24.01.2025 14:37:54.546][main]Создание фрейма номер - 3 - успешно!
[24.01.2025 14:37:54.655][main]Создание фрейма номер - 4 - успешно!
[24.01.2025 14:37:54.763][main]Создание фрейма номер - 5 - успешно!
[24.01.2025 14:40:34.022][main]Старт программы KPA-1: Голунова Наталья Николаевна. Версия ПО: 1.0.0.0.
[24.01.2025 14:40:34.117][main]Создание фрейма номер - 0 - успешно!
[24.01.2025 14:40:34.210][main]Создание фрейма номер - 1 - успешно!
[24.01.2025 14:40:34.321][main]Создание фрейма номер - 2 - успешно!
[24.01.2025 14:40:34.415][main]Создание фрейма номер - 3 - успешно!
[24.01.2025 14:40:34.508][main]Создание фрейма номер - 4 - успешно!
[24.01.2025 14:40:34.602][main]Создание фрейма номер - 5 - успешно!
[24.01.2025 15:01:20.131][main]Старт программы KPA-1: Голунова Наталья Николаевна. Версия ПО: 1.0.0.0.
[24.01.2025 15:01:20.240][main]Создание фрейма номер - 0 - успешно!
[24.01.2025 15:01:20.334][main]Создание фрейма номер - 1 - успешно!
[24.01.2025 15:01:20.430][main]Создание фрейма номер - 2 - успешно!
[24.01.2025 15:01:20.529][main]Создание фрейма номер - 3 - успешно!
[24.01.2025 15:01:20.625][main]Создание фрейма номер - 4 - успешно!
[24.01.2025 15:01:20.720][main]Создание фрейма номер - 5 - успешно!
[24.01.2025 15:01:21.039][success][COM1]:Порт открыт!
[24.01.2025 15:01:21.293][success][COM3]:Порт открыт!
[24.01.2025 15:01:21.392][success][COM5]:Порт открыт!
[24.01.2025 15:02:14.464][main]Старт программы KPA-1: Голунова Наталья Николаевна. Версия ПО: 1.0.0.0.
[24.01.2025 15:02:14.562][main]Создание фрейма номер - 0 - успешно!
[24.01.2025 15:02:14.657][main]Создание фрейма номер - 1 - успешно!
[24.01.2025 15:02:14.752][main]Создание фрейма номер - 2 - успешно!
[24.01.2025 15:02:14.849][main]Создание фрейма номер - 3 - успешно!
[24.01.2025 15:02:14.941][main]Создание фрейма номер - 4 - успешно!
[24.01.2025 15:02:15.037][main]Создание фрейма номер - 5 - успешно!
[24.01.2025 15:03:03.826][main]Старт программы KPA-1: Голунова Наталья Николаевна. Версия ПО: 1.0.0.0.
[24.01.2025 15:03:03.941][main]Создание фрейма номер - 0 - успешно!
[24.01.2025 15:03:04.031][main]Создание фрейма номер - 1 - успешно!
[24.01.2025 15:03:04.126][main]Создание фрейма номер - 2 - успешно!
[24.01.2025 15:03:04.215][main]Создание фрейма номер - 3 - успешно!
[24.01.2025 15:03:04.309][main]Создание фрейма номер - 4 - успешно!
[24.01.2025 15:03:04.408][main]Создание фрейма номер - 5 - успешно!
[24.01.2025 15:03:28.830][main]Старт программы KPA-1: Голунова Наталья Николаевна. Версия ПО: 1.0.0.0.
[24.01.2025 15:03:28.933][main]Создание фрейма номер - 0 - успешно!
[24.01.2025 15:03:29.028][main]Создание фрейма номер - 1 - успешно!
[24.01.2025 15:03:29.126][main]Создание фрейма номер - 2 - успешно!
[24.01.2025 15:03:29.221][main]Создание фрейма номер - 3 - успешно!
[24.01.2025 15:03:29.316][main]Создание фрейма номер - 4 - успешно!
[24.01.2025 15:03:29.413][main]Создание фрейма номер - 5 - успешно!
[24.01.2025 15:03:32.184][success][COM1]:Порт открыт!
[24.01.2025 15:03:34.344][success][COM3]:Порт открыт!
[24.01.2025 15:03:34.465][success][COM5]:Порт открыт!
[24.01.2025 15:04:22.883][main]Старт программы KPA-1: Голунова Наталья Николаевна. Версия ПО: 1.0.0.0.
[24.01.2025 15:04:22.996][main]Создание фрейма номер - 0 - успешно!
[24.01.2025 15:04:23.088][main]Создание фрейма номер - 1 - успешно!
[24.01.2025 15:04:23.189][main]Создание фрейма номер - 2 - успешно!
[24.01.2025 15:04:23.283][main]Создание фрейма номер - 3 - успешно!
[24.01.2025 15:04:23.387][main]Создание фрейма номер - 4 - успешно!
[24.01.2025 15:04:23.481][main]Создание фрейма номер - 5 - успешно!
[24.01.2025 15:04:23.805][success][COM1]:Порт открыт!
[24.01.2025 15:04:24.085][success][COM3]:Порт открыт!
[24.01.2025 15:04:24.183][success][COM5]:Порт открыт!
[24.01.2025 15:04:24.882][success][COM1]:Данных нет или время ожидания истекло!
[24.01.2025 15:04:24.882][success][COM1]:THRD.ReciveAnswer. Ответ: 
[24.01.2025 15:04:24.882][success][COM1]:THRD.ReciveAnswer. Ответ: 
[24.01.2025 15:04:25.141][success][COM3]:Данных нет или время ожидания истекло!
[24.01.2025 15:04:25.141][success][COM3]:THRD.ReciveAnswer. Ответ: 
[24.01.2025 15:04:25.141][success][COM3]:THRD.ReciveAnswer. Ответ: 
[24.01.2025 15:04:25.187][success][COM5]:THRD.BCPRxChar. Ответ: {"KPA-1","1.05.04","5","11.01.2000,23:54:39","49563","1",{"7F9FFFCFF","1","1","NUMBER_BOARD2=Q100;01;2206;0024;01.02;92","HW_VERSION=0206","","","","1"}}

[24.01.2025 15:04:25.188][success][COM5]:THRD.ReciveAnswer. Ответ: {"KPA-1","1.05.04","5","11.01.2000,23:54:39","49563","1",{"7F9FFFCFF","1","1","NUMBER_BOARD2=Q100;01;2206;0024;01.02;92","HW_VERSION=0206","","","","1"}}

[24.01.2025 15:04:25.188][success][COM5]:THRD.ReciveAnswer. Ответ: {"KPA-1","1.05.04","5","11.01.2000,23:54:39","49563","1",{"7F9FFFCFF","1","1","NUMBER_BOARD2=Q100;01;2206;0024;01.02;92","HW_VERSION=0206","","","","1"}}

[24.01.2025 15:09:43.805][main]Старт программы KPA-1: Голунова Наталья Николаевна. Версия ПО: 1.0.0.0.
[24.01.2025 15:09:43.933][main]Создание фрейма номер - 0 - успешно!
[24.01.2025 15:09:44.029][main]Создание фрейма номер - 1 - успешно!
[24.01.2025 15:09:44.131][main]Создание фрейма номер - 2 - успешно!
[24.01.2025 15:09:44.231][main]Создание фрейма номер - 3 - успешно!
[24.01.2025 15:09:44.332][main]Создание фрейма номер - 4 - успешно!
[24.01.2025 15:09:44.429][main]Создание фрейма номер - 5 - успешно!
[24.01.2025 15:09:44.766][success][COM1]:Порт открыт!
[24.01.2025 15:09:45.042][success][COM3]:Порт открыт!
[24.01.2025 15:09:45.146][success][COM5]:Порт открыт!
[24.01.2025 15:09:45.353][success][COM1]:Данных нет или время ожидания истекло!
[24.01.2025 15:09:45.353][success][COM1]:THRD.ReciveAnswer. Ответ: 
[24.01.2025 15:09:45.353][success][COM1]:THRD.ReciveAnswer. Ответ: 
[24.01.2025 15:09:45.620][success][COM5]:THRD.BCPRxChar. Ответ: {"KPA-1","1.05.04","5","12.01.2000,00:00:00","49563","1",{"7F9FFFCFF","1","1","NUMBER_BOARD2=Q100;01;2206;0024;01.02;92","HW_VERSION=0206","","","","1"}}

[24.01.2025 15:09:45.621][success][COM5]:THRD.ReciveAnswer. Ответ: {"KPA-1","1.05.04","5","12.01.2000,00:00:00","49563","1",{"7F9FFFCFF","1","1","NUMBER_BOARD2=Q100;01;2206;0024;01.02;92","HW_VERSION=0206","","","","1"}}

[24.01.2025 15:09:45.621][success][COM5]:THRD.ReciveAnswer. Ответ: {"KPA-1","1.05.04","5","12.01.2000,00:00:00","49563","1",{"7F9FFFCFF","1","1","NUMBER_BOARD2=Q100;01;2206;0024;01.02;92","HW_VERSION=0206","","","","1"}}

[24.01.2025 15:09:45.650][success][COM3]:Данных нет или время ожидания истекло!
[24.01.2025 15:09:45.650][success][COM3]:THRD.ReciveAnswer. Ответ: 
[24.01.2025 15:09:45.650][success][COM3]:THRD.ReciveAnswer. Ответ: 
[24.01.2025 15:12:33.934][main]Старт программы KPA-1: Голунова Наталья Николаевна. Версия ПО: 1.0.0.0.
[24.01.2025 15:12:34.062][main]Создание фрейма номер - 0 - успешно!
[24.01.2025 15:12:34.155][main]Создание фрейма номер - 1 - успешно!
[24.01.2025 15:12:34.256][main]Создание фрейма номер - 2 - успешно!
[24.01.2025 15:12:34.364][main]Создание фрейма номер - 3 - успешно!
[24.01.2025 15:12:34.456][main]Создание фрейма номер - 4 - успешно!
[24.01.2025 15:12:34.551][main]Создание фрейма номер - 5 - успешно!
[24.01.2025 15:12:34.878][success][COM1]:Порт открыт!
[24.01.2025 15:12:35.138][success][COM3]:Порт открыт!
[24.01.2025 15:12:35.244][success][COM5]:Порт открыт!
[24.01.2025 15:12:35.448][success][COM1]:Данных нет или время ожидания истекло!
[24.01.2025 15:12:35.448][success][COM1]:THRD.ReciveAnswer. Ответ: 
[24.01.2025 15:12:35.448][success][COM1]:THRD.ReciveAnswer. Ответ: 
[24.01.2025 15:12:35.494][success][COM1]:Порт закрыт!
[24.01.2025 15:12:35.728][success][COM5]:THRD.BCPRxChar. Ответ: {"KPA-1","1.05.04","5","12.01.2000,00:02:50","49563","1",{"7F9FFFCFF","1","1","NUMBER_BOARD2=Q100;01;2206;0024;01.02;92","HW_VERSION=0206","","","","1"}}

[24.01.2025 15:12:35.729][success][COM5]:THRD.ReciveAnswer. Ответ: {"KPA-1","1.05.04","5","12.01.2000,00:02:50","49563","1",{"7F9FFFCFF","1","1","NUMBER_BOARD2=Q100;01;2206;0024;01.02;92","HW_VERSION=0206","","","","1"}}

[24.01.2025 15:12:35.729][success][COM5]:THRD.ReciveAnswer. Ответ: {"KPA-1","1.05.04","5","12.01.2000,00:02:50","49563","1",{"7F9FFFCFF","1","1","NUMBER_BOARD2=Q100;01;2206;0024;01.02;92","HW_VERSION=0206","","","","1"}}

[24.01.2025 15:12:35.754][success][COM3]:Данных нет или время ожидания истекло!
[24.01.2025 15:12:35.754][success][COM3]:THRD.ReciveAnswer. Ответ: 
[24.01.2025 15:12:35.754][success][COM3]:THRD.ReciveAnswer. Ответ: 
[24.01.2025 15:12:35.931][success][COM3]:Порт закрыт!
[24.01.2025 15:12:42.289][success][COM1]:Порт открыт!
[24.01.2025 15:12:42.913][success][COM1]:Данных нет или время ожидания истекло!
[24.01.2025 15:12:42.913][success][COM1]:THRD.ReciveAnswer. Ответ: 
[24.01.2025 15:12:42.913][success][COM1]:THRD.ReciveAnswer. Ответ: 
[24.01.2025 15:12:42.967][success][COM1]:Порт закрыт!
[24.01.2025 15:12:48.194][success][COM3]:Порт открыт!
[24.01.2025 15:12:48.788][success][COM3]:Данных нет или время ожидания истекло!
[24.01.2025 15:12:48.788][success][COM3]:THRD.ReciveAnswer. Ответ: 
[24.01.2025 15:12:48.788][success][COM3]:THRD.ReciveAnswer. Ответ: 
[24.01.2025 15:12:48.954][success][COM3]:Порт закрыт!
[24.01.2025 15:44:13.527][main]Старт программы KPA-1: Голунова Наталья Николаевна. Версия ПО: 1.0.0.0.
[24.01.2025 15:44:13.631][main]Создание фрейма номер - 0 - успешно!
[24.01.2025 15:44:13.724][main]Создание фрейма номер - 1 - успешно!
[24.01.2025 15:44:13.815][main]Создание фрейма номер - 2 - успешно!
[24.01.2025 15:44:13.912][main]Создание фрейма номер - 3 - успешно!
[24.01.2025 15:44:14.005][main]Создание фрейма номер - 4 - успешно!
[24.01.2025 15:44:14.117][main]Создание фрейма номер - 5 - успешно!
[24.01.2025 15:44:14.443][success][COM1]:Порт открыт!
[24.01.2025 15:44:14.703][success][COM3]:Порт открыт!
[24.01.2025 15:44:14.799][success][COM5]:Порт открыт!
[24.01.2025 15:44:15.003][success][COM1]:Данных нет или время ожидания истекло!
[24.01.2025 15:44:15.003][success][COM1]:THRD.ReciveAnswer. Ответ: 
[24.01.2025 15:44:15.003][success][COM1]:THRD.ReciveAnswer. Ответ: 
[24.01.2025 15:44:15.050][success][COM1]:Порт закрыт!
[24.01.2025 15:44:15.295][success][COM5]:THRD.BCPRxChar. Ответ: {"KPA-1","1.05.04","5","12.01.2000,00:34:30","49563","1",{"7F9FFFCFF","1","1","NUMBER_BOARD2=Q100;01;2206;0024;01.02;92","HW_VERSION=0206","","","","1"}}

[24.01.2025 15:44:15.297][success][COM5]:THRD.ReciveAnswer. Ответ: {"KPA-1","1.05.04","5","12.01.2000,00:34:30","49563","1",{"7F9FFFCFF","1","1","NUMBER_BOARD2=Q100;01;2206;0024;01.02;92","HW_VERSION=0206","","","","1"}}

[24.01.2025 15:44:15.297][success][COM5]:THRD.ReciveAnswer. Ответ: {"KPA-1","1.05.04","5","12.01.2000,00:34:30","49563","1",{"7F9FFFCFF","1","1","NUMBER_BOARD2=Q100;01;2206;0024;01.02;92","HW_VERSION=0206","","","","1"}}

[24.01.2025 15:44:15.335][success][COM3]:Данных нет или время ожидания истекло!
[24.01.2025 15:44:15.335][success][COM3]:THRD.ReciveAnswer. Ответ: 
[24.01.2025 15:44:15.335][success][COM3]:THRD.ReciveAnswer. Ответ: 
[24.01.2025 15:44:15.522][success][COM3]:Порт закрыт!
[24.01.2025 15:44:15.793][success][COM5]:THRD.BCPRxChar. Ответ: "1"

[24.01.2025 15:44:15.800][success][COM5]:THRD.ReciveAnswer. Ответ: 1
[24.01.2025 15:44:15.800][success][COM5]:THRD.ReciveAnswer. Ответ: 1
[24.01.2025 15:45:23.372][main]Старт программы KPA-1: Голунова Наталья Николаевна. Версия ПО: 1.0.0.0.
[24.01.2025 15:45:23.480][main]Создание фрейма номер - 0 - успешно!
[24.01.2025 15:45:23.575][main]Создание фрейма номер - 1 - успешно!
[24.01.2025 15:45:23.668][main]Создание фрейма номер - 2 - успешно!
[24.01.2025 15:45:23.762][main]Создание фрейма номер - 3 - успешно!
[24.01.2025 15:45:23.872][main]Создание фрейма номер - 4 - успешно!
[24.01.2025 15:45:23.984][main]Создание фрейма номер - 5 - успешно!
[24.01.2025 15:45:24.323][success][COM1]:Порт открыт!
[24.01.2025 15:45:24.610][success][COM3]:Порт открыт!
[24.01.2025 15:45:24.670][success][COM5]:Порт открыт!
[24.01.2025 15:45:24.904][success][COM1]:Данных нет или время ожидания истекло!
[24.01.2025 15:45:24.904][success][COM1]:THRD.ReciveAnswer. Ответ: 
[24.01.2025 15:45:24.904][success][COM1]:THRD.ReciveAnswer. Ответ: 
[24.01.2025 15:45:24.963][success][COM1]:Порт закрыт!
[24.01.2025 15:45:25.084][success][COM5]:THRD.BCPRxChar. Ответ: {"KPA-1","1.05.04","5","12.01.2000,00:35:40","49563","1",{"7F9FFFCFF","1","1","NUMBER_BOARD2=Q100;01;2206;0024;01.02;92","HW_VERSION=0206","","","","1"}}

[24.01.2025 15:45:25.086][success][COM5]:THRD.ReciveAnswer. Ответ: {"KPA-1","1.05.04","5","12.01.2000,00:35:40","49563","1",{"7F9FFFCFF","1","1","NUMBER_BOARD2=Q100;01;2206;0024;01.02;92","HW_VERSION=0206","","","","1"}}

[24.01.2025 15:45:25.086][success][COM5]:THRD.ReciveAnswer. Ответ: {"KPA-1","1.05.04","5","12.01.2000,00:35:40","49563","1",{"7F9FFFCFF","1","1","NUMBER_BOARD2=Q100;01;2206;0024;01.02;92","HW_VERSION=0206","","","","1"}}

[24.01.2025 15:45:25.188][success][COM3]:Данных нет или время ожидания истекло!
[24.01.2025 15:45:25.188][success][COM3]:THRD.ReciveAnswer. Ответ: 
[24.01.2025 15:45:25.188][success][COM3]:THRD.ReciveAnswer. Ответ: 
[24.01.2025 15:45:25.386][success][COM3]:Порт закрыт!
[24.01.2025 15:45:25.583][success][COM5]:THRD.BCPRxChar. Ответ: "1"

[24.01.2025 15:45:25.591][success][COM5]:THRD.ReciveAnswer. Ответ: 1
[24.01.2025 15:45:25.591][success][COM5]:THRD.ReciveAnswer. Ответ: 1
[24.01.2025 15:46:01.278][main][SQL] 34259074303: select CVE1SETTINGS.enable_script from CVE1SETTINGS where(CVE1SETTINGS.id = :63
[24.01.2025 15:46:01.285][main][SQL] 02.06: select METERBOARDDICT."VERSION" from METERBOARDDICT, CVE1SETTINGS where (CVE1SETTINGS.boardtypeid = METERBOARDDICT.id) and (CVE1SETTINGS.id = 63
[24.01.2025 15:46:01.291][main][SQL] ООО "Райт Электроникс": select BOARDMANUFACTRERS.name from BOARDMANUFACTRERS where (BOARDMANUFACTRERS.id = :01
[24.01.2025 15:48:45.884][main]Старт программы KPA-1: Голунова Наталья Николаевна. Версия ПО: 1.0.0.0.
[24.01.2025 15:48:46.001][main]Создание фрейма номер - 0 - успешно!
[24.01.2025 15:48:46.091][main]Создание фрейма номер - 1 - успешно!
[24.01.2025 15:48:46.183][main]Создание фрейма номер - 2 - успешно!
[24.01.2025 15:48:46.279][main]Создание фрейма номер - 3 - успешно!
[24.01.2025 15:48:46.373][main]Создание фрейма номер - 4 - успешно!
[24.01.2025 15:48:46.479][main]Создание фрейма номер - 5 - успешно!
[24.01.2025 15:48:46.804][success][COM1]:Порт открыт!
[24.01.2025 15:48:47.058][success][COM3]:Порт открыт!
[24.01.2025 15:48:47.164][success][COM5]:Порт открыт!
[24.01.2025 15:48:47.375][success][COM1]:Данных нет или время ожидания истекло!
[24.01.2025 15:48:47.375][success][COM1]:THRD.ReciveAnswer. Ответ: 
[24.01.2025 15:48:47.375][success][COM1]:THRD.ReciveAnswer. Ответ: 
[24.01.2025 15:48:47.425][success][COM1]:Порт закрыт!
[24.01.2025 15:48:47.643][success][COM5]:THRD.BCPRxChar. Ответ: {"KPA-1","1.05.04","5","12.01.2000,00:39:02","49563","1",{"7F9FFFCFF","1","1","NUMBER_BOARD2=Q100;01;2206;0024;01.02;92","HW_VERSION=0206","","","","1"}}

[24.01.2025 15:48:47.645][success][COM5]:THRD.ReciveAnswer. Ответ: {"KPA-1","1.05.04","5","12.01.2000,00:39:02","49563","1",{"7F9FFFCFF","1","1","NUMBER_BOARD2=Q100;01;2206;0024;01.02;92","HW_VERSION=0206","","","","1"}}

[24.01.2025 15:48:47.645][success][COM5]:THRD.ReciveAnswer. Ответ: {"KPA-1","1.05.04","5","12.01.2000,00:39:02","49563","1",{"7F9FFFCFF","1","1","NUMBER_BOARD2=Q100;01;2206;0024;01.02;92","HW_VERSION=0206","","","","1"}}

[24.01.2025 15:48:47.676][success][COM3]:Данных нет или время ожидания истекло!
[24.01.2025 15:48:47.676][success][COM3]:THRD.ReciveAnswer. Ответ: 
[24.01.2025 15:48:47.676][success][COM3]:THRD.ReciveAnswer. Ответ: 
[24.01.2025 15:48:47.850][success][COM3]:Порт закрыт!
[24.01.2025 15:48:48.144][success][COM5]:THRD.BCPRxChar. Ответ: "1"

[24.01.2025 15:48:48.152][success][COM5]:THRD.ReciveAnswer. Ответ: 1
[24.01.2025 15:48:48.152][success][COM5]:THRD.ReciveAnswer. Ответ: 1
[24.01.2025 15:51:20.406][main]Старт программы KPA-1: Голунова Наталья Николаевна. Версия ПО: 1.0.0.0.
[24.01.2025 15:51:20.504][main]Создание фрейма номер - 0 - успешно!
[24.01.2025 15:51:20.600][main]Создание фрейма номер - 1 - успешно!
[24.01.2025 15:51:20.711][main]Создание фрейма номер - 2 - успешно!
[24.01.2025 15:51:20.808][main]Создание фрейма номер - 3 - успешно!
[24.01.2025 15:51:20.904][main]Создание фрейма номер - 4 - успешно!
[24.01.2025 15:51:20.996][main]Создание фрейма номер - 5 - успешно!
[24.01.2025 15:51:21.534][success][COM1]:Порт открыт!
[24.01.2025 15:51:21.601][success][COM3]:Порт открыт!
[24.01.2025 15:51:21.711][success][COM5]:Порт открыт!
[24.01.2025 15:51:21.920][success][COM1]:Данных нет или время ожидания истекло!
[24.01.2025 15:51:21.921][success][COM1]:THRD.ReciveAnswer. Ответ: 
[24.01.2025 15:51:21.921][success][COM1]:THRD.ReciveAnswer. Ответ: 
[24.01.2025 15:51:21.966][success][COM1]:Порт закрыт!
[24.01.2025 15:51:22.143][success][COM3]:Данных нет или время ожидания истекло!
[24.01.2025 15:51:22.143][success][COM3]:THRD.ReciveAnswer. Ответ: 
[24.01.2025 15:51:22.143][success][COM3]:THRD.ReciveAnswer. Ответ: 
[24.01.2025 15:51:22.312][success][COM3]:Порт закрыт!
[24.01.2025 15:51:22.377][success][COM5]:THRD.BCPRxChar. Ответ: {"KPA-1","1.05.04","5","12.01.2000,00:41:37","49563","1",{"7F9FFFCFF","1","1","NUMBER_BOARD2=Q100;01;2206;0024;01.02;92","HW_VERSION=0206","","","","1"}}

[24.01.2025 15:51:22.379][success][COM5]:THRD.ReciveAnswer. Ответ: {"KPA-1","1.05.04","5","12.01.2000,00:41:37","49563","1",{"7F9FFFCFF","1","1","NUMBER_BOARD2=Q100;01;2206;0024;01.02;92","HW_VERSION=0206","","","","1"}}

[24.01.2025 15:51:22.379][success][COM5]:THRD.ReciveAnswer. Ответ: {"KPA-1","1.05.04","5","12.01.2000,00:41:37","49563","1",{"7F9FFFCFF","1","1","NUMBER_BOARD2=Q100;01;2206;0024;01.02;92","HW_VERSION=0206","","","","1"}}

[24.01.2025 15:51:22.711][success][COM5]:THRD.BCPRxChar. Ответ: "1"

[24.01.2025 15:51:22.717][success][COM5]:THRD.ReciveAnswer. Ответ: 1
[24.01.2025 15:51:22.717][success][COM5]:THRD.ReciveAnswer. Ответ: 1
[24.01.2025 15:51:52.825][main]Старт программы KPA-1: Голунова Наталья Николаевна. Версия ПО: 1.0.0.0.
[24.01.2025 15:51:52.925][main]Создание фрейма номер - 0 - успешно!
[24.01.2025 15:51:53.027][main]Создание фрейма номер - 1 - успешно!
[24.01.2025 15:51:53.121][main]Создание фрейма номер - 2 - успешно!
[24.01.2025 15:51:53.219][main]Создание фрейма номер - 3 - успешно!
[24.01.2025 15:51:53.312][main]Создание фрейма номер - 4 - успешно!
[24.01.2025 15:51:53.409][main]Создание фрейма номер - 5 - успешно!
[24.01.2025 15:51:53.762][success][COM1]:Порт открыт!
[24.01.2025 15:51:54.003][success][COM3]:Порт открыт!
[24.01.2025 15:51:54.114][success][COM5]:Порт открыт!
[24.01.2025 15:54:32.824][main]Старт программы KPA-1: Голунова Наталья Николаевна. Версия ПО: 1.0.0.0.
[24.01.2025 15:54:32.932][main]Создание фрейма номер - 0 - успешно!
[24.01.2025 15:54:33.047][main]Создание фрейма номер - 1 - успешно!
[24.01.2025 15:54:33.143][main]Создание фрейма номер - 2 - успешно!
[24.01.2025 15:54:33.244][main]Создание фрейма номер - 3 - успешно!
[24.01.2025 15:54:33.345][main]Создание фрейма номер - 4 - успешно!
[24.01.2025 15:54:33.442][main]Создание фрейма номер - 5 - успешно!
[24.01.2025 15:54:33.789][success][COM1]:Порт открыт!
[24.01.2025 15:54:34.049][success][COM3]:Порт открыт!
[24.01.2025 15:54:34.147][success][COM5]:Порт открыт!
[24.01.2025 15:54:34.374][success][COM1]:Данных нет или время ожидания истекло!
[24.01.2025 15:54:34.374][success][COM1]:THRD.ReciveAnswer. Ответ: 
[24.01.2025 15:54:34.374][success][COM1]:THRD.ReciveAnswer. Ответ: 
[24.01.2025 15:54:34.432][success][COM1]:Порт закрыт!
[24.01.2025 15:54:34.628][success][COM5]:THRD.BCPRxChar. Ответ: {"KPA-1","1.05.04","5","12.01.2000,00:44:49","49563","1",{"7F9FFFCFF","1","1","NUMBER_BOARD2=Q100;01;2206;0024;01.02;92","HW_VERSION=0206","","","","1"}}

[24.01.2025 15:54:34.629][success][COM5]:THRD.ReciveAnswer. Ответ: {"KPA-1","1.05.04","5","12.01.2000,00:44:49","49563","1",{"7F9FFFCFF","1","1","NUMBER_BOARD2=Q100;01;2206;0024;01.02;92","HW_VERSION=0206","","","","1"}}

[24.01.2025 15:54:34.629][success][COM5]:THRD.ReciveAnswer. Ответ: {"KPA-1","1.05.04","5","12.01.2000,00:44:49","49563","1",{"7F9FFFCFF","1","1","NUMBER_BOARD2=Q100;01;2206;0024;01.02;92","HW_VERSION=0206","","","","1"}}

[24.01.2025 15:54:34.735][success][COM3]:Данных нет или время ожидания истекло!
[24.01.2025 15:54:34.735][success][COM3]:THRD.ReciveAnswer. Ответ: 
[24.01.2025 15:54:34.735][success][COM3]:THRD.ReciveAnswer. Ответ: 
[24.01.2025 15:54:34.933][success][COM3]:Порт закрыт!
[24.01.2025 15:54:35.153][success][COM5]:THRD.BCPRxChar. Ответ: "1"

[24.01.2025 15:54:35.161][success][COM5]:THRD.ReciveAnswer. Ответ: 1
[24.01.2025 15:54:35.161][success][COM5]:THRD.ReciveAnswer. Ответ: 1
[24.01.2025 15:55:07.633][main]Старт программы KPA-1: Голунова Наталья Николаевна. Версия ПО: 1.0.0.0.
[24.01.2025 15:55:07.734][main]Создание фрейма номер - 0 - успешно!
[24.01.2025 15:55:07.829][main]Создание фрейма номер - 1 - успешно!
[24.01.2025 15:55:07.924][main]Создание фрейма номер - 2 - успешно!
[24.01.2025 15:55:08.021][main]Создание фрейма номер - 3 - успешно!
[24.01.2025 15:55:08.117][main]Создание фрейма номер - 4 - успешно!
[24.01.2025 15:55:08.210][main]Создание фрейма номер - 5 - успешно!
[24.01.2025 15:58:49.560][main]Старт программы KPA-1: Голунова Наталья Николаевна. Версия ПО: 1.0.0.0.
[24.01.2025 15:58:49.671][main]Создание фрейма номер - 0 - успешно!
[24.01.2025 15:58:49.767][main]Создание фрейма номер - 1 - успешно!
[24.01.2025 15:58:49.878][main]Создание фрейма номер - 2 - успешно!
[24.01.2025 15:58:49.975][main]Создание фрейма номер - 3 - успешно!
[24.01.2025 15:58:50.074][main]Создание фрейма номер - 4 - успешно!
[24.01.2025 15:58:50.181][main]Создание фрейма номер - 5 - успешно!
[24.01.2025 15:58:50.512][success][COM1]:Порт открыт!
[24.01.2025 15:58:50.763][success][COM3]:Порт открыт!
[24.01.2025 15:58:50.864][success][COM5]:Порт открыт!
[24.01.2025 15:58:51.075][success][COM1]:Данных нет или время ожидания истекло!
[24.01.2025 15:58:51.075][success][COM1]:THRD.ReciveAnswer. Ответ: 
[24.01.2025 15:58:51.075][success][COM1]:THRD.ReciveAnswer. Ответ: 
[24.01.2025 15:58:51.130][success][COM1]:Порт закрыт!
[24.01.2025 15:58:51.364][success][COM5]:THRD.BCPRxChar. Ответ: {"KPA-1","1.05.04","5","12.01.2000,00:49:06","49563","1",{"7F9FFFCFF","1","1","NUMBER_BOARD2=Q100;01;2206;0024;01.02;92","HW_VERSION=0206","","","","1"}}

[24.01.2025 15:58:51.365][success][COM5]:THRD.ReciveAnswer. Ответ: {"KPA-1","1.05.04","5","12.01.2000,00:49:06","49563","1",{"7F9FFFCFF","1","1","NUMBER_BOARD2=Q100;01;2206;0024;01.02;92","HW_VERSION=0206","","","","1"}}

[24.01.2025 15:58:51.365][success][COM5]:THRD.ReciveAnswer. Ответ: {"KPA-1","1.05.04","5","12.01.2000,00:49:06","49563","1",{"7F9FFFCFF","1","1","NUMBER_BOARD2=Q100;01;2206;0024;01.02;92","HW_VERSION=0206","","","","1"}}

[24.01.2025 15:58:51.387][success][COM3]:Данных нет или время ожидания истекло!
[24.01.2025 15:58:51.387][success][COM3]:THRD.ReciveAnswer. Ответ: 
[24.01.2025 15:58:51.387][success][COM3]:THRD.ReciveAnswer. Ответ: 
[24.01.2025 15:58:51.586][success][COM3]:Порт закрыт!
[24.01.2025 15:58:51.872][success][COM5]:THRD.BCPRxChar. Ответ: "1"

[24.01.2025 15:58:51.879][success][COM5]:THRD.ReciveAnswer. Ответ: 1
[24.01.2025 15:58:51.879][success][COM5]:THRD.ReciveAnswer. Ответ: 1
[24.01.2025 16:00:55.612][main]Старт программы KPA-1: Голунова Наталья Николаевна. Версия ПО: 1.0.0.0.
[24.01.2025 16:00:55.724][main]Создание фрейма номер - 0 - успешно!
[24.01.2025 16:00:55.825][main]Создание фрейма номер - 1 - успешно!
[24.01.2025 16:00:55.918][main]Создание фрейма номер - 2 - успешно!
[24.01.2025 16:00:56.014][main]Создание фрейма номер - 3 - успешно!
[24.01.2025 16:00:56.105][main]Создание фрейма номер - 4 - успешно!
[24.01.2025 16:00:56.199][main]Создание фрейма номер - 5 - успешно!
[24.01.2025 16:00:56.516][success][COM1]:Порт открыт!
[24.01.2025 16:00:56.767][success][COM3]:Порт открыт!
[24.01.2025 16:00:56.880][success][COM5]:Порт открыт!
[24.01.2025 16:00:57.102][success][COM1]:Данных нет или время ожидания истекло!
[24.01.2025 16:00:57.102][success][COM1]:THRD.ReciveAnswer. Ответ: 
[24.01.2025 16:00:57.102][success][COM1]:THRD.ReciveAnswer. Ответ: 
[24.01.2025 16:00:57.157][success][COM1]:Порт закрыт!
[24.01.2025 16:00:57.346][success][COM3]:Данных нет или время ожидания истекло!
[24.01.2025 16:00:57.346][success][COM3]:THRD.ReciveAnswer. Ответ: 
[24.01.2025 16:00:57.346][success][COM3]:THRD.ReciveAnswer. Ответ: 
[24.01.2025 16:00:57.488][success][COM3]:Порт закрыт!
[24.01.2025 16:00:57.550][success][COM5]:THRD.BCPRxChar. Ответ: {"KPA-1","1.05.04","5","12.01.2000,00:51:12","49563","1",{"7F9FFFCFF","1","1","NUMBER_BOARD2=Q100;01;2206;0024;01.02;92","HW_VERSION=0206","","","","1"}}

[24.01.2025 16:00:57.551][success][COM5]:THRD.ReciveAnswer. Ответ: {"KPA-1","1.05.04","5","12.01.2000,00:51:12","49563","1",{"7F9FFFCFF","1","1","NUMBER_BOARD2=Q100;01;2206;0024;01.02;92","HW_VERSION=0206","","","","1"}}

[24.01.2025 16:00:57.551][success][COM5]:THRD.ReciveAnswer. Ответ: {"KPA-1","1.05.04","5","12.01.2000,00:51:12","49563","1",{"7F9FFFCFF","1","1","NUMBER_BOARD2=Q100;01;2206;0024;01.02;92","HW_VERSION=0206","","","","1"}}

[24.01.2025 16:00:57.879][success][COM5]:THRD.BCPRxChar. Ответ: "1"

[24.01.2025 16:00:57.885][success][COM5]:THRD.ReciveAnswer. Ответ: 1
[24.01.2025 16:00:57.885][success][COM5]:THRD.ReciveAnswer. Ответ: 1
[24.01.2025 16:01:40.392][main]Старт программы KPA-1: Голунова Наталья Николаевна. Версия ПО: 1.0.0.0.
[24.01.2025 16:01:40.513][main]Создание фрейма номер - 0 - успешно!
[24.01.2025 16:01:40.606][main]Создание фрейма номер - 1 - успешно!
[24.01.2025 16:01:40.703][main]Создание фрейма номер - 2 - успешно!
[24.01.2025 16:01:40.796][main]Создание фрейма номер - 3 - успешно!
[24.01.2025 16:01:40.892][main]Создание фрейма номер - 4 - успешно!
[24.01.2025 16:01:40.986][main]Создание фрейма номер - 5 - успешно!
[24.01.2025 16:01:41.309][success][COM1]:Порт открыт!
[24.01.2025 16:01:41.577][success][COM3]:Порт открыт!
[24.01.2025 16:01:41.689][success][COM5]:Порт открыт!
[24.01.2025 16:02:02.647][main]Старт программы KPA-1: Голунова Наталья Николаевна. Версия ПО: 1.0.0.0.
[24.01.2025 16:02:02.757][main]Создание фрейма номер - 0 - успешно!
[24.01.2025 16:02:02.851][main]Создание фрейма номер - 1 - успешно!
[24.01.2025 16:02:02.954][main]Создание фрейма номер - 2 - успешно!
[24.01.2025 16:02:03.045][main]Создание фрейма номер - 3 - успешно!
[24.01.2025 16:02:03.161][main]Создание фрейма номер - 4 - успешно!
[24.01.2025 16:02:03.252][main]Создание фрейма номер - 5 - успешно!
[24.01.2025 16:02:40.882][main]Старт программы KPA-1: Голунова Наталья Николаевна. Версия ПО: 1.0.0.0.
[24.01.2025 16:02:40.984][main]Создание фрейма номер - 0 - успешно!
[24.01.2025 16:02:41.076][main]Создание фрейма номер - 1 - успешно!
[24.01.2025 16:02:41.186][main]Создание фрейма номер - 2 - успешно!
[24.01.2025 16:02:41.278][main]Создание фрейма номер - 3 - успешно!
[24.01.2025 16:02:41.387][main]Создание фрейма номер - 4 - успешно!
[24.01.2025 16:02:41.477][main]Создание фрейма номер - 5 - успешно!
[24.01.2025 16:02:41.840][success][COM1]:Порт открыт!
[24.01.2025 16:02:42.112][success][COM3]:Порт открыт!
[24.01.2025 16:02:42.212][success][COM5]:Порт открыт!
[24.01.2025 16:03:10.457][main]Старт программы KPA-1: Голунова Наталья Николаевна. Версия ПО: 1.0.0.0.
[24.01.2025 16:03:10.552][main]Создание фрейма номер - 0 - успешно!
[24.01.2025 16:03:10.646][main]Создание фрейма номер - 1 - успешно!
[24.01.2025 16:03:10.739][main]Создание фрейма номер - 2 - успешно!
[24.01.2025 16:03:10.830][main]Создание фрейма номер - 3 - успешно!
[24.01.2025 16:03:10.935][main]Создание фрейма номер - 4 - успешно!
[24.01.2025 16:03:11.028][main]Создание фрейма номер - 5 - успешно!
[24.01.2025 16:03:11.356][success][COM1]:Порт открыт!
[24.01.2025 16:03:11.592][success][COM3]:Порт открыт!
[24.01.2025 16:03:11.700][success][COM5]:Порт открыт!
[24.01.2025 16:03:11.960][success][COM1]:Данных нет или время ожидания истекло!
[24.01.2025 16:03:11.960][success][COM1]:THRD.ReciveAnswer. Ответ: 
[24.01.2025 16:03:11.960][success][COM1]:THRD.ReciveAnswer. Ответ: 
[24.01.2025 16:03:12.009][success][COM1]:Порт закрыт!
[24.01.2025 16:03:12.181][success][COM5]:THRD.BCPRxChar. Ответ: {"KPA-1","1.05.04","5","12.01.2000,00:53:27","49563","1",{"7F9FFFCFF","1","1","NUMBER_BOARD2=Q100;01;2206;0024;01.02;92","HW_VERSION=0206","","","","1"}}

[24.01.2025 16:03:12.183][success][COM5]:THRD.ReciveAnswer. Ответ: {"KPA-1","1.05.04","5","12.01.2000,00:53:27","49563","1",{"7F9FFFCFF","1","1","NUMBER_BOARD2=Q100;01;2206;0024;01.02;92","HW_VERSION=0206","","","","1"}}

[24.01.2025 16:03:12.183][success][COM5]:THRD.ReciveAnswer. Ответ: {"KPA-1","1.05.04","5","12.01.2000,00:53:27","49563","1",{"7F9FFFCFF","1","1","NUMBER_BOARD2=Q100;01;2206;0024;01.02;92","HW_VERSION=0206","","","","1"}}

[24.01.2025 16:03:12.230][success][COM3]:Данных нет или время ожидания истекло!
[24.01.2025 16:03:12.230][success][COM3]:THRD.ReciveAnswer. Ответ: 
[24.01.2025 16:03:12.230][success][COM3]:THRD.ReciveAnswer. Ответ: 
[24.01.2025 16:03:12.437][success][COM3]:Порт закрыт!
[24.01.2025 16:03:12.700][success][COM5]:THRD.BCPRxChar. Ответ: "1"

[24.01.2025 16:03:12.707][success][COM5]:THRD.ReciveAnswer. Ответ: 1
[24.01.2025 16:03:12.707][success][COM5]:THRD.ReciveAnswer. Ответ: 1
[24.01.2025 16:03:19.475][main][SQL] 34259074303: select CVE1SETTINGS.enable_script from CVE1SETTINGS where(CVE1SETTINGS.id = :63
[24.01.2025 16:03:50.649][main][SQL] 02.06: select METERBOARDDICT."VERSION" from METERBOARDDICT, CVE1SETTINGS where (CVE1SETTINGS.boardtypeid = METERBOARDDICT.id) and (CVE1SETTINGS.id = 63
[24.01.2025 16:03:50.662][main][SQL] ООО "Райт Электроникс": select BOARDMANUFACTRERS.name from BOARDMANUFACTRERS where (BOARDMANUFACTRERS.id = :01
[24.01.2025 16:05:16.992][main]Старт программы KPA-1: Голунова Наталья Николаевна. Версия ПО: 1.0.0.0.
[24.01.2025 16:05:17.101][main]Создание фрейма номер - 0 - успешно!
[24.01.2025 16:05:17.193][main]Создание фрейма номер - 1 - успешно!
[24.01.2025 16:05:17.301][main]Создание фрейма номер - 2 - успешно!
[24.01.2025 16:05:17.396][main]Создание фрейма номер - 3 - успешно!
[24.01.2025 16:05:17.505][main]Создание фрейма номер - 4 - успешно!
[24.01.2025 16:05:17.603][main]Создание фрейма номер - 5 - успешно!
[24.01.2025 16:05:17.944][success][COM1]:Порт открыт!
[24.01.2025 16:05:18.208][success][COM3]:Порт открыт!
[24.01.2025 16:05:18.308][success][COM5]:Порт открыт!
[24.01.2025 16:05:18.521][success][COM1]:Данных нет или время ожидания истекло!
[24.01.2025 16:05:18.521][success][COM1]:THRD.ReciveAnswer. Ответ: 
[24.01.2025 16:05:18.521][success][COM1]:THRD.ReciveAnswer. Ответ: 
[24.01.2025 16:05:18.567][success][COM1]:Порт закрыт!
[24.01.2025 16:05:18.798][success][COM5]:THRD.BCPRxChar. Ответ: {"KPA-1","1.05.04","5","12.01.2000,00:55:34","49563","1",{"7F9FFFCFF","1","1","NUMBER_BOARD2=Q100;01;2206;0024;01.02;92","HW_VERSION=0206","","","","1"}}

[24.01.2025 16:05:18.799][success][COM5]:THRD.ReciveAnswer. Ответ: {"KPA-1","1.05.04","5","12.01.2000,00:55:34","49563","1",{"7F9FFFCFF","1","1","NUMBER_BOARD2=Q100;01;2206;0024;01.02;92","HW_VERSION=0206","","","","1"}}

[24.01.2025 16:05:18.799][success][COM5]:THRD.ReciveAnswer. Ответ: {"KPA-1","1.05.04","5","12.01.2000,00:55:34","49563","1",{"7F9FFFCFF","1","1","NUMBER_BOARD2=Q100;01;2206;0024;01.02;92","HW_VERSION=0206","","","","1"}}

[24.01.2025 16:05:18.865][success][COM3]:Данных нет или время ожидания истекло!
[24.01.2025 16:05:18.865][success][COM3]:THRD.ReciveAnswer. Ответ: 
[24.01.2025 16:05:18.865][success][COM3]:THRD.ReciveAnswer. Ответ: 
[24.01.2025 16:05:19.050][success][COM3]:Порт закрыт!
[24.01.2025 16:05:48.919][main]Старт программы KPA-1: Голунова Наталья Николаевна. Версия ПО: 1.0.0.0.
[24.01.2025 16:05:49.025][main]Создание фрейма номер - 0 - успешно!
[24.01.2025 16:05:49.116][main]Создание фрейма номер - 1 - успешно!
[24.01.2025 16:05:49.207][main]Создание фрейма номер - 2 - успешно!
[24.01.2025 16:05:49.302][main]Создание фрейма номер - 3 - успешно!
[24.01.2025 16:05:49.396][main]Создание фрейма номер - 4 - успешно!
[24.01.2025 16:05:49.507][main]Создание фрейма номер - 5 - успешно!
[24.01.2025 16:05:49.829][success][COM1]:Порт открыт!
[24.01.2025 16:05:50.074][success][COM3]:Порт открыт!
[24.01.2025 16:05:50.185][success][COM5]:Порт открыт!
[24.01.2025 16:05:50.435][success][COM1]:Данных нет или время ожидания истекло!
[24.01.2025 16:05:50.435][success][COM1]:THRD.ReciveAnswer. Ответ: 
[24.01.2025 16:05:50.435][success][COM1]:THRD.ReciveAnswer. Ответ: 
[24.01.2025 16:05:50.476][success][COM1]:Порт закрыт!
[24.01.2025 16:05:50.663][success][COM5]:THRD.BCPRxChar. Ответ: {"KPA-1","1.05.04","5","12.01.2000,00:56:06","49563","1",{"7F9FFFCFF","1","1","NUMBER_BOARD2=Q100;01;2206;0024;01.02;92","HW_VERSION=0206","","","","1"}}

[24.01.2025 16:05:50.664][success][COM5]:THRD.ReciveAnswer. Ответ: {"KPA-1","1.05.04","5","12.01.2000,00:56:06","49563","1",{"7F9FFFCFF","1","1","NUMBER_BOARD2=Q100;01;2206;0024;01.02;92","HW_VERSION=0206","","","","1"}}

[24.01.2025 16:05:50.664][success][COM5]:THRD.ReciveAnswer. Ответ: {"KPA-1","1.05.04","5","12.01.2000,00:56:06","49563","1",{"7F9FFFCFF","1","1","NUMBER_BOARD2=Q100;01;2206;0024;01.02;92","HW_VERSION=0206","","","","1"}}

[24.01.2025 16:05:50.709][success][COM3]:Данных нет или время ожидания истекло!
[24.01.2025 16:05:50.709][success][COM3]:THRD.ReciveAnswer. Ответ: 
[24.01.2025 16:05:50.709][success][COM3]:THRD.ReciveAnswer. Ответ: 
[24.01.2025 16:05:50.884][success][COM3]:Порт закрыт!
[24.01.2025 16:06:34.573][main]Старт программы KPA-1: Голунова Наталья Николаевна. Версия ПО: 1.0.0.0.
[24.01.2025 16:06:34.689][main]Создание фрейма номер - 0 - успешно!
[24.01.2025 16:06:34.780][main]Создание фрейма номер - 1 - успешно!
[24.01.2025 16:06:34.890][main]Создание фрейма номер - 2 - успешно!
[24.01.2025 16:06:34.982][main]Создание фрейма номер - 3 - успешно!
[24.01.2025 16:06:35.090][main]Создание фрейма номер - 4 - успешно!
[24.01.2025 16:06:35.192][main]Создание фрейма номер - 5 - успешно!
[24.01.2025 16:07:41.133][main]Старт программы KPA-1: Голунова Наталья Николаевна. Версия ПО: 1.0.0.0.
[24.01.2025 16:07:41.250][main]Создание фрейма номер - 0 - успешно!
[24.01.2025 16:07:41.343][main]Создание фрейма номер - 1 - успешно!
[24.01.2025 16:07:41.455][main]Создание фрейма номер - 2 - успешно!
[24.01.2025 16:07:41.554][main]Создание фрейма номер - 3 - успешно!
[24.01.2025 16:07:41.649][main]Создание фрейма номер - 4 - успешно!
[24.01.2025 16:07:41.749][main]Создание фрейма номер - 5 - успешно!
[24.01.2025 16:08:28.999][main]Старт программы KPA-1: Голунова Наталья Николаевна. Версия ПО: 1.0.0.0.
[24.01.2025 16:08:29.099][main]Создание фрейма номер - 0 - успешно!
[24.01.2025 16:08:29.192][main]Создание фрейма номер - 1 - успешно!
[24.01.2025 16:08:29.284][main]Создание фрейма номер - 2 - успешно!
[24.01.2025 16:08:29.397][main]Создание фрейма номер - 3 - успешно!
[24.01.2025 16:08:29.487][main]Создание фрейма номер - 4 - успешно!
[24.01.2025 16:08:29.593][main]Создание фрейма номер - 5 - успешно!
[24.01.2025 16:09:46.477][main]Старт программы KPA-1: Голунова Наталья Николаевна. Версия ПО: 1.0.0.0.
[24.01.2025 16:09:46.599][main]Создание фрейма номер - 0 - успешно!
[24.01.2025 16:09:46.711][main]Создание фрейма номер - 1 - успешно!
[24.01.2025 16:09:46.795][main]Создание фрейма номер - 2 - успешно!
[24.01.2025 16:09:46.889][main]Создание фрейма номер - 3 - успешно!
[24.01.2025 16:09:46.980][main]Создание фрейма номер - 4 - успешно!
[24.01.2025 16:09:47.076][main]Создание фрейма номер - 5 - успешно!
[24.01.2025 16:10:51.065][main]Старт программы KPA-1: Голунова Наталья Николаевна. Версия ПО: 1.0.0.0.
[24.01.2025 16:10:51.161][main]Создание фрейма номер - 0 - успешно!
[24.01.2025 16:10:51.273][main]Создание фрейма номер - 1 - успешно!
[24.01.2025 16:10:51.362][main]Создание фрейма номер - 2 - успешно!
[24.01.2025 16:10:51.473][main]Создание фрейма номер - 3 - успешно!
[24.01.2025 16:10:51.564][main]Создание фрейма номер - 4 - успешно!
[24.01.2025 16:10:51.672][main]Создание фрейма номер - 5 - успешно!
[24.01.2025 16:16:34.182][main]Старт программы KPA-1: Голунова Наталья Николаевна. Версия ПО: 1.0.0.0.
[24.01.2025 16:16:34.321][main]Создание фрейма номер - 0 - успешно!
[24.01.2025 16:16:34.424][main]Создание фрейма номер - 1 - успешно!
[24.01.2025 16:16:34.520][main]Создание фрейма номер - 2 - успешно!
[24.01.2025 16:16:34.617][main]Создание фрейма номер - 3 - успешно!
[24.01.2025 16:16:34.707][main]Создание фрейма номер - 4 - успешно!
[24.01.2025 16:16:34.801][main]Создание фрейма номер - 5 - успешно!
[24.01.2025 16:16:35.125][success][COM1]:Порт открыт!
[24.01.2025 16:16:35.390][success][COM3]:Порт открыт!
[24.01.2025 16:16:35.496][success][COM5]:Порт открыт!
[24.01.2025 16:16:35.701][success][COM1]:Данных нет или время ожидания истекло!
[24.01.2025 16:16:35.701][success][COM1]:THRD.ReciveAnswer. Ответ: 
[24.01.2025 16:16:35.701][success][COM1]:THRD.ReciveAnswer. Ответ: 
[24.01.2025 16:16:35.741][success][COM1]:Порт закрыт!
[24.01.2025 16:16:35.945][success][COM3]:Данных нет или время ожидания истекло!
[24.01.2025 16:16:35.945][success][COM3]:THRD.ReciveAnswer. Ответ: 
[24.01.2025 16:16:35.945][success][COM3]:THRD.ReciveAnswer. Ответ: 
[24.01.2025 16:16:36.088][success][COM3]:Порт закрыт!
[24.01.2025 16:16:36.154][success][COM5]:THRD.BCPRxChar. Ответ: {"KPA-1","1.05.04","5","12.01.2000,01:06:51","49563","1",{"7F9FFFCFF","1","1","NUMBER_BOARD2=Q100;01;2206;0024;01.02;92","HW_VERSION=0206","","","","1"}}

[24.01.2025 16:17:19.763][main]Старт программы KPA-1: Голунова Наталья Николаевна. Версия ПО: 1.0.0.0.
[24.01.2025 16:17:19.888][main]Создание фрейма номер - 0 - успешно!
[24.01.2025 16:17:19.983][main]Создание фрейма номер - 1 - успешно!
[24.01.2025 16:17:20.094][main]Создание фрейма номер - 2 - успешно!
[24.01.2025 16:17:20.189][main]Создание фрейма номер - 3 - успешно!
[24.01.2025 16:17:20.295][main]Создание фрейма номер - 4 - успешно!
[24.01.2025 16:17:20.388][main]Создание фрейма номер - 5 - успешно!
[24.01.2025 16:17:20.712][success][COM1]:Порт открыт!
[24.01.2025 16:17:20.985][success][COM3]:Порт открыт!
[24.01.2025 16:17:21.092][success][COM5]:Порт открыт!
[24.01.2025 16:17:21.294][success][COM1]:Данных нет или время ожидания истекло!
[24.01.2025 16:17:21.294][success][COM1]:THRD.ReciveAnswer. Ответ: 
[24.01.2025 16:17:21.294][success][COM1]:THRD.ReciveAnswer. Ответ: 
[24.01.2025 16:17:21.359][success][COM1]:Порт закрыт!
[24.01.2025 16:17:21.568][success][COM5]:THRD.BCPRxChar. Ответ: {"KPA-1","1.05.04","5","12.01.2000,01:07:37","49563","1",{"7F9FFFCFF","1","1","NUMBER_BOARD2=Q100;01;2206;0024;01.02;92","HW_VERSION=0206","","","","1"}}

[24.01.2025 16:17:21.569][success][COM5]:THRD.ReciveAnswer. Ответ: {"KPA-1","1.05.04","5","12.01.2000,01:07:37","49563","1",{"7F9FFFCFF","1","1","NUMBER_BOARD2=Q100;01;2206;0024;01.02;92","HW_VERSION=0206","","","","1"}}

[24.01.2025 16:17:21.569][success][COM5]:THRD.ReciveAnswer. Ответ: {"KPA-1","1.05.04","5","12.01.2000,01:07:37","49563","1",{"7F9FFFCFF","1","1","NUMBER_BOARD2=Q100;01;2206;0024;01.02;92","HW_VERSION=0206","","","","1"}}

[24.01.2025 16:17:21.618][success][COM3]:Данных нет или время ожидания истекло!
[24.01.2025 16:17:21.618][success][COM3]:THRD.ReciveAnswer. Ответ: 
[24.01.2025 16:17:21.618][success][COM3]:THRD.ReciveAnswer. Ответ: 
[24.01.2025 16:17:21.833][success][COM3]:Порт закрыт!
[24.01.2025 16:17:22.077][success][COM5]:THRD.BCPRxChar. Ответ: "1"

[24.01.2025 16:17:49.365][main]Старт программы KPA-1: Голунова Наталья Николаевна. Версия ПО: 1.0.0.0.
[24.01.2025 16:17:49.464][main]Создание фрейма номер - 0 - успешно!
[24.01.2025 16:17:49.577][main]Создание фрейма номер - 1 - успешно!
[24.01.2025 16:17:49.669][main]Создание фрейма номер - 2 - успешно!
[24.01.2025 16:17:49.783][main]Создание фрейма номер - 3 - успешно!
[24.01.2025 16:17:49.878][main]Создание фрейма номер - 4 - успешно!
[24.01.2025 16:17:49.981][main]Создание фрейма номер - 5 - успешно!
[24.01.2025 16:17:50.316][success][COM1]:Порт открыт!
[24.01.2025 16:17:50.563][success][COM3]:Порт открыт!
[24.01.2025 16:17:50.673][success][COM5]:Порт открыт!
[24.01.2025 16:17:50.901][success][COM1]:Данных нет или время ожидания истекло!
[24.01.2025 16:17:50.901][success][COM1]:THRD.ReciveAnswer. Ответ: 
[24.01.2025 16:17:50.901][success][COM1]:THRD.ReciveAnswer. Ответ: 
[24.01.2025 16:17:50.951][success][COM1]:Порт закрыт!
[24.01.2025 16:17:51.153][success][COM5]:THRD.BCPRxChar. Ответ: {"KPA-1","1.05.04","5","12.01.2000,01:08:06","49563","1",{"7F9FFFCFF","1","1","NUMBER_BOARD2=Q100;01;2206;0024;01.02;92","HW_VERSION=0206","","","","1"}}

[24.01.2025 16:17:51.154][success][COM5]:THRD.ReciveAnswer. Ответ: {"KPA-1","1.05.04","5","12.01.2000,01:08:06","49563","1",{"7F9FFFCFF","1","1","NUMBER_BOARD2=Q100;01;2206;0024;01.02;92","HW_VERSION=0206","","","","1"}}

[24.01.2025 16:17:51.154][success][COM5]:THRD.ReciveAnswer. Ответ: {"KPA-1","1.05.04","5","12.01.2000,01:08:06","49563","1",{"7F9FFFCFF","1","1","NUMBER_BOARD2=Q100;01;2206;0024;01.02;92","HW_VERSION=0206","","","","1"}}

[24.01.2025 16:17:51.177][success][COM3]:Данных нет или время ожидания истекло!
[24.01.2025 16:17:51.177][success][COM3]:THRD.ReciveAnswer. Ответ: 
[24.01.2025 16:17:51.177][success][COM3]:THRD.ReciveAnswer. Ответ: 
[24.01.2025 16:17:51.361][success][COM3]:Порт закрыт!
[24.01.2025 16:17:51.661][success][COM5]:THRD.BCPRxChar. Ответ: "1"

[24.01.2025 16:17:51.668][success][COM5]:THRD.ReciveAnswer. Ответ: 1
[24.01.2025 16:17:51.668][success][COM5]:THRD.ReciveAnswer. Ответ: 1
[24.01.2025 16:18:30.041][main]Старт программы KPA-1: Голунова Наталья Николаевна. Версия ПО: 1.0.0.0.
[24.01.2025 16:18:30.157][main]Создание фрейма номер - 0 - успешно!
[24.01.2025 16:18:30.258][main]Создание фрейма номер - 1 - успешно!
[24.01.2025 16:18:30.356][main]Создание фрейма номер - 2 - успешно!
[24.01.2025 16:18:30.453][main]Создание фрейма номер - 3 - успешно!
[24.01.2025 16:18:30.562][main]Создание фрейма номер - 4 - успешно!
[24.01.2025 16:18:30.656][main]Создание фрейма номер - 5 - успешно!
[24.01.2025 16:18:30.991][success][COM1]:Порт открыт!
[24.01.2025 16:18:31.258][success][COM3]:Порт открыт!
[24.01.2025 16:18:31.359][success][COM5]:Порт открыт!
[24.01.2025 16:18:31.573][success][COM1]:Данных нет или время ожидания истекло!
[24.01.2025 16:18:31.573][success][COM1]:THRD.ReciveAnswer. Ответ: 
[24.01.2025 16:18:31.573][success][COM1]:THRD.ReciveAnswer. Ответ: 
[24.01.2025 16:18:31.617][success][COM1]:Порт закрыт!
[24.01.2025 16:18:31.850][success][COM5]:THRD.BCPRxChar. Ответ: {"KPA-1","1.05.04","5","12.01.2000,01:08:47","49563","1",{"7F9FFFCFF","1","1","NUMBER_BOARD2=Q100;01;2206;0024;01.02;92","HW_VERSION=0206","","","","1"}}

[24.01.2025 16:18:31.851][success][COM5]:THRD.ReciveAnswer. Ответ: {"KPA-1","1.05.04","5","12.01.2000,01:08:47","49563","1",{"7F9FFFCFF","1","1","NUMBER_BOARD2=Q100;01;2206;0024;01.02;92","HW_VERSION=0206","","","","1"}}

[24.01.2025 16:18:31.851][success][COM5]:THRD.ReciveAnswer. Ответ: {"KPA-1","1.05.04","5","12.01.2000,01:08:47","49563","1",{"7F9FFFCFF","1","1","NUMBER_BOARD2=Q100;01;2206;0024;01.02;92","HW_VERSION=0206","","","","1"}}

[24.01.2025 16:18:31.907][success][COM3]:Данных нет или время ожидания истекло!
[24.01.2025 16:18:31.907][success][COM3]:THRD.ReciveAnswer. Ответ: 
[24.01.2025 16:18:31.907][success][COM3]:THRD.ReciveAnswer. Ответ: 
[24.01.2025 16:18:32.090][success][COM3]:Порт закрыт!
[24.01.2025 16:18:32.370][success][COM5]:THRD.BCPRxChar. Ответ: "1"

[24.01.2025 16:18:32.377][success][COM5]:THRD.ReciveAnswer. Ответ: 1
[24.01.2025 16:18:32.377][success][COM5]:THRD.ReciveAnswer. Ответ: 1
[24.01.2025 16:18:35.312][main][SQL] 34259074303: select CVE1SETTINGS.enable_script from CVE1SETTINGS where(CVE1SETTINGS.id = :63
[24.01.2025 16:18:35.323][main][SQL] 02.06: select METERBOARDDICT."VERSION" from METERBOARDDICT, CVE1SETTINGS where (CVE1SETTINGS.boardtypeid = METERBOARDDICT.id) and (CVE1SETTINGS.id = 63
[24.01.2025 16:18:35.332][main][SQL] ООО "Райт Электроникс": select BOARDMANUFACTRERS.name from BOARDMANUFACTRERS where (BOARDMANUFACTRERS.id = :01
[24.01.2025 16:21:35.157][main]Старт программы KPA-1: Голунова Наталья Николаевна. Версия ПО: 1.0.0.0.
[24.01.2025 16:21:35.282][main]Создание фрейма номер - 0 - успешно!
[24.01.2025 16:21:35.380][main]Создание фрейма номер - 1 - успешно!
[24.01.2025 16:21:35.475][main]Создание фрейма номер - 2 - успешно!
[24.01.2025 16:21:35.573][main]Создание фрейма номер - 3 - успешно!
[24.01.2025 16:21:35.669][main]Создание фрейма номер - 4 - успешно!
[24.01.2025 16:21:35.765][main]Создание фрейма номер - 5 - успешно!
[24.01.2025 16:21:36.105][success][COM1]:Порт открыт!
[24.01.2025 16:21:36.405][success][COM3]:Порт открыт!
[24.01.2025 16:21:36.467][success][COM5]:Порт открыт!
[24.01.2025 16:21:36.692][success][COM1]:Данных нет или время ожидания истекло!
[24.01.2025 16:21:36.692][success][COM1]:THRD.ReciveAnswer. Ответ: 
[24.01.2025 16:21:36.692][success][COM1]:THRD.ReciveAnswer. Ответ: 
[24.01.2025 16:21:36.738][success][COM1]:Порт закрыт!
[24.01.2025 16:21:36.876][success][COM5]:THRD.BCPRxChar. Ответ: {"KPA-1","1.05.04","5","12.01.2000,01:11:52","49563","1",{"7F9FFFCFF","1","1","NUMBER_BOARD2=Q100;01;2206;0024;01.02;92","HW_VERSION=0206","","","","1"}}

[24.01.2025 16:21:36.877][success][COM5]:THRD.ReciveAnswer. Ответ: {"KPA-1","1.05.04","5","12.01.2000,01:11:52","49563","1",{"7F9FFFCFF","1","1","NUMBER_BOARD2=Q100;01;2206;0024;01.02;92","HW_VERSION=0206","","","","1"}}

[24.01.2025 16:21:36.877][success][COM5]:THRD.ReciveAnswer. Ответ: {"KPA-1","1.05.04","5","12.01.2000,01:11:52","49563","1",{"7F9FFFCFF","1","1","NUMBER_BOARD2=Q100;01;2206;0024;01.02;92","HW_VERSION=0206","","","","1"}}

[24.01.2025 16:21:36.987][success][COM3]:Данных нет или время ожидания истекло!
[24.01.2025 16:21:36.987][success][COM3]:THRD.ReciveAnswer. Ответ: 
[24.01.2025 16:21:36.987][success][COM3]:THRD.ReciveAnswer. Ответ: 
[24.01.2025 16:21:37.161][success][COM3]:Порт закрыт!
[24.01.2025 16:21:37.379][success][COM5]:THRD.BCPRxChar. Ответ: "1"

[24.01.2025 16:21:37.386][success][COM5]:THRD.ReciveAnswer. Ответ: 1
[24.01.2025 16:21:37.386][success][COM5]:THRD.ReciveAnswer. Ответ: 1
[24.01.2025 16:21:40.809][main][SQL] 34259074303: select CVE1SETTINGS.enable_script from CVE1SETTINGS where(CVE1SETTINGS.id = :63
[24.01.2025 16:21:40.818][main][SQL] 02.06: select METERBOARDDICT."VERSION" from METERBOARDDICT, CVE1SETTINGS where (CVE1SETTINGS.boardtypeid = METERBOARDDICT.id) and (CVE1SETTINGS.id = 63
[24.01.2025 16:21:40.827][main][SQL] ООО "Райт Электроникс": select BOARDMANUFACTRERS.name from BOARDMANUFACTRERS where (BOARDMANUFACTRERS.id = :01
