24.12.2024 134459.481 MainForm - FormShow - Создание фрейма номер - 0 - успешно!
24.12.2024 134459.689 MainForm - AddRich(Вкладка:0: COM1: Порт открыт!)
24.12.2024 134459.847 MainForm - FormShow - Создание фрейма номер - 1 - успешно!
24.12.2024 134500.040 MainForm - AddRich(Вкладка:0: COM1: Опрос КПА)
24.12.2024 134500.054 MainForm - AddRich(Вкладка:1: COM3: Порт открыт!)
24.12.2024 134500.100 MainForm - FormShow - Создание фрейма номер - 2 - успешно!
24.12.2024 134500.226 MainForm - FormShow - Создание фрейма номер - 3 - успешно!
24.12.2024 134500.318 MainForm - FormShow - Создание фрейма номер - 4 - успешно!
24.12.2024 134500.422 MainForm - FormShow - Создание фрейма номер - 5 - успешно!
24.12.2024 134500.504 MainForm - AddRich(Вкладка:1: COM3: Опрос КПА)
24.12.2024 134500.505 MainForm - AddRich(Вкладка:2: COM5: Порт открыт!)
24.12.2024 134500.506 MainForm - AddRich(Вкладка:2: COM5: Опрос КПА)
24.12.2024 134500.530 MainForm - AddRich(Вкладка:2: COM5: THRD.BCPRxChar. Ответ: {"KPA-1","1.05.04","5","04.01.2000,23:28:48","49560","0",{"7BFFFFC3F","1","1","","","","","","1"}}
)
24.12.2024 134500.568 MainForm - AddRich(Вкладка:2: COM5: THRD.BCPRxChar. Ответ: {"KPA-1","1.05.04","5","04.01.2000,23:28:48","49560","0",{"7BFFFFC3F","1","1","","","","","","1"}}
)
24.12.2024 134604.811 MainForm - FormShow - Создание фрейма номер - 0 - успешно!
24.12.2024 134605.013 MainForm - AddRich(Вкладка:0: COM1: Порт открыт!)
24.12.2024 134605.176 MainForm - FormShow - Создание фрейма номер - 1 - успешно!
24.12.2024 134605.356 MainForm - AddRich(Вкладка:0: COM1: Опрос КПА)
24.12.2024 134605.370 MainForm - AddRich(Вкладка:1: COM3: Порт открыт!)
24.12.2024 134605.413 MainForm - FormShow - Создание фрейма номер - 2 - успешно!
24.12.2024 134605.528 MainForm - FormShow - Создание фрейма номер - 3 - успешно!
24.12.2024 134605.617 MainForm - FormShow - Создание фрейма номер - 4 - успешно!
24.12.2024 134605.717 MainForm - FormShow - Создание фрейма номер - 5 - успешно!
24.12.2024 134605.797 MainForm - AddRich(Вкладка:1: COM3: Опрос КПА)
24.12.2024 134605.798 MainForm - AddRich(Вкладка:2: COM5: Порт открыт!)
24.12.2024 134605.799 MainForm - AddRich(Вкладка:2: COM5: Опрос КПА)
24.12.2024 134605.827 MainForm - AddRich(Вкладка:2: COM5: THRD.BCPRxChar. Ответ: {"KPA-1","1.05.04","5","04.01.2000,23:29:54","49560","0",{"7BFFFFC3F","1","1","","","","","","1"}}
)
24.12.2024 134605.857 MainForm - AddRich(Вкладка:2: COM5: THRD.BCPRxChar. Ответ: {"KPA-1","1.05.04","5","04.01.2000,23:29:54","49560","0",{"7BFFFFC3F","1","1","","","","","","1"}}
)
24.12.2024 135848.015 MainForm - FormShow - Создание фрейма номер - 0 - успешно!
24.12.2024 135848.221 MainForm - AddRich(Вкладка:0: COM1: Порт открыт!)
24.12.2024 135848.366 MainForm - FormShow - Создание фрейма номер - 1 - успешно!
24.12.2024 135848.553 MainForm - AddRich(Вкладка:0: COM1: Опрос КПА)
24.12.2024 135848.582 MainForm - AddRich(Вкладка:1: COM3: Порт открыт!)
24.12.2024 135848.637 MainForm - FormShow - Создание фрейма номер - 2 - успешно!
24.12.2024 135848.750 MainForm - FormShow - Создание фрейма номер - 3 - успешно!
24.12.2024 135848.847 MainForm - FormShow - Создание фрейма номер - 4 - успешно!
24.12.2024 135848.940 MainForm - FormShow - Создание фрейма номер - 5 - успешно!
24.12.2024 135849.024 MainForm - AddRich(Вкладка:1: COM3: Опрос КПА)
24.12.2024 135849.025 MainForm - AddRich(Вкладка:2: COM5: Порт открыт!)
24.12.2024 135849.026 MainForm - AddRich(Вкладка:2: COM5: Опрос КПА)
24.12.2024 135849.051 MainForm - AddRich(Вкладка:2: COM5: THRD.BCPRxChar. Ответ: {"KPA-1","1.05.04","5","04.01.2000,23:42:37","49560","0",{"7BFFFFC3F","1","1","","","","","","1"}}
)
24.12.2024 135849.083 MainForm - AddRich(Вкладка:2: COM5: THRD.BCPRxChar. Ответ: {"KPA-1","1.05.04","5","04.01.2000,23:42:37","49560","0",{"7BFFFFC3F","1","1","","","","","","1"}}
)
