[29.01.2025 14:41:35.643][main]Старт программы KPA-1: Голунова Наталья Николаевна. Версия ПО: 1.0.0.0.
[29.01.2025 14:41:35.724][main]Создание фрейма номер - 0 - успешно!
[29.01.2025 14:41:35.817][main]Создание фрейма номер - 1 - успешно!
[29.01.2025 14:41:35.892][main]Создание фрейма номер - 2 - успешно!
[29.01.2025 14:41:35.972][main]Создание фрейма номер - 3 - успешно!
[29.01.2025 14:41:36.046][main]Создание фрейма номер - 4 - успешно!
[29.01.2025 14:41:36.120][main]Создание фрейма номер - 5 - успешно!
[29.01.2025 14:41:36.439][success][COM1]:Порт открыт!
[29.01.2025 14:41:36.711][success][COM3]:Порт открыт!
[29.01.2025 14:41:36.790][success][COM5]:Порт открыт!
[29.01.2025 14:41:37.454][success][COM1]:Опрос КПА
[29.01.2025 14:41:37.528][success][COM1]:Данных нет или время ожидания истекло!
[29.01.2025 14:41:37.528][success][COM1]:THRD.ReciveAnswer. Ответ: 
[29.01.2025 14:41:37.529][success][COM1]:THRD.ReciveAnswer. Ответ: 
[29.01.2025 14:41:37.566][success][COM1]:Порт закрыт!
[29.01.2025 14:41:37.720][success][COM3]:Опрос КПА
[29.01.2025 14:41:37.789][success][COM3]:Данных нет или время ожидания истекло!
[29.01.2025 14:41:37.789][success][COM3]:THRD.ReciveAnswer. Ответ: 
[29.01.2025 14:41:37.789][success][COM3]:THRD.ReciveAnswer. Ответ: 
[29.01.2025 14:41:37.809][success][COM5]:Опрос КПА
[29.01.2025 14:41:37.956][success][COM3]:Порт закрыт!
[29.01.2025 14:41:37.958][success][COM5]:THRD.BCPRxChar. Ответ: {"KPA-1","1.05.04","5","16.01.2000,23:34:00","49565","1",{"7F9FFFCFF","1","1","NUMBER_BOARD2=Q100;01;2206;0024;01.02;92","HW_VERSION=0206","","","","0"}}

[29.01.2025 14:41:37.958][success][COM5]:THRD.ReciveAnswer. Ответ: {"KPA-1","1.05.04","5","16.01.2000,23:34:00","49565","1",{"7F9FFFCFF","1","1","NUMBER_BOARD2=Q100;01;2206;0024;01.02;92","HW_VERSION=0206","","","","0"}}

[29.01.2025 14:41:37.958][success][COM5]:THRD.ReciveAnswer. Ответ: {"KPA-1","1.05.04","5","16.01.2000,23:34:00","49565","1",{"7F9FFFCFF","1","1","NUMBER_BOARD2=Q100;01;2206;0024;01.02;92","HW_VERSION=0206","","","","0"}}

[29.01.2025 14:41:37.974][main][SQL] 25: select STANDID from STAND where STANDNUM = 5
[29.01.2025 14:41:37.975][success][COM5]:THRD.ReciveAnswer. Ответ: {"KPA-1","1.05.04","5","16.01.2000,23:34:00","49565","1",{"7F9FFFCFF","1","1","NUMBER_BOARD2=Q100;01;2206;0024;01.02;92","HW_VERSION=0206","","","","0"}}

[29.01.2025 14:41:39.010][main][SQL] 25: select STANDID from STAND where STANDNUM = 5
[29.01.2025 14:41:39.012][success][COM5]:THRD.BCPRxChar. Ответ: "1"

[29.01.2025 14:41:39.023][main][SQL] 25: select STANDID from STAND where STANDNUM = 5
[29.01.2025 14:41:39.023][success][COM5]:THRD.ReciveAnswer. Ответ: 1
[29.01.2025 14:41:39.033][main][SQL] 25: select STANDID from STAND where STANDNUM = 5
[29.01.2025 14:41:39.033][success][COM5]:THRD.ReciveAnswer. Ответ: 1
[29.01.2025 14:41:39.043][main][SQL] 25: select STANDID from STAND where STANDNUM = 5
[29.01.2025 14:41:39.047][success][COM5]:Плата вставлена и проверка не начата.
[29.01.2025 14:41:40.082][main][SQL] 25: select STANDID from STAND where STANDNUM = 5
[29.01.2025 14:41:40.085][success][COM5]:THRD.BCPRxChar. Ответ: "1"

[29.01.2025 14:41:40.095][main][SQL] 25: select STANDID from STAND where STANDNUM = 5
[29.01.2025 14:41:40.095][success][COM5]:THRD.ReciveAnswer. Ответ: 1
[29.01.2025 14:41:40.106][main][SQL] 25: select STANDID from STAND where STANDNUM = 5
[29.01.2025 14:41:40.106][success][COM5]:THRD.ReciveAnswer. Ответ: 1
[29.01.2025 14:41:40.115][main][SQL] 25: select STANDID from STAND where STANDNUM = 5
[29.01.2025 14:41:40.117][success][COM5]:Плата вставлена и проверка не начата.
[29.01.2025 14:41:41.161][main][SQL] 25: select STANDID from STAND where STANDNUM = 5
[29.01.2025 14:41:41.163][success][COM5]:THRD.BCPRxChar. Ответ: "1"

[29.01.2025 14:41:41.176][main][SQL] 25: select STANDID from STAND where STANDNUM = 5
[29.01.2025 14:41:41.177][success][COM5]:THRD.ReciveAnswer. Ответ: 1
[29.01.2025 14:41:41.188][main][SQL] 25: select STANDID from STAND where STANDNUM = 5
[29.01.2025 14:41:41.189][success][COM5]:THRD.ReciveAnswer. Ответ: 1
[29.01.2025 14:41:41.199][main][SQL] 25: select STANDID from STAND where STANDNUM = 5
[29.01.2025 14:41:41.201][success][COM5]:Плата вставлена и проверка не начата.
[29.01.2025 14:41:42.246][main][SQL] 25: select STANDID from STAND where STANDNUM = 5
[29.01.2025 14:41:42.248][success][COM5]:THRD.BCPRxChar. Ответ: "1"

[29.01.2025 14:41:42.260][main][SQL] 25: select STANDID from STAND where STANDNUM = 5
[29.01.2025 14:41:42.260][success][COM5]:THRD.ReciveAnswer. Ответ: 1
[29.01.2025 14:41:42.272][main][SQL] 25: select STANDID from STAND where STANDNUM = 5
[29.01.2025 14:41:42.273][success][COM5]:THRD.ReciveAnswer. Ответ: 1
[29.01.2025 14:41:42.284][main][SQL] 25: select STANDID from STAND where STANDNUM = 5
[29.01.2025 14:41:42.286][success][COM5]:Плата вставлена и проверка не начата.
[29.01.2025 14:41:43.328][main][SQL] 25: select STANDID from STAND where STANDNUM = 5
[29.01.2025 14:41:43.329][success][COM5]:THRD.BCPRxChar. Ответ: "1"

[29.01.2025 14:41:43.344][main][SQL] 25: select STANDID from STAND where STANDNUM = 5
[29.01.2025 14:41:43.344][success][COM5]:THRD.ReciveAnswer. Ответ: 1
[29.01.2025 14:41:43.357][main][SQL] 25: select STANDID from STAND where STANDNUM = 5
[29.01.2025 14:41:43.358][success][COM5]:THRD.ReciveAnswer. Ответ: 1
[29.01.2025 14:41:43.371][main][SQL] 25: select STANDID from STAND where STANDNUM = 5
[29.01.2025 14:41:43.374][success][COM5]:Плата вставлена и проверка не начата.
[29.01.2025 14:41:44.418][main][SQL] 25: select STANDID from STAND where STANDNUM = 5
[29.01.2025 14:41:44.420][success][COM5]:THRD.BCPRxChar. Ответ: "1"

[29.01.2025 14:41:44.435][main][SQL] 25: select STANDID from STAND where STANDNUM = 5
[29.01.2025 14:41:44.436][success][COM5]:THRD.ReciveAnswer. Ответ: 1
[29.01.2025 14:41:44.450][main][SQL] 25: select STANDID from STAND where STANDNUM = 5
[29.01.2025 14:41:44.450][success][COM5]:THRD.ReciveAnswer. Ответ: 1
[29.01.2025 14:41:44.464][main][SQL] 25: select STANDID from STAND where STANDNUM = 5
[29.01.2025 14:41:44.465][success][COM5]:Плата вставлена и проверка не начата.
[29.01.2025 14:41:45.520][main][SQL] 25: select STANDID from STAND where STANDNUM = 5
[29.01.2025 14:41:45.522][success][COM5]:THRD.BCPRxChar. Ответ: "1"

[29.01.2025 14:41:45.538][main][SQL] 25: select STANDID from STAND where STANDNUM = 5
[29.01.2025 14:41:45.538][success][COM5]:THRD.ReciveAnswer. Ответ: 1
[29.01.2025 14:41:45.553][main][SQL] 25: select STANDID from STAND where STANDNUM = 5
[29.01.2025 14:41:45.554][success][COM5]:THRD.ReciveAnswer. Ответ: 1
[29.01.2025 14:41:45.568][main][SQL] 25: select STANDID from STAND where STANDNUM = 5
[29.01.2025 14:41:45.570][success][COM5]:Плата вставлена и проверка не начата.
[29.01.2025 14:41:46.622][main][SQL] 25: select STANDID from STAND where STANDNUM = 5
[29.01.2025 14:41:46.624][success][COM5]:THRD.BCPRxChar. Ответ: "1"

[29.01.2025 14:41:46.643][main][SQL] 25: select STANDID from STAND where STANDNUM = 5
[29.01.2025 14:41:46.644][success][COM5]:THRD.ReciveAnswer. Ответ: 1
[29.01.2025 14:41:46.660][main][SQL] 25: select STANDID from STAND where STANDNUM = 5
[29.01.2025 14:41:46.661][success][COM5]:THRD.ReciveAnswer. Ответ: 1
[29.01.2025 14:41:46.676][main][SQL] 25: select STANDID from STAND where STANDNUM = 5
[29.01.2025 14:41:46.678][success][COM5]:Плата вставлена и проверка не начата.
[29.01.2025 14:41:47.720][main][SQL] 25: select STANDID from STAND where STANDNUM = 5
[29.01.2025 14:41:47.721][success][COM5]:THRD.BCPRxChar. Ответ: "1"

[29.01.2025 14:41:47.738][main][SQL] 25: select STANDID from STAND where STANDNUM = 5
[29.01.2025 14:41:47.739][success][COM5]:THRD.ReciveAnswer. Ответ: 1
[29.01.2025 14:41:47.755][main][SQL] 25: select STANDID from STAND where STANDNUM = 5
[29.01.2025 14:41:47.755][success][COM5]:THRD.ReciveAnswer. Ответ: 1
[29.01.2025 14:41:47.771][main][SQL] 25: select STANDID from STAND where STANDNUM = 5
[29.01.2025 14:41:47.773][success][COM5]:Плата вставлена и проверка не начата.
[29.01.2025 14:41:48.818][main][SQL] 25: select STANDID from STAND where STANDNUM = 5
[29.01.2025 14:41:48.820][success][COM5]:THRD.BCPRxChar. Ответ: "1"

[29.01.2025 14:41:48.839][main][SQL] 25: select STANDID from STAND where STANDNUM = 5
[29.01.2025 14:41:48.840][success][COM5]:THRD.ReciveAnswer. Ответ: 1
[29.01.2025 14:41:48.857][main][SQL] 25: select STANDID from STAND where STANDNUM = 5
[29.01.2025 14:41:48.858][success][COM5]:THRD.ReciveAnswer. Ответ: 1
[29.01.2025 14:41:48.875][main][SQL] 25: select STANDID from STAND where STANDNUM = 5
[29.01.2025 14:41:48.877][success][COM5]:Плата вставлена и проверка не начата.
[29.01.2025 14:41:49.933][main][SQL] 25: select STANDID from STAND where STANDNUM = 5
[29.01.2025 14:41:49.934][success][COM5]:THRD.BCPRxChar. Ответ: "1"

[29.01.2025 14:41:49.954][main][SQL] 25: select STANDID from STAND where STANDNUM = 5
[29.01.2025 14:41:49.955][success][COM5]:THRD.ReciveAnswer. Ответ: 1
[29.01.2025 14:41:49.972][main][SQL] 25: select STANDID from STAND where STANDNUM = 5
[29.01.2025 14:41:49.973][success][COM5]:THRD.ReciveAnswer. Ответ: 1
[29.01.2025 14:41:49.992][main][SQL] 25: select STANDID from STAND where STANDNUM = 5
[29.01.2025 14:41:49.994][success][COM5]:Плата вставлена и проверка не начата.
[29.01.2025 14:41:51.046][main][SQL] 25: select STANDID from STAND where STANDNUM = 5
[29.01.2025 14:41:51.048][success][COM5]:THRD.BCPRxChar. Ответ: "1"

[29.01.2025 14:41:51.067][main][SQL] 25: select STANDID from STAND where STANDNUM = 5
[29.01.2025 14:41:51.067][success][COM5]:THRD.ReciveAnswer. Ответ: 1
[29.01.2025 14:41:51.087][main][SQL] 25: select STANDID from STAND where STANDNUM = 5
[29.01.2025 14:41:51.087][success][COM5]:THRD.ReciveAnswer. Ответ: 1
[29.01.2025 14:41:51.107][main][SQL] 25: select STANDID from STAND where STANDNUM = 5
[29.01.2025 14:41:51.108][success][COM5]:Плата вставлена и проверка не начата.
[29.01.2025 14:41:52.164][main][SQL] 25: select STANDID from STAND where STANDNUM = 5
[29.01.2025 14:41:52.166][success][COM5]:THRD.BCPRxChar. Ответ: "1"

[29.01.2025 14:41:52.190][main][SQL] 25: select STANDID from STAND where STANDNUM = 5
[29.01.2025 14:41:52.190][success][COM5]:THRD.ReciveAnswer. Ответ: 1
[29.01.2025 14:41:52.212][main][SQL] 25: select STANDID from STAND where STANDNUM = 5
[29.01.2025 14:41:52.212][success][COM5]:THRD.ReciveAnswer. Ответ: 1
[29.01.2025 14:41:52.233][main][SQL] 25: select STANDID from STAND where STANDNUM = 5
[29.01.2025 14:41:52.235][success][COM5]:Плата вставлена и проверка не начата.
[29.01.2025 14:41:53.281][main][SQL] 25: select STANDID from STAND where STANDNUM = 5
[29.01.2025 14:41:53.284][success][COM5]:THRD.BCPRxChar. Ответ: "1"

[29.01.2025 14:41:53.306][main][SQL] 25: select STANDID from STAND where STANDNUM = 5
[29.01.2025 14:41:53.307][success][COM5]:THRD.ReciveAnswer. Ответ: 1
[29.01.2025 14:41:53.327][main][SQL] 25: select STANDID from STAND where STANDNUM = 5
[29.01.2025 14:41:53.327][success][COM5]:THRD.ReciveAnswer. Ответ: 1
[29.01.2025 14:41:53.347][main][SQL] 25: select STANDID from STAND where STANDNUM = 5
[29.01.2025 14:41:53.349][success][COM5]:Плата вставлена и проверка не начата.
[29.01.2025 14:41:54.407][main][SQL] 25: select STANDID from STAND where STANDNUM = 5
[29.01.2025 14:41:54.410][success][COM5]:THRD.BCPRxChar. Ответ: "1"

[29.01.2025 14:41:54.430][main][SQL] 25: select STANDID from STAND where STANDNUM = 5
[29.01.2025 14:41:54.431][success][COM5]:THRD.ReciveAnswer. Ответ: 1
[29.01.2025 14:41:54.454][main][SQL] 25: select STANDID from STAND where STANDNUM = 5
[29.01.2025 14:41:54.455][success][COM5]:THRD.ReciveAnswer. Ответ: 1
[29.01.2025 14:41:54.477][main][SQL] 25: select STANDID from STAND where STANDNUM = 5
[29.01.2025 14:41:54.479][success][COM5]:Плата вставлена и проверка не начата.
[29.01.2025 14:41:55.526][main][SQL] 25: select STANDID from STAND where STANDNUM = 5
[29.01.2025 14:41:55.533][success][COM5]:THRD.BCPRxChar. Ответ: "1"

[29.01.2025 14:41:55.557][main][SQL] 25: select STANDID from STAND where STANDNUM = 5
[29.01.2025 14:41:55.557][success][COM5]:THRD.ReciveAnswer. Ответ: 1
[29.01.2025 14:41:55.579][main][SQL] 25: select STANDID from STAND where STANDNUM = 5
[29.01.2025 14:41:55.579][success][COM5]:THRD.ReciveAnswer. Ответ: 1
[29.01.2025 14:41:55.601][main][SQL] 25: select STANDID from STAND where STANDNUM = 5
[29.01.2025 14:41:55.606][success][COM5]:Плата вставлена и проверка не начата.
[29.01.2025 14:41:56.657][main][SQL] 25: select STANDID from STAND where STANDNUM = 5
[29.01.2025 14:41:56.663][success][COM5]:THRD.BCPRxChar. Ответ: "1"

[29.01.2025 14:41:56.688][main][SQL] 25: select STANDID from STAND where STANDNUM = 5
[29.01.2025 14:41:56.688][success][COM5]:THRD.ReciveAnswer. Ответ: 1
[29.01.2025 14:41:56.720][main][SQL] 25: select STANDID from STAND where STANDNUM = 5
[29.01.2025 14:41:56.720][success][COM5]:THRD.ReciveAnswer. Ответ: 1
[29.01.2025 14:41:56.743][main][SQL] 25: select STANDID from STAND where STANDNUM = 5
[29.01.2025 14:41:56.748][success][COM5]:Плата вставлена и проверка не начата.
[29.01.2025 14:41:57.805][main][SQL] 25: select STANDID from STAND where STANDNUM = 5
[29.01.2025 14:41:57.810][success][COM5]:THRD.BCPRxChar. Ответ: "1"

[29.01.2025 14:41:57.834][main][SQL] 25: select STANDID from STAND where STANDNUM = 5
[29.01.2025 14:41:57.835][success][COM5]:THRD.ReciveAnswer. Ответ: 1
[29.01.2025 14:41:57.860][main][SQL] 25: select STANDID from STAND where STANDNUM = 5
[29.01.2025 14:41:57.860][success][COM5]:THRD.ReciveAnswer. Ответ: 1
[29.01.2025 14:41:57.885][main][SQL] 25: select STANDID from STAND where STANDNUM = 5
[29.01.2025 14:41:57.890][success][COM5]:Плата вставлена и проверка не начата.
[29.01.2025 14:41:58.949][main][SQL] 25: select STANDID from STAND where STANDNUM = 5
[29.01.2025 14:41:58.951][success][COM5]:THRD.BCPRxChar. Ответ: "1"

[29.01.2025 14:41:58.976][main][SQL] 25: select STANDID from STAND where STANDNUM = 5
[29.01.2025 14:41:58.976][success][COM5]:THRD.ReciveAnswer. Ответ: 1
[29.01.2025 14:41:59.001][main][SQL] 25: select STANDID from STAND where STANDNUM = 5
[29.01.2025 14:41:59.001][success][COM5]:THRD.ReciveAnswer. Ответ: 1
[29.01.2025 14:41:59.026][main][SQL] 25: select STANDID from STAND where STANDNUM = 5
[29.01.2025 14:41:59.027][success][COM5]:Плата вставлена и проверка не начата.
[29.01.2025 14:41:59.041][main][SQL] 34259074303: select CVE1SETTINGS.enable_script from CVE1SETTINGS where(CVE1SETTINGS.id = 63
[29.01.2025 14:41:59.055][main][SQL] 02.06: select METERBOARDDICT."VERSION" from METERBOARDDICT, CVE1SETTINGS where (CVE1SETTINGS.boardtypeid = METERBOARDDICT.id) and (CVE1SETTINGS.id = 63
[29.01.2025 14:41:59.061][main][SQL] ООО "Райт Электроникс": select BOARDMANUFACTRERS.name from BOARDMANUFACTRERS where (BOARDMANUFACTRERS.id = :01
[29.01.2025 14:42:00.080][main][SQL] 25: select STANDID from STAND where STANDNUM = 5
[29.01.2025 14:42:00.082][success][COM5]:THRD.BCPRxChar. Ответ: "1"

[29.01.2025 14:42:00.108][main][SQL] 25: select STANDID from STAND where STANDNUM = 5
[29.01.2025 14:42:00.108][success][COM5]:THRD.ReciveAnswer. Ответ: 1
[29.01.2025 14:42:00.136][main][SQL] 25: select STANDID from STAND where STANDNUM = 5
[29.01.2025 14:42:00.137][success][COM5]:THRD.ReciveAnswer. Ответ: 1
[29.01.2025 14:42:00.162][main][SQL] 25: select STANDID from STAND where STANDNUM = 5
[29.01.2025 14:42:00.164][success][COM5]:Плата вставлена и проверка не начата.
[29.01.2025 14:42:01.229][main][SQL] 25: select STANDID from STAND where STANDNUM = 5
[29.01.2025 14:42:01.232][success][COM5]:THRD.BCPRxChar. Ответ: "1"

[29.01.2025 14:42:01.259][main][SQL] 25: select STANDID from STAND where STANDNUM = 5
[29.01.2025 14:42:01.260][success][COM5]:THRD.ReciveAnswer. Ответ: 1
[29.01.2025 14:42:01.286][main][SQL] 25: select STANDID from STAND where STANDNUM = 5
[29.01.2025 14:42:01.286][success][COM5]:THRD.ReciveAnswer. Ответ: 1
[29.01.2025 14:42:01.317][main][SQL] 25: select STANDID from STAND where STANDNUM = 5
[29.01.2025 14:42:01.319][success][COM5]:Плата вставлена и проверка не начата.
[29.01.2025 14:42:02.353][main][SQL] 25: select STANDID from STAND where STANDNUM = 5
[29.01.2025 14:42:02.355][success][COM5]:Опрос параметров КПА
[29.01.2025 14:42:02.440][main][SQL] 25: select STANDID from STAND where STANDNUM = 5
[29.01.2025 14:42:02.442][success][COM5]:THRD.BCPRxChar. Ответ: {"7F9FFFCFF","1","1","NUMBER_BOARD2=Q100;01;2206;0024;01.02;92","HW_VERSION=0206","","","","0"}

[29.01.2025 14:42:02.470][main][SQL] 25: select STANDID from STAND where STANDNUM = 5
[29.01.2025 14:42:02.470][success][COM5]:THRD.ReciveAnswer. Ответ: {"7F9FFFCFF","1","1","NUMBER_BOARD2=Q100;01;2206;0024;01.02;92","HW_VERSION=0206","","","","0"}

[29.01.2025 14:42:02.497][main][SQL] 25: select STANDID from STAND where STANDNUM = 5
[29.01.2025 14:42:02.498][success][COM5]:THRD.ReciveAnswer. Ответ: {"7F9FFFCFF","1","1","NUMBER_BOARD2=Q100;01;2206;0024;01.02;92","HW_VERSION=0206","","","","0"}

[29.01.2025 14:42:03.551][main][SQL] 25: select STANDID from STAND where STANDNUM = 5
[29.01.2025 14:42:03.554][success][COM5]:Старт проверки
[29.01.2025 14:42:03.607][main][SQL] 25: select STANDID from STAND where STANDNUM = 5
[29.01.2025 14:42:03.609][success][COM5]:THRD.BCPRxChar. Ответ: OK

[29.01.2025 14:42:03.640][main][SQL] 25: select STANDID from STAND where STANDNUM = 5
[29.01.2025 14:42:03.640][success][COM5]:THRD.ReciveAnswer. Ответ: OK

[29.01.2025 14:42:03.669][main][SQL] 25: select STANDID from STAND where STANDNUM = 5
[29.01.2025 14:42:03.669][success][COM5]:THRD.ReciveAnswer. Ответ: OK

[29.01.2025 14:42:04.735][main][SQL] 25: select STANDID from STAND where STANDNUM = 5
[29.01.2025 14:42:04.738][success][COM5]:THRD.BCPRxChar. Ответ: "2"

[29.01.2025 14:42:04.769][main][SQL] 25: select STANDID from STAND where STANDNUM = 5
[29.01.2025 14:42:04.769][success][COM5]:THRD.ReciveAnswer. Ответ: 2
[29.01.2025 14:42:04.798][main][SQL] 25: select STANDID from STAND where STANDNUM = 5
[29.01.2025 14:42:04.798][success][COM5]:THRD.ReciveAnswer. Ответ: 2
[29.01.2025 14:42:04.827][main][SQL] 25: select STANDID from STAND where STANDNUM = 5
[29.01.2025 14:42:04.830][success][COM5]:Скрипт без оператора.
[29.01.2025 14:42:05.886][main][SQL] 25: select STANDID from STAND where STANDNUM = 5
[29.01.2025 14:42:05.889][success][COM5]:THRD.BCPRxChar. Ответ: "2"

[29.01.2025 14:42:05.920][main][SQL] 25: select STANDID from STAND where STANDNUM = 5
[29.01.2025 14:42:05.921][success][COM5]:THRD.ReciveAnswer. Ответ: 2
[29.01.2025 14:42:05.950][main][SQL] 25: select STANDID from STAND where STANDNUM = 5
[29.01.2025 14:42:05.950][success][COM5]:THRD.ReciveAnswer. Ответ: 2
[29.01.2025 14:42:05.979][main][SQL] 25: select STANDID from STAND where STANDNUM = 5
[29.01.2025 14:42:05.981][success][COM5]:Скрипт без оператора.
[29.01.2025 14:42:07.048][main][SQL] 25: select STANDID from STAND where STANDNUM = 5
[29.01.2025 14:42:07.050][success][COM5]:THRD.BCPRxChar. Ответ: "2"

[29.01.2025 14:42:07.081][main][SQL] 25: select STANDID from STAND where STANDNUM = 5
[29.01.2025 14:42:07.082][success][COM5]:THRD.ReciveAnswer. Ответ: 2
[29.01.2025 14:42:07.114][main][SQL] 25: select STANDID from STAND where STANDNUM = 5
[29.01.2025 14:42:07.114][success][COM5]:THRD.ReciveAnswer. Ответ: 2
[29.01.2025 14:42:07.148][main][SQL] 25: select STANDID from STAND where STANDNUM = 5
[29.01.2025 14:42:07.150][success][COM5]:Скрипт без оператора.
[29.01.2025 14:42:08.213][main][SQL] 25: select STANDID from STAND where STANDNUM = 5
[29.01.2025 14:42:08.215][success][COM5]:THRD.BCPRxChar. Ответ: "7"

[29.01.2025 14:42:08.248][main][SQL] 25: select STANDID from STAND where STANDNUM = 5
[29.01.2025 14:42:08.249][success][COM5]:THRD.ReciveAnswer. Ответ: 7
[29.01.2025 14:42:08.281][main][SQL] 25: select STANDID from STAND where STANDNUM = 5
[29.01.2025 14:42:08.281][success][COM5]:THRD.ReciveAnswer. Ответ: 7
[29.01.2025 14:42:08.312][main][SQL] 25: select STANDID from STAND where STANDNUM = 5
[29.01.2025 14:42:08.315][success][COM5]:Плата не прошла проверку.
[29.01.2025 14:42:48.961][main]Старт программы KPA-1: Голунова Наталья Николаевна. Версия ПО: 1.0.0.0.
[29.01.2025 14:42:49.046][main]Создание фрейма номер - 0 - успешно!
[29.01.2025 14:42:49.127][main]Создание фрейма номер - 1 - успешно!
[29.01.2025 14:42:49.221][main]Создание фрейма номер - 2 - успешно!
[29.01.2025 14:42:49.297][main]Создание фрейма номер - 3 - успешно!
[29.01.2025 14:42:49.377][main]Создание фрейма номер - 4 - успешно!
[29.01.2025 14:42:49.459][main]Создание фрейма номер - 5 - успешно!
[29.01.2025 14:42:49.751][success][COM1]:Порт открыт!
[29.01.2025 14:42:50.057][success][COM3]:Порт открыт!
[29.01.2025 14:42:50.088][success][COM5]:Порт открыт!
[29.01.2025 14:42:50.757][success][COM1]:Опрос КПА
[29.01.2025 14:42:50.829][success][COM1]:Данных нет или время ожидания истекло!
[29.01.2025 14:42:50.829][success][COM1]:THRD.ReciveAnswer. Ответ: 
[29.01.2025 14:42:50.829][success][COM1]:THRD.ReciveAnswer. Ответ: 
[29.01.2025 14:42:50.872][success][COM1]:Порт закрыт!
[29.01.2025 14:42:51.070][success][COM3]:Опрос КПА
[29.01.2025 14:42:51.102][success][COM5]:Опрос КПА
[29.01.2025 14:42:51.148][success][COM5]:THRD.BCPRxChar. Ответ: {"KPA-1","1.05.04","5","16.01.2000,23:35:14","49565","7",{"7F9FFFCFF","1","1","NUMBER_BOARD2=Q100;01;2206;0024;01.02;92","HW_VERSION=0206","","","","0"}}

[29.01.2025 14:42:51.150][success][COM5]:THRD.ReciveAnswer. Ответ: {"KPA-1","1.05.04","5","16.01.2000,23:35:14","49565","7",{"7F9FFFCFF","1","1","NUMBER_BOARD2=Q100;01;2206;0024;01.02;92","HW_VERSION=0206","","","","0"}}

[29.01.2025 14:42:51.150][success][COM5]:THRD.ReciveAnswer. Ответ: {"KPA-1","1.05.04","5","16.01.2000,23:35:14","49565","7",{"7F9FFFCFF","1","1","NUMBER_BOARD2=Q100;01;2206;0024;01.02;92","HW_VERSION=0206","","","","0"}}

[29.01.2025 14:42:51.167][main][SQL] 25: select STANDID from STAND where STANDNUM = 5
[29.01.2025 14:42:51.167][success][COM5]:THRD.ReciveAnswer. Ответ: {"KPA-1","1.05.04","5","16.01.2000,23:35:14","49565","7",{"7F9FFFCFF","1","1","NUMBER_BOARD2=Q100;01;2206;0024;01.02;92","HW_VERSION=0206","","","","0"}}

[29.01.2025 14:42:51.182][success][COM3]:Данных нет или время ожидания истекло!
[29.01.2025 14:42:51.183][success][COM3]:THRD.ReciveAnswer. Ответ: 
[29.01.2025 14:42:51.183][success][COM3]:THRD.ReciveAnswer. Ответ: 
[29.01.2025 14:42:51.325][success][COM3]:Порт закрыт!
[29.01.2025 14:42:52.212][main][SQL] 25: select STANDID from STAND where STANDNUM = 5
[29.01.2025 14:42:52.214][success][COM5]:THRD.BCPRxChar. Ответ: "7"

[29.01.2025 14:42:52.224][main][SQL] 25: select STANDID from STAND where STANDNUM = 5
[29.01.2025 14:42:52.224][success][COM5]:THRD.ReciveAnswer. Ответ: 7
[29.01.2025 14:42:52.233][main][SQL] 25: select STANDID from STAND where STANDNUM = 5
[29.01.2025 14:42:52.234][success][COM5]:THRD.ReciveAnswer. Ответ: 7
[29.01.2025 14:42:52.244][main][SQL] 25: select STANDID from STAND where STANDNUM = 5
[29.01.2025 14:42:52.247][success][COM5]:Плата не прошла проверку.
[29.01.2025 14:42:53.272][main][SQL] 25: select STANDID from STAND where STANDNUM = 5
[29.01.2025 14:42:53.274][success][COM5]:GetStatusScript
[29.01.2025 15:11:47.365][main]Старт программы KPA-1: Голунова Наталья Николаевна. Версия ПО: 1.0.0.0.
[29.01.2025 15:11:47.458][main]Создание фрейма номер - 0 - успешно!
[29.01.2025 15:11:47.550][main]Создание фрейма номер - 1 - успешно!
[29.01.2025 15:11:47.632][main]Создание фрейма номер - 2 - успешно!
[29.01.2025 15:11:47.712][main]Создание фрейма номер - 3 - успешно!
[29.01.2025 15:11:47.797][main]Создание фрейма номер - 4 - успешно!
[29.01.2025 15:11:47.892][main]Создание фрейма номер - 5 - успешно!
[29.01.2025 15:11:48.179][success][COM1]:Порт открыт!
[29.01.2025 15:11:48.438][success][COM3]:Порт открыт!
[29.01.2025 15:11:48.520][success][COM5]:Порт открыт!
[29.01.2025 15:11:49.179][success][COM1]:Опрос КПА
[29.01.2025 15:11:49.252][success][COM1]:Данных нет или время ожидания истекло!
[29.01.2025 15:11:49.252][success][COM1]:THRD.ReciveAnswer. Ответ: 
[29.01.2025 15:11:49.252][success][COM1]:THRD.ReciveAnswer. Ответ: 
[29.01.2025 15:11:49.295][success][COM1]:Порт закрыт!
[29.01.2025 15:11:49.448][success][COM3]:Опрос КПА
[29.01.2025 15:11:49.524][success][COM3]:Данных нет или время ожидания истекло!
[29.01.2025 15:11:49.524][success][COM3]:THRD.ReciveAnswer. Ответ: 
[29.01.2025 15:11:49.524][success][COM3]:THRD.ReciveAnswer. Ответ: 
[29.01.2025 15:11:49.543][success][COM5]:Опрос КПА
[29.01.2025 15:11:49.680][success][COM3]:Порт закрыт!
[29.01.2025 15:11:49.682][success][COM5]:THRD.BCPRxChar. Ответ: {"KPA-1","1.05.04","5","17.01.2000,00:04:13","49565","7",{"7F9FFFCFF","1","1","NUMBER_BOARD2=Q100;01;2206;0024;01.02;92","HW_VERSION=0206","","","","0"}}

[29.01.2025 15:11:49.684][success][COM5]:THRD.ReciveAnswer. Ответ: {"KPA-1","1.05.04","5","17.01.2000,00:04:13","49565","7",{"7F9FFFCFF","1","1","NUMBER_BOARD2=Q100;01;2206;0024;01.02;92","HW_VERSION=0206","","","","0"}}

[29.01.2025 15:11:49.684][success][COM5]:THRD.ReciveAnswer. Ответ: {"KPA-1","1.05.04","5","17.01.2000,00:04:13","49565","7",{"7F9FFFCFF","1","1","NUMBER_BOARD2=Q100;01;2206;0024;01.02;92","HW_VERSION=0206","","","","0"}}

[29.01.2025 15:11:49.701][main][SQL] 25: select STANDID from STAND where STANDNUM = 5
[29.01.2025 15:11:49.702][success][COM5]:THRD.ReciveAnswer. Ответ: {"KPA-1","1.05.04","5","17.01.2000,00:04:13","49565","7",{"7F9FFFCFF","1","1","NUMBER_BOARD2=Q100;01;2206;0024;01.02;92","HW_VERSION=0206","","","","0"}}

[29.01.2025 15:11:50.748][main][SQL] 25: select STANDID from STAND where STANDNUM = 5
[29.01.2025 15:11:50.749][success][COM5]:THRD.BCPRxChar. Ответ: "7"

[29.01.2025 15:11:50.759][main][SQL] 25: select STANDID from STAND where STANDNUM = 5
[29.01.2025 15:11:50.760][success][COM5]:THRD.ReciveAnswer. Ответ: 7
[29.01.2025 15:11:50.769][main][SQL] 25: select STANDID from STAND where STANDNUM = 5
[29.01.2025 15:11:50.769][success][COM5]:THRD.ReciveAnswer. Ответ: 7
[29.01.2025 15:11:50.779][main][SQL] 25: select STANDID from STAND where STANDNUM = 5
[29.01.2025 15:11:50.783][success][COM5]:Плата не прошла проверку.
[29.01.2025 15:22:27.131][main]Старт программы KPA-1: Голунова Наталья Николаевна. Версия ПО: 1.0.0.0.
[29.01.2025 15:22:27.228][main]Создание фрейма номер - 0 - успешно!
[29.01.2025 15:22:27.308][main]Создание фрейма номер - 1 - успешно!
[29.01.2025 15:22:27.398][main]Создание фрейма номер - 2 - успешно!
[29.01.2025 15:22:27.478][main]Создание фрейма номер - 3 - успешно!
[29.01.2025 15:22:27.565][main]Создание фрейма номер - 4 - успешно!
[29.01.2025 15:22:27.641][main]Создание фрейма номер - 5 - успешно!
[29.01.2025 15:22:27.949][success][COM1]:Порт открыт!
[29.01.2025 15:22:28.197][success][COM3]:Порт открыт!
[29.01.2025 15:22:28.276][success][COM5]:Порт открыт!
[29.01.2025 15:22:28.963][success][COM1]:Опрос КПА
[29.01.2025 15:22:29.031][success][COM1]:Данных нет или время ожидания истекло!
[29.01.2025 15:22:29.031][success][COM1]:THRD.ReciveAnswer. Ответ: 
[29.01.2025 15:22:29.031][success][COM1]:THRD.ReciveAnswer. Ответ: 
[29.01.2025 15:22:29.078][success][COM1]:Порт закрыт!
[29.01.2025 15:22:29.200][success][COM3]:Опрос КПА
[29.01.2025 15:22:29.278][success][COM5]:Опрос КПА
[29.01.2025 15:22:29.286][success][COM3]:Данных нет или время ожидания истекло!
[29.01.2025 15:22:29.286][success][COM3]:THRD.ReciveAnswer. Ответ: 
[29.01.2025 15:22:29.286][success][COM3]:THRD.ReciveAnswer. Ответ: 
[29.01.2025 15:22:29.324][success][COM5]:THRD.BCPRxChar. Ответ: {"KPA-1","1.05.04","5","17.01.2000,00:14:52","49565","7",{"7F9FFFCFF","1","1","NUMBER_BOARD2=Q100;01;2206;0024;01.02;92","HW_VERSION=0206","","","","0"}}

[29.01.2025 15:22:29.458][success][COM3]:Порт закрыт!
[29.01.2025 15:22:29.458][success][COM5]:THRD.ReciveAnswer. Ответ: {"KPA-1","1.05.04","5","17.01.2000,00:14:52","49565","7",{"7F9FFFCFF","1","1","NUMBER_BOARD2=Q100;01;2206;0024;01.02;92","HW_VERSION=0206","","","","0"}}

[29.01.2025 15:22:29.459][success][COM5]:THRD.ReciveAnswer. Ответ: {"KPA-1","1.05.04","5","17.01.2000,00:14:52","49565","7",{"7F9FFFCFF","1","1","NUMBER_BOARD2=Q100;01;2206;0024;01.02;92","HW_VERSION=0206","","","","0"}}

[29.01.2025 15:22:29.482][main][SQL] 25: select STANDID from STAND where STANDNUM = 5
[29.01.2025 15:22:29.483][success][COM5]:THRD.ReciveAnswer. Ответ: {"KPA-1","1.05.04","5","17.01.2000,00:14:52","49565","7",{"7F9FFFCFF","1","1","NUMBER_BOARD2=Q100;01;2206;0024;01.02;92","HW_VERSION=0206","","","","0"}}

[29.01.2025 15:22:30.532][main][SQL] 25: select STANDID from STAND where STANDNUM = 5
[29.01.2025 15:22:30.535][success][COM5]:THRD.BCPRxChar. Ответ: "7"

[29.01.2025 15:22:30.544][main][SQL] 25: select STANDID from STAND where STANDNUM = 5
[29.01.2025 15:22:30.544][success][COM5]:THRD.ReciveAnswer. Ответ: 7
[29.01.2025 15:22:30.553][main][SQL] 25: select STANDID from STAND where STANDNUM = 5
[29.01.2025 15:22:30.554][success][COM5]:THRD.ReciveAnswer. Ответ: 7
[29.01.2025 15:22:30.563][main][SQL] 25: select STANDID from STAND where STANDNUM = 5
[29.01.2025 15:22:30.565][success][COM5]:Плата не прошла проверку.
[29.01.2025 15:23:46.298][main]Старт программы KPA-1: Голунова Наталья Николаевна. Версия ПО: 1.0.0.0.
[29.01.2025 15:23:46.378][main]Создание фрейма номер - 0 - успешно!
[29.01.2025 15:23:46.467][main]Создание фрейма номер - 1 - успешно!
[29.01.2025 15:23:46.543][main]Создание фрейма номер - 2 - успешно!
[29.01.2025 15:23:46.625][main]Создание фрейма номер - 3 - успешно!
[29.01.2025 15:23:46.710][main]Создание фрейма номер - 4 - успешно!
[29.01.2025 15:23:46.786][main]Создание фрейма номер - 5 - успешно!
[29.01.2025 15:23:47.072][success][COM1]:Порт открыт!
[29.01.2025 15:23:47.341][success][COM3]:Порт открыт!
[29.01.2025 15:23:47.429][success][COM5]:Порт открыт!
[29.01.2025 15:23:48.082][success][COM1]:Опрос КПА
[29.01.2025 15:23:48.163][success][COM1]:Данных нет или время ожидания истекло!
[29.01.2025 15:23:48.163][success][COM1]:THRD.ReciveAnswer. Ответ: 
[29.01.2025 15:23:48.163][success][COM1]:THRD.ReciveAnswer. Ответ: 
[29.01.2025 15:23:48.212][success][COM1]:Порт закрыт!
[29.01.2025 15:23:48.349][success][COM3]:Опрос КПА
[29.01.2025 15:23:48.419][success][COM3]:Данных нет или время ожидания истекло!
[29.01.2025 15:23:48.419][success][COM3]:THRD.ReciveAnswer. Ответ: 
[29.01.2025 15:23:48.419][success][COM3]:THRD.ReciveAnswer. Ответ: 
[29.01.2025 15:23:48.438][success][COM5]:Опрос КПА
[29.01.2025 15:23:48.575][success][COM3]:Порт закрыт!
[29.01.2025 15:23:48.577][success][COM5]:THRD.BCPRxChar. Ответ: {"KPA-1","1.05.04","5","17.01.2000,00:16:12","49565","7",{"7F9FFFCFF","1","1","NUMBER_BOARD2=Q100;01;2206;0024;01.02;92","HW_VERSION=0206","","","","0"}}

[29.01.2025 15:23:48.588][success][COM5]:THRD.ReciveAnswer. Ответ: {"KPA-1","1.05.04","5","17.01.2000,00:16:12","49565","7",{"7F9FFFCFF","1","1","NUMBER_BOARD2=Q100;01;2206;0024;01.02;92","HW_VERSION=0206","","","","0"}}

[29.01.2025 15:23:48.588][success][COM5]:THRD.ReciveAnswer. Ответ: {"KPA-1","1.05.04","5","17.01.2000,00:16:12","49565","7",{"7F9FFFCFF","1","1","NUMBER_BOARD2=Q100;01;2206;0024;01.02;92","HW_VERSION=0206","","","","0"}}

[29.01.2025 15:23:48.604][main][SQL] 25: select STANDID from STAND where STANDNUM = 5
[29.01.2025 15:23:48.604][success][COM5]:THRD.ReciveAnswer. Ответ: {"KPA-1","1.05.04","5","17.01.2000,00:16:12","49565","7",{"7F9FFFCFF","1","1","NUMBER_BOARD2=Q100;01;2206;0024;01.02;92","HW_VERSION=0206","","","","0"}}

[29.01.2025 15:23:49.648][main][SQL] 25: select STANDID from STAND where STANDNUM = 5
[29.01.2025 15:23:49.650][success][COM5]:THRD.BCPRxChar. Ответ: "7"

[29.01.2025 15:23:49.659][main][SQL] 25: select STANDID from STAND where STANDNUM = 5
[29.01.2025 15:23:49.660][success][COM5]:THRD.ReciveAnswer. Ответ: 7
[29.01.2025 15:23:49.669][main][SQL] 25: select STANDID from STAND where STANDNUM = 5
[29.01.2025 15:23:49.669][success][COM5]:THRD.ReciveAnswer. Ответ: 7
[29.01.2025 15:23:49.677][main][SQL] 25: select STANDID from STAND where STANDNUM = 5
[29.01.2025 15:23:49.681][success][COM5]:Плата не прошла проверку.
