13.01.2025 130302.932 MainForm - FormShow - Создание фрейма номер - 0 - успешно!
13.01.2025 130303.022 MainForm - FormShow - Создание фрейма номер - 1 - успешно!
13.01.2025 130303.115 MainForm - FormShow - Создание фрейма номер - 2 - успешно!
13.01.2025 130303.211 MainForm - FormShow - Создание фрейма номер - 3 - успешно!
13.01.2025 130303.303 MainForm - FormShow - Создание фрейма номер - 4 - успешно!
13.01.2025 130303.395 MainForm - FormShow - Создание фрейма номер - 5 - успешно!
13.01.2025 130303.720 MainForm - AddRich(Вкладка:0: COM1: Порт открыт!)
13.01.2025 130303.721 MainForm - AddRich(Вкладка:0: COM1: Опрос КПА)
13.01.2025 130305.446 MainForm - AddRich(Вкладка:0: COM1: Данных нет или время ожидания истекло!)
13.01.2025 130305.446 MainForm - AddRich(Вкладка:0: COM1: THRD.ReciveAnswer. Ответ: )
13.01.2025 130305.446 MainForm - AddRich(Вкладка:0: COM1: THRD.ReciveAnswer. Ответ: )
13.01.2025 130305.477 MainForm - AddRich(Вкладка:0: COM1: Порт закрыт!)
13.01.2025 130305.715 MainForm - AddRich(Вкладка:1: COM3: Порт открыт!)
13.01.2025 130305.716 MainForm - AddRich(Вкладка:1: COM3: Опрос КПА)
13.01.2025 130307.462 MainForm - AddRich(Вкладка:1: COM3: Данных нет или время ожидания истекло!)
13.01.2025 130307.462 MainForm - AddRich(Вкладка:1: COM3: THRD.ReciveAnswer. Ответ: )
13.01.2025 130307.462 MainForm - AddRich(Вкладка:1: COM3: THRD.ReciveAnswer. Ответ: )
13.01.2025 130307.604 MainForm - AddRich(Вкладка:1: COM3: Порт закрыт!)
13.01.2025 130307.725 MainForm - AddRich(Вкладка:2: COM5: Порт открыт!)
13.01.2025 130307.756 MainForm - AddRich(Вкладка:2: COM5: Опрос КПА)
13.01.2025 130307.799 MainForm - AddRich(Вкладка:2: COM5: THRD.BCPRxChar. Ответ: {"KPA-1","1.05.04","5","24.01.2000,22:55:29","49560","0",{"7BFFFFC3F","1","1","","","","","","1"}}
)
13.01.2025 130307.819 MainForm - AddRich(Вкладка:2: COM5: THRD.BCPRxChar. Ответ: {"KPA-1","1.05.04","5","24.01.2000,22:55:29","49560","0",{"7BFFFFC3F","1","1","","","","","","1"}}
)
13.01.2025 130307.830 MainForm - AddRich(Вкладка:2: COM5: THRD.ReciveAnswer. Ответ: "1.05.04" | "5")
13.01.2025 130307.831 MainForm - AddRich(Вкладка:2: COM5: THRD.ReciveAnswer. Ответ: "1.05.04" | "5")
13.01.2025 130307.863 MainForm - AddRich(Вкладка:2: COM5: THRD.BCPRxChar. Ответ: "0"
)
[13.01.2025 13:33:32.990][main]FormShow - Создание фрейма номер - 0 - успешно!
[13.01.2025 13:33:33.082][main]FormShow - Создание фрейма номер - 1 - успешно!
[13.01.2025 13:33:33.174][main]FormShow - Создание фрейма номер - 2 - успешно!
[13.01.2025 13:33:33.265][main]FormShow - Создание фрейма номер - 3 - успешно!
[13.01.2025 13:33:33.369][main]FormShow - Создание фрейма номер - 4 - успешно!
[13.01.2025 13:33:33.457][main]FormShow - Создание фрейма номер - 5 - успешно!
[13.01.2025 13:59:37.978][main]Создание фрейма номер - 0 - успешно!
[13.01.2025 13:59:38.083][main]Создание фрейма номер - 1 - успешно!
[13.01.2025 13:59:38.185][main]Создание фрейма номер - 2 - успешно!
[13.01.2025 13:59:38.285][main]Создание фрейма номер - 3 - успешно!
[13.01.2025 13:59:38.379][main]Создание фрейма номер - 4 - успешно!
[13.01.2025 13:59:38.471][main]Создание фрейма номер - 5 - успешно!
[13.01.2025 14:02:09.838][main]Старт программы KPA-1: Голунова Наталья Николаевна. Версия ПО: 1.0.0.0.
[13.01.2025 14:02:09.941][main]Создание фрейма номер - 0 - успешно!
[13.01.2025 14:02:10.036][main]Создание фрейма номер - 1 - успешно!
[13.01.2025 14:02:10.133][main]Создание фрейма номер - 2 - успешно!
[13.01.2025 14:02:10.230][main]Создание фрейма номер - 3 - успешно!
[13.01.2025 14:02:10.331][main]Создание фрейма номер - 4 - успешно!
[13.01.2025 14:02:10.430][main]Создание фрейма номер - 5 - успешно!
[13.01.2025 14:03:22.362][main]Старт программы KPA-1: Голунова Наталья Николаевна. Версия ПО: 1.0.0.0.
[13.01.2025 14:03:22.459][main]Создание фрейма номер - 0 - успешно!
[13.01.2025 14:03:22.567][main]Создание фрейма номер - 1 - успешно!
[13.01.2025 14:03:22.663][main]Создание фрейма номер - 2 - успешно!
[13.01.2025 14:03:22.771][main]Создание фрейма номер - 3 - успешно!
[13.01.2025 14:03:22.865][main]Создание фрейма номер - 4 - успешно!
[13.01.2025 14:03:22.968][main]Создание фрейма номер - 5 - успешно!
[13.01.2025 14:05:06.673][main]Старт программы KPA-1: Голунова Наталья Николаевна. Версия ПО: 1.0.0.0.
[13.01.2025 14:05:06.769][main]Создание фрейма номер - 0 - успешно!
[13.01.2025 14:05:06.871][main]Создание фрейма номер - 1 - успешно!
[13.01.2025 14:05:06.966][main]Создание фрейма номер - 2 - успешно!
[13.01.2025 14:05:07.057][main]Создание фрейма номер - 3 - успешно!
[13.01.2025 14:05:07.152][main]Создание фрейма номер - 4 - успешно!
[13.01.2025 14:05:07.243][main]Создание фрейма номер - 5 - успешно!
[13.01.2025 14:23:00.543][main]Старт программы KPA-1: Голунова Наталья Николаевна. Версия ПО: 1.0.0.0.
[13.01.2025 14:23:00.634][main]Создание фрейма номер - 0 - успешно!
[13.01.2025 14:23:00.741][main]Создание фрейма номер - 1 - успешно!
[13.01.2025 14:23:00.830][main]Создание фрейма номер - 2 - успешно!
[13.01.2025 14:23:00.943][main]Создание фрейма номер - 3 - успешно!
[13.01.2025 14:23:01.037][main]Создание фрейма номер - 4 - успешно!
[13.01.2025 14:23:01.127][main]Создание фрейма номер - 5 - успешно!
[13.01.2025 14:23:01.457][success][COM1]:Порт открыт!
[13.01.2025 14:23:01.457][success][COM1]:Опрос КПА
[13.01.2025 14:23:03.145][success][COM1]:Данных нет или время ожидания истекло!
[13.01.2025 14:23:03.145][success][COM1]:THRD.ReciveAnswer. Ответ: 
[13.01.2025 14:23:03.145][success][COM1]:THRD.ReciveAnswer. Ответ: 
[13.01.2025 14:23:03.188][success][COM1]:Порт закрыт!
[13.01.2025 14:23:03.431][success][COM3]:Порт открыт!
[13.01.2025 14:23:03.431][success][COM3]:Опрос КПА
[13.01.2025 14:23:05.084][success][COM3]:Данных нет или время ожидания истекло!
[13.01.2025 14:23:05.084][success][COM3]:THRD.ReciveAnswer. Ответ: 
[13.01.2025 14:23:05.084][success][COM3]:THRD.ReciveAnswer. Ответ: 
[13.01.2025 14:23:05.222][success][COM3]:Порт закрыт!
[13.01.2025 14:23:05.322][success][COM5]:Порт открыт!
[13.01.2025 14:23:05.353][success][COM5]:Опрос КПА
[13.01.2025 14:32:55.015][main]Старт программы KPA-1: Голунова Наталья Николаевна. Версия ПО: 1.0.0.0.
[13.01.2025 14:32:55.143][main]Создание фрейма номер - 0 - успешно!
[13.01.2025 14:32:55.238][main]Создание фрейма номер - 1 - успешно!
[13.01.2025 14:32:55.330][main]Создание фрейма номер - 2 - успешно!
[13.01.2025 14:32:55.431][main]Создание фрейма номер - 3 - успешно!
[13.01.2025 14:32:55.533][main]Создание фрейма номер - 4 - успешно!
[13.01.2025 14:32:55.625][main]Создание фрейма номер - 5 - успешно!
[13.01.2025 14:32:55.944][success][COM1]:Порт открыт!
[13.01.2025 14:32:55.945][success][COM1]:Опрос КПА
[13.01.2025 14:32:57.810][success][COM1]:Данных нет или время ожидания истекло!
[13.01.2025 14:32:57.810][success][COM1]:THRD.ReciveAnswer. Ответ: 
[13.01.2025 14:32:57.810][success][COM1]:THRD.ReciveAnswer. Ответ: 
[13.01.2025 14:32:57.852][success][COM1]:Порт закрыт!
[13.01.2025 14:32:58.120][success][COM3]:Порт открыт!
[13.01.2025 14:32:58.121][success][COM3]:Опрос КПА
[13.01.2025 14:33:00.659][success][COM3]:Данных нет или время ожидания истекло!
[13.01.2025 14:33:00.659][success][COM3]:THRD.ReciveAnswer. Ответ: 
[13.01.2025 14:33:00.659][success][COM3]:THRD.ReciveAnswer. Ответ: 
[13.01.2025 14:33:00.797][success][COM3]:Порт закрыт!
[13.01.2025 14:33:00.900][success][COM5]:Порт открыт!
[13.01.2025 14:33:00.930][success][COM5]:Опрос КПА
[13.01.2025 14:33:00.962][success][COM5]:THRD.BCPRxChar. Ответ: {"KPA-1","1.05.04","5","25.01.2000,00:25:24","49560","0",{"7BFFFFC3F","1","1","","","","","","1"}}

[13.01.2025 14:33:00.985][success][COM5]:THRD.BCPRxChar. Ответ: {"KPA-1","1.05.04","5","25.01.2000,00:25:24","49560","0",{"7BFFFFC3F","1","1","","","","","","1"}}

[13.01.2025 14:33:00.996][success][COM5]:THRD.ReciveAnswer. Ответ: "1.05.04" | "5"
[13.01.2025 14:33:00.997][success][COM5]:THRD.ReciveAnswer. Ответ: "1.05.04" | "5"
[13.01.2025 14:33:01.029][success][COM5]:THRD.BCPRxChar. Ответ: "0"

[13.01.2025 14:34:53.819][main]Старт программы KPA-1: Голунова Наталья Николаевна. Версия ПО: 1.0.0.0.
[13.01.2025 14:34:53.913][main]Создание фрейма номер - 0 - успешно!
[13.01.2025 14:34:54.004][main]Создание фрейма номер - 1 - успешно!
[13.01.2025 14:34:54.093][main]Создание фрейма номер - 2 - успешно!
[13.01.2025 14:34:54.188][main]Создание фрейма номер - 3 - успешно!
[13.01.2025 14:34:54.277][main]Создание фрейма номер - 4 - успешно!
[13.01.2025 14:34:54.369][main]Создание фрейма номер - 5 - успешно!
[13.01.2025 14:34:54.696][success][COM1]:Порт открыт!
[13.01.2025 14:34:54.697][success][COM1]:Опрос КПА
[13.01.2025 14:34:56.356][success][COM1]:Данных нет или время ожидания истекло!
[13.01.2025 14:34:56.356][success][COM1]:THRD.ReciveAnswer. Ответ: 
[13.01.2025 14:34:56.356][success][COM1]:THRD.ReciveAnswer. Ответ: 
[13.01.2025 14:34:56.399][success][COM1]:Порт закрыт!
[13.01.2025 14:34:56.639][success][COM3]:Порт открыт!
[13.01.2025 14:34:56.639][success][COM3]:Опрос КПА
[13.01.2025 14:37:31.483][main]Старт программы KPA-1: Голунова Наталья Николаевна. Версия ПО: 1.0.0.0.
[13.01.2025 14:37:31.594][main]Создание фрейма номер - 0 - успешно!
[13.01.2025 14:37:31.683][main]Создание фрейма номер - 1 - успешно!
[13.01.2025 14:37:31.779][main]Создание фрейма номер - 2 - успешно!
[13.01.2025 14:37:31.872][main]Создание фрейма номер - 3 - успешно!
[13.01.2025 14:37:31.965][main]Создание фрейма номер - 4 - успешно!
[13.01.2025 14:37:32.053][main]Создание фрейма номер - 5 - успешно!
[13.01.2025 14:37:32.389][success][COM1]:Порт открыт!
[13.01.2025 14:37:32.389][success][COM1]:Опрос КПА
[13.01.2025 14:37:34.108][success][COM1]:Данных нет или время ожидания истекло!
[13.01.2025 14:37:34.108][success][COM1]:THRD.ReciveAnswer. Ответ: 
[13.01.2025 14:37:34.108][success][COM1]:THRD.ReciveAnswer. Ответ: 
[13.01.2025 14:37:34.161][success][COM1]:Порт закрыт!
[13.01.2025 14:37:34.406][success][COM3]:Порт открыт!
[13.01.2025 14:37:34.406][success][COM3]:Опрос КПА
[13.01.2025 14:37:36.164][success][COM3]:Данных нет или время ожидания истекло!
[13.01.2025 14:37:36.164][success][COM3]:THRD.ReciveAnswer. Ответ: 
[13.01.2025 14:37:36.164][success][COM3]:THRD.ReciveAnswer. Ответ: 
[13.01.2025 14:37:36.328][success][COM3]:Порт закрыт!
[13.01.2025 14:37:36.435][success][COM5]:Порт открыт!
[13.01.2025 14:37:36.466][success][COM5]:Опрос КПА
[13.01.2025 14:37:36.497][success][COM5]:THRD.BCPRxChar. Ответ: {"KPA-1","1.05.04","5","25.01.2000,00:30:00","49560","0",{"7BFFFFC3F","1","1","","","","","","1"}}

[13.01.2025 14:37:39.950][success][COM5]:THRD.BCPRxChar. Ответ: {"KPA-1","1.05.04","5","25.01.2000,00:30:00","49560","0",{"7BFFFFC3F","1","1","","","","","","1"}}

[13.01.2025 14:39:10.885][main]Старт программы KPA-1: Голунова Наталья Николаевна. Версия ПО: 1.0.0.0.
[13.01.2025 14:39:10.998][main]Создание фрейма номер - 0 - успешно!
[13.01.2025 14:39:11.088][main]Создание фрейма номер - 1 - успешно!
[13.01.2025 14:39:11.195][main]Создание фрейма номер - 2 - успешно!
[13.01.2025 14:39:11.291][main]Создание фрейма номер - 3 - успешно!
[13.01.2025 14:39:11.383][main]Создание фрейма номер - 4 - успешно!
[13.01.2025 14:39:11.480][main]Создание фрейма номер - 5 - успешно!
[13.01.2025 14:39:11.824][success][COM1]:Порт открыт!
[13.01.2025 14:39:11.825][success][COM1]:Опрос КПА
[13.01.2025 14:39:18.396][success][COM1]:Данных нет или время ожидания истекло!
[13.01.2025 14:39:18.396][success][COM1]:THRD.ReciveAnswer. Ответ: 
[13.01.2025 14:39:18.396][success][COM1]:THRD.ReciveAnswer. Ответ: 
[13.01.2025 14:39:18.439][success][COM1]:Порт закрыт!
[13.01.2025 14:39:18.685][success][COM3]:Порт открыт!
[13.01.2025 14:39:18.685][success][COM3]:Опрос КПА
[13.01.2025 14:39:21.744][success][COM3]:Данных нет или время ожидания истекло!
[13.01.2025 14:39:21.744][success][COM3]:THRD.ReciveAnswer. Ответ: 
[13.01.2025 14:39:21.744][success][COM3]:THRD.ReciveAnswer. Ответ: 
[13.01.2025 14:39:21.897][success][COM3]:Порт закрыт!
[13.01.2025 14:39:21.995][success][COM5]:Порт открыт!
[13.01.2025 14:39:22.025][success][COM5]:Опрос КПА
[13.01.2025 14:39:35.286][success][COM5]:THRD.BCPRxChar. Ответ: {"KPA-1","1.05.04","5","25.01.2000,00:31:59","49560","0",{"7BFFFFC3F","1","1","","","","","","1"}}

[13.01.2025 14:39:38.301][success][COM5]:THRD.BCPRxChar. Ответ: {"KPA-1","1.05.04","5","25.01.2000,00:31:59","49560","0",{"7BFFFFC3F","1","1","","","","","","1"}}

[13.01.2025 14:44:31.428][main]Старт программы KPA-1: Голунова Наталья Николаевна. Версия ПО: 1.0.0.0.
[13.01.2025 14:44:31.526][main]Создание фрейма номер - 0 - успешно!
[13.01.2025 14:44:31.620][main]Создание фрейма номер - 1 - успешно!
[13.01.2025 14:44:31.713][main]Создание фрейма номер - 2 - успешно!
[13.01.2025 14:44:31.809][main]Создание фрейма номер - 3 - успешно!
[13.01.2025 14:44:31.908][main]Создание фрейма номер - 4 - успешно!
[13.01.2025 14:44:32.002][main]Создание фрейма номер - 5 - успешно!
[13.01.2025 14:44:32.341][success][COM1]:Порт открыт!
[13.01.2025 14:44:32.341][success][COM1]:Опрос КПА
[13.01.2025 14:44:36.939][success][COM1]:Данных нет или время ожидания истекло!
[13.01.2025 14:44:36.939][success][COM1]:THRD.ReciveAnswer. Ответ: 
[13.01.2025 14:44:36.939][success][COM1]:THRD.ReciveAnswer. Ответ: 
[13.01.2025 14:44:37.013][success][COM1]:Порт закрыт!
[13.01.2025 14:44:37.254][success][COM3]:Порт открыт!
[13.01.2025 14:44:37.255][success][COM3]:Опрос КПА
[13.01.2025 14:44:40.321][success][COM3]:Данных нет или время ожидания истекло!
[13.01.2025 14:44:40.321][success][COM3]:THRD.ReciveAnswer. Ответ: 
[13.01.2025 14:44:40.321][success][COM3]:THRD.ReciveAnswer. Ответ: 
[13.01.2025 14:44:40.458][success][COM3]:Порт закрыт!
[13.01.2025 14:44:40.551][success][COM5]:Порт открыт!
[13.01.2025 14:44:40.583][success][COM5]:Опрос КПА
[13.01.2025 14:44:43.359][success][COM5]:THRD.BCPRxChar. Ответ: {"KPA-1","1.05.04","5","25.01.2000,00:37:07","49560","0",{"7BFFFFC3F","1","1","","","","","","1"}}

[13.01.2025 14:44:47.824][success][COM5]:THRD.BCPRxChar. Ответ: {"KPA-1","1.05.04","5","25.01.2000,00:37:07","49560","0",{"7BFFFFC3F","1","1","","","","","","1"}}

[13.01.2025 14:44:47.854][success][COM5]:THRD.ReciveAnswer. Ответ: "1.05.04" | "5"
[13.01.2025 14:44:47.856][success][COM5]:THRD.ReciveAnswer. Ответ: "1.05.04" | "5"
[13.01.2025 14:44:56.343][main]Старт программы KPA-1: Голунова Наталья Николаевна. Версия ПО: 1.0.0.0.
[13.01.2025 15:29:33.627][main]Старт программы KPA-1: Голунова Наталья Николаевна. Версия ПО: 1.0.0.0.
[13.01.2025 15:29:33.722][main]Создание фрейма номер - 0 - успешно!
[13.01.2025 15:29:33.818][main]Создание фрейма номер - 1 - успешно!
[13.01.2025 15:29:33.911][main]Создание фрейма номер - 2 - успешно!
[13.01.2025 15:29:34.007][main]Создание фрейма номер - 3 - успешно!
[13.01.2025 15:29:34.098][main]Создание фрейма номер - 4 - успешно!
[13.01.2025 15:29:34.192][main]Создание фрейма номер - 5 - успешно!
[13.01.2025 15:29:34.530][success][COM1]:Порт открыт!
[13.01.2025 15:29:34.531][success][COM1]:Опрос КПА
[13.01.2025 15:29:38.492][success][COM1]:Данных нет или время ожидания истекло!
[13.01.2025 15:29:38.492][success][COM1]:THRD.ReciveAnswer. Ответ: 
[13.01.2025 15:29:38.492][success][COM1]:THRD.ReciveAnswer. Ответ: 
[13.01.2025 15:29:38.536][success][COM1]:Порт закрыт!
[13.01.2025 15:29:38.787][success][COM3]:Порт открыт!
[13.01.2025 15:29:38.787][success][COM3]:Опрос КПА
[13.01.2025 15:30:11.079][main]Старт программы KPA-1: Голунова Наталья Николаевна. Версия ПО: 1.0.0.0.
[13.01.2025 15:30:11.178][main]Создание фрейма номер - 0 - успешно!
[13.01.2025 15:30:11.271][main]Создание фрейма номер - 1 - успешно!
[13.01.2025 15:30:11.368][main]Создание фрейма номер - 2 - успешно!
[13.01.2025 15:30:11.462][main]Создание фрейма номер - 3 - успешно!
[13.01.2025 15:30:11.562][main]Создание фрейма номер - 4 - успешно!
[13.01.2025 15:30:11.677][main]Создание фрейма номер - 5 - успешно!
[13.01.2025 15:30:12.017][success][COM1]:Порт открыт!
[13.01.2025 15:30:12.017][success][COM1]:Опрос КПА
[13.01.2025 15:30:15.614][success][COM1]:Данных нет или время ожидания истекло!
[13.01.2025 15:30:15.614][success][COM1]:THRD.ReciveAnswer. Ответ: 
[13.01.2025 15:30:15.614][success][COM1]:THRD.ReciveAnswer. Ответ: 
[13.01.2025 15:30:15.687][success][COM1]:Порт закрыт!
[13.01.2025 15:30:15.939][success][COM3]:Порт открыт!
[13.01.2025 15:30:15.939][success][COM3]:Опрос КПА
[13.01.2025 15:37:28.942][main]Старт программы KPA-1: Голунова Наталья Николаевна. Версия ПО: 1.0.0.0.
[13.01.2025 15:37:29.057][main]Создание фрейма номер - 0 - успешно!
[13.01.2025 15:37:29.150][main]Создание фрейма номер - 1 - успешно!
[13.01.2025 15:37:29.264][main]Создание фрейма номер - 2 - успешно!
[13.01.2025 15:37:29.354][main]Создание фрейма номер - 3 - успешно!
[13.01.2025 15:37:29.469][main]Создание фрейма номер - 4 - успешно!
[13.01.2025 15:37:29.564][main]Создание фрейма номер - 5 - успешно!
[13.01.2025 15:37:29.928][success][COM1]:Порт открыт!
[13.01.2025 15:37:29.929][success][COM1]:Опрос КПА
[13.01.2025 15:37:33.510][success][COM1]:Данных нет или время ожидания истекло!
[13.01.2025 15:37:33.510][success][COM1]:THRD.ReciveAnswer. Ответ: 
[13.01.2025 15:37:33.510][success][COM1]:THRD.ReciveAnswer. Ответ: 
[13.01.2025 15:37:33.552][success][COM1]:Порт закрыт!
[13.01.2025 15:37:33.791][success][COM3]:Порт открыт!
[13.01.2025 15:37:33.792][success][COM3]:Опрос КПА
[13.01.2025 15:39:40.477][main]Старт программы KPA-1: Голунова Наталья Николаевна. Версия ПО: 1.0.0.0.
[13.01.2025 15:39:40.593][main]Создание фрейма номер - 0 - успешно!
[13.01.2025 15:39:40.689][main]Создание фрейма номер - 1 - успешно!
[13.01.2025 15:39:40.800][main]Создание фрейма номер - 2 - успешно!
[13.01.2025 15:39:40.895][main]Создание фрейма номер - 3 - успешно!
[13.01.2025 15:39:40.996][main]Создание фрейма номер - 4 - успешно!
[13.01.2025 15:39:41.094][main]Создание фрейма номер - 5 - успешно!
[13.01.2025 15:39:41.454][success][COM1]:Порт открыт!
[13.01.2025 15:39:41.455][success][COM1]:Опрос КПА
[13.01.2025 15:39:45.724][success][COM1]:Данных нет или время ожидания истекло!
[13.01.2025 15:39:45.724][success][COM1]:THRD.ReciveAnswer. Ответ: 
[13.01.2025 15:39:45.724][success][COM1]:THRD.ReciveAnswer. Ответ: 
[13.01.2025 15:39:45.782][success][COM1]:Порт закрыт!
[13.01.2025 15:39:46.054][success][COM3]:Порт открыт!
[13.01.2025 15:39:46.054][success][COM3]:Опрос КПА
[13.01.2025 15:40:25.822][main]Старт программы KPA-1: Голунова Наталья Николаевна. Версия ПО: 1.0.0.0.
[13.01.2025 15:40:25.927][main]Создание фрейма номер - 0 - успешно!
[13.01.2025 15:40:26.020][main]Создание фрейма номер - 1 - успешно!
[13.01.2025 15:40:26.116][main]Создание фрейма номер - 2 - успешно!
[13.01.2025 15:40:26.213][main]Создание фрейма номер - 3 - успешно!
[13.01.2025 15:40:26.309][main]Создание фрейма номер - 4 - успешно!
[13.01.2025 15:40:26.397][main]Создание фрейма номер - 5 - успешно!
[13.01.2025 15:40:26.755][success][COM1]:Порт открыт!
[13.01.2025 15:40:26.756][success][COM1]:Опрос КПА
[13.01.2025 15:40:30.156][success][COM1]:Данных нет или время ожидания истекло!
[13.01.2025 15:40:30.156][success][COM1]:THRD.ReciveAnswer. Ответ: 
[13.01.2025 15:40:30.156][success][COM1]:THRD.ReciveAnswer. Ответ: 
[13.01.2025 15:40:30.229][success][COM1]:Порт закрыт!
[13.01.2025 15:40:30.473][success][COM3]:Порт открыт!
[13.01.2025 15:40:30.474][success][COM3]:Опрос КПА
[13.01.2025 15:49:28.608][main]Старт программы KPA-1: Голунова Наталья Николаевна. Версия ПО: 1.0.0.0.
[13.01.2025 15:49:28.703][main]Создание фрейма номер - 0 - успешно!
[13.01.2025 15:49:28.804][main]Создание фрейма номер - 1 - успешно!
[13.01.2025 15:49:28.901][main]Создание фрейма номер - 2 - успешно!
[13.01.2025 15:49:28.996][main]Создание фрейма номер - 3 - успешно!
[13.01.2025 15:49:29.107][main]Создание фрейма номер - 4 - успешно!
[13.01.2025 15:49:29.203][main]Создание фрейма номер - 5 - успешно!
[13.01.2025 15:49:29.529][success][COM1]:Порт открыт!
[13.01.2025 15:49:29.530][success][COM1]:Опрос КПА
[13.01.2025 15:49:33.274][success][COM1]:Данных нет или время ожидания истекло!
[13.01.2025 15:49:33.274][success][COM1]:THRD.ReciveAnswer. Ответ: 
[13.01.2025 15:49:33.274][success][COM1]:THRD.ReciveAnswer. Ответ: 
[13.01.2025 15:49:33.333][success][COM1]:Порт закрыт!
[13.01.2025 15:49:33.585][success][COM3]:Порт открыт!
[13.01.2025 15:49:33.586][success][COM3]:Опрос КПА
[13.01.2025 15:54:21.003][main]Старт программы KPA-1: Голунова Наталья Николаевна. Версия ПО: 1.0.0.0.
[13.01.2025 15:54:21.100][main]Создание фрейма номер - 0 - успешно!
[13.01.2025 15:54:21.198][main]Создание фрейма номер - 1 - успешно!
[13.01.2025 15:54:21.301][main]Создание фрейма номер - 2 - успешно!
[13.01.2025 15:54:21.395][main]Создание фрейма номер - 3 - успешно!
[13.01.2025 15:54:21.488][main]Создание фрейма номер - 4 - успешно!
[13.01.2025 15:54:21.579][main]Создание фрейма номер - 5 - успешно!
[13.01.2025 15:54:21.921][success][COM1]:Порт открыт!
[13.01.2025 15:54:21.922][success][COM1]:Опрос КПА
[13.01.2025 15:54:28.179][success][COM1]:Данных нет или время ожидания истекло!
[13.01.2025 15:54:28.179][success][COM1]:THRD.ReciveAnswer. Ответ: 
[13.01.2025 15:54:28.179][success][COM1]:THRD.ReciveAnswer. Ответ: 
[13.01.2025 15:54:28.241][success][COM1]:Порт закрыт!
[13.01.2025 15:54:28.489][success][COM3]:Порт открыт!
[13.01.2025 15:54:28.489][success][COM3]:Опрос КПА
[13.01.2025 15:56:29.489][main]Старт программы KPA-1: Голунова Наталья Николаевна. Версия ПО: 1.0.0.0.
[13.01.2025 15:56:29.604][main]Создание фрейма номер - 0 - успешно!
[13.01.2025 15:56:29.705][main]Создание фрейма номер - 1 - успешно!
[13.01.2025 15:56:29.796][main]Создание фрейма номер - 2 - успешно!
[13.01.2025 15:56:29.890][main]Создание фрейма номер - 3 - успешно!
[13.01.2025 15:56:29.987][main]Создание фрейма номер - 4 - успешно!
[13.01.2025 15:56:30.083][main]Создание фрейма номер - 5 - успешно!
[13.01.2025 15:56:30.419][success][COM1]:Порт открыт!
[13.01.2025 15:56:30.419][success][COM1]:Опрос КПА
[13.01.2025 15:56:34.841][success][COM1]:Данных нет или время ожидания истекло!
[13.01.2025 15:56:34.841][success][COM1]:THRD.ReciveAnswer. Ответ: 
[13.01.2025 15:56:34.841][success][COM1]:THRD.ReciveAnswer. Ответ: 
[13.01.2025 15:56:34.882][success][COM1]:Порт закрыт!
[13.01.2025 15:56:35.123][success][COM3]:Порт открыт!
[13.01.2025 15:56:35.124][success][COM3]:Опрос КПА
[13.01.2025 15:58:26.306][main]Старт программы KPA-1: Голунова Наталья Николаевна. Версия ПО: 1.0.0.0.
[13.01.2025 15:58:26.418][main]Создание фрейма номер - 0 - успешно!
[13.01.2025 15:58:26.518][main]Создание фрейма номер - 1 - успешно!
[13.01.2025 15:58:26.613][main]Создание фрейма номер - 2 - успешно!
[13.01.2025 15:58:26.712][main]Создание фрейма номер - 3 - успешно!
[13.01.2025 15:58:26.819][main]Создание фрейма номер - 4 - успешно!
[13.01.2025 15:58:26.913][main]Создание фрейма номер - 5 - успешно!
[13.01.2025 15:58:27.241][success][COM1]:Порт открыт!
[13.01.2025 15:58:27.242][success][COM1]:Опрос КПА
[13.01.2025 15:58:31.206][success][COM1]:Данных нет или время ожидания истекло!
[13.01.2025 15:58:31.206][success][COM1]:THRD.ReciveAnswer. Ответ: 
[13.01.2025 15:58:31.206][success][COM1]:THRD.ReciveAnswer. Ответ: 
[13.01.2025 15:58:31.270][success][COM1]:Порт закрыт!
[13.01.2025 15:58:31.596][success][COM3]:Порт открыт!
[13.01.2025 15:58:31.596][success][COM3]:Опрос КПА
[13.01.2025 16:03:59.304][main]Старт программы KPA-1: Голунова Наталья Николаевна. Версия ПО: 1.0.0.0.
[13.01.2025 16:03:59.400][main]Создание фрейма номер - 0 - успешно!
[13.01.2025 16:03:59.510][main]Создание фрейма номер - 1 - успешно!
[13.01.2025 16:03:59.614][main]Создание фрейма номер - 2 - успешно!
[13.01.2025 16:03:59.707][main]Создание фрейма номер - 3 - успешно!
[13.01.2025 16:03:59.803][main]Создание фрейма номер - 4 - успешно!
[13.01.2025 16:03:59.893][main]Создание фрейма номер - 5 - успешно!
[13.01.2025 16:04:06.481][success][COM1]:Порт открыт!
[13.01.2025 16:04:06.481][success][COM1]:Опрос КПА
[13.01.2025 16:04:10.039][success][COM1]:Данных нет или время ожидания истекло!
[13.01.2025 16:04:10.039][success][COM1]:THRD.ReciveAnswer. Ответ: 
[13.01.2025 16:04:10.039][success][COM1]:THRD.ReciveAnswer. Ответ: 
[13.01.2025 16:04:10.082][success][COM1]:Порт закрыт!
[13.01.2025 16:04:32.223][success][COM3]:Порт открыт!
[13.01.2025 16:04:32.223][success][COM3]:Опрос КПА
[13.01.2025 16:04:35.627][success][COM3]:Данных нет или время ожидания истекло!
[13.01.2025 16:04:35.627][success][COM3]:THRD.ReciveAnswer. Ответ: 
[13.01.2025 16:04:35.627][success][COM3]:THRD.ReciveAnswer. Ответ: 
[13.01.2025 16:04:35.771][success][COM3]:Порт закрыт!
[13.01.2025 16:04:35.790][error]frmMainForm.FormShow. Ошибка Cannot change Visible in OnShow or OnHide
[13.01.2025 16:04:49.957][main]Старт программы KPA-1: Голунова Наталья Николаевна. Версия ПО: 1.0.0.0.
[13.01.2025 16:04:50.066][main]Создание фрейма номер - 0 - успешно!
[13.01.2025 16:04:50.162][main]Создание фрейма номер - 1 - успешно!
[13.01.2025 16:04:50.258][main]Создание фрейма номер - 2 - успешно!
[13.01.2025 16:04:50.349][main]Создание фрейма номер - 3 - успешно!
[13.01.2025 16:04:50.461][main]Создание фрейма номер - 4 - успешно!
[13.01.2025 16:04:50.559][main]Создание фрейма номер - 5 - успешно!
[13.01.2025 16:04:57.168][success][COM1]:Порт открыт!
[13.01.2025 16:04:57.168][success][COM1]:Опрос КПА
[13.01.2025 16:05:01.016][success][COM1]:Данных нет или время ожидания истекло!
[13.01.2025 16:05:01.016][success][COM1]:THRD.ReciveAnswer. Ответ: 
[13.01.2025 16:05:01.016][success][COM1]:THRD.ReciveAnswer. Ответ: 
[13.01.2025 16:05:01.059][success][COM1]:Порт закрыт!
[13.01.2025 16:05:02.139][success][COM3]:Порт открыт!
[13.01.2025 16:05:02.140][success][COM3]:Опрос КПА
[13.01.2025 16:12:12.787][main]Старт программы KPA-1: Голунова Наталья Николаевна. Версия ПО: 1.0.0.0.
[13.01.2025 16:12:12.887][main]Создание фрейма номер - 0 - успешно!
[13.01.2025 16:12:12.979][main]Создание фрейма номер - 1 - успешно!
[13.01.2025 16:12:13.093][main]Создание фрейма номер - 2 - успешно!
[13.01.2025 16:12:13.188][main]Создание фрейма номер - 3 - успешно!
[13.01.2025 16:12:13.281][main]Создание фрейма номер - 4 - успешно!
[13.01.2025 16:12:13.375][main]Создание фрейма номер - 5 - успешно!
[13.01.2025 16:12:14.612][success][COM1]:Порт открыт!
[13.01.2025 16:12:14.612][success][COM1]:Опрос КПА
[13.01.2025 16:12:17.525][success][COM1]:Данных нет или время ожидания истекло!
[13.01.2025 16:12:17.525][success][COM1]:THRD.ReciveAnswer. Ответ: 
[13.01.2025 16:12:17.525][success][COM1]:THRD.ReciveAnswer. Ответ: 
[13.01.2025 16:12:17.581][success][COM1]:Порт закрыт!
[13.01.2025 16:12:18.728][success][COM3]:Порт открыт!
[13.01.2025 16:12:18.729][success][COM3]:Опрос КПА
[13.01.2025 16:12:21.201][success][COM3]:Данных нет или время ожидания истекло!
[13.01.2025 16:12:21.201][success][COM3]:THRD.ReciveAnswer. Ответ: 
[13.01.2025 16:12:21.201][success][COM3]:THRD.ReciveAnswer. Ответ: 
[13.01.2025 16:12:21.347][success][COM3]:Порт закрыт!
[13.01.2025 16:14:41.541][main]Старт программы KPA-1: Голунова Наталья Николаевна. Версия ПО: 1.0.0.0.
[13.01.2025 16:14:41.636][main]Создание фрейма номер - 0 - успешно!
[13.01.2025 16:14:41.749][main]Создание фрейма номер - 1 - успешно!
[13.01.2025 16:14:41.841][main]Создание фрейма номер - 2 - успешно!
[13.01.2025 16:14:41.933][main]Создание фрейма номер - 3 - успешно!
[13.01.2025 16:14:42.026][main]Создание фрейма номер - 4 - успешно!
[13.01.2025 16:14:42.116][main]Создание фрейма номер - 5 - успешно!
[13.01.2025 16:14:45.109][success][COM1]:Порт открыт!
[13.01.2025 16:14:45.110][success][COM1]:Опрос КПА
[13.01.2025 16:14:48.210][success][COM1]:Данных нет или время ожидания истекло!
[13.01.2025 16:14:48.210][success][COM1]:THRD.ReciveAnswer. Ответ: 
[13.01.2025 16:14:48.210][success][COM1]:THRD.ReciveAnswer. Ответ: 
[13.01.2025 16:14:48.264][success][COM1]:Порт закрыт!
[13.01.2025 16:14:51.532][success][COM3]:Порт открыт!
[13.01.2025 16:14:51.533][success][COM3]:Опрос КПА
[13.01.2025 16:28:06.291][main]Старт программы KPA-1: Голунова Наталья Николаевна. Версия ПО: 1.0.0.0.
[13.01.2025 16:28:06.396][main]Создание фрейма номер - 0 - успешно!
[13.01.2025 16:28:06.492][main]Создание фрейма номер - 1 - успешно!
[13.01.2025 16:28:06.587][main]Создание фрейма номер - 2 - успешно!
[13.01.2025 16:28:06.679][main]Создание фрейма номер - 3 - успешно!
[13.01.2025 16:28:06.774][main]Создание фрейма номер - 4 - успешно!
[13.01.2025 16:28:06.880][main]Создание фрейма номер - 5 - успешно!
[13.01.2025 16:28:09.321][success][COM1]:Порт открыт!
[13.01.2025 16:28:09.323][success][COM1]:Опрос КПА
[13.01.2025 16:28:12.334][success][COM1]:Данных нет или время ожидания истекло!
[13.01.2025 16:28:12.334][success][COM1]:THRD.ReciveAnswer. Ответ: 
[13.01.2025 16:28:12.334][success][COM1]:THRD.ReciveAnswer. Ответ: 
[13.01.2025 16:28:12.394][success][COM1]:Порт закрыт!
[13.01.2025 16:28:13.596][success][COM3]:Порт открыт!
[13.01.2025 16:28:13.597][success][COM3]:Опрос КПА
[13.01.2025 16:28:16.147][success][COM3]:Данных нет или время ожидания истекло!
[13.01.2025 16:28:16.147][success][COM3]:THRD.ReciveAnswer. Ответ: 
[13.01.2025 16:28:16.147][success][COM3]:THRD.ReciveAnswer. Ответ: 
[13.01.2025 16:28:16.312][success][COM3]:Порт закрыт!
[13.01.2025 16:28:17.515][success][COM5]:Порт открыт!
[13.01.2025 16:28:17.551][success][COM5]:Опрос КПА
[13.01.2025 16:28:21.563][success][COM5]:THRD.BCPRxChar. Ответ: {"KPA-1","1.05.04","5","01.01.2000,01:13:51","49560","0",{"7BFFFFC3F","1","1","","","","","","0"}}

[13.01.2025 16:28:28.074][success][COM5]:THRD.ReciveAnswer. Ответ: {"KPA-1","1.05.04","5","01.01.2000,01:13:51","49560","0",{"7BFFFFC3F","1","1","","","","","","0"}}

[13.01.2025 16:28:28.074][success][COM5]:THRD.ReciveAnswer. Ответ: {"KPA-1","1.05.04","5","01.01.2000,01:13:51","49560","0",{"7BFFFFC3F","1","1","","","","","","0"}}

[13.01.2025 16:28:28.089][success][COM5]:THRD.ReciveAnswer. Ответ: {"KPA-1","1.05.04","5","01.01.2000,01:13:51","49560","0",{"7BFFFFC3F","1","1","","","","","","0"}}

[13.01.2025 16:28:33.399][success][COM5]:THRD.BCPRxChar. Ответ: "0"

[13.01.2025 16:28:40.060][success][COM5]:THRD.ReciveAnswer. Ответ: "0
[13.01.2025 16:28:40.061][success][COM5]:THRD.ReciveAnswer. Ответ: "0
[13.01.2025 16:28:44.699][success][COM5]:THRD.BCPRxChar. Ответ: "0"

[13.01.2025 16:28:47.855][success][COM5]:THRD.ReciveAnswer. Ответ: "0
[13.01.2025 16:28:47.857][success][COM5]:THRD.ReciveAnswer. Ответ: "0
[13.01.2025 16:28:49.424][success][COM5]:THRD.BCPRxChar. Ответ: "0"

[13.01.2025 16:28:50.862][success][COM5]:THRD.ReciveAnswer. Ответ: "0
[13.01.2025 16:28:50.863][success][COM5]:THRD.ReciveAnswer. Ответ: "0
[13.01.2025 16:28:50.910][success][COM5]:THRD.BCPRxChar. Ответ: "0"

[13.01.2025 16:28:50.914][success][COM5]:THRD.ReciveAnswer. Ответ: "0
[13.01.2025 16:28:50.915][success][COM5]:THRD.ReciveAnswer. Ответ: "0
[13.01.2025 16:28:50.972][success][COM5]:THRD.BCPRxChar. Ответ: "0"

[13.01.2025 16:28:50.977][success][COM5]:THRD.ReciveAnswer. Ответ: "0
[13.01.2025 16:28:50.978][success][COM5]:THRD.ReciveAnswer. Ответ: "0
[13.01.2025 16:28:51.018][success][COM5]:THRD.BCPRxChar. Ответ: "0"

[13.01.2025 16:28:51.021][success][COM5]:THRD.ReciveAnswer. Ответ: "0
[13.01.2025 16:28:51.023][success][COM5]:THRD.ReciveAnswer. Ответ: "0
[13.01.2025 16:28:51.064][success][COM5]:THRD.BCPRxChar. Ответ: "0"

[13.01.2025 16:28:51.068][success][COM5]:THRD.ReciveAnswer. Ответ: "0
[13.01.2025 16:28:51.070][success][COM5]:THRD.ReciveAnswer. Ответ: "0
[13.01.2025 16:28:51.111][success][COM5]:THRD.BCPRxChar. Ответ: "0"

[13.01.2025 16:28:51.116][success][COM5]:THRD.ReciveAnswer. Ответ: "0
[13.01.2025 16:28:51.118][success][COM5]:THRD.ReciveAnswer. Ответ: "0
[13.01.2025 16:28:51.159][success][COM5]:THRD.BCPRxChar. Ответ: "0"

[13.01.2025 16:28:51.163][success][COM5]:THRD.ReciveAnswer. Ответ: "0
[13.01.2025 16:28:51.165][success][COM5]:THRD.ReciveAnswer. Ответ: "0
[13.01.2025 16:28:51.206][success][COM5]:THRD.BCPRxChar. Ответ: "0"

[13.01.2025 16:28:51.210][success][COM5]:THRD.ReciveAnswer. Ответ: "0
[13.01.2025 16:28:51.212][success][COM5]:THRD.ReciveAnswer. Ответ: "0
[13.01.2025 16:28:51.253][success][COM5]:THRD.BCPRxChar. Ответ: "0"

[13.01.2025 16:28:51.258][success][COM5]:THRD.ReciveAnswer. Ответ: "0
[13.01.2025 16:28:51.260][success][COM5]:THRD.ReciveAnswer. Ответ: "0
[13.01.2025 16:28:51.300][success][COM5]:THRD.BCPRxChar. Ответ: "0"

[13.01.2025 16:28:51.305][success][COM5]:THRD.ReciveAnswer. Ответ: "0
[13.01.2025 16:28:51.307][success][COM5]:THRD.ReciveAnswer. Ответ: "0
[13.01.2025 16:28:51.356][success][COM5]:THRD.BCPRxChar. Ответ: "0"

[13.01.2025 16:28:51.365][success][COM5]:THRD.ReciveAnswer. Ответ: "0
[13.01.2025 16:28:51.370][success][COM5]:THRD.ReciveAnswer. Ответ: "0
[13.01.2025 16:28:51.421][success][COM5]:THRD.BCPRxChar. Ответ: "0"

[13.01.2025 16:28:51.426][success][COM5]:THRD.ReciveAnswer. Ответ: "0
[13.01.2025 16:28:51.428][success][COM5]:THRD.ReciveAnswer. Ответ: "0
[13.01.2025 16:28:51.474][success][COM5]:THRD.BCPRxChar. Ответ: "0"

[13.01.2025 16:28:51.478][success][COM5]:THRD.ReciveAnswer. Ответ: "0
[13.01.2025 16:28:51.480][success][COM5]:THRD.ReciveAnswer. Ответ: "0
[13.01.2025 16:28:51.522][success][COM5]:THRD.BCPRxChar. Ответ: "0"

[13.01.2025 16:28:51.528][success][COM5]:THRD.ReciveAnswer. Ответ: "0
[13.01.2025 16:28:51.532][success][COM5]:THRD.ReciveAnswer. Ответ: "0
[13.01.2025 16:28:51.568][success][COM5]:THRD.BCPRxChar. Ответ: "0"

[13.01.2025 16:28:51.574][success][COM5]:THRD.ReciveAnswer. Ответ: "0
[13.01.2025 16:28:51.579][success][COM5]:THRD.ReciveAnswer. Ответ: "0
[13.01.2025 16:28:51.616][success][COM5]:THRD.BCPRxChar. Ответ: "0"

[13.01.2025 16:28:51.621][success][COM5]:THRD.ReciveAnswer. Ответ: "0
[13.01.2025 16:28:51.625][success][COM5]:THRD.ReciveAnswer. Ответ: "0
[13.01.2025 16:28:51.664][success][COM5]:THRD.BCPRxChar. Ответ: "0"

[13.01.2025 16:28:51.670][success][COM5]:THRD.ReciveAnswer. Ответ: "0
[13.01.2025 16:28:51.674][success][COM5]:THRD.ReciveAnswer. Ответ: "0
[13.01.2025 16:28:51.710][success][COM5]:THRD.BCPRxChar. Ответ: "0"

[13.01.2025 16:28:51.714][success][COM5]:THRD.ReciveAnswer. Ответ: "0
[13.01.2025 16:28:51.716][success][COM5]:THRD.ReciveAnswer. Ответ: "0
[13.01.2025 16:28:51.758][success][COM5]:THRD.BCPRxChar. Ответ: "0"

[13.01.2025 16:28:51.764][success][COM5]:THRD.ReciveAnswer. Ответ: "0
[13.01.2025 16:28:51.767][success][COM5]:THRD.ReciveAnswer. Ответ: "0
[13.01.2025 16:28:51.806][success][COM5]:THRD.BCPRxChar. Ответ: "0"

[13.01.2025 16:28:51.811][success][COM5]:THRD.ReciveAnswer. Ответ: "0
[13.01.2025 16:28:51.814][success][COM5]:THRD.ReciveAnswer. Ответ: "0
[13.01.2025 16:28:51.850][success][COM5]:THRD.BCPRxChar. Ответ: "0"

[13.01.2025 16:28:51.855][success][COM5]:THRD.ReciveAnswer. Ответ: "0
[13.01.2025 16:28:51.858][success][COM5]:THRD.ReciveAnswer. Ответ: "0
[13.01.2025 16:28:51.906][success][COM5]:THRD.BCPRxChar. Ответ: "0"

[13.01.2025 16:28:51.917][success][COM5]:THRD.ReciveAnswer. Ответ: "0
[13.01.2025 16:28:51.923][success][COM5]:THRD.ReciveAnswer. Ответ: "0
[13.01.2025 16:28:51.960][success][COM5]:THRD.BCPRxChar. Ответ: "0"

[13.01.2025 16:28:51.965][success][COM5]:THRD.ReciveAnswer. Ответ: "0
[13.01.2025 16:28:51.968][success][COM5]:THRD.ReciveAnswer. Ответ: "0
[13.01.2025 16:28:52.011][success][COM5]:THRD.BCPRxChar. Ответ: "0"

[13.01.2025 16:28:52.017][success][COM5]:THRD.ReciveAnswer. Ответ: "0
[13.01.2025 16:28:52.021][success][COM5]:THRD.ReciveAnswer. Ответ: "0
[13.01.2025 16:28:52.056][success][COM5]:THRD.BCPRxChar. Ответ: "0"

[13.01.2025 16:28:52.061][success][COM5]:THRD.ReciveAnswer. Ответ: "0
[13.01.2025 16:28:52.064][success][COM5]:THRD.ReciveAnswer. Ответ: "0
[13.01.2025 16:28:52.104][success][COM5]:THRD.BCPRxChar. Ответ: "0"

[13.01.2025 16:28:52.109][success][COM5]:THRD.ReciveAnswer. Ответ: "0
[13.01.2025 16:28:52.112][success][COM5]:THRD.ReciveAnswer. Ответ: "0
[13.01.2025 16:28:52.163][success][COM5]:THRD.BCPRxChar. Ответ: "0"

[13.01.2025 16:28:52.174][success][COM5]:THRD.ReciveAnswer. Ответ: "0
[13.01.2025 16:28:52.178][success][COM5]:THRD.ReciveAnswer. Ответ: "0
[13.01.2025 16:28:52.215][success][COM5]:THRD.BCPRxChar. Ответ: "0"

[13.01.2025 16:28:52.221][success][COM5]:THRD.ReciveAnswer. Ответ: "0
[13.01.2025 16:28:52.225][success][COM5]:THRD.ReciveAnswer. Ответ: "0
[13.01.2025 16:28:52.261][success][COM5]:THRD.BCPRxChar. Ответ: "0"

[13.01.2025 16:28:52.268][success][COM5]:THRD.ReciveAnswer. Ответ: "0
[13.01.2025 16:28:52.273][success][COM5]:THRD.ReciveAnswer. Ответ: "0
[13.01.2025 16:28:52.308][success][COM5]:THRD.BCPRxChar. Ответ: "0"

[13.01.2025 16:28:52.314][success][COM5]:THRD.ReciveAnswer. Ответ: "0
[13.01.2025 16:28:52.318][success][COM5]:THRD.ReciveAnswer. Ответ: "0
[13.01.2025 16:28:52.355][success][COM5]:THRD.BCPRxChar. Ответ: "0"

[13.01.2025 16:28:52.361][success][COM5]:THRD.ReciveAnswer. Ответ: "0
[13.01.2025 16:28:52.365][success][COM5]:THRD.ReciveAnswer. Ответ: "0
[13.01.2025 16:28:52.402][success][COM5]:THRD.BCPRxChar. Ответ: "0"

[13.01.2025 16:28:52.408][success][COM5]:THRD.ReciveAnswer. Ответ: "0
[13.01.2025 16:28:52.413][success][COM5]:THRD.ReciveAnswer. Ответ: "0
[13.01.2025 16:28:52.451][success][COM5]:THRD.BCPRxChar. Ответ: "0"

[13.01.2025 16:28:52.457][success][COM5]:THRD.ReciveAnswer. Ответ: "0
[13.01.2025 16:28:52.461][success][COM5]:THRD.ReciveAnswer. Ответ: "0
[13.01.2025 16:28:52.499][success][COM5]:THRD.BCPRxChar. Ответ: "0"

[13.01.2025 16:28:52.506][success][COM5]:THRD.ReciveAnswer. Ответ: "0
[13.01.2025 16:28:52.510][success][COM5]:THRD.ReciveAnswer. Ответ: "0
[13.01.2025 16:28:52.547][success][COM5]:THRD.BCPRxChar. Ответ: "0"

[13.01.2025 16:28:52.553][success][COM5]:THRD.ReciveAnswer. Ответ: "0
[13.01.2025 16:28:52.558][success][COM5]:THRD.ReciveAnswer. Ответ: "0
[13.01.2025 16:28:52.593][success][COM5]:THRD.BCPRxChar. Ответ: "0"

[13.01.2025 16:28:52.600][success][COM5]:THRD.ReciveAnswer. Ответ: "0
[13.01.2025 16:28:52.605][success][COM5]:THRD.ReciveAnswer. Ответ: "0
[13.01.2025 16:28:52.642][success][COM5]:THRD.BCPRxChar. Ответ: "0"

[13.01.2025 16:28:52.649][success][COM5]:THRD.ReciveAnswer. Ответ: "0
[13.01.2025 16:28:52.654][success][COM5]:THRD.ReciveAnswer. Ответ: "0
[13.01.2025 16:28:52.705][success][COM5]:THRD.BCPRxChar. Ответ: "0"

[13.01.2025 16:28:52.712][success][COM5]:THRD.ReciveAnswer. Ответ: "0
[13.01.2025 16:28:52.717][success][COM5]:THRD.ReciveAnswer. Ответ: "0
[13.01.2025 16:28:52.754][success][COM5]:THRD.BCPRxChar. Ответ: "0"

[13.01.2025 16:28:52.761][success][COM5]:THRD.ReciveAnswer. Ответ: "0
[13.01.2025 16:28:52.766][success][COM5]:THRD.ReciveAnswer. Ответ: "0
[13.01.2025 16:28:52.813][success][COM5]:THRD.BCPRxChar. Ответ: "0"

[13.01.2025 16:28:52.821][success][COM5]:THRD.ReciveAnswer. Ответ: "0
[13.01.2025 16:28:52.826][success][COM5]:THRD.ReciveAnswer. Ответ: "0
[13.01.2025 16:28:52.877][success][COM5]:THRD.BCPRxChar. Ответ: "0"

[13.01.2025 16:28:52.885][success][COM5]:THRD.ReciveAnswer. Ответ: "0
[13.01.2025 16:28:52.891][success][COM5]:THRD.ReciveAnswer. Ответ: "0
[13.01.2025 16:28:52.942][success][COM5]:THRD.BCPRxChar. Ответ: "0"

[13.01.2025 16:28:52.952][success][COM5]:THRD.ReciveAnswer. Ответ: "0
[13.01.2025 16:28:52.958][success][COM5]:THRD.ReciveAnswer. Ответ: "0
[13.01.2025 16:28:53.003][success][COM5]:THRD.BCPRxChar. Ответ: "0"

[13.01.2025 16:28:53.013][success][COM5]:THRD.ReciveAnswer. Ответ: "0
[13.01.2025 16:28:53.017][success][COM5]:THRD.ReciveAnswer. Ответ: "0
[13.01.2025 16:28:53.069][success][COM5]:THRD.BCPRxChar. Ответ: "0"

[13.01.2025 16:28:53.092][success][COM5]:THRD.ReciveAnswer. Ответ: "0
[13.01.2025 16:28:53.099][success][COM5]:THRD.ReciveAnswer. Ответ: "0
[13.01.2025 16:28:53.147][success][COM5]:THRD.BCPRxChar. Ответ: "0"

[13.01.2025 16:28:53.182][success][COM5]:THRD.ReciveAnswer. Ответ: "0
[13.01.2025 16:28:53.189][success][COM5]:THRD.ReciveAnswer. Ответ: "0
[13.01.2025 16:28:53.228][success][COM5]:THRD.BCPRxChar. Ответ: "0"

[13.01.2025 16:28:53.235][success][COM5]:THRD.ReciveAnswer. Ответ: "0
[13.01.2025 16:28:53.241][success][COM5]:THRD.ReciveAnswer. Ответ: "0
[13.01.2025 16:28:53.289][success][COM5]:THRD.BCPRxChar. Ответ: "0"

[13.01.2025 16:28:53.298][success][COM5]:THRD.ReciveAnswer. Ответ: "0
[13.01.2025 16:28:53.304][success][COM5]:THRD.ReciveAnswer. Ответ: "0
[13.01.2025 16:28:53.353][success][COM5]:THRD.BCPRxChar. Ответ: "0"

[13.01.2025 16:28:53.364][success][COM5]:THRD.ReciveAnswer. Ответ: "0
[13.01.2025 16:28:53.372][success][COM5]:THRD.ReciveAnswer. Ответ: "0
[13.01.2025 16:28:53.415][success][COM5]:THRD.BCPRxChar. Ответ: "0"

[13.01.2025 16:28:53.423][success][COM5]:THRD.ReciveAnswer. Ответ: "0
[13.01.2025 16:28:53.428][success][COM5]:THRD.ReciveAnswer. Ответ: "0
[13.01.2025 16:28:53.478][success][COM5]:THRD.BCPRxChar. Ответ: "0"

[13.01.2025 16:28:53.485][success][COM5]:THRD.ReciveAnswer. Ответ: "0
[13.01.2025 16:28:53.490][success][COM5]:THRD.ReciveAnswer. Ответ: "0
[13.01.2025 16:28:53.525][success][COM5]:THRD.BCPRxChar. Ответ: "0"

[13.01.2025 16:28:53.532][success][COM5]:THRD.ReciveAnswer. Ответ: "0
[13.01.2025 16:28:53.538][success][COM5]:THRD.ReciveAnswer. Ответ: "0
[13.01.2025 16:28:53.592][success][COM5]:THRD.BCPRxChar. Ответ: "0"

[13.01.2025 16:28:53.599][success][COM5]:THRD.ReciveAnswer. Ответ: "0
[13.01.2025 16:28:53.604][success][COM5]:THRD.ReciveAnswer. Ответ: "0
[13.01.2025 16:28:53.651][success][COM5]:THRD.BCPRxChar. Ответ: "0"

[13.01.2025 16:28:53.658][success][COM5]:THRD.ReciveAnswer. Ответ: "0
[13.01.2025 16:28:53.664][success][COM5]:THRD.ReciveAnswer. Ответ: "0
[13.01.2025 16:28:53.700][success][COM5]:THRD.BCPRxChar. Ответ: "0"

[13.01.2025 16:28:53.707][success][COM5]:THRD.ReciveAnswer. Ответ: "0
[13.01.2025 16:28:53.713][success][COM5]:THRD.ReciveAnswer. Ответ: "0
[13.01.2025 16:28:53.780][success][COM5]:THRD.BCPRxChar. Ответ: "0"

[13.01.2025 16:28:53.788][success][COM5]:THRD.ReciveAnswer. Ответ: "0
[13.01.2025 16:28:53.796][success][COM5]:THRD.ReciveAnswer. Ответ: "0
[13.01.2025 16:28:53.845][success][COM5]:THRD.BCPRxChar. Ответ: "0"

[13.01.2025 16:28:53.855][success][COM5]:THRD.ReciveAnswer. Ответ: "0
[13.01.2025 16:28:53.863][success][COM5]:THRD.ReciveAnswer. Ответ: "0
[13.01.2025 16:28:53.907][success][COM5]:THRD.BCPRxChar. Ответ: "0"

[13.01.2025 16:28:53.916][success][COM5]:THRD.ReciveAnswer. Ответ: "0
[13.01.2025 16:28:53.924][success][COM5]:THRD.ReciveAnswer. Ответ: "0
[13.01.2025 16:28:53.971][success][COM5]:THRD.BCPRxChar. Ответ: "0"

[13.01.2025 16:28:53.980][success][COM5]:THRD.ReciveAnswer. Ответ: "0
[13.01.2025 16:28:53.986][success][COM5]:THRD.ReciveAnswer. Ответ: "0
[13.01.2025 16:28:54.033][success][COM5]:THRD.BCPRxChar. Ответ: "0"

[13.01.2025 16:28:54.041][success][COM5]:THRD.ReciveAnswer. Ответ: "0
[13.01.2025 16:28:54.047][success][COM5]:THRD.ReciveAnswer. Ответ: "0
[13.01.2025 16:28:54.094][success][COM5]:THRD.BCPRxChar. Ответ: "0"

[13.01.2025 16:28:54.102][success][COM5]:THRD.ReciveAnswer. Ответ: "0
[13.01.2025 16:28:54.110][success][COM5]:THRD.ReciveAnswer. Ответ: "0
[13.01.2025 16:28:54.156][success][COM5]:THRD.BCPRxChar. Ответ: "0"

[13.01.2025 16:28:54.165][success][COM5]:THRD.ReciveAnswer. Ответ: "0
[13.01.2025 16:28:54.174][success][COM5]:THRD.ReciveAnswer. Ответ: "0
[13.01.2025 16:28:54.222][success][COM5]:THRD.BCPRxChar. Ответ: "0"

[13.01.2025 16:28:54.233][success][COM5]:THRD.ReciveAnswer. Ответ: "0
[13.01.2025 16:28:54.239][success][COM5]:THRD.ReciveAnswer. Ответ: "0
[13.01.2025 16:28:54.286][success][COM5]:THRD.BCPRxChar. Ответ: "0"

[13.01.2025 16:28:54.294][success][COM5]:THRD.ReciveAnswer. Ответ: "0
[13.01.2025 16:28:54.302][success][COM5]:THRD.ReciveAnswer. Ответ: "0
[13.01.2025 16:28:54.346][success][COM5]:THRD.BCPRxChar. Ответ: "0"

[13.01.2025 16:28:54.359][success][COM5]:THRD.ReciveAnswer. Ответ: "0
[13.01.2025 16:28:54.370][success][COM5]:THRD.ReciveAnswer. Ответ: "0
[13.01.2025 16:28:54.411][success][COM5]:THRD.BCPRxChar. Ответ: "0"

[13.01.2025 16:28:54.420][success][COM5]:THRD.ReciveAnswer. Ответ: "0
[13.01.2025 16:28:54.427][success][COM5]:THRD.ReciveAnswer. Ответ: "0
[13.01.2025 16:28:54.478][success][COM5]:THRD.BCPRxChar. Ответ: "0"

[13.01.2025 16:28:54.492][success][COM5]:THRD.ReciveAnswer. Ответ: "0
[13.01.2025 16:28:54.500][success][COM5]:THRD.ReciveAnswer. Ответ: "0
[13.01.2025 16:28:54.550][success][COM5]:THRD.BCPRxChar. Ответ: "0"

[13.01.2025 16:28:54.559][success][COM5]:THRD.ReciveAnswer. Ответ: "0
[13.01.2025 16:28:54.565][success][COM5]:THRD.ReciveAnswer. Ответ: "0
[13.01.2025 16:28:54.615][success][COM5]:THRD.BCPRxChar. Ответ: "0"

[13.01.2025 16:28:54.625][success][COM5]:THRD.ReciveAnswer. Ответ: "0
[13.01.2025 16:28:54.632][success][COM5]:THRD.ReciveAnswer. Ответ: "0
[13.01.2025 16:28:54.683][success][COM5]:THRD.BCPRxChar. Ответ: "0"

[13.01.2025 16:28:54.711][success][COM5]:THRD.ReciveAnswer. Ответ: "0
[13.01.2025 16:28:54.718][success][COM5]:THRD.ReciveAnswer. Ответ: "0
[13.01.2025 16:28:54.757][success][COM5]:THRD.BCPRxChar. Ответ: "0"

[13.01.2025 16:28:54.766][success][COM5]:THRD.ReciveAnswer. Ответ: "0
[13.01.2025 16:28:54.772][success][COM5]:THRD.ReciveAnswer. Ответ: "0
[13.01.2025 16:28:54.824][success][COM5]:THRD.BCPRxChar. Ответ: "0"

[13.01.2025 16:44:16.968][main]Старт программы KPA-1: Голунова Наталья Николаевна. Версия ПО: 1.0.0.0.
[13.01.2025 16:44:17.076][main]Создание фрейма номер - 0 - успешно!
[13.01.2025 16:44:17.168][main]Создание фрейма номер - 1 - успешно!
[13.01.2025 16:44:17.262][main]Создание фрейма номер - 2 - успешно!
[13.01.2025 16:44:17.354][main]Создание фрейма номер - 3 - успешно!
[13.01.2025 16:44:17.446][main]Создание фрейма номер - 4 - успешно!
[13.01.2025 16:44:17.538][main]Создание фрейма номер - 5 - успешно!
[13.01.2025 16:44:20.936][success][COM1]:Порт открыт!
[13.01.2025 16:44:20.937][success][COM1]:Опрос КПА
[13.01.2025 16:44:22.673][success][COM1]:Данных нет или время ожидания истекло!
[13.01.2025 16:44:22.673][success][COM1]:THRD.ReciveAnswer. Ответ: 
[13.01.2025 16:44:22.673][success][COM1]:THRD.ReciveAnswer. Ответ: 
[13.01.2025 16:44:22.733][success][COM1]:Порт закрыт!
[13.01.2025 16:44:22.981][success][COM3]:Порт открыт!
[13.01.2025 16:44:22.981][success][COM3]:Опрос КПА
[13.01.2025 16:44:53.512][main]Старт программы KPA-1: Голунова Наталья Николаевна. Версия ПО: 1.0.0.0.
[13.01.2025 16:44:53.607][main]Создание фрейма номер - 0 - успешно!
[13.01.2025 16:44:53.701][main]Создание фрейма номер - 1 - успешно!
[13.01.2025 16:44:53.799][main]Создание фрейма номер - 2 - успешно!
[13.01.2025 16:44:53.895][main]Создание фрейма номер - 3 - успешно!
[13.01.2025 16:44:53.995][main]Создание фрейма номер - 4 - успешно!
[13.01.2025 16:44:54.091][main]Создание фрейма номер - 5 - успешно!
[13.01.2025 16:44:54.424][success][COM1]:Порт открыт!
[13.01.2025 16:44:54.424][success][COM1]:Опрос КПА
[13.01.2025 16:44:56.121][success][COM1]:Данных нет или время ожидания истекло!
[13.01.2025 16:44:56.121][success][COM1]:THRD.ReciveAnswer. Ответ: 
[13.01.2025 16:44:56.121][success][COM1]:THRD.ReciveAnswer. Ответ: 
[13.01.2025 16:44:56.179][success][COM1]:Порт закрыт!
[13.01.2025 16:44:56.441][success][COM3]:Порт открыт!
[13.01.2025 16:44:56.442][success][COM3]:Опрос КПА
[13.01.2025 16:44:58.185][success][COM3]:Данных нет или время ожидания истекло!
[13.01.2025 16:44:58.185][success][COM3]:THRD.ReciveAnswer. Ответ: 
[13.01.2025 16:44:58.185][success][COM3]:THRD.ReciveAnswer. Ответ: 
[13.01.2025 16:44:58.354][success][COM3]:Порт закрыт!
[13.01.2025 16:44:58.467][success][COM5]:Порт открыт!
[13.01.2025 16:44:58.499][success][COM5]:Опрос КПА
[13.01.2025 16:44:58.533][success][COM5]:THRD.BCPRxChar. Ответ: {"KPA-1","1.05.04","5","01.01.2000,01:30:30","49560","0",{"7BFFFFC3F","1","1","","","","","","0"}}

[13.01.2025 16:44:58.541][success][COM5]:THRD.ReciveAnswer. Ответ: {"KPA-1","1.05.04","5","01.01.2000,01:30:30","49560","0",{"7BFFFFC3F","1","1","","","","","","0"}}

[13.01.2025 16:44:58.541][success][COM5]:THRD.ReciveAnswer. Ответ: {"KPA-1","1.05.04","5","01.01.2000,01:30:30","49560","0",{"7BFFFFC3F","1","1","","","","","","0"}}

[13.01.2025 16:44:58.556][success][COM5]:THRD.ReciveAnswer. Ответ: {"KPA-1","1.05.04","5","01.01.2000,01:30:30","49560","0",{"7BFFFFC3F","1","1","","","","","","0"}}

[13.01.2025 16:45:01.373][success][COM5]:THRD.BCPRxChar. Ответ: "0"

[13.01.2025 16:45:21.974][main]Старт программы KPA-1: Голунова Наталья Николаевна. Версия ПО: 1.0.0.0.
[13.01.2025 16:45:22.072][main]Создание фрейма номер - 0 - успешно!
[13.01.2025 16:45:22.171][main]Создание фрейма номер - 1 - успешно!
[13.01.2025 16:45:22.265][main]Создание фрейма номер - 2 - успешно!
[13.01.2025 16:45:22.363][main]Создание фрейма номер - 3 - успешно!
[13.01.2025 16:45:22.456][main]Создание фрейма номер - 4 - успешно!
[13.01.2025 16:45:22.553][main]Создание фрейма номер - 5 - успешно!
[13.01.2025 16:45:22.899][success][COM1]:Порт открыт!
[13.01.2025 16:45:22.899][success][COM1]:Опрос КПА
[13.01.2025 16:45:24.650][success][COM1]:Данных нет или время ожидания истекло!
[13.01.2025 16:45:24.650][success][COM1]:THRD.ReciveAnswer. Ответ: 
[13.01.2025 16:45:24.650][success][COM1]:THRD.ReciveAnswer. Ответ: 
[13.01.2025 16:45:24.722][success][COM1]:Порт закрыт!
[13.01.2025 16:45:24.996][success][COM3]:Порт открыт!
[13.01.2025 16:45:24.997][success][COM3]:Опрос КПА
[13.01.2025 16:45:26.748][success][COM3]:Данных нет или время ожидания истекло!
[13.01.2025 16:45:26.748][success][COM3]:THRD.ReciveAnswer. Ответ: 
[13.01.2025 16:45:26.748][success][COM3]:THRD.ReciveAnswer. Ответ: 
[13.01.2025 16:45:26.913][success][COM3]:Порт закрыт!
[13.01.2025 16:45:27.013][success][COM5]:Порт открыт!
[13.01.2025 16:45:27.049][success][COM5]:Опрос КПА
[13.01.2025 16:45:27.082][success][COM5]:THRD.BCPRxChar. Ответ: {"KPA-1","1.05.04","5","01.01.2000,01:30:59","49560","0",{"7BFFFFC3F","1","1","","","","","","0"}}

[13.01.2025 16:45:27.088][success][COM5]:THRD.ReciveAnswer. Ответ: {"KPA-1","1.05.04","5","01.01.2000,01:30:59","49560","0",{"7BFFFFC3F","1","1","","","","","","0"}}

[13.01.2025 16:45:27.088][success][COM5]:THRD.ReciveAnswer. Ответ: {"KPA-1","1.05.04","5","01.01.2000,01:30:59","49560","0",{"7BFFFFC3F","1","1","","","","","","0"}}

[13.01.2025 16:45:27.102][success][COM5]:THRD.ReciveAnswer. Ответ: {"KPA-1","1.05.04","5","01.01.2000,01:30:59","49560","0",{"7BFFFFC3F","1","1","","","","","","0"}}

[13.01.2025 16:46:04.347][main]Старт программы KPA-1: Голунова Наталья Николаевна. Версия ПО: 1.0.0.0.
[13.01.2025 16:46:04.451][main]Создание фрейма номер - 0 - успешно!
[13.01.2025 16:46:04.564][main]Создание фрейма номер - 1 - успешно!
[13.01.2025 16:46:04.660][main]Создание фрейма номер - 2 - успешно!
[13.01.2025 16:46:04.766][main]Создание фрейма номер - 3 - успешно!
[13.01.2025 16:46:04.865][main]Создание фрейма номер - 4 - успешно!
[13.01.2025 16:46:04.957][main]Создание фрейма номер - 5 - успешно!
[13.01.2025 16:46:05.309][success][COM1]:Порт открыт!
[13.01.2025 16:46:05.310][success][COM1]:Опрос КПА
[13.01.2025 16:46:07.055][success][COM1]:Данных нет или время ожидания истекло!
[13.01.2025 16:46:07.055][success][COM1]:THRD.ReciveAnswer. Ответ: 
[13.01.2025 16:46:07.055][success][COM1]:THRD.ReciveAnswer. Ответ: 
[13.01.2025 16:46:07.133][success][COM1]:Порт закрыт!
[13.01.2025 16:46:07.403][success][COM3]:Порт открыт!
[13.01.2025 16:46:07.404][success][COM3]:Опрос КПА
[13.01.2025 16:46:09.109][success][COM3]:Данных нет или время ожидания истекло!
[13.01.2025 16:46:09.109][success][COM3]:THRD.ReciveAnswer. Ответ: 
[13.01.2025 16:46:09.109][success][COM3]:THRD.ReciveAnswer. Ответ: 
[13.01.2025 16:46:09.274][success][COM3]:Порт закрыт!
[13.01.2025 16:46:09.383][success][COM5]:Порт открыт!
[13.01.2025 16:46:09.416][success][COM5]:Опрос КПА
[13.01.2025 16:46:09.461][success][COM5]:THRD.BCPRxChar. Ответ: {"KPA-1","1.05.04","5","01.01.2000,01:31:41","49560","0",{"7BFFFFC3F","1","1","","","","","","0"}}

[13.01.2025 16:46:09.470][success][COM5]:THRD.ReciveAnswer. Ответ: {"KPA-1","1.05.04","5","01.01.2000,01:31:41","49560","0",{"7BFFFFC3F","1","1","","","","","","0"}}

[13.01.2025 16:46:09.470][success][COM5]:THRD.ReciveAnswer. Ответ: {"KPA-1","1.05.04","5","01.01.2000,01:31:41","49560","0",{"7BFFFFC3F","1","1","","","","","","0"}}

[13.01.2025 16:46:09.484][success][COM5]:THRD.ReciveAnswer. Ответ: {"KPA-1","1.05.04","5","01.01.2000,01:31:41","49560","0",{"7BFFFFC3F","1","1","","","","","","0"}}

[13.01.2025 16:51:01.767][main]Старт программы KPA-1: Голунова Наталья Николаевна. Версия ПО: 1.0.0.0.
[13.01.2025 16:51:01.903][main]Создание фрейма номер - 0 - успешно!
[13.01.2025 16:51:01.997][main]Создание фрейма номер - 1 - успешно!
[13.01.2025 16:51:02.096][main]Создание фрейма номер - 2 - успешно!
[13.01.2025 16:51:02.188][main]Создание фрейма номер - 3 - успешно!
[13.01.2025 16:51:02.282][main]Создание фрейма номер - 4 - успешно!
[13.01.2025 16:51:02.377][main]Создание фрейма номер - 5 - успешно!
[13.01.2025 16:51:02.707][success][COM1]:Порт открыт!
[13.01.2025 16:51:02.707][success][COM1]:Опрос КПА
[13.01.2025 16:51:04.487][success][COM1]:Данных нет или время ожидания истекло!
[13.01.2025 16:51:04.487][success][COM1]:THRD.ReciveAnswer. Ответ: 
[13.01.2025 16:51:04.487][success][COM1]:THRD.ReciveAnswer. Ответ: 
[13.01.2025 16:51:04.541][success][COM1]:Порт закрыт!
[13.01.2025 16:51:04.813][success][COM3]:Порт открыт!
[13.01.2025 16:51:04.814][success][COM3]:Опрос КПА
[13.01.2025 16:51:06.537][success][COM3]:Данных нет или время ожидания истекло!
[13.01.2025 16:51:06.537][success][COM3]:THRD.ReciveAnswer. Ответ: 
[13.01.2025 16:51:06.537][success][COM3]:THRD.ReciveAnswer. Ответ: 
[13.01.2025 16:51:06.700][success][COM3]:Порт закрыт!
[13.01.2025 16:51:06.816][success][COM5]:Порт открыт!
[13.01.2025 16:51:06.849][success][COM5]:Опрос КПА
[13.01.2025 16:51:06.885][success][COM5]:THRD.BCPRxChar. Ответ: {"KPA-1","1.05.04","5","01.01.2000,01:36:39","49560","0",{"7BFFFFC3F","1","1","","","","","","0"}}

[13.01.2025 16:51:06.893][success][COM5]:THRD.ReciveAnswer. Ответ: {"KPA-1","1.05.04","5","01.01.2000,01:36:39","49560","0",{"7BFFFFC3F","1","1","","","","","","0"}}

[13.01.2025 16:51:06.893][success][COM5]:THRD.ReciveAnswer. Ответ: {"KPA-1","1.05.04","5","01.01.2000,01:36:39","49560","0",{"7BFFFFC3F","1","1","","","","","","0"}}

[13.01.2025 16:51:06.907][success][COM5]:THRD.ReciveAnswer. Ответ: {"KPA-1","1.05.04","5","01.01.2000,01:36:39","49560","0",{"7BFFFFC3F","1","1","","","","","","0"}}

[13.01.2025 16:51:38.715][main]Старт программы KPA-1: Голунова Наталья Николаевна. Версия ПО: 1.0.0.0.
[13.01.2025 16:51:38.812][main]Создание фрейма номер - 0 - успешно!
[13.01.2025 16:51:38.906][main]Создание фрейма номер - 1 - успешно!
[13.01.2025 16:51:39.008][main]Создание фрейма номер - 2 - успешно!
[13.01.2025 16:51:39.105][main]Создание фрейма номер - 3 - успешно!
[13.01.2025 16:51:39.200][main]Создание фрейма номер - 4 - успешно!
[13.01.2025 16:51:39.291][main]Создание фрейма номер - 5 - успешно!
[13.01.2025 16:51:39.641][success][COM1]:Порт открыт!
[13.01.2025 16:51:39.641][success][COM1]:Опрос КПА
[13.01.2025 16:51:41.351][success][COM1]:Данных нет или время ожидания истекло!
[13.01.2025 16:51:41.351][success][COM1]:THRD.ReciveAnswer. Ответ: 
[13.01.2025 16:51:41.351][success][COM1]:THRD.ReciveAnswer. Ответ: 
[13.01.2025 16:51:41.409][success][COM1]:Порт закрыт!
[13.01.2025 16:51:41.652][success][COM3]:Порт открыт!
[13.01.2025 16:51:41.653][success][COM3]:Опрос КПА
[13.01.2025 16:51:43.450][success][COM3]:Данных нет или время ожидания истекло!
[13.01.2025 16:51:43.450][success][COM3]:THRD.ReciveAnswer. Ответ: 
[13.01.2025 16:51:43.450][success][COM3]:THRD.ReciveAnswer. Ответ: 
[13.01.2025 16:51:43.588][success][COM3]:Порт закрыт!
[13.01.2025 16:51:43.687][success][COM5]:Порт открыт!
[13.01.2025 16:51:43.722][success][COM5]:Опрос КПА
[13.01.2025 16:51:43.752][success][COM5]:THRD.BCPRxChar. Ответ: {"KPA-1","1.05.04","5","01.01.2000,01:37:16","49560","0",{"7BFFFFC3F","1","1","","","","","","0"}}

[13.01.2025 16:51:43.760][success][COM5]:THRD.ReciveAnswer. Ответ: {"KPA-1","1.05.04","5","01.01.2000,01:37:16","49560","0",{"7BFFFFC3F","1","1","","","","","","0"}}

[13.01.2025 16:51:43.760][success][COM5]:THRD.ReciveAnswer. Ответ: {"KPA-1","1.05.04","5","01.01.2000,01:37:16","49560","0",{"7BFFFFC3F","1","1","","","","","","0"}}

[13.01.2025 16:51:43.775][success][COM5]:THRD.ReciveAnswer. Ответ: {"KPA-1","1.05.04","5","01.01.2000,01:37:16","49560","0",{"7BFFFFC3F","1","1","","","","","","0"}}

[13.01.2025 16:53:54.200][main]Старт программы KPA-1: Голунова Наталья Николаевна. Версия ПО: 1.0.0.0.
[13.01.2025 16:53:54.315][main]Создание фрейма номер - 0 - успешно!
[13.01.2025 16:53:54.408][main]Создание фрейма номер - 1 - успешно!
[13.01.2025 16:53:54.507][main]Создание фрейма номер - 2 - успешно!
[13.01.2025 16:53:54.600][main]Создание фрейма номер - 3 - успешно!
[13.01.2025 16:53:54.698][main]Создание фрейма номер - 4 - успешно!
[13.01.2025 16:53:54.794][main]Создание фрейма номер - 5 - успешно!
[13.01.2025 16:53:55.106][success][COM1]:Порт открыт!
[13.01.2025 16:53:55.107][success][COM1]:Опрос КПА
[13.01.2025 16:53:56.832][success][COM1]:Данных нет или время ожидания истекло!
[13.01.2025 16:53:56.832][success][COM1]:THRD.ReciveAnswer. Ответ: 
[13.01.2025 16:53:56.832][success][COM1]:THRD.ReciveAnswer. Ответ: 
[13.01.2025 16:53:56.877][success][COM1]:Порт закрыт!
[13.01.2025 16:53:57.147][success][COM3]:Порт открыт!
[13.01.2025 16:53:57.148][success][COM3]:Опрос КПА
[13.01.2025 16:53:58.923][success][COM3]:Данных нет или время ожидания истекло!
[13.01.2025 16:53:58.923][success][COM3]:THRD.ReciveAnswer. Ответ: 
[13.01.2025 16:53:58.923][success][COM3]:THRD.ReciveAnswer. Ответ: 
[13.01.2025 16:53:59.077][success][COM3]:Порт закрыт!
[13.01.2025 16:53:59.191][success][COM5]:Порт открыт!
[13.01.2025 16:53:59.225][success][COM5]:Опрос КПА
[13.01.2025 16:53:59.260][success][COM5]:THRD.BCPRxChar. Ответ: {"KPA-1","1.05.04","5","01.01.2000,01:39:31","49560","0",{"7BFFFFC3F","1","1","","","","","","0"}}

[13.01.2025 16:53:59.268][success][COM5]:THRD.ReciveAnswer. Ответ: {"KPA-1","1.05.04","5","01.01.2000,01:39:31","49560","0",{"7BFFFFC3F","1","1","","","","","","0"}}

[13.01.2025 16:53:59.268][success][COM5]:THRD.ReciveAnswer. Ответ: {"KPA-1","1.05.04","5","01.01.2000,01:39:31","49560","0",{"7BFFFFC3F","1","1","","","","","","0"}}

[13.01.2025 16:53:59.284][success][COM5]:THRD.ReciveAnswer. Ответ: {"KPA-1","1.05.04","5","01.01.2000,01:39:31","49560","0",{"7BFFFFC3F","1","1","","","","","","0"}}

[13.01.2025 16:56:41.061][main]Старт программы KPA-1: Голунова Наталья Николаевна. Версия ПО: 1.0.0.0.
[13.01.2025 16:56:41.170][main]Создание фрейма номер - 0 - успешно!
[13.01.2025 16:56:41.261][main]Создание фрейма номер - 1 - успешно!
[13.01.2025 16:56:41.361][main]Создание фрейма номер - 2 - успешно!
[13.01.2025 16:56:41.459][main]Создание фрейма номер - 3 - успешно!
[13.01.2025 16:56:41.563][main]Создание фрейма номер - 4 - успешно!
[13.01.2025 16:56:41.655][main]Создание фрейма номер - 5 - успешно!
[13.01.2025 16:56:42.040][success][COM1]:Порт открыт!
[13.01.2025 16:56:42.040][success][COM1]:Опрос КПА
[13.01.2025 16:56:43.788][success][COM1]:Данных нет или время ожидания истекло!
[13.01.2025 16:56:43.788][success][COM1]:THRD.ReciveAnswer. Ответ: 
[13.01.2025 16:56:43.788][success][COM1]:THRD.ReciveAnswer. Ответ: 
[13.01.2025 16:56:43.831][success][COM1]:Порт закрыт!
[13.01.2025 16:56:44.098][success][COM3]:Порт открыт!
[13.01.2025 16:56:44.099][success][COM3]:Опрос КПА
[13.01.2025 16:56:45.849][success][COM3]:Данных нет или время ожидания истекло!
[13.01.2025 16:56:45.849][success][COM3]:THRD.ReciveAnswer. Ответ: 
[13.01.2025 16:56:45.849][success][COM3]:THRD.ReciveAnswer. Ответ: 
[13.01.2025 16:56:46.029][success][COM3]:Порт закрыт!
[13.01.2025 16:56:46.126][success][COM5]:Порт открыт!
[13.01.2025 16:56:46.174][success][COM5]:Опрос КПА
[13.01.2025 16:56:46.206][success][COM5]:THRD.BCPRxChar. Ответ: {"KPA-1","1.05.04","5","01.01.2000,01:42:18","49560","0",{"7BFFFFC3F","1","1","","","","","","0"}}

[13.01.2025 16:56:46.213][success][COM5]:THRD.ReciveAnswer. Ответ: {"KPA-1","1.05.04","5","01.01.2000,01:42:18","49560","0",{"7BFFFFC3F","1","1","","","","","","0"}}

[13.01.2025 16:56:46.213][success][COM5]:THRD.ReciveAnswer. Ответ: {"KPA-1","1.05.04","5","01.01.2000,01:42:18","49560","0",{"7BFFFFC3F","1","1","","","","","","0"}}

[13.01.2025 16:56:46.228][success][COM5]:THRD.ReciveAnswer. Ответ: {"KPA-1","1.05.04","5","01.01.2000,01:42:18","49560","0",{"7BFFFFC3F","1","1","","","","","","0"}}

[13.01.2025 16:56:48.613][success][COM5]:THRD.BCPRxChar. Ответ: "0"

[13.01.2025 16:56:48.618][success][COM5]:THRD.ReciveAnswer. Ответ: 0
[13.01.2025 16:56:48.619][success][COM5]:THRD.ReciveAnswer. Ответ: 0
[13.01.2025 16:57:05.106][success][COM5]:Плата не вставлена.
[13.01.2025 16:57:06.910][success][COM5]:THRD.BCPRxChar. Ответ: "0"

[13.01.2025 16:57:06.981][success][COM5]:THRD.ReciveAnswer. Ответ: 0
[13.01.2025 16:57:06.983][success][COM5]:THRD.ReciveAnswer. Ответ: 0
[13.01.2025 16:57:06.990][success][COM5]:Плата не вставлена.
[13.01.2025 16:57:07.028][success][COM5]:THRD.BCPRxChar. Ответ: "0"

[13.01.2025 16:57:07.032][success][COM5]:THRD.ReciveAnswer. Ответ: 0
[13.01.2025 16:57:07.033][success][COM5]:THRD.ReciveAnswer. Ответ: 0
[13.01.2025 16:57:07.043][success][COM5]:Плата не вставлена.
[13.01.2025 16:57:07.074][success][COM5]:THRD.BCPRxChar. Ответ: "0"

[13.01.2025 16:57:07.078][success][COM5]:THRD.ReciveAnswer. Ответ: 0
[13.01.2025 16:57:07.080][success][COM5]:THRD.ReciveAnswer. Ответ: 0
[13.01.2025 16:57:07.087][success][COM5]:Плата не вставлена.
[13.01.2025 16:57:07.138][success][COM5]:THRD.BCPRxChar. Ответ: "0"

[13.01.2025 16:57:07.142][success][COM5]:THRD.ReciveAnswer. Ответ: 0
[13.01.2025 16:57:07.143][success][COM5]:THRD.ReciveAnswer. Ответ: 0
[13.01.2025 16:57:07.151][success][COM5]:Плата не вставлена.
[13.01.2025 16:57:07.200][success][COM5]:THRD.BCPRxChar. Ответ: "0"

[13.01.2025 16:57:07.205][success][COM5]:THRD.ReciveAnswer. Ответ: 0
[13.01.2025 16:57:07.207][success][COM5]:THRD.ReciveAnswer. Ответ: 0
[13.01.2025 16:57:07.215][success][COM5]:Плата не вставлена.
[13.01.2025 16:57:07.250][success][COM5]:THRD.BCPRxChar. Ответ: "0"

[13.01.2025 16:57:07.255][success][COM5]:THRD.ReciveAnswer. Ответ: 0
[13.01.2025 16:57:07.257][success][COM5]:THRD.ReciveAnswer. Ответ: 0
[13.01.2025 16:57:07.264][success][COM5]:Плата не вставлена.
[13.01.2025 16:57:07.299][success][COM5]:THRD.BCPRxChar. Ответ: "0"

[13.01.2025 16:57:07.313][success][COM5]:THRD.ReciveAnswer. Ответ: 0
[13.01.2025 16:57:07.315][success][COM5]:THRD.ReciveAnswer. Ответ: 0
[13.01.2025 16:57:07.323][success][COM5]:Плата не вставлена.
[13.01.2025 16:57:07.363][success][COM5]:THRD.BCPRxChar. Ответ: "0"

[13.01.2025 16:57:07.370][success][COM5]:THRD.ReciveAnswer. Ответ: 0
[13.01.2025 16:57:07.374][success][COM5]:THRD.ReciveAnswer. Ответ: 0
[13.01.2025 16:57:07.387][success][COM5]:Плата не вставлена.
[13.01.2025 16:57:07.426][success][COM5]:THRD.BCPRxChar. Ответ: "0"

[13.01.2025 16:57:07.432][success][COM5]:THRD.ReciveAnswer. Ответ: 0
[13.01.2025 16:57:07.434][success][COM5]:THRD.ReciveAnswer. Ответ: 0
[13.01.2025 16:57:07.441][success][COM5]:Плата не вставлена.
[13.01.2025 16:57:07.490][success][COM5]:THRD.BCPRxChar. Ответ: "0"

[13.01.2025 16:57:07.496][success][COM5]:THRD.ReciveAnswer. Ответ: 0
[13.01.2025 16:57:07.498][success][COM5]:THRD.ReciveAnswer. Ответ: 0
[13.01.2025 16:57:07.506][success][COM5]:Плата не вставлена.
[13.01.2025 16:57:07.552][success][COM5]:THRD.BCPRxChar. Ответ: "0"

[13.01.2025 16:57:07.558][success][COM5]:THRD.ReciveAnswer. Ответ: 0
[13.01.2025 16:57:07.561][success][COM5]:THRD.ReciveAnswer. Ответ: 0
[13.01.2025 16:57:07.579][success][COM5]:Плата не вставлена.
[13.01.2025 16:57:07.615][success][COM5]:THRD.BCPRxChar. Ответ: "0"

[13.01.2025 16:57:07.619][success][COM5]:THRD.ReciveAnswer. Ответ: 0
[13.01.2025 16:57:07.622][success][COM5]:THRD.ReciveAnswer. Ответ: 0
[13.01.2025 16:57:07.630][success][COM5]:Плата не вставлена.
[13.01.2025 16:57:07.664][success][COM5]:THRD.BCPRxChar. Ответ: "0"

[13.01.2025 16:57:07.671][success][COM5]:THRD.ReciveAnswer. Ответ: 0
[13.01.2025 16:57:07.674][success][COM5]:THRD.ReciveAnswer. Ответ: 0
[13.01.2025 16:57:07.682][success][COM5]:Плата не вставлена.
[13.01.2025 16:57:07.727][success][COM5]:THRD.BCPRxChar. Ответ: "0"

[13.01.2025 16:57:07.731][success][COM5]:THRD.ReciveAnswer. Ответ: 0
[13.01.2025 16:57:07.734][success][COM5]:THRD.ReciveAnswer. Ответ: 0
[13.01.2025 16:57:07.743][success][COM5]:Плата не вставлена.
[13.01.2025 16:57:07.776][success][COM5]:THRD.BCPRxChar. Ответ: "0"

[13.01.2025 16:57:07.781][success][COM5]:THRD.ReciveAnswer. Ответ: 0
[13.01.2025 16:57:07.785][success][COM5]:THRD.ReciveAnswer. Ответ: 0
[13.01.2025 16:57:07.794][success][COM5]:Плата не вставлена.
[13.01.2025 16:57:07.840][success][COM5]:THRD.BCPRxChar. Ответ: "0"

[13.01.2025 16:57:07.846][success][COM5]:THRD.ReciveAnswer. Ответ: 0
[13.01.2025 16:57:07.849][success][COM5]:THRD.ReciveAnswer. Ответ: 0
[13.01.2025 16:57:07.864][success][COM5]:Плата не вставлена.
[13.01.2025 16:57:07.902][success][COM5]:THRD.BCPRxChar. Ответ: "0"

[13.01.2025 16:57:07.908][success][COM5]:THRD.ReciveAnswer. Ответ: 0
[13.01.2025 16:57:07.911][success][COM5]:THRD.ReciveAnswer. Ответ: 0
[13.01.2025 16:57:07.920][success][COM5]:Плата не вставлена.
[13.01.2025 16:57:07.955][success][COM5]:THRD.BCPRxChar. Ответ: "0"

[13.01.2025 16:57:07.961][success][COM5]:THRD.ReciveAnswer. Ответ: 0
[13.01.2025 16:57:07.964][success][COM5]:THRD.ReciveAnswer. Ответ: 0
[13.01.2025 16:57:07.974][success][COM5]:Плата не вставлена.
[13.01.2025 16:57:08.017][success][COM5]:THRD.BCPRxChar. Ответ: "0"

[13.01.2025 16:57:08.023][success][COM5]:THRD.ReciveAnswer. Ответ: 0
[13.01.2025 16:57:08.026][success][COM5]:THRD.ReciveAnswer. Ответ: 0
[13.01.2025 16:57:08.034][success][COM5]:Плата не вставлена.
[13.01.2025 16:57:08.079][success][COM5]:THRD.BCPRxChar. Ответ: "0"

[13.01.2025 16:57:08.096][success][COM5]:THRD.ReciveAnswer. Ответ: 0
[13.01.2025 16:57:08.101][success][COM5]:THRD.ReciveAnswer. Ответ: 0
[13.01.2025 16:57:08.112][success][COM5]:Плата не вставлена.
[13.01.2025 16:57:08.148][success][COM5]:THRD.BCPRxChar. Ответ: "0"

[13.01.2025 16:57:08.158][success][COM5]:THRD.ReciveAnswer. Ответ: 0
[13.01.2025 16:57:08.161][success][COM5]:THRD.ReciveAnswer. Ответ: 0
[13.01.2025 16:57:08.170][success][COM5]:Плата не вставлена.
[13.01.2025 16:57:08.208][success][COM5]:THRD.BCPRxChar. Ответ: "0"

[13.01.2025 16:57:08.228][success][COM5]:THRD.ReciveAnswer. Ответ: 0
[13.01.2025 16:57:08.232][success][COM5]:THRD.ReciveAnswer. Ответ: 0
[13.01.2025 16:57:08.242][success][COM5]:Плата не вставлена.
[13.01.2025 16:57:08.287][success][COM5]:THRD.BCPRxChar. Ответ: "0"

[13.01.2025 16:57:08.294][success][COM5]:THRD.ReciveAnswer. Ответ: 0
[13.01.2025 16:57:08.299][success][COM5]:THRD.ReciveAnswer. Ответ: 0
[13.01.2025 16:57:08.323][success][COM5]:Плата не вставлена.
[13.01.2025 16:57:08.366][success][COM5]:THRD.BCPRxChar. Ответ: "0"

[13.01.2025 16:57:08.374][success][COM5]:THRD.ReciveAnswer. Ответ: 0
[13.01.2025 16:57:08.378][success][COM5]:THRD.ReciveAnswer. Ответ: 0
[13.01.2025 16:57:08.391][success][COM5]:Плата не вставлена.
[13.01.2025 16:57:08.446][success][COM5]:THRD.BCPRxChar. Ответ: "0"

[13.01.2025 16:57:08.454][success][COM5]:THRD.ReciveAnswer. Ответ: 0
[13.01.2025 16:57:08.457][success][COM5]:THRD.ReciveAnswer. Ответ: 0
[13.01.2025 16:57:08.466][success][COM5]:Плата не вставлена.
[13.01.2025 16:57:08.517][success][COM5]:THRD.BCPRxChar. Ответ: "0"

[13.01.2025 16:57:08.528][success][COM5]:THRD.ReciveAnswer. Ответ: 0
[13.01.2025 16:57:08.532][success][COM5]:THRD.ReciveAnswer. Ответ: 0
[13.01.2025 16:57:08.542][success][COM5]:Плата не вставлена.
[13.01.2025 16:57:08.575][success][COM5]:THRD.BCPRxChar. Ответ: "0"

[13.01.2025 16:57:08.582][success][COM5]:THRD.ReciveAnswer. Ответ: 0
[13.01.2025 16:57:08.586][success][COM5]:THRD.ReciveAnswer. Ответ: 0
[13.01.2025 16:57:08.597][success][COM5]:Плата не вставлена.
[13.01.2025 16:57:08.636][success][COM5]:THRD.BCPRxChar. Ответ: "0"

[13.01.2025 16:57:08.644][success][COM5]:THRD.ReciveAnswer. Ответ: 0
[13.01.2025 16:57:08.648][success][COM5]:THRD.ReciveAnswer. Ответ: 0
[13.01.2025 16:57:08.659][success][COM5]:Плата не вставлена.
[13.01.2025 16:57:08.710][success][COM5]:THRD.BCPRxChar. Ответ: "0"

[13.01.2025 16:57:09.247][success][COM5]:THRD.ReciveAnswer. Ответ: 0
[13.01.2025 16:57:09.251][success][COM5]:THRD.ReciveAnswer. Ответ: 0
[13.01.2025 16:57:09.262][success][COM5]:Плата не вставлена.
[13.01.2025 16:57:09.311][success][COM5]:THRD.BCPRxChar. Ответ: "0"

[13.01.2025 16:57:09.318][success][COM5]:THRD.ReciveAnswer. Ответ: 0
[13.01.2025 16:57:09.324][success][COM5]:THRD.ReciveAnswer. Ответ: 0
[13.01.2025 16:57:09.335][success][COM5]:Плата не вставлена.
[13.01.2025 16:57:09.369][success][COM5]:THRD.BCPRxChar. Ответ: "0"

[13.01.2025 16:57:09.406][success][COM5]:THRD.ReciveAnswer. Ответ: 0
[13.01.2025 16:57:09.412][success][COM5]:THRD.ReciveAnswer. Ответ: 0
[13.01.2025 16:57:09.424][success][COM5]:Плата не вставлена.
[13.01.2025 16:57:09.465][success][COM5]:THRD.BCPRxChar. Ответ: "0"

[13.01.2025 16:57:09.473][success][COM5]:THRD.ReciveAnswer. Ответ: 0
[13.01.2025 16:57:09.478][success][COM5]:THRD.ReciveAnswer. Ответ: 0
[13.01.2025 16:57:09.489][success][COM5]:Плата не вставлена.
[13.01.2025 16:57:09.527][success][COM5]:THRD.BCPRxChar. Ответ: "0"

[13.01.2025 16:57:09.533][success][COM5]:THRD.ReciveAnswer. Ответ: 0
[13.01.2025 16:57:09.537][success][COM5]:THRD.ReciveAnswer. Ответ: 0
[13.01.2025 16:57:09.548][success][COM5]:Плата не вставлена.
[13.01.2025 16:57:09.591][success][COM5]:THRD.BCPRxChar. Ответ: "0"

[13.01.2025 16:57:09.604][success][COM5]:THRD.ReciveAnswer. Ответ: 0
[13.01.2025 16:57:09.610][success][COM5]:THRD.ReciveAnswer. Ответ: 0
[13.01.2025 16:57:09.624][success][COM5]:Плата не вставлена.
[13.01.2025 16:57:09.671][success][COM5]:THRD.BCPRxChar. Ответ: "0"

[13.01.2025 16:57:09.679][success][COM5]:THRD.ReciveAnswer. Ответ: 0
[13.01.2025 16:57:09.684][success][COM5]:THRD.ReciveAnswer. Ответ: 0
[13.01.2025 16:57:09.694][success][COM5]:Плата не вставлена.
[13.01.2025 16:57:09.736][success][COM5]:THRD.BCPRxChar. Ответ: "0"

[13.01.2025 16:57:09.758][success][COM5]:THRD.ReciveAnswer. Ответ: 0
[13.01.2025 16:57:09.763][success][COM5]:THRD.ReciveAnswer. Ответ: 0
[13.01.2025 16:57:09.775][success][COM5]:Плата не вставлена.
[13.01.2025 16:57:09.818][success][COM5]:THRD.BCPRxChar. Ответ: "0"

[13.01.2025 16:57:09.827][success][COM5]:THRD.ReciveAnswer. Ответ: 0
[13.01.2025 16:57:09.833][success][COM5]:THRD.ReciveAnswer. Ответ: 0
[13.01.2025 16:57:09.845][success][COM5]:Плата не вставлена.
[13.01.2025 16:57:09.888][success][COM5]:THRD.BCPRxChar. Ответ: "0"

[13.01.2025 16:57:09.900][success][COM5]:THRD.ReciveAnswer. Ответ: 0
[13.01.2025 16:57:09.909][success][COM5]:THRD.ReciveAnswer. Ответ: 0
[13.01.2025 16:57:09.923][success][COM5]:Плата не вставлена.
[13.01.2025 16:57:09.960][success][COM5]:THRD.BCPRxChar. Ответ: "0"

[13.01.2025 16:57:09.968][success][COM5]:THRD.ReciveAnswer. Ответ: 0
[13.01.2025 16:57:09.974][success][COM5]:THRD.ReciveAnswer. Ответ: 0
[13.01.2025 16:57:09.985][success][COM5]:Плата не вставлена.
[13.01.2025 16:57:10.025][success][COM5]:THRD.BCPRxChar. Ответ: "0"

[13.01.2025 16:57:10.033][success][COM5]:THRD.ReciveAnswer. Ответ: 0
[13.01.2025 16:57:10.039][success][COM5]:THRD.ReciveAnswer. Ответ: 0
[13.01.2025 16:57:10.052][success][COM5]:Плата не вставлена.
[13.01.2025 16:57:10.091][success][COM5]:THRD.BCPRxChar. Ответ: "0"

[13.01.2025 16:57:10.099][success][COM5]:THRD.ReciveAnswer. Ответ: 0
[13.01.2025 16:57:10.105][success][COM5]:THRD.ReciveAnswer. Ответ: 0
[13.01.2025 16:57:10.117][success][COM5]:Плата не вставлена.
[13.01.2025 16:57:10.152][success][COM5]:THRD.BCPRxChar. Ответ: "0"

[13.01.2025 16:57:10.163][success][COM5]:THRD.ReciveAnswer. Ответ: 0
[13.01.2025 16:57:10.168][success][COM5]:THRD.ReciveAnswer. Ответ: 0
[13.01.2025 16:57:10.179][success][COM5]:Плата не вставлена.
[13.01.2025 16:57:10.215][success][COM5]:THRD.BCPRxChar. Ответ: "0"

[13.01.2025 16:57:10.223][success][COM5]:THRD.ReciveAnswer. Ответ: 0
[13.01.2025 16:57:10.237][success][COM5]:THRD.ReciveAnswer. Ответ: 0
[13.01.2025 16:57:10.265][success][COM5]:Плата не вставлена.
[13.01.2025 16:57:10.311][success][COM5]:THRD.BCPRxChar. Ответ: "0"

[13.01.2025 16:57:10.318][success][COM5]:THRD.ReciveAnswer. Ответ: 0
[13.01.2025 16:57:10.325][success][COM5]:THRD.ReciveAnswer. Ответ: 0
[13.01.2025 16:57:10.337][success][COM5]:Плата не вставлена.
[13.01.2025 16:57:10.375][success][COM5]:THRD.BCPRxChar. Ответ: "0"

[13.01.2025 16:57:10.383][success][COM5]:THRD.ReciveAnswer. Ответ: 0
[13.01.2025 16:57:10.389][success][COM5]:THRD.ReciveAnswer. Ответ: 0
[13.01.2025 16:57:10.403][success][COM5]:Плата не вставлена.
[13.01.2025 16:57:10.442][success][COM5]:THRD.BCPRxChar. Ответ: "0"

[13.01.2025 16:57:10.453][success][COM5]:THRD.ReciveAnswer. Ответ: 0
[13.01.2025 16:57:10.461][success][COM5]:THRD.ReciveAnswer. Ответ: 0
[13.01.2025 16:57:10.474][success][COM5]:Плата не вставлена.
[13.01.2025 16:57:10.517][success][COM5]:THRD.BCPRxChar. Ответ: "0"

[13.01.2025 16:57:10.526][success][COM5]:THRD.ReciveAnswer. Ответ: 0
[13.01.2025 16:57:10.533][success][COM5]:THRD.ReciveAnswer. Ответ: 0
[13.01.2025 16:57:10.559][success][COM5]:Плата не вставлена.
[13.01.2025 16:57:10.598][success][COM5]:THRD.BCPRxChar. Ответ: "0"

[13.01.2025 16:57:10.606][success][COM5]:THRD.ReciveAnswer. Ответ: 0
[13.01.2025 16:57:10.614][success][COM5]:THRD.ReciveAnswer. Ответ: 0
[13.01.2025 16:57:10.641][success][COM5]:Плата не вставлена.
[13.01.2025 16:57:10.679][success][COM5]:THRD.BCPRxChar. Ответ: "0"

[13.01.2025 16:57:10.688][success][COM5]:THRD.ReciveAnswer. Ответ: 0
[13.01.2025 16:57:10.698][success][COM5]:THRD.ReciveAnswer. Ответ: 0
[13.01.2025 16:57:10.712][success][COM5]:Плата не вставлена.
[13.01.2025 16:57:10.757][success][COM5]:THRD.BCPRxChar. Ответ: "0"

[13.01.2025 16:57:10.765][success][COM5]:THRD.ReciveAnswer. Ответ: 0
[13.01.2025 16:57:10.771][success][COM5]:THRD.ReciveAnswer. Ответ: 0
[13.01.2025 16:57:10.783][success][COM5]:Плата не вставлена.
[13.01.2025 16:57:10.819][success][COM5]:THRD.BCPRxChar. Ответ: "0"

[13.01.2025 16:57:10.831][success][COM5]:THRD.ReciveAnswer. Ответ: 0
[13.01.2025 16:57:10.839][success][COM5]:THRD.ReciveAnswer. Ответ: 0
[13.01.2025 16:57:10.851][success][COM5]:Плата не вставлена.
[13.01.2025 16:57:10.897][success][COM5]:THRD.BCPRxChar. Ответ: "0"

[13.01.2025 16:57:10.905][success][COM5]:THRD.ReciveAnswer. Ответ: 0
[13.01.2025 16:57:10.912][success][COM5]:THRD.ReciveAnswer. Ответ: 0
[13.01.2025 16:57:10.924][success][COM5]:Плата не вставлена.
[13.01.2025 16:57:10.961][success][COM5]:THRD.BCPRxChar. Ответ: "0"

[13.01.2025 16:57:10.975][success][COM5]:THRD.ReciveAnswer. Ответ: 0
[13.01.2025 16:57:10.981][success][COM5]:THRD.ReciveAnswer. Ответ: 0
[13.01.2025 16:57:10.994][success][COM5]:Плата не вставлена.
[13.01.2025 16:57:11.042][success][COM5]:THRD.BCPRxChar. Ответ: "0"

[13.01.2025 16:57:11.054][success][COM5]:THRD.ReciveAnswer. Ответ: 0
[13.01.2025 16:57:11.063][success][COM5]:THRD.ReciveAnswer. Ответ: 0
[13.01.2025 16:57:11.076][success][COM5]:Плата не вставлена.
[13.01.2025 16:57:11.120][success][COM5]:THRD.BCPRxChar. Ответ: "0"

[13.01.2025 16:57:11.128][success][COM5]:THRD.ReciveAnswer. Ответ: 0
[13.01.2025 16:57:11.135][success][COM5]:THRD.ReciveAnswer. Ответ: 0
[13.01.2025 16:57:11.147][success][COM5]:Плата не вставлена.
[13.01.2025 16:57:11.185][success][COM5]:THRD.BCPRxChar. Ответ: "0"

[13.01.2025 16:57:11.212][success][COM5]:THRD.ReciveAnswer. Ответ: 0
[13.01.2025 16:57:11.220][success][COM5]:THRD.ReciveAnswer. Ответ: 0
[13.01.2025 16:57:11.236][success][COM5]:Плата не вставлена.
[13.01.2025 16:57:11.278][success][COM5]:THRD.BCPRxChar. Ответ: "0"

[13.01.2025 16:57:11.290][success][COM5]:THRD.ReciveAnswer. Ответ: 0
[13.01.2025 16:57:11.296][success][COM5]:THRD.ReciveAnswer. Ответ: 0
[13.01.2025 16:57:11.309][success][COM5]:Плата не вставлена.
[13.01.2025 16:57:11.361][success][COM5]:THRD.BCPRxChar. Ответ: "0"

[13.01.2025 16:57:11.398][success][COM5]:THRD.ReciveAnswer. Ответ: 0
[13.01.2025 16:57:11.406][success][COM5]:THRD.ReciveAnswer. Ответ: 0
[13.01.2025 16:57:11.423][success][COM5]:Плата не вставлена.
[13.01.2025 16:57:11.498][success][COM5]:THRD.BCPRxChar. Ответ: "0"

[13.01.2025 16:57:11.510][success][COM5]:THRD.ReciveAnswer. Ответ: 0
[13.01.2025 16:57:11.517][success][COM5]:THRD.ReciveAnswer. Ответ: 0
[13.01.2025 16:57:11.531][success][COM5]:Плата не вставлена.
[13.01.2025 16:57:11.574][success][COM5]:THRD.BCPRxChar. Ответ: "0"

[13.01.2025 16:57:11.586][success][COM5]:THRD.ReciveAnswer. Ответ: 0
[13.01.2025 16:57:11.594][success][COM5]:THRD.ReciveAnswer. Ответ: 0
[13.01.2025 16:57:11.609][success][COM5]:Плата не вставлена.
[13.01.2025 16:57:11.650][success][COM5]:THRD.BCPRxChar. Ответ: "0"

[13.01.2025 16:57:11.663][success][COM5]:THRD.ReciveAnswer. Ответ: 0
[13.01.2025 16:57:11.670][success][COM5]:THRD.ReciveAnswer. Ответ: 0
[13.01.2025 16:57:11.684][success][COM5]:Плата не вставлена.
[13.01.2025 16:57:11.724][success][COM5]:THRD.BCPRxChar. Ответ: "0"

[13.01.2025 16:57:11.737][success][COM5]:THRD.ReciveAnswer. Ответ: 0
[13.01.2025 16:57:11.747][success][COM5]:THRD.ReciveAnswer. Ответ: 0
[13.01.2025 16:57:11.766][success][COM5]:Плата не вставлена.
[13.01.2025 16:57:11.804][success][COM5]:THRD.BCPRxChar. Ответ: "0"

[13.01.2025 16:57:11.815][success][COM5]:THRD.ReciveAnswer. Ответ: 0
[13.01.2025 16:57:11.822][success][COM5]:THRD.ReciveAnswer. Ответ: 0
[13.01.2025 16:57:11.836][success][COM5]:Плата не вставлена.
[13.01.2025 16:57:11.882][success][COM5]:THRD.BCPRxChar. Ответ: "0"

[13.01.2025 16:57:11.895][success][COM5]:THRD.ReciveAnswer. Ответ: 0
[13.01.2025 16:57:11.902][success][COM5]:THRD.ReciveAnswer. Ответ: 0
[13.01.2025 16:57:11.917][success][COM5]:Плата не вставлена.
[13.01.2025 16:57:11.964][success][COM5]:THRD.BCPRxChar. Ответ: "0"

[13.01.2025 16:57:11.978][success][COM5]:THRD.ReciveAnswer. Ответ: 0
[13.01.2025 16:57:11.986][success][COM5]:THRD.ReciveAnswer. Ответ: 0
[13.01.2025 16:57:12.002][success][COM5]:Плата не вставлена.
[13.01.2025 16:57:12.041][success][COM5]:THRD.BCPRxChar. Ответ: "0"

[13.01.2025 16:57:12.053][success][COM5]:THRD.ReciveAnswer. Ответ: 0
[13.01.2025 16:57:12.061][success][COM5]:THRD.ReciveAnswer. Ответ: 0
[13.01.2025 16:57:12.076][success][COM5]:Плата не вставлена.
[13.01.2025 16:57:12.123][success][COM5]:THRD.BCPRxChar. Ответ: "0"

[13.01.2025 16:57:12.135][success][COM5]:THRD.ReciveAnswer. Ответ: 0
[13.01.2025 16:57:12.144][success][COM5]:THRD.ReciveAnswer. Ответ: 0
[13.01.2025 16:57:12.209][success][COM5]:Плата не вставлена.
[13.01.2025 16:57:12.248][success][COM5]:THRD.BCPRxChar. Ответ: "0"

[13.01.2025 16:57:12.261][success][COM5]:THRD.ReciveAnswer. Ответ: 0
[13.01.2025 16:57:12.272][success][COM5]:THRD.ReciveAnswer. Ответ: 0
[13.01.2025 16:57:12.287][success][COM5]:Плата не вставлена.
[13.01.2025 16:57:12.332][success][COM5]:THRD.BCPRxChar. Ответ: "0"

[13.01.2025 16:57:12.344][success][COM5]:THRD.ReciveAnswer. Ответ: 0
[13.01.2025 16:57:12.353][success][COM5]:THRD.ReciveAnswer. Ответ: 0
[13.01.2025 16:57:12.369][success][COM5]:Плата не вставлена.
[13.01.2025 16:57:12.421][success][COM5]:THRD.BCPRxChar. Ответ: "0"

[13.01.2025 16:57:12.434][success][COM5]:THRD.ReciveAnswer. Ответ: 0
[13.01.2025 16:57:12.444][success][COM5]:THRD.ReciveAnswer. Ответ: 0
[13.01.2025 16:57:12.479][success][COM5]:Плата не вставлена.
[13.01.2025 16:57:12.517][success][COM5]:THRD.BCPRxChar. Ответ: "0"

[13.01.2025 16:57:12.527][success][COM5]:THRD.ReciveAnswer. Ответ: 0
[13.01.2025 16:57:12.535][success][COM5]:THRD.ReciveAnswer. Ответ: 0
[13.01.2025 16:57:12.549][success][COM5]:Плата не вставлена.
[13.01.2025 16:57:12.594][success][COM5]:THRD.BCPRxChar. Ответ: "0"

[13.01.2025 16:57:12.608][success][COM5]:THRD.ReciveAnswer. Ответ: 0
[13.01.2025 16:57:12.621][success][COM5]:THRD.ReciveAnswer. Ответ: 0
[13.01.2025 16:57:12.645][success][COM5]:Плата не вставлена.
[13.01.2025 16:57:12.690][success][COM5]:THRD.BCPRxChar. Ответ: "0"

[13.01.2025 16:57:12.700][success][COM5]:THRD.ReciveAnswer. Ответ: 0
[13.01.2025 16:57:12.709][success][COM5]:THRD.ReciveAnswer. Ответ: 0
[13.01.2025 16:57:12.722][success][COM5]:Плата не вставлена.
[13.01.2025 16:57:12.769][success][COM5]:THRD.BCPRxChar. Ответ: "0"

[13.01.2025 16:57:12.784][success][COM5]:THRD.ReciveAnswer. Ответ: 0
[13.01.2025 16:57:12.794][success][COM5]:THRD.ReciveAnswer. Ответ: 0
[13.01.2025 16:57:12.828][success][COM5]:Плата не вставлена.
[13.01.2025 16:57:12.873][success][COM5]:THRD.BCPRxChar. Ответ: "0"

[13.01.2025 16:57:12.885][success][COM5]:THRD.ReciveAnswer. Ответ: 0
[13.01.2025 16:57:12.893][success][COM5]:THRD.ReciveAnswer. Ответ: 0
[13.01.2025 16:57:12.907][success][COM5]:Плата не вставлена.
[13.01.2025 16:57:12.947][success][COM5]:THRD.BCPRxChar. Ответ: "0"

[13.01.2025 16:57:12.959][success][COM5]:THRD.ReciveAnswer. Ответ: 0
[13.01.2025 16:57:12.970][success][COM5]:THRD.ReciveAnswer. Ответ: 0
[13.01.2025 16:57:12.996][success][COM5]:Плата не вставлена.
[13.01.2025 16:57:13.040][success][COM5]:THRD.BCPRxChar. Ответ: "0"

[13.01.2025 16:57:13.052][success][COM5]:THRD.ReciveAnswer. Ответ: 0
[13.01.2025 16:57:13.066][success][COM5]:THRD.ReciveAnswer. Ответ: 0
[13.01.2025 16:57:13.095][success][COM5]:Плата не вставлена.
[13.01.2025 16:57:13.136][success][COM5]:THRD.BCPRxChar. Ответ: "0"

[13.01.2025 16:57:13.151][success][COM5]:THRD.ReciveAnswer. Ответ: 0
[13.01.2025 16:57:13.163][success][COM5]:THRD.ReciveAnswer. Ответ: 0
[13.01.2025 16:57:13.182][success][COM5]:Плата не вставлена.
[13.01.2025 16:57:13.224][success][COM5]:THRD.BCPRxChar. Ответ: "0"

[13.01.2025 16:57:13.236][success][COM5]:THRD.ReciveAnswer. Ответ: 0
[13.01.2025 16:57:13.245][success][COM5]:THRD.ReciveAnswer. Ответ: 0
[13.01.2025 16:57:13.260][success][COM5]:Плата не вставлена.
[13.01.2025 16:57:13.300][success][COM5]:THRD.BCPRxChar. Ответ: "0"

[13.01.2025 16:57:13.319][success][COM5]:THRD.ReciveAnswer. Ответ: 0
[13.01.2025 16:57:13.333][success][COM5]:THRD.ReciveAnswer. Ответ: 0
[13.01.2025 16:57:13.354][success][COM5]:Плата не вставлена.
[13.01.2025 16:57:13.410][success][COM5]:THRD.BCPRxChar. Ответ: "0"

[13.01.2025 16:57:13.423][success][COM5]:THRD.ReciveAnswer. Ответ: 0
[13.01.2025 16:57:13.433][success][COM5]:THRD.ReciveAnswer. Ответ: 0
[13.01.2025 16:57:13.451][success][COM5]:Плата не вставлена.
[13.01.2025 16:57:13.498][success][COM5]:THRD.BCPRxChar. Ответ: "0"

[13.01.2025 16:57:13.512][success][COM5]:THRD.ReciveAnswer. Ответ: 0
[13.01.2025 16:57:13.525][success][COM5]:THRD.ReciveAnswer. Ответ: 0
[13.01.2025 16:57:13.549][success][COM5]:Плата не вставлена.
[13.01.2025 16:57:13.593][success][COM5]:THRD.BCPRxChar. Ответ: "0"

[13.01.2025 16:57:13.606][success][COM5]:THRD.ReciveAnswer. Ответ: 0
[13.01.2025 16:57:13.616][success][COM5]:THRD.ReciveAnswer. Ответ: 0
[13.01.2025 16:57:13.634][success][COM5]:Плата не вставлена.
[13.01.2025 16:57:13.688][success][COM5]:THRD.BCPRxChar. Ответ: "0"

[13.01.2025 16:57:13.702][success][COM5]:THRD.ReciveAnswer. Ответ: 0
[13.01.2025 16:57:13.712][success][COM5]:THRD.ReciveAnswer. Ответ: 0
[13.01.2025 16:57:13.727][success][COM5]:Плата не вставлена.
[13.01.2025 16:57:13.767][success][COM5]:THRD.BCPRxChar. Ответ: "0"

[13.01.2025 16:57:13.781][success][COM5]:THRD.ReciveAnswer. Ответ: 0
[13.01.2025 16:57:13.791][success][COM5]:THRD.ReciveAnswer. Ответ: 0
[13.01.2025 16:57:13.810][success][COM5]:Плата не вставлена.
[13.01.2025 16:57:13.849][success][COM5]:THRD.BCPRxChar. Ответ: "0"

[13.01.2025 16:57:45.482][main]Старт программы KPA-1: Голунова Наталья Николаевна. Версия ПО: 1.0.0.0.
[13.01.2025 16:57:45.580][main]Создание фрейма номер - 0 - успешно!
[13.01.2025 16:57:45.674][main]Создание фрейма номер - 1 - успешно!
[13.01.2025 16:57:45.768][main]Создание фрейма номер - 2 - успешно!
[13.01.2025 16:57:45.861][main]Создание фрейма номер - 3 - успешно!
[13.01.2025 16:57:45.956][main]Создание фрейма номер - 4 - успешно!
[13.01.2025 16:57:46.048][main]Создание фрейма номер - 5 - успешно!
[13.01.2025 16:57:46.380][success][COM1]:Порт открыт!
[13.01.2025 16:57:46.380][success][COM1]:Опрос КПА
[13.01.2025 16:57:48.147][success][COM1]:Данных нет или время ожидания истекло!
[13.01.2025 16:57:48.147][success][COM1]:THRD.ReciveAnswer. Ответ: 
[13.01.2025 16:57:48.147][success][COM1]:THRD.ReciveAnswer. Ответ: 
[13.01.2025 16:57:48.203][success][COM1]:Порт закрыт!
[13.01.2025 16:57:48.460][success][COM3]:Порт открыт!
[13.01.2025 16:57:48.461][success][COM3]:Опрос КПА
[13.01.2025 16:57:50.189][success][COM3]:Данных нет или время ожидания истекло!
[13.01.2025 16:57:50.189][success][COM3]:THRD.ReciveAnswer. Ответ: 
[13.01.2025 16:57:50.189][success][COM3]:THRD.ReciveAnswer. Ответ: 
[13.01.2025 16:57:50.393][success][COM3]:Порт закрыт!
[13.01.2025 16:57:50.512][success][COM5]:Порт открыт!
[13.01.2025 16:57:50.545][success][COM5]:Опрос КПА
[13.01.2025 16:57:50.575][success][COM5]:THRD.BCPRxChar. Ответ: {"KPA-1","1.05.04","5","01.01.2000,01:43:23","49560","0",{"7BFFFFC3F","1","1","","","","","","0"}}

[13.01.2025 16:57:50.583][success][COM5]:THRD.ReciveAnswer. Ответ: {"KPA-1","1.05.04","5","01.01.2000,01:43:23","49560","0",{"7BFFFFC3F","1","1","","","","","","0"}}

[13.01.2025 16:57:50.583][success][COM5]:THRD.ReciveAnswer. Ответ: {"KPA-1","1.05.04","5","01.01.2000,01:43:23","49560","0",{"7BFFFFC3F","1","1","","","","","","0"}}

[13.01.2025 16:57:50.598][success][COM5]:THRD.ReciveAnswer. Ответ: {"KPA-1","1.05.04","5","01.01.2000,01:43:23","49560","0",{"7BFFFFC3F","1","1","","","","","","0"}}

[13.01.2025 16:57:50.636][success][COM5]:THRD.BCPRxChar. Ответ: "0"

[13.01.2025 16:57:50.640][success][COM5]:THRD.ReciveAnswer. Ответ: 0
[13.01.2025 16:57:50.642][success][COM5]:THRD.ReciveAnswer. Ответ: 0
[13.01.2025 16:57:50.651][success][COM5]:Плата не вставлена.
[13.01.2025 16:57:51.687][success][COM5]:THRD.BCPRxChar. Ответ: "0"

[13.01.2025 16:57:51.691][success][COM5]:THRD.ReciveAnswer. Ответ: 0
[13.01.2025 16:57:51.694][success][COM5]:THRD.ReciveAnswer. Ответ: 0
[13.01.2025 16:57:51.703][success][COM5]:Плата не вставлена.
[13.01.2025 16:57:52.735][success][COM5]:THRD.BCPRxChar. Ответ: "0"

[13.01.2025 16:57:52.739][success][COM5]:THRD.ReciveAnswer. Ответ: 0
[13.01.2025 16:57:52.742][success][COM5]:THRD.ReciveAnswer. Ответ: 0
[13.01.2025 16:57:52.753][success][COM5]:Плата не вставлена.
[13.01.2025 16:57:53.779][success][COM5]:THRD.BCPRxChar. Ответ: "0"

[13.01.2025 16:57:53.783][success][COM5]:THRD.ReciveAnswer. Ответ: 0
[13.01.2025 16:57:53.785][success][COM5]:THRD.ReciveAnswer. Ответ: 0
[13.01.2025 16:57:53.811][success][COM5]:Плата не вставлена.
[13.01.2025 16:57:54.859][success][COM5]:THRD.BCPRxChar. Ответ: "0"

[13.01.2025 16:57:54.863][success][COM5]:THRD.ReciveAnswer. Ответ: 0
[13.01.2025 16:57:54.865][success][COM5]:THRD.ReciveAnswer. Ответ: 0
[13.01.2025 16:57:54.874][success][COM5]:Плата не вставлена.
[13.01.2025 16:57:55.895][success][COM5]:THRD.BCPRxChar. Ответ: "0"

[13.01.2025 16:57:55.899][success][COM5]:THRD.ReciveAnswer. Ответ: 0
[13.01.2025 16:57:55.901][success][COM5]:THRD.ReciveAnswer. Ответ: 0
[13.01.2025 16:57:55.908][success][COM5]:Плата не вставлена.
[13.01.2025 16:57:56.931][success][COM5]:THRD.BCPRxChar. Ответ: "0"

[13.01.2025 16:57:56.936][success][COM5]:THRD.ReciveAnswer. Ответ: 0
[13.01.2025 16:57:56.939][success][COM5]:THRD.ReciveAnswer. Ответ: 0
[13.01.2025 16:57:56.947][success][COM5]:Плата не вставлена.
[13.01.2025 16:57:57.983][success][COM5]:THRD.BCPRxChar. Ответ: "0"

[13.01.2025 16:57:57.988][success][COM5]:THRD.ReciveAnswer. Ответ: 0
[13.01.2025 16:57:57.990][success][COM5]:THRD.ReciveAnswer. Ответ: 0
[13.01.2025 16:57:57.999][success][COM5]:Плата не вставлена.
[13.01.2025 16:57:59.032][success][COM5]:THRD.BCPRxChar. Ответ: "0"

[13.01.2025 16:57:59.038][success][COM5]:THRD.ReciveAnswer. Ответ: 0
[13.01.2025 16:57:59.042][success][COM5]:THRD.ReciveAnswer. Ответ: 0
[13.01.2025 16:57:59.051][success][COM5]:Плата не вставлена.
[13.01.2025 16:58:00.084][success][COM5]:THRD.BCPRxChar. Ответ: "0"

[13.01.2025 16:58:00.090][success][COM5]:THRD.ReciveAnswer. Ответ: 0
[13.01.2025 16:58:00.093][success][COM5]:THRD.ReciveAnswer. Ответ: 0
[13.01.2025 16:58:00.103][success][COM5]:Плата не вставлена.
[13.01.2025 16:58:01.146][success][COM5]:THRD.BCPRxChar. Ответ: "0"

[13.01.2025 16:58:01.151][success][COM5]:THRD.ReciveAnswer. Ответ: 0
[13.01.2025 16:58:01.154][success][COM5]:THRD.ReciveAnswer. Ответ: 0
[13.01.2025 16:58:01.162][success][COM5]:Плата не вставлена.
[13.01.2025 16:58:02.193][success][COM5]:THRD.BCPRxChar. Ответ: "0"

[13.01.2025 16:58:02.197][success][COM5]:THRD.ReciveAnswer. Ответ: 0
[13.01.2025 16:58:02.200][success][COM5]:THRD.ReciveAnswer. Ответ: 0
[13.01.2025 16:58:02.208][success][COM5]:Плата не вставлена.
[13.01.2025 16:58:03.248][success][COM5]:THRD.BCPRxChar. Ответ: "0"

[13.01.2025 16:58:03.254][success][COM5]:THRD.ReciveAnswer. Ответ: 0
[13.01.2025 16:58:03.259][success][COM5]:THRD.ReciveAnswer. Ответ: 0
[13.01.2025 16:58:03.279][success][COM5]:Плата не вставлена.
[13.01.2025 16:58:04.302][success][COM5]:THRD.BCPRxChar. Ответ: "0"

[13.01.2025 16:58:04.308][success][COM5]:THRD.ReciveAnswer. Ответ: 0
[13.01.2025 16:58:04.310][success][COM5]:THRD.ReciveAnswer. Ответ: 0
[13.01.2025 16:58:04.319][success][COM5]:Плата не вставлена.
[13.01.2025 16:58:05.352][success][COM5]:THRD.BCPRxChar. Ответ: "0"

[13.01.2025 16:58:05.358][success][COM5]:THRD.ReciveAnswer. Ответ: 0
[13.01.2025 16:58:05.361][success][COM5]:THRD.ReciveAnswer. Ответ: 0
[13.01.2025 16:58:05.369][success][COM5]:Плата не вставлена.
[13.01.2025 16:58:06.403][success][COM5]:THRD.BCPRxChar. Ответ: "0"

[13.01.2025 16:58:06.412][success][COM5]:THRD.ReciveAnswer. Ответ: 0
[13.01.2025 16:58:06.415][success][COM5]:THRD.ReciveAnswer. Ответ: 0
[13.01.2025 16:58:06.423][success][COM5]:Плата не вставлена.
[13.01.2025 16:58:07.453][success][COM5]:THRD.BCPRxChar. Ответ: "0"

[13.01.2025 16:58:07.458][success][COM5]:THRD.ReciveAnswer. Ответ: 0
[13.01.2025 16:58:07.461][success][COM5]:THRD.ReciveAnswer. Ответ: 0
[13.01.2025 16:58:07.469][success][COM5]:Плата не вставлена.
[13.01.2025 16:58:08.498][success][COM5]:THRD.BCPRxChar. Ответ: "0"

[13.01.2025 16:58:08.503][success][COM5]:THRD.ReciveAnswer. Ответ: 0
[13.01.2025 16:58:08.506][success][COM5]:THRD.ReciveAnswer. Ответ: 0
[13.01.2025 16:58:08.515][success][COM5]:Плата не вставлена.
[13.01.2025 16:58:09.546][success][COM5]:THRD.BCPRxChar. Ответ: "0"

[13.01.2025 16:58:09.551][success][COM5]:THRD.ReciveAnswer. Ответ: 0
[13.01.2025 16:58:09.554][success][COM5]:THRD.ReciveAnswer. Ответ: 0
[13.01.2025 16:58:09.563][success][COM5]:Плата не вставлена.
[13.01.2025 16:58:10.645][success][COM5]:THRD.BCPRxChar. Ответ: "0"

[13.01.2025 16:58:10.699][success][COM5]:THRD.ReciveAnswer. Ответ: 0
[13.01.2025 16:58:10.702][success][COM5]:THRD.ReciveAnswer. Ответ: 0
[13.01.2025 16:58:10.712][success][COM5]:Плата не вставлена.
[13.01.2025 16:58:11.739][success][COM5]:THRD.BCPRxChar. Ответ: "0"

[13.01.2025 16:58:11.745][success][COM5]:THRD.ReciveAnswer. Ответ: 0
[13.01.2025 16:58:11.749][success][COM5]:THRD.ReciveAnswer. Ответ: 0
[13.01.2025 16:58:11.758][success][COM5]:Плата не вставлена.
[13.01.2025 16:58:12.790][success][COM5]:THRD.BCPRxChar. Ответ: "0"

[13.01.2025 16:58:12.795][success][COM5]:THRD.ReciveAnswer. Ответ: 0
[13.01.2025 16:58:12.799][success][COM5]:THRD.ReciveAnswer. Ответ: 0
[13.01.2025 16:58:12.809][success][COM5]:Плата не вставлена.
[13.01.2025 16:58:13.856][success][COM5]:THRD.BCPRxChar. Ответ: "0"

[13.01.2025 16:58:13.862][success][COM5]:THRD.ReciveAnswer. Ответ: 0
[13.01.2025 16:58:13.865][success][COM5]:THRD.ReciveAnswer. Ответ: 0
[13.01.2025 16:58:13.874][success][COM5]:Плата не вставлена.
[13.01.2025 16:58:14.907][success][COM5]:THRD.BCPRxChar. Ответ: "0"

[13.01.2025 16:58:14.912][success][COM5]:THRD.ReciveAnswer. Ответ: 0
[13.01.2025 16:58:14.916][success][COM5]:THRD.ReciveAnswer. Ответ: 0
[13.01.2025 16:58:14.925][success][COM5]:Плата не вставлена.
[13.01.2025 16:58:15.954][success][COM5]:THRD.BCPRxChar. Ответ: "0"

[13.01.2025 16:58:15.970][success][COM5]:THRD.ReciveAnswer. Ответ: 0
[13.01.2025 16:58:15.973][success][COM5]:THRD.ReciveAnswer. Ответ: 0
[13.01.2025 16:58:15.984][success][COM5]:Плата не вставлена.
[13.01.2025 16:58:17.015][success][COM5]:THRD.BCPRxChar. Ответ: "0"

[13.01.2025 16:58:17.052][success][COM5]:THRD.ReciveAnswer. Ответ: 0
[13.01.2025 16:58:17.056][success][COM5]:THRD.ReciveAnswer. Ответ: 0
[13.01.2025 16:58:17.085][success][COM5]:Плата не вставлена.
[13.01.2025 16:58:18.216][success][COM5]:THRD.BCPRxChar. Ответ: "0"

[13.01.2025 16:58:18.222][success][COM5]:THRD.ReciveAnswer. Ответ: 0
[13.01.2025 16:58:18.227][success][COM5]:THRD.ReciveAnswer. Ответ: 0
[13.01.2025 16:58:18.238][success][COM5]:Плата не вставлена.
[13.01.2025 16:58:21.671][success][COM5]:Данных нет или время ожидания истекло!
[13.01.2025 16:58:21.675][success][COM5]:THRD.ReciveAnswer. Ответ: 
[13.01.2025 16:58:21.679][success][COM5]:THRD.ReciveAnswer. Ответ: 
[13.01.2025 16:58:21.750][success][COM5]:Порт закрыт!
[13.01.2025 17:03:32.732][main]Старт программы KPA-1: Голунова Наталья Николаевна. Версия ПО: 1.0.0.0.
[13.01.2025 17:03:32.829][main]Создание фрейма номер - 0 - успешно!
[13.01.2025 17:03:32.924][main]Создание фрейма номер - 1 - успешно!
[13.01.2025 17:03:33.028][main]Создание фрейма номер - 2 - успешно!
[13.01.2025 17:03:33.121][main]Создание фрейма номер - 3 - успешно!
[13.01.2025 17:03:33.227][main]Создание фрейма номер - 4 - успешно!
[13.01.2025 17:03:33.321][main]Создание фрейма номер - 5 - успешно!
[13.01.2025 17:03:33.689][success][COM1]:Порт открыт!
[13.01.2025 17:03:33.689][success][COM1]:Опрос КПА
[13.01.2025 17:03:35.271][success][COM1]:Данных нет или время ожидания истекло!
[13.01.2025 17:03:35.271][success][COM1]:THRD.ReciveAnswer. Ответ: 
[13.01.2025 17:03:35.271][success][COM1]:THRD.ReciveAnswer. Ответ: 
[13.01.2025 17:03:35.315][success][COM1]:Порт закрыт!
[13.01.2025 17:03:35.557][success][COM3]:Порт открыт!
[13.01.2025 17:03:35.557][success][COM3]:Опрос КПА
[13.01.2025 17:03:37.144][success][COM3]:Данных нет или время ожидания истекло!
[13.01.2025 17:03:37.144][success][COM3]:THRD.ReciveAnswer. Ответ: 
[13.01.2025 17:03:37.144][success][COM3]:THRD.ReciveAnswer. Ответ: 
[13.01.2025 17:03:37.310][success][COM3]:Порт закрыт!
[13.01.2025 17:03:37.416][success][COM5]:Порт открыт!
[13.01.2025 17:03:37.446][success][COM5]:Опрос КПА
[13.01.2025 17:03:37.480][success][COM5]:THRD.BCPRxChar. Ответ: {"KPA-1","1.05.04","5","01.01.2000,01:49:10","49560","0",{"7BFFFFC3F","1","1","","","","","","0"}}

[13.01.2025 17:03:37.487][success][COM5]:THRD.ReciveAnswer. Ответ: {"KPA-1","1.05.04","5","01.01.2000,01:49:10","49560","0",{"7BFFFFC3F","1","1","","","","","","0"}}

[13.01.2025 17:03:37.487][success][COM5]:THRD.ReciveAnswer. Ответ: {"KPA-1","1.05.04","5","01.01.2000,01:49:10","49560","0",{"7BFFFFC3F","1","1","","","","","","0"}}

[13.01.2025 17:03:37.502][success][COM5]:THRD.ReciveAnswer. Ответ: {"KPA-1","1.05.04","5","01.01.2000,01:49:10","49560","0",{"7BFFFFC3F","1","1","","","","","","0"}}

[13.01.2025 17:03:37.546][success][COM5]:THRD.BCPRxChar. Ответ: "0"

[13.01.2025 17:03:37.551][success][COM5]:THRD.ReciveAnswer. Ответ: 0
[13.01.2025 17:03:37.553][success][COM5]:THRD.ReciveAnswer. Ответ: 0
[13.01.2025 17:03:37.569][success][COM5]:Плата не вставлена.
[13.01.2025 17:03:39.610][success][COM5]:THRD.BCPRxChar. Ответ: "0"

[13.01.2025 17:03:39.615][success][COM5]:THRD.ReciveAnswer. Ответ: 0
[13.01.2025 17:03:39.616][success][COM5]:THRD.ReciveAnswer. Ответ: 0
[13.01.2025 17:03:39.624][success][COM5]:Плата не вставлена.
[13.01.2025 17:03:41.650][success][COM5]:THRD.BCPRxChar. Ответ: "0"

[13.01.2025 17:03:41.653][success][COM5]:THRD.ReciveAnswer. Ответ: 0
[13.01.2025 17:03:41.655][success][COM5]:THRD.ReciveAnswer. Ответ: 0
[13.01.2025 17:03:41.663][success][COM5]:Плата не вставлена.
[13.01.2025 17:03:43.702][success][COM5]:THRD.BCPRxChar. Ответ: "0"

[13.01.2025 17:03:43.706][success][COM5]:THRD.ReciveAnswer. Ответ: 0
[13.01.2025 17:03:43.708][success][COM5]:THRD.ReciveAnswer. Ответ: 0
[13.01.2025 17:03:43.716][success][COM5]:Плата не вставлена.
[13.01.2025 17:03:45.744][success][COM5]:THRD.BCPRxChar. Ответ: "0"

[13.01.2025 17:03:45.747][success][COM5]:THRD.ReciveAnswer. Ответ: 0
[13.01.2025 17:03:45.749][success][COM5]:THRD.ReciveAnswer. Ответ: 0
[13.01.2025 17:03:45.757][success][COM5]:Плата не вставлена.
[13.01.2025 17:03:47.783][success][COM5]:THRD.BCPRxChar. Ответ: "0"

[13.01.2025 17:03:47.793][success][COM5]:THRD.ReciveAnswer. Ответ: 0
[13.01.2025 17:03:47.796][success][COM5]:THRD.ReciveAnswer. Ответ: 0
[13.01.2025 17:03:47.803][success][COM5]:Плата не вставлена.
[13.01.2025 17:03:49.824][success][COM5]:THRD.BCPRxChar. Ответ: "0"

[13.01.2025 17:03:49.836][success][COM5]:THRD.ReciveAnswer. Ответ: 0
[13.01.2025 17:03:49.838][success][COM5]:THRD.ReciveAnswer. Ответ: 0
[13.01.2025 17:03:49.845][success][COM5]:Плата не вставлена.
[13.01.2025 17:03:51.881][success][COM5]:THRD.BCPRxChar. Ответ: "0"

[13.01.2025 17:03:51.946][success][COM5]:THRD.ReciveAnswer. Ответ: 0
[13.01.2025 17:03:51.948][success][COM5]:THRD.ReciveAnswer. Ответ: 0
[13.01.2025 17:03:51.955][success][COM5]:Плата не вставлена.
[13.01.2025 17:03:53.978][success][COM5]:THRD.BCPRxChar. Ответ: "0"

[13.01.2025 17:03:53.989][success][COM5]:THRD.ReciveAnswer. Ответ: 0
[13.01.2025 17:03:53.991][success][COM5]:THRD.ReciveAnswer. Ответ: 0
[13.01.2025 17:03:53.998][success][COM5]:Плата не вставлена.
[13.01.2025 17:03:56.036][success][COM5]:THRD.BCPRxChar. Ответ: "0"

[13.01.2025 17:03:56.044][success][COM5]:THRD.ReciveAnswer. Ответ: 0
[13.01.2025 17:03:56.046][success][COM5]:THRD.ReciveAnswer. Ответ: 0
[13.01.2025 17:03:56.054][success][COM5]:Плата не вставлена.
