10.01.2025 112328.691 MainForm - FormShow - Создание фрейма номер - 0 - успешно!
10.01.2025 112328.780 MainForm - FormShow - Создание фрейма номер - 1 - успешно!
10.01.2025 112328.878 MainForm - FormShow - Создание фрейма номер - 2 - успешно!
10.01.2025 112328.972 MainForm - FormShow - Создание фрейма номер - 3 - успешно!
10.01.2025 112329.074 MainForm - FormShow - Создание фрейма номер - 4 - успешно!
10.01.2025 112329.163 MainForm - FormShow - Создание фрейма номер - 5 - успешно!
10.01.2025 112329.496 MainForm - AddRich(Вкладка:0: COM1: Порт открыт!)
10.01.2025 112329.496 MainForm - AddRich(Вкладка:0: COM1: Опрос КПА)
10.01.2025 112353.277 MainForm - AddRich(Вкладка:0: COM1: Данных нет или время ожидания истекло!)
10.01.2025 112353.277 MainForm - AddRich(Вкладка:0: COM1: THRD.ReciveAnswer. Ответ: )
10.01.2025 112353.277 MainForm - AddRich(Вкладка:0: COM1: THRD.ReciveAnswer. Ответ: )
10.01.2025 112353.311 MainForm - AddRich(Вкладка:0: COM1: Порт закрыт!)
10.01.2025 112353.522 MainForm - AddRich(Вкладка:1: COM3: Порт открыт!)
10.01.2025 112353.523 MainForm - AddRich(Вкладка:1: COM3: Опрос КПА)
10.01.2025 112409.233 MainForm - AddRich(Вкладка:1: COM3: Данных нет или время ожидания истекло!)
10.01.2025 112409.233 MainForm - AddRich(Вкладка:1: COM3: THRD.ReciveAnswer. Ответ: )
10.01.2025 112409.233 MainForm - AddRich(Вкладка:1: COM3: THRD.ReciveAnswer. Ответ: )
10.01.2025 112409.363 MainForm - AddRich(Вкладка:1: COM3: Порт закрыт!)
10.01.2025 112503.668 MainForm - FormShow - Создание фрейма номер - 0 - успешно!
10.01.2025 112503.763 MainForm - FormShow - Создание фрейма номер - 1 - успешно!
10.01.2025 112503.855 MainForm - FormShow - Создание фрейма номер - 2 - успешно!
10.01.2025 112503.946 MainForm - FormShow - Создание фрейма номер - 3 - успешно!
10.01.2025 112504.039 MainForm - FormShow - Создание фрейма номер - 4 - успешно!
10.01.2025 112504.130 MainForm - FormShow - Создание фрейма номер - 5 - успешно!
10.01.2025 112504.464 MainForm - AddRich(Вкладка:0: COM1: Порт открыт!)
10.01.2025 112504.465 MainForm - AddRich(Вкладка:0: COM1: Опрос КПА)
10.01.2025 112513.135 MainForm - AddRich(Вкладка:0: COM1: Данных нет или время ожидания истекло!)
10.01.2025 112513.135 MainForm - AddRich(Вкладка:0: COM1: THRD.ReciveAnswer. Ответ: )
10.01.2025 112513.135 MainForm - AddRich(Вкладка:0: COM1: THRD.ReciveAnswer. Ответ: )
10.01.2025 112513.167 MainForm - AddRich(Вкладка:0: COM1: Порт закрыт!)
10.01.2025 112513.378 MainForm - AddRich(Вкладка:1: COM3: Порт открыт!)
10.01.2025 112513.379 MainForm - AddRich(Вкладка:1: COM3: Опрос КПА)
10.01.2025 112517.171 MainForm - AddRich(Вкладка:1: COM3: Данных нет или время ожидания истекло!)
10.01.2025 112517.171 MainForm - AddRich(Вкладка:1: COM3: THRD.ReciveAnswer. Ответ: )
10.01.2025 112517.171 MainForm - AddRich(Вкладка:1: COM3: THRD.ReciveAnswer. Ответ: )
10.01.2025 112517.327 MainForm - AddRich(Вкладка:1: COM3: Порт закрыт!)
10.01.2025 112617.014 MainForm - FormShow - Создание фрейма номер - 0 - успешно!
10.01.2025 112617.113 MainForm - FormShow - Создание фрейма номер - 1 - успешно!
10.01.2025 112617.211 MainForm - FormShow - Создание фрейма номер - 2 - успешно!
10.01.2025 112617.308 MainForm - FormShow - Создание фрейма номер - 3 - успешно!
10.01.2025 112617.401 MainForm - FormShow - Создание фрейма номер - 4 - успешно!
10.01.2025 112617.495 MainForm - FormShow - Создание фрейма номер - 5 - успешно!
10.01.2025 112617.813 MainForm - AddRich(Вкладка:0: COM1: Порт открыт!)
10.01.2025 112617.814 MainForm - AddRich(Вкладка:0: COM1: Опрос КПА)
10.01.2025 112619.404 MainForm - AddRich(Вкладка:0: COM1: Данных нет или время ожидания истекло!)
10.01.2025 112619.404 MainForm - AddRich(Вкладка:0: COM1: THRD.ReciveAnswer. Ответ: )
10.01.2025 112619.404 MainForm - AddRich(Вкладка:0: COM1: THRD.ReciveAnswer. Ответ: )
10.01.2025 112619.450 MainForm - AddRich(Вкладка:0: COM1: Порт закрыт!)
10.01.2025 112619.666 MainForm - AddRich(Вкладка:1: COM3: Порт открыт!)
10.01.2025 112619.667 MainForm - AddRich(Вкладка:1: COM3: Опрос КПА)
10.01.2025 112621.230 MainForm - AddRich(Вкладка:1: COM3: Данных нет или время ожидания истекло!)
10.01.2025 112621.230 MainForm - AddRich(Вкладка:1: COM3: THRD.ReciveAnswer. Ответ: )
10.01.2025 112621.230 MainForm - AddRich(Вкладка:1: COM3: THRD.ReciveAnswer. Ответ: )
10.01.2025 112621.354 MainForm - AddRich(Вкладка:1: COM3: Порт закрыт!)
10.01.2025 112626.805 MainForm - AddRich(Вкладка:0: COM1: Порт открыт!)
10.01.2025 112626.806 MainForm - AddRich(Вкладка:0: COM1: Опрос КПА)
10.01.2025 112628.375 MainForm - AddRich(Вкладка:0: COM1: Данных нет или время ожидания истекло!)
10.01.2025 112628.375 MainForm - AddRich(Вкладка:0: COM1: THRD.ReciveAnswer. Ответ: )
10.01.2025 112628.375 MainForm - AddRich(Вкладка:0: COM1: THRD.ReciveAnswer. Ответ: )
10.01.2025 112628.426 MainForm - AddRich(Вкладка:0: COM1: Порт закрыт!)
10.01.2025 112629.339 MainForm - AddRich(Вкладка:1: COM3: Порт открыт!)
10.01.2025 112629.345 MainForm - AddRich(Вкладка:1: COM3: Опрос КПА)
10.01.2025 112630.963 MainForm - AddRich(Вкладка:1: COM3: Данных нет или время ожидания истекло!)
10.01.2025 112630.963 MainForm - AddRich(Вкладка:1: COM3: THRD.ReciveAnswer. Ответ: )
10.01.2025 112630.963 MainForm - AddRich(Вкладка:1: COM3: THRD.ReciveAnswer. Ответ: )
10.01.2025 112631.104 MainForm - AddRich(Вкладка:1: COM3: Порт закрыт!)
10.01.2025 114318.736 MainForm - FormShow - Создание фрейма номер - 0 - успешно!
10.01.2025 114318.831 MainForm - FormShow - Создание фрейма номер - 1 - успешно!
10.01.2025 114318.930 MainForm - FormShow - Создание фрейма номер - 2 - успешно!
10.01.2025 114319.026 MainForm - FormShow - Создание фрейма номер - 3 - успешно!
10.01.2025 114319.122 MainForm - FormShow - Создание фрейма номер - 4 - успешно!
10.01.2025 114319.214 MainForm - FormShow - Создание фрейма номер - 5 - успешно!
10.01.2025 114319.535 MainForm - AddRich(Вкладка:0: COM1: Порт открыт!)
10.01.2025 114319.535 MainForm - AddRich(Вкладка:0: COM1: Опрос КПА)
10.01.2025 114321.232 MainForm - AddRich(Вкладка:0: COM1: Данных нет или время ожидания истекло!)
10.01.2025 114321.232 MainForm - AddRich(Вкладка:0: COM1: THRD.ReciveAnswer. Ответ: )
10.01.2025 114321.232 MainForm - AddRich(Вкладка:0: COM1: THRD.ReciveAnswer. Ответ: )
10.01.2025 114321.263 MainForm - AddRich(Вкладка:0: COM1: Порт закрыт!)
10.01.2025 114321.473 MainForm - AddRich(Вкладка:1: COM3: Порт открыт!)
10.01.2025 114321.473 MainForm - AddRich(Вкладка:1: COM3: Опрос КПА)
10.01.2025 114323.188 MainForm - AddRich(Вкладка:1: COM3: Данных нет или время ожидания истекло!)
10.01.2025 114323.188 MainForm - AddRich(Вкладка:1: COM3: THRD.ReciveAnswer. Ответ: )
10.01.2025 114323.188 MainForm - AddRich(Вкладка:1: COM3: THRD.ReciveAnswer. Ответ: )
10.01.2025 114323.346 MainForm - AddRich(Вкладка:1: COM3: Порт закрыт!)
10.01.2025 114335.448 MainForm - AddRich(Вкладка:0: COM1: Порт открыт!)
10.01.2025 114335.449 MainForm - AddRich(Вкладка:0: COM1: Опрос КПА)
10.01.2025 114337.133 MainForm - AddRich(Вкладка:0: COM1: Данных нет или время ожидания истекло!)
10.01.2025 114337.133 MainForm - AddRich(Вкладка:0: COM1: THRD.ReciveAnswer. Ответ: )
10.01.2025 114337.133 MainForm - AddRich(Вкладка:0: COM1: THRD.ReciveAnswer. Ответ: )
10.01.2025 114337.164 MainForm - AddRich(Вкладка:0: COM1: Порт закрыт!)
10.01.2025 114338.080 MainForm - AddRich(Вкладка:1: COM3: Порт открыт!)
10.01.2025 114338.086 MainForm - AddRich(Вкладка:1: COM3: Опрос КПА)
10.01.2025 114339.836 MainForm - AddRich(Вкладка:1: COM3: Данных нет или время ожидания истекло!)
10.01.2025 114339.836 MainForm - AddRich(Вкладка:1: COM3: THRD.ReciveAnswer. Ответ: )
10.01.2025 114339.836 MainForm - AddRich(Вкладка:1: COM3: THRD.ReciveAnswer. Ответ: )
10.01.2025 114339.995 MainForm - AddRich(Вкладка:1: COM3: Порт закрыт!)
10.01.2025 114625.429 MainForm - FormShow - Создание фрейма номер - 0 - успешно!
10.01.2025 114625.524 MainForm - FormShow - Создание фрейма номер - 1 - успешно!
10.01.2025 114625.617 MainForm - FormShow - Создание фрейма номер - 2 - успешно!
10.01.2025 114625.711 MainForm - FormShow - Создание фрейма номер - 3 - успешно!
10.01.2025 114625.805 MainForm - FormShow - Создание фрейма номер - 4 - успешно!
10.01.2025 114625.898 MainForm - FormShow - Создание фрейма номер - 5 - успешно!
10.01.2025 114627.478 MainForm - AddRich(Вкладка:0: COM1: Порт открыт!)
10.01.2025 114627.478 MainForm - AddRich(Вкладка:0: COM1: Опрос КПА)
10.01.2025 114629.214 MainForm - AddRich(Вкладка:0: COM1: Данных нет или время ожидания истекло!)
10.01.2025 114629.214 MainForm - AddRich(Вкладка:0: COM1: THRD.ReciveAnswer. Ответ: )
10.01.2025 114629.214 MainForm - AddRich(Вкладка:0: COM1: THRD.ReciveAnswer. Ответ: )
10.01.2025 114629.245 MainForm - AddRich(Вкладка:0: COM1: Порт закрыт!)
10.01.2025 114629.441 MainForm - AddRich(Вкладка:1: COM3: Порт открыт!)
10.01.2025 114629.441 MainForm - AddRich(Вкладка:1: COM3: Опрос КПА)
10.01.2025 114631.153 MainForm - AddRich(Вкладка:1: COM3: Данных нет или время ожидания истекло!)
10.01.2025 114631.153 MainForm - AddRich(Вкладка:1: COM3: THRD.ReciveAnswer. Ответ: )
10.01.2025 114631.153 MainForm - AddRich(Вкладка:1: COM3: THRD.ReciveAnswer. Ответ: )
10.01.2025 114631.314 MainForm - AddRich(Вкладка:1: COM3: Порт закрыт!)
10.01.2025 114810.480 MainForm - FormShow - Создание фрейма номер - 0 - успешно!
10.01.2025 114810.576 MainForm - FormShow - Создание фрейма номер - 1 - успешно!
10.01.2025 114810.673 MainForm - FormShow - Создание фрейма номер - 2 - успешно!
10.01.2025 114810.780 MainForm - FormShow - Создание фрейма номер - 3 - успешно!
10.01.2025 114810.873 MainForm - FormShow - Создание фрейма номер - 4 - успешно!
10.01.2025 114810.978 MainForm - FormShow - Создание фрейма номер - 5 - успешно!
10.01.2025 114813.650 MainForm - AddRich(Вкладка:0: COM1: Порт открыт!)
10.01.2025 114813.651 MainForm - AddRich(Вкладка:0: COM1: Опрос КПА)
10.01.2025 114815.387 MainForm - AddRich(Вкладка:0: COM1: Данных нет или время ожидания истекло!)
10.01.2025 114815.387 MainForm - AddRich(Вкладка:0: COM1: THRD.ReciveAnswer. Ответ: )
10.01.2025 114815.387 MainForm - AddRich(Вкладка:0: COM1: THRD.ReciveAnswer. Ответ: )
10.01.2025 114815.449 MainForm - AddRich(Вкладка:0: COM1: Порт закрыт!)
10.01.2025 114815.644 MainForm - AddRich(Вкладка:1: COM3: Порт открыт!)
10.01.2025 114815.645 MainForm - AddRich(Вкладка:1: COM3: Опрос КПА)
10.01.2025 114819.293 MainForm - AddRich(Вкладка:1: COM3: Данных нет или время ожидания истекло!)
10.01.2025 114819.293 MainForm - AddRich(Вкладка:1: COM3: THRD.ReciveAnswer. Ответ: )
10.01.2025 114819.293 MainForm - AddRich(Вкладка:1: COM3: THRD.ReciveAnswer. Ответ: )
10.01.2025 114819.435 MainForm - AddRich(Вкладка:1: COM3: Порт закрыт!)
10.01.2025 120040.134 MainForm - FormShow - Создание фрейма номер - 0 - успешно!
10.01.2025 120040.224 MainForm - FormShow - Создание фрейма номер - 1 - успешно!
10.01.2025 120040.320 MainForm - FormShow - Создание фрейма номер - 2 - успешно!
10.01.2025 120040.410 MainForm - FormShow - Создание фрейма номер - 3 - успешно!
10.01.2025 120040.500 MainForm - FormShow - Создание фрейма номер - 4 - успешно!
10.01.2025 120040.622 MainForm - FormShow - Создание фрейма номер - 5 - успешно!
10.01.2025 120040.956 MainForm - AddRich(Вкладка:0: COM1: Порт открыт!)
10.01.2025 120040.957 MainForm - AddRich(Вкладка:0: COM1: Опрос КПА)
10.01.2025 120042.707 MainForm - AddRich(Вкладка:0: COM1: Данных нет или время ожидания истекло!)
10.01.2025 120042.707 MainForm - AddRich(Вкладка:0: COM1: THRD.ReciveAnswer. Ответ: )
10.01.2025 120042.707 MainForm - AddRich(Вкладка:0: COM1: THRD.ReciveAnswer. Ответ: )
10.01.2025 120042.753 MainForm - AddRich(Вкладка:0: COM1: Порт закрыт!)
10.01.2025 120043.003 MainForm - AddRich(Вкладка:1: COM3: Порт открыт!)
10.01.2025 120043.005 MainForm - AddRich(Вкладка:1: COM3: Опрос КПА)
10.01.2025 120044.729 MainForm - AddRich(Вкладка:1: COM3: Данных нет или время ожидания истекло!)
10.01.2025 120044.729 MainForm - AddRich(Вкладка:1: COM3: THRD.ReciveAnswer. Ответ: )
10.01.2025 120044.729 MainForm - AddRich(Вкладка:1: COM3: THRD.ReciveAnswer. Ответ: )
10.01.2025 120044.884 MainForm - AddRich(Вкладка:1: COM3: Порт закрыт!)
10.01.2025 120045.004 MainForm - AddRich(Вкладка:2: COM5: Порт открыт!)
10.01.2025 120045.035 MainForm - AddRich(Вкладка:2: COM5: Опрос КПА)
10.01.2025 120045.079 MainForm - AddRich(Вкладка:2: COM5: THRD.BCPRxChar. Ответ: {"KPA-1","1.05.04","5","21.01.2000,21:51:48","49560","0",{"7BFFFFC3F","1","1","","","","","","1"}}
)
10.01.2025 120045.100 MainForm - AddRich(Вкладка:2: COM5: THRD.BCPRxChar. Ответ: {"KPA-1","1.05.04","5","21.01.2000,21:51:48","49560","0",{"7BFFFFC3F","1","1","","","","","","1"}}
)
10.01.2025 120045.110 MainForm - AddRich(Вкладка:2: COM5: THRD.ReciveAnswer. Ответ: "1.05.04" | "5")
10.01.2025 120045.112 MainForm - AddRich(Вкладка:2: COM5: THRD.ReciveAnswer. Ответ: "1.05.04" | "5")
10.01.2025 120045.143 MainForm - AddRich(Вкладка:2: COM5: THRD.BCPRxChar. Ответ: "0"
)
10.01.2025 120046.851 MainForm - AddRich(Вкладка:2: COM5: Данных нет или время ожидания истекло!)
10.01.2025 120046.853 MainForm - AddRich(Вкладка:2: COM5: THRD.ReciveAnswer. Ответ: )
10.01.2025 120046.855 MainForm - AddRich(Вкладка:2: COM5: THRD.ReciveAnswer. Ответ: )
10.01.2025 121434.962 MainForm - AddRich(Вкладка:0: COM1: Порт открыт!)
10.01.2025 121434.962 MainForm - AddRich(Вкладка:0: COM1: Опрос КПА)
10.01.2025 121436.771 MainForm - AddRich(Вкладка:0: COM1: Данных нет или время ожидания истекло!)
10.01.2025 121436.771 MainForm - AddRich(Вкладка:0: COM1: THRD.ReciveAnswer. Ответ: )
10.01.2025 121436.771 MainForm - AddRich(Вкладка:0: COM1: THRD.ReciveAnswer. Ответ: )
10.01.2025 121436.805 MainForm - AddRich(Вкладка:0: COM1: Порт закрыт!)
10.01.2025 121436.864 MainForm - AddRich(Вкладка:1: COM3: Порт открыт!)
10.01.2025 121436.865 MainForm - AddRich(Вкладка:1: COM3: Опрос КПА)
10.01.2025 121438.610 MainForm - AddRich(Вкладка:1: COM3: Данных нет или время ожидания истекло!)
10.01.2025 121438.610 MainForm - AddRich(Вкладка:1: COM3: THRD.ReciveAnswer. Ответ: )
10.01.2025 121438.610 MainForm - AddRich(Вкладка:1: COM3: THRD.ReciveAnswer. Ответ: )
10.01.2025 121438.769 MainForm - AddRich(Вкладка:1: COM3: Порт закрыт!)
10.01.2025 121439.522 MainForm - AddRich(Вкладка:2: COM5: Порт открыт!)
10.01.2025 121439.528 MainForm - AddRich(Вкладка:2: COM5: Опрос КПА)
10.01.2025 121439.570 MainForm - AddRich(Вкладка:2: COM5: THRD.BCPRxChar. Ответ: {"KPA-1","1.05.04","5","21.01.2000,22:05:43","49560","0",{"7BFFFFC3F","1","1","","","","","","1"}}
)
10.01.2025 121439.577 MainForm - AddRich(Вкладка:2: COM5: THRD.BCPRxChar. Ответ: {"KPA-1","1.05.04","5","21.01.2000,22:05:43","49560","0",{"7BFFFFC3F","1","1","","","","","","1"}}
)
10.01.2025 121439.580 MainForm - AddRich(Вкладка:2: COM5: THRD.ReciveAnswer. Ответ: "1.05.04" | "5")
10.01.2025 121439.581 MainForm - AddRich(Вкладка:2: COM5: THRD.ReciveAnswer. Ответ: "1.05.04" | "5")
10.01.2025 121439.618 MainForm - AddRich(Вкладка:2: COM5: THRD.BCPRxChar. Ответ: "0"
)
