[31.01.2025 15:10:41.269][main]Старт программы KPA-1: Голунова Наталья Николаевна. Версия ПО: 1.0.0.0.
[31.01.2025 15:10:41.300][main]Создание фрейма номер - 0 - успешно!
[31.01.2025 15:10:41.324][main]Создание фрейма номер - 1 - успешно!
[31.01.2025 15:10:41.345][main]Создание фрейма номер - 2 - успешно!
[31.01.2025 15:10:41.368][main]Создание фрейма номер - 3 - успешно!
[31.01.2025 15:10:41.390][main]Создание фрейма номер - 4 - успешно!
[31.01.2025 15:10:41.417][main]Создание фрейма номер - 5 - успешно!
[31.01.2025 15:12:12.341][main]Старт программы KPA-1: Голунова Наталья Николаевна. Версия ПО: 1.0.0.0.
[31.01.2025 15:12:12.370][main]Создание фрейма номер - 0 - успешно!
[31.01.2025 15:12:12.409][main]Создание фрейма номер - 1 - успешно!
[31.01.2025 15:12:12.431][main]Создание фрейма номер - 2 - успешно!
[31.01.2025 15:12:12.454][main]Создание фрейма номер - 3 - успешно!
[31.01.2025 15:12:12.477][main]Создание фрейма номер - 4 - успешно!
[31.01.2025 15:12:12.500][main]Создание фрейма номер - 5 - успешно!
[31.01.2025 15:13:05.705][main]Старт программы KPA-1: Голунова Наталья Николаевна. Версия ПО: 1.0.0.0.
[31.01.2025 15:13:05.752][main]Создание фрейма номер - 0 - успешно!
[31.01.2025 15:13:05.775][main]Создание фрейма номер - 1 - успешно!
[31.01.2025 15:13:05.803][main]Создание фрейма номер - 2 - успешно!
[31.01.2025 15:13:05.830][main]Создание фрейма номер - 3 - успешно!
[31.01.2025 15:13:05.850][main]Создание фрейма номер - 4 - успешно!
[31.01.2025 15:13:05.871][main]Создание фрейма номер - 5 - успешно!
[31.01.2025 15:15:22.943][main]Старт программы KPA-1: Голунова Наталья Николаевна. Версия ПО: 1.0.0.0.
[31.01.2025 15:15:22.979][main]Создание фрейма номер - 0 - успешно!
[31.01.2025 15:15:23.002][main]Создание фрейма номер - 1 - успешно!
[31.01.2025 15:15:23.025][main]Создание фрейма номер - 2 - успешно!
[31.01.2025 15:15:23.047][main]Создание фрейма номер - 3 - успешно!
[31.01.2025 15:15:23.070][main]Создание фрейма номер - 4 - успешно!
[31.01.2025 15:15:23.112][main]Создание фрейма номер - 5 - успешно!
[31.01.2025 15:18:31.537][main]Старт программы KPA-1: Голунова Наталья Николаевна. Версия ПО: 1.0.0.0.
[31.01.2025 15:18:31.571][main]Создание фрейма номер - 0 - успешно!
[31.01.2025 15:18:31.604][main]Создание фрейма номер - 1 - успешно!
[31.01.2025 15:18:31.627][main]Создание фрейма номер - 2 - успешно!
[31.01.2025 15:18:31.649][main]Создание фрейма номер - 3 - успешно!
[31.01.2025 15:18:31.674][main]Создание фрейма номер - 4 - успешно!
[31.01.2025 15:18:31.713][main]Создание фрейма номер - 5 - успешно!
[31.01.2025 15:24:47.574][main]Старт программы KPA-1: Голунова Наталья Николаевна. Версия ПО: 1.0.0.0.
[31.01.2025 15:24:47.618][main]Создание фрейма номер - 0 - успешно!
[31.01.2025 15:24:47.642][main]Создание фрейма номер - 1 - успешно!
[31.01.2025 15:24:47.664][main]Создание фрейма номер - 2 - успешно!
[31.01.2025 15:24:47.687][main]Создание фрейма номер - 3 - успешно!
[31.01.2025 15:24:47.711][main]Создание фрейма номер - 4 - успешно!
[31.01.2025 15:24:47.733][main]Создание фрейма номер - 5 - успешно!
[31.01.2025 15:25:26.020][main]Старт программы KPA-1: Голунова Наталья Николаевна. Версия ПО: 1.0.0.0.
[31.01.2025 15:25:26.048][main]Создание фрейма номер - 0 - успешно!
[31.01.2025 15:25:26.087][main]Создание фрейма номер - 1 - успешно!
[31.01.2025 15:25:26.114][main]Создание фрейма номер - 2 - успешно!
[31.01.2025 15:25:26.153][main]Создание фрейма номер - 3 - успешно!
[31.01.2025 15:25:26.177][main]Создание фрейма номер - 4 - успешно!
[31.01.2025 15:25:26.200][main]Создание фрейма номер - 5 - успешно!
[31.01.2025 15:44:58.037][main]Старт программы KPA-1: Голунова Наталья Николаевна. Версия ПО: 1.0.0.0.
[31.01.2025 15:44:58.067][main]Создание фрейма номер - 0 - успешно!
[31.01.2025 15:44:58.090][main]Создание фрейма номер - 1 - успешно!
[31.01.2025 15:44:58.113][main]Создание фрейма номер - 2 - успешно!
[31.01.2025 15:44:58.135][main]Создание фрейма номер - 3 - успешно!
[31.01.2025 15:44:58.160][main]Создание фрейма номер - 4 - успешно!
[31.01.2025 15:44:58.202][main]Создание фрейма номер - 5 - успешно!
[31.01.2025 15:46:29.046][main]Старт программы KPA-1: Голунова Наталья Николаевна. Версия ПО: 1.0.0.0.
[31.01.2025 15:46:29.072][main]Создание фрейма номер - 0 - успешно!
[31.01.2025 15:46:29.100][main]Создание фрейма номер - 1 - успешно!
[31.01.2025 15:46:29.126][main]Создание фрейма номер - 2 - успешно!
[31.01.2025 15:46:29.149][main]Создание фрейма номер - 3 - успешно!
[31.01.2025 15:46:29.176][main]Создание фрейма номер - 4 - успешно!
[31.01.2025 15:46:29.208][main]Создание фрейма номер - 5 - успешно!
[31.01.2025 15:49:08.398][main]Старт программы KPA-1: Голунова Наталья Николаевна. Версия ПО: 1.0.0.0.
[31.01.2025 15:49:08.427][main]Создание фрейма номер - 0 - успешно!
[31.01.2025 15:49:08.451][main]Создание фрейма номер - 1 - успешно!
[31.01.2025 15:49:08.474][main]Создание фрейма номер - 2 - успешно!
[31.01.2025 15:49:08.496][main]Создание фрейма номер - 3 - успешно!
[31.01.2025 15:49:08.519][main]Создание фрейма номер - 4 - успешно!
[31.01.2025 15:49:08.545][main]Создание фрейма номер - 5 - успешно!
[31.01.2025 15:49:22.167][success][COM1]:Порт открыт!
[31.01.2025 15:49:30.848][success][COM1]:Опрос КПА
[31.01.2025 15:49:30.954][success][COM5]:Порт открыт!
[31.01.2025 15:50:16.869][main]Старт программы KPA-1: Голунова Наталья Николаевна. Версия ПО: 1.0.0.0.
[31.01.2025 15:50:16.898][main]Создание фрейма номер - 0 - успешно!
[31.01.2025 15:50:16.921][main]Создание фрейма номер - 1 - успешно!
[31.01.2025 15:50:16.950][main]Создание фрейма номер - 2 - успешно!
[31.01.2025 15:50:16.975][main]Создание фрейма номер - 3 - успешно!
[31.01.2025 15:50:16.999][main]Создание фрейма номер - 4 - успешно!
[31.01.2025 15:50:17.024][main]Создание фрейма номер - 5 - успешно!
[31.01.2025 15:50:17.213][success][COM1]:Порт открыт!
[31.01.2025 15:50:17.297][success][COM5]:Порт открыт!
[31.01.2025 15:51:55.033][main]Старт программы KPA-1: Голунова Наталья Николаевна. Версия ПО: 1.0.0.0.
[31.01.2025 15:51:55.061][main]Создание фрейма номер - 0 - успешно!
[31.01.2025 15:51:55.085][main]Создание фрейма номер - 1 - успешно!
[31.01.2025 15:51:55.108][main]Создание фрейма номер - 2 - успешно!
[31.01.2025 15:51:55.131][main]Создание фрейма номер - 3 - успешно!
[31.01.2025 15:51:55.153][main]Создание фрейма номер - 4 - успешно!
[31.01.2025 15:51:55.176][main]Создание фрейма номер - 5 - успешно!
[31.01.2025 15:51:55.388][success][COM1]:Порт открыт!
[31.01.2025 15:51:55.464][success][COM5]:Порт открыт!
[31.01.2025 15:51:58.647][success][COM1]:Опрос КПА
[31.01.2025 15:51:58.648][success][COM5]:Опрос КПА
[31.01.2025 15:52:42.099][main]Старт программы KPA-1: Голунова Наталья Николаевна. Версия ПО: 1.0.0.0.
[31.01.2025 15:52:42.129][main]Создание фрейма номер - 0 - успешно!
[31.01.2025 15:52:42.154][main]Создание фрейма номер - 1 - успешно!
[31.01.2025 15:52:42.179][main]Создание фрейма номер - 2 - успешно!
[31.01.2025 15:52:42.202][main]Создание фрейма номер - 3 - успешно!
[31.01.2025 15:52:42.225][main]Создание фрейма номер - 4 - успешно!
[31.01.2025 15:52:42.246][main]Создание фрейма номер - 5 - успешно!
[31.01.2025 15:52:42.475][success][COM1]:Порт открыт!
[31.01.2025 15:52:42.542][success][COM5]:Порт открыт!
[31.01.2025 15:52:43.489][success][COM1]:Опрос КПА
[31.01.2025 15:53:30.690][main]Старт программы KPA-1: Голунова Наталья Николаевна. Версия ПО: 1.0.0.0.
[31.01.2025 15:53:30.740][main]Создание фрейма номер - 0 - успешно!
[31.01.2025 15:53:30.763][main]Создание фрейма номер - 1 - успешно!
[31.01.2025 15:53:30.787][main]Создание фрейма номер - 2 - успешно!
[31.01.2025 15:53:30.809][main]Создание фрейма номер - 3 - успешно!
[31.01.2025 15:53:30.831][main]Создание фрейма номер - 4 - успешно!
[31.01.2025 15:53:30.854][main]Создание фрейма номер - 5 - успешно!
[31.01.2025 15:53:31.094][success][COM1]:Порт открыт!
[31.01.2025 15:53:31.170][success][COM5]:Порт открыт!
[31.01.2025 15:54:47.080][main]Старт программы KPA-1: Голунова Наталья Николаевна. Версия ПО: 1.0.0.0.
[31.01.2025 15:54:47.107][main]Создание фрейма номер - 0 - успешно!
[31.01.2025 15:54:47.130][main]Создание фрейма номер - 1 - успешно!
[31.01.2025 15:54:47.155][main]Создание фрейма номер - 2 - успешно!
[31.01.2025 15:54:47.178][main]Создание фрейма номер - 3 - успешно!
[31.01.2025 15:54:47.211][main]Создание фрейма номер - 4 - успешно!
[31.01.2025 15:54:47.234][main]Создание фрейма номер - 5 - успешно!
[31.01.2025 15:54:47.428][success][COM1]:Порт открыт!
[31.01.2025 15:54:47.500][success][COM5]:Порт открыт!
[31.01.2025 15:56:18.035][main]Старт программы KPA-1: Голунова Наталья Николаевна. Версия ПО: 1.0.0.0.
[31.01.2025 15:56:18.081][main]Создание фрейма номер - 0 - успешно!
[31.01.2025 15:56:18.105][main]Создание фрейма номер - 1 - успешно!
[31.01.2025 15:56:18.126][main]Создание фрейма номер - 2 - успешно!
[31.01.2025 15:56:18.148][main]Создание фрейма номер - 3 - успешно!
[31.01.2025 15:56:18.170][main]Создание фрейма номер - 4 - успешно!
[31.01.2025 15:56:18.192][main]Создание фрейма номер - 5 - успешно!
[31.01.2025 15:56:18.392][success][COM1]:Порт открыт!
[31.01.2025 15:56:18.462][success][COM5]:Порт открыт!
[31.01.2025 15:57:20.542][main]Старт программы KPA-1: Голунова Наталья Николаевна. Версия ПО: 1.0.0.0.
[31.01.2025 15:57:20.576][main]Создание фрейма номер - 0 - успешно!
[31.01.2025 15:57:20.600][main]Создание фрейма номер - 1 - успешно!
[31.01.2025 15:57:20.623][main]Создание фрейма номер - 2 - успешно!
[31.01.2025 15:57:20.648][main]Создание фрейма номер - 3 - успешно!
[31.01.2025 15:57:20.688][main]Создание фрейма номер - 4 - успешно!
[31.01.2025 15:57:20.710][main]Создание фрейма номер - 5 - успешно!
[31.01.2025 15:57:20.899][success][COM1]:Порт открыт!
[31.01.2025 15:57:20.963][success][COM5]:Порт открыт!
[31.01.2025 15:57:21.902][success][COM1]:Опрос КПА
[31.01.2025 15:57:21.970][success][COM1]:Данных нет или время ожидания истекло!
[31.01.2025 15:57:21.970][success][COM1]:THRD.ReciveAnswer. Ответ: 
[31.01.2025 15:57:21.970][success][COM1]:THRD.ReciveAnswer. Ответ: 
[31.01.2025 15:57:21.990][success][COM5]:Опрос КПА
[31.01.2025 15:57:22.013][success][COM1]:Порт закрыт!
[31.01.2025 15:57:22.015][success][COM5]:THRD.BCPRxChar. Ответ: {"KPA-1","1.05.04","5","01.01.2000,02:30:45","49570","1",{"7F9FFFCFF","1","1","","","","","","0"}}

[31.01.2025 15:57:22.015][success][COM5]:THRD.ReciveAnswer. Ответ: {"KPA-1","1.05.04","5","01.01.2000,02:30:45","49570","1",{"7F9FFFCFF","1","1","","","","","","0"}}

[31.01.2025 15:57:22.016][success][COM5]:THRD.ReciveAnswer. Ответ: {"KPA-1","1.05.04","5","01.01.2000,02:30:45","49570","1",{"7F9FFFCFF","1","1","","","","","","0"}}

[31.01.2025 15:57:22.024][main][SQL] 25: select STANDID from STAND where STANDNUM = 5
[31.01.2025 15:57:23.074][success][COM5]:THRD.BCPRxChar. Ответ: "1"

[31.01.2025 15:57:23.075][success][COM5]:THRD.ReciveAnswer. Ответ: 1
[31.01.2025 15:57:23.075][success][COM5]:THRD.ReciveAnswer. Ответ: 1
[31.01.2025 15:57:30.866][success][COM5]:Плата вставлена и проверка не начата.
[31.01.2025 15:57:38.038][success][COM5]:THRD.BCPRxChar. Ответ: "1"

[31.01.2025 15:57:38.039][success][COM5]:THRD.ReciveAnswer. Ответ: 1
[31.01.2025 15:57:38.039][success][COM5]:THRD.ReciveAnswer. Ответ: 1
[31.01.2025 15:57:43.850][success][COM5]:Плата вставлена и проверка не начата.
[31.01.2025 15:57:44.877][success][COM5]:THRD.BCPRxChar. Ответ: "1"

[31.01.2025 15:57:44.878][success][COM5]:THRD.ReciveAnswer. Ответ: 1
[31.01.2025 15:57:44.878][success][COM5]:THRD.ReciveAnswer. Ответ: 1
[31.01.2025 15:57:50.691][success][COM5]:Плата вставлена и проверка не начата.
[31.01.2025 15:57:51.720][success][COM5]:THRD.BCPRxChar. Ответ: "1"

[31.01.2025 15:57:51.720][success][COM5]:THRD.ReciveAnswer. Ответ: 1
[31.01.2025 15:57:51.721][success][COM5]:THRD.ReciveAnswer. Ответ: 1
[31.01.2025 15:57:51.722][success][COM5]:Плата вставлена и проверка не начата.
[31.01.2025 15:57:52.796][success][COM5]:THRD.BCPRxChar. Ответ: "1"

[31.01.2025 15:57:52.796][success][COM5]:THRD.ReciveAnswer. Ответ: 1
[31.01.2025 15:57:52.796][success][COM5]:THRD.ReciveAnswer. Ответ: 1
[31.01.2025 15:57:52.799][success][COM5]:Плата вставлена и проверка не начата.
[31.01.2025 15:57:53.839][success][COM5]:THRD.BCPRxChar. Ответ: "1"

[31.01.2025 15:57:53.839][success][COM5]:THRD.ReciveAnswer. Ответ: 1
[31.01.2025 15:57:53.839][success][COM5]:THRD.ReciveAnswer. Ответ: 1
[31.01.2025 15:57:53.841][success][COM5]:Плата вставлена и проверка не начата.
[31.01.2025 15:57:54.885][success][COM5]:THRD.BCPRxChar. Ответ: "1"

[31.01.2025 15:57:54.886][success][COM5]:THRD.ReciveAnswer. Ответ: 1
[31.01.2025 15:57:54.886][success][COM5]:THRD.ReciveAnswer. Ответ: 1
[31.01.2025 15:57:54.888][success][COM5]:Плата вставлена и проверка не начата.
[31.01.2025 15:57:55.921][success][COM5]:THRD.BCPRxChar. Ответ: "1"

[31.01.2025 15:57:55.922][success][COM5]:THRD.ReciveAnswer. Ответ: 1
[31.01.2025 15:57:55.922][success][COM5]:THRD.ReciveAnswer. Ответ: 1
[31.01.2025 15:57:55.927][success][COM5]:Плата вставлена и проверка не начата.
[31.01.2025 15:57:56.970][success][COM5]:THRD.BCPRxChar. Ответ: "1"

[31.01.2025 15:57:56.973][success][COM5]:THRD.ReciveAnswer. Ответ: 1
[31.01.2025 15:57:56.973][success][COM5]:THRD.ReciveAnswer. Ответ: 1
[31.01.2025 15:57:56.978][success][COM5]:Плата вставлена и проверка не начата.
[31.01.2025 15:57:58.017][success][COM5]:THRD.BCPRxChar. Ответ: "1"

[31.01.2025 15:57:58.018][success][COM5]:THRD.ReciveAnswer. Ответ: 1
[31.01.2025 15:57:58.057][success][COM5]:THRD.ReciveAnswer. Ответ: 1
[31.01.2025 15:57:58.064][success][COM5]:Плата вставлена и проверка не начата.
[31.01.2025 15:57:59.109][success][COM5]:THRD.BCPRxChar. Ответ: "1"

[31.01.2025 15:57:59.110][success][COM5]:THRD.ReciveAnswer. Ответ: 1
[31.01.2025 15:57:59.110][success][COM5]:THRD.ReciveAnswer. Ответ: 1
[31.01.2025 15:57:59.116][success][COM5]:Плата вставлена и проверка не начата.
[31.01.2025 15:58:00.148][success][COM5]:THRD.BCPRxChar. Ответ: "1"

[31.01.2025 15:58:00.149][success][COM5]:THRD.ReciveAnswer. Ответ: 1
[31.01.2025 15:58:00.149][success][COM5]:THRD.ReciveAnswer. Ответ: 1
[31.01.2025 15:58:00.155][success][COM5]:Плата вставлена и проверка не начата.
[31.01.2025 15:58:01.198][success][COM5]:THRD.BCPRxChar. Ответ: "1"

[31.01.2025 15:58:01.199][success][COM5]:THRD.ReciveAnswer. Ответ: 1
[31.01.2025 15:58:01.199][success][COM5]:THRD.ReciveAnswer. Ответ: 1
[31.01.2025 15:58:01.206][success][COM5]:Плата вставлена и проверка не начата.
[31.01.2025 15:58:02.238][success][COM5]:THRD.BCPRxChar. Ответ: "1"

[31.01.2025 15:58:02.238][success][COM5]:THRD.ReciveAnswer. Ответ: 1
[31.01.2025 15:58:02.238][success][COM5]:THRD.ReciveAnswer. Ответ: 1
[31.01.2025 15:58:02.245][success][COM5]:Плата вставлена и проверка не начата.
[31.01.2025 15:58:03.283][success][COM5]:THRD.BCPRxChar. Ответ: "1"

[31.01.2025 15:58:03.284][success][COM5]:THRD.ReciveAnswer. Ответ: 1
[31.01.2025 15:58:03.284][success][COM5]:THRD.ReciveAnswer. Ответ: 1
[31.01.2025 15:58:03.288][success][COM5]:Плата вставлена и проверка не начата.
[31.01.2025 15:58:04.331][success][COM5]:THRD.BCPRxChar. Ответ: "1"

[31.01.2025 15:58:04.332][success][COM5]:THRD.ReciveAnswer. Ответ: 1
[31.01.2025 15:58:04.332][success][COM5]:THRD.ReciveAnswer. Ответ: 1
[31.01.2025 15:58:04.338][success][COM5]:Плата вставлена и проверка не начата.
[31.01.2025 15:58:05.371][success][COM5]:THRD.BCPRxChar. Ответ: "1"

[31.01.2025 15:58:05.372][success][COM5]:THRD.ReciveAnswer. Ответ: 1
[31.01.2025 15:58:05.372][success][COM5]:THRD.ReciveAnswer. Ответ: 1
[31.01.2025 15:58:05.377][success][COM5]:Плата вставлена и проверка не начата.
[31.01.2025 15:58:06.409][success][COM5]:THRD.BCPRxChar. Ответ: "1"

[31.01.2025 15:58:06.410][success][COM5]:THRD.ReciveAnswer. Ответ: 1
[31.01.2025 15:58:06.410][success][COM5]:THRD.ReciveAnswer. Ответ: 1
[31.01.2025 15:58:06.414][success][COM5]:Плата вставлена и проверка не начата.
[31.01.2025 15:58:07.458][success][COM5]:THRD.BCPRxChar. Ответ: "1"

[31.01.2025 15:58:07.460][success][COM5]:THRD.ReciveAnswer. Ответ: 1
[31.01.2025 15:58:07.460][success][COM5]:THRD.ReciveAnswer. Ответ: 1
[31.01.2025 15:58:07.466][success][COM5]:Плата вставлена и проверка не начата.
[31.01.2025 15:58:08.500][success][COM5]:THRD.BCPRxChar. Ответ: "1"

[31.01.2025 15:58:08.500][success][COM5]:THRD.ReciveAnswer. Ответ: 1
[31.01.2025 15:58:08.500][success][COM5]:THRD.ReciveAnswer. Ответ: 1
[31.01.2025 15:58:08.505][success][COM5]:Плата вставлена и проверка не начата.
[31.01.2025 15:58:09.542][success][COM5]:THRD.BCPRxChar. Ответ: "1"

[31.01.2025 15:58:09.543][success][COM5]:THRD.ReciveAnswer. Ответ: 1
[31.01.2025 15:58:09.543][success][COM5]:THRD.ReciveAnswer. Ответ: 1
[31.01.2025 15:58:09.548][success][COM5]:Плата вставлена и проверка не начата.
[31.01.2025 15:58:10.584][success][COM5]:THRD.BCPRxChar. Ответ: "1"

[31.01.2025 15:58:10.585][success][COM5]:THRD.ReciveAnswer. Ответ: 1
[31.01.2025 15:58:10.585][success][COM5]:THRD.ReciveAnswer. Ответ: 1
[31.01.2025 15:58:10.590][success][COM5]:Плата вставлена и проверка не начата.
[31.01.2025 15:58:11.620][success][COM5]:THRD.BCPRxChar. Ответ: "1"

[31.01.2025 15:58:11.621][success][COM5]:THRD.ReciveAnswer. Ответ: 1
[31.01.2025 15:58:11.621][success][COM5]:THRD.ReciveAnswer. Ответ: 1
[31.01.2025 15:58:11.627][success][COM5]:Плата вставлена и проверка не начата.
[31.01.2025 15:58:12.665][success][COM5]:THRD.BCPRxChar. Ответ: "1"

[31.01.2025 15:58:12.666][success][COM5]:THRD.ReciveAnswer. Ответ: 1
[31.01.2025 15:58:12.666][success][COM5]:THRD.ReciveAnswer. Ответ: 1
[31.01.2025 15:58:12.671][success][COM5]:Плата вставлена и проверка не начата.
[31.01.2025 15:58:13.703][success][COM5]:THRD.BCPRxChar. Ответ: "1"

[31.01.2025 15:58:13.704][success][COM5]:THRD.ReciveAnswer. Ответ: 1
[31.01.2025 15:58:13.704][success][COM5]:THRD.ReciveAnswer. Ответ: 1
[31.01.2025 15:58:13.709][success][COM5]:Плата вставлена и проверка не начата.
[31.01.2025 15:58:14.737][success][COM5]:THRD.BCPRxChar. Ответ: "1"

[31.01.2025 15:58:14.737][success][COM5]:THRD.ReciveAnswer. Ответ: 1
[31.01.2025 15:58:14.737][success][COM5]:THRD.ReciveAnswer. Ответ: 1
[31.01.2025 15:58:14.742][success][COM5]:Плата вставлена и проверка не начата.
[31.01.2025 15:58:15.786][success][COM5]:THRD.BCPRxChar. Ответ: "1"

[31.01.2025 15:58:15.787][success][COM5]:THRD.ReciveAnswer. Ответ: 1
[31.01.2025 15:58:15.787][success][COM5]:THRD.ReciveAnswer. Ответ: 1
[31.01.2025 15:58:15.792][success][COM5]:Плата вставлена и проверка не начата.
[31.01.2025 15:58:16.835][success][COM5]:THRD.BCPRxChar. Ответ: "1"

[31.01.2025 15:58:16.836][success][COM5]:THRD.ReciveAnswer. Ответ: 1
[31.01.2025 15:58:16.836][success][COM5]:THRD.ReciveAnswer. Ответ: 1
[31.01.2025 15:58:16.842][success][COM5]:Плата вставлена и проверка не начата.
[31.01.2025 15:58:17.884][success][COM5]:THRD.BCPRxChar. Ответ: "1"

[31.01.2025 15:58:17.884][success][COM5]:THRD.ReciveAnswer. Ответ: 1
[31.01.2025 15:58:17.885][success][COM5]:THRD.ReciveAnswer. Ответ: 1
[31.01.2025 15:58:17.891][success][COM5]:Плата вставлена и проверка не начата.
[31.01.2025 15:58:18.931][success][COM5]:THRD.BCPRxChar. Ответ: "1"

[31.01.2025 15:58:18.932][success][COM5]:THRD.ReciveAnswer. Ответ: 1
[31.01.2025 15:58:18.932][success][COM5]:THRD.ReciveAnswer. Ответ: 1
[31.01.2025 15:58:18.936][success][COM5]:Плата вставлена и проверка не начата.
[31.01.2025 15:58:19.976][success][COM5]:THRD.BCPRxChar. Ответ: "1"

[31.01.2025 15:58:19.976][success][COM5]:THRD.ReciveAnswer. Ответ: 1
[31.01.2025 15:58:19.976][success][COM5]:THRD.ReciveAnswer. Ответ: 1
[31.01.2025 15:58:19.983][success][COM5]:Плата вставлена и проверка не начата.
[31.01.2025 15:58:21.024][success][COM5]:THRD.BCPRxChar. Ответ: "1"

[31.01.2025 15:58:21.025][success][COM5]:THRD.ReciveAnswer. Ответ: 1
[31.01.2025 15:58:21.025][success][COM5]:THRD.ReciveAnswer. Ответ: 1
[31.01.2025 15:58:21.030][success][COM5]:Плата вставлена и проверка не начата.
[31.01.2025 15:58:22.064][success][COM5]:THRD.BCPRxChar. Ответ: "1"

[31.01.2025 15:58:22.065][success][COM5]:THRD.ReciveAnswer. Ответ: 1
[31.01.2025 15:58:22.065][success][COM5]:THRD.ReciveAnswer. Ответ: 1
[31.01.2025 15:58:22.070][success][COM5]:Плата вставлена и проверка не начата.
[31.01.2025 15:58:23.111][success][COM5]:THRD.BCPRxChar. Ответ: "1"

[31.01.2025 15:58:23.112][success][COM5]:THRD.ReciveAnswer. Ответ: 1
[31.01.2025 15:58:23.112][success][COM5]:THRD.ReciveAnswer. Ответ: 1
[31.01.2025 15:58:23.117][success][COM5]:Плата вставлена и проверка не начата.
[31.01.2025 15:58:24.159][success][COM5]:THRD.BCPRxChar. Ответ: "1"

[31.01.2025 15:58:24.160][success][COM5]:THRD.ReciveAnswer. Ответ: 1
[31.01.2025 15:58:24.160][success][COM5]:THRD.ReciveAnswer. Ответ: 1
[31.01.2025 15:58:24.165][success][COM5]:Плата вставлена и проверка не начата.
[31.01.2025 15:58:25.203][success][COM5]:THRD.BCPRxChar. Ответ: "1"

[31.01.2025 15:58:25.203][success][COM5]:THRD.ReciveAnswer. Ответ: 1
[31.01.2025 15:58:25.204][success][COM5]:THRD.ReciveAnswer. Ответ: 1
[31.01.2025 15:58:25.208][success][COM5]:Плата вставлена и проверка не начата.
[31.01.2025 15:58:26.090][main][SQL] 34259074303: select CVE1SETTINGS.enable_script from CVE1SETTINGS where(CVE1SETTINGS.id = 63
[31.01.2025 15:58:26.099][main][SQL] 02.06: select METERBOARDDICT."VERSION" from METERBOARDDICT, CVE1SETTINGS where (CVE1SETTINGS.boardtypeid = METERBOARDDICT.id) and (CVE1SETTINGS.id = 63
[31.01.2025 15:58:26.107][main][SQL] ООО "Райт Электроникс": select BOARDMANUFACTRERS.name from BOARDMANUFACTRERS where (BOARDMANUFACTRERS.id = :01
[31.01.2025 15:58:26.234][success][COM5]:THRD.BCPRxChar. Ответ: "1"

[31.01.2025 15:58:26.235][success][COM5]:THRD.ReciveAnswer. Ответ: 1
[31.01.2025 15:58:26.235][success][COM5]:THRD.ReciveAnswer. Ответ: 1
[31.01.2025 15:58:26.237][success][COM5]:Плата вставлена и проверка не начата.
[31.01.2025 15:58:27.270][success][COM5]:THRD.BCPRxChar. Ответ: "1"

[31.01.2025 15:58:27.270][success][COM5]:THRD.ReciveAnswer. Ответ: 1
[31.01.2025 15:58:27.270][success][COM5]:THRD.ReciveAnswer. Ответ: 1
[31.01.2025 15:58:27.272][success][COM5]:Плата вставлена и проверка не начата.
[31.01.2025 15:58:28.277][success][COM5]:Опрос параметров КПА
[31.01.2025 15:58:28.334][success][COM5]:THRD.BCPRxChar. Ответ: {"7F9FFFCFF","1","1","NUMBER_BOARD2=Q100;01;2206;0024;01.02;92","HW_VERSION=0206","","","","0"}

[31.01.2025 15:58:28.335][success][COM5]:THRD.ReciveAnswer. Ответ: {"7F9FFFCFF","1","1","NUMBER_BOARD2=Q100;01;2206;0024;01.02;92","HW_VERSION=0206","","","","0"}

[31.01.2025 15:58:28.335][success][COM5]:THRD.ReciveAnswer. Ответ: {"7F9FFFCFF","1","1","NUMBER_BOARD2=Q100;01;2206;0024;01.02;92","HW_VERSION=0206","","","","0"}

[31.01.2025 15:58:48.621][success][COM5]:Старт проверки
[31.01.2025 15:58:48.647][success][COM5]:THRD.BCPRxChar. Ответ: OK

[31.01.2025 15:58:48.648][success][COM5]:THRD.ReciveAnswer. Ответ: OK

[31.01.2025 15:58:48.649][success][COM5]:THRD.ReciveAnswer. Ответ: OK

[31.01.2025 15:58:48.651][success][COM5]:Старт проверки подтвержден
[31.01.2025 15:58:49.681][success][COM5]:THRD.BCPRxChar. Ответ: "2"

[31.01.2025 15:58:49.681][success][COM5]:THRD.ReciveAnswer. Ответ: 2
[31.01.2025 15:58:49.681][success][COM5]:THRD.ReciveAnswer. Ответ: 2
[31.01.2025 15:58:49.698][success][COM5]:Скрипт без оператора.
[31.01.2025 15:58:50.736][success][COM5]:THRD.BCPRxChar. Ответ: "7"

[31.01.2025 15:58:50.737][success][COM5]:THRD.ReciveAnswer. Ответ: 7
[31.01.2025 15:58:50.737][success][COM5]:THRD.ReciveAnswer. Ответ: 7
[31.01.2025 15:58:50.739][success][COM5]:Плата не прошла проверку.
[31.01.2025 15:58:51.744][success][COM5]:GetStatusScript
[31.01.2025 15:58:51.770][success][COM5]:THRD.BCPRxChar. Ответ: ";;"1 КЗ Бат.Телем.     ;0 Диапазон настр. от:100 до:1200 Измерено:-0.026;Неверное значен."

[31.01.2025 15:58:51.771][success][COM5]:THRD.ReciveAnswer. Ответ: ";;"1 КЗ Бат.Телем.     ;0 Диапазон настр. от:100 до:1200 Измерено:-0.026;Неверное значен."

[31.01.2025 15:58:51.771][success][COM5]:THRD.ReciveAnswer. Ответ: ";;"1 КЗ Бат.Телем.     ;0 Диапазон настр. от:100 до:1200 Измерено:-0.026;Неверное значен."

[31.01.2025 15:58:51.772][success][COM5]:";;"1 КЗ Бат.Телем.     ;0 Диапазон настр. от:100 до:1200 Измерено:-0.026;Неверное значен."

[31.01.2025 15:58:51.784][success][COM5]:НЕ ГОДЕН
[31.01.2025 15:58:51.801][main][SQL] 0: select ID from COMMENTS where COMMENT = ";;"1 КЗ Бат.Телем.     ;0 Диапазон настр. от:100 до:1200 Измерено:-0.026;Неверное значен."

[31.01.2025 15:58:51.804][main][SQL] 16798: Insert INTO COMMENTS(COMMENT) values COMMENT = ";;"1 КЗ Бат.Телем.     ;0 Диапазон настр. от:100 до:1200 Измерено:-0.026;Неверное значен."

[31.01.2025 15:58:51.812][main][SQL] 172247: select meterboards.id from meterboards, meterboarddict where meterboarddict.id = meterboards.boardtypeid and meterboards.serial = Q100;01;2206;0024;01.02;92 and meterboarddict."VERSION" = 02.06
[31.01.2025 15:58:51.815][main][SQL] 37: select METEREVENTTYPEID from CVE1SETTINGS where ID = 63
[31.01.2025 15:58:51.824][main][SQL] 418773: Insert INTO BOARDEVENTS(BRDEVENTTYPEID, BRDEVENTDATE, BOARDID, USERID, STANDID, EVENTSTATE, PRESETID, COMMENTID) values :pLastEvent = 37, :pDTNow = 31.01.2025, :pMeterBoardsID = 172247, :pUserID = 31, :pStandID = 0, :pStatusFlag = 1, :pPresetID = 63, :pCommentID = 16798
[31.01.2025 15:58:51.830][main][SQL] 172247: select meterboards.id from meterboards, meterboarddict where meterboarddict.id = meterboards.boardtypeid and meterboards.serial = Q100;01;2206;0024;01.02;92 and meterboarddict."VERSION" = 02.06
[31.01.2025 15:58:51.834][main][SQL] 172247: update METERBOARDS set STATE_CURR_ID = 1 LAST_EVENT_ID = 37 where SERIAL = Q100;01;2206;0024;01.02;92
[31.01.2025 15:58:52.874][success][COM5]:THRD.BCPRxChar. Ответ: "7"

[31.01.2025 15:58:52.875][success][COM5]:THRD.ReciveAnswer. Ответ: 7
[31.01.2025 15:58:52.875][success][COM5]:THRD.ReciveAnswer. Ответ: 7
[31.01.2025 15:58:52.881][success][COM5]:Плата не прошла проверку.
[31.01.2025 15:58:53.893][success][COM5]:GetStatusScript
[31.01.2025 15:58:53.921][success][COM5]:THRD.BCPRxChar. Ответ: ";;"1 КЗ Бат.Телем.     ;0 Диапазон настр. от:100 до:1200 Измерено:-0.026;Неверное значен."

[31.01.2025 15:58:53.922][success][COM5]:THRD.ReciveAnswer. Ответ: ";;"1 КЗ Бат.Телем.     ;0 Диапазон настр. от:100 до:1200 Измерено:-0.026;Неверное значен."

[31.01.2025 15:58:53.922][success][COM5]:THRD.ReciveAnswer. Ответ: ";;"1 КЗ Бат.Телем.     ;0 Диапазон настр. от:100 до:1200 Измерено:-0.026;Неверное значен."

[31.01.2025 15:58:53.923][success][COM5]:";;"1 КЗ Бат.Телем.     ;0 Диапазон настр. от:100 до:1200 Измерено:-0.026;Неверное значен."

[31.01.2025 15:58:53.936][success][COM5]:НЕ ГОДЕН
[31.01.2025 15:58:53.946][main][SQL] 16798: select ID from COMMENTS where COMMENT = ";;"1 КЗ Бат.Телем.     ;0 Диапазон настр. от:100 до:1200 Измерено:-0.026;Неверное значен."

[31.01.2025 15:58:53.950][main][SQL] 172247: select meterboards.id from meterboards, meterboarddict where meterboarddict.id = meterboards.boardtypeid and meterboards.serial = Q100;01;2206;0024;01.02;92 and meterboarddict."VERSION" = 02.06
[31.01.2025 15:58:53.954][main][SQL] 37: select METEREVENTTYPEID from CVE1SETTINGS where ID = 63
[31.01.2025 15:58:53.956][main][SQL] 418774: Insert INTO BOARDEVENTS(BRDEVENTTYPEID, BRDEVENTDATE, BOARDID, USERID, STANDID, EVENTSTATE, PRESETID, COMMENTID) values :pLastEvent = 37, :pDTNow = 31.01.2025, :pMeterBoardsID = 172247, :pUserID = 31, :pStandID = 0, :pStatusFlag = 1, :pPresetID = 63, :pCommentID = 16798
[31.01.2025 15:58:53.961][main][SQL] 172247: select meterboards.id from meterboards, meterboarddict where meterboarddict.id = meterboards.boardtypeid and meterboards.serial = Q100;01;2206;0024;01.02;92 and meterboarddict."VERSION" = 02.06
[31.01.2025 15:58:53.964][main][SQL] 172247: update METERBOARDS set STATE_CURR_ID = 1 LAST_EVENT_ID = 37 where SERIAL = Q100;01;2206;0024;01.02;92
[31.01.2025 15:58:55.010][success][COM5]:THRD.BCPRxChar. Ответ: "7"

[31.01.2025 15:58:55.011][success][COM5]:THRD.ReciveAnswer. Ответ: 7
[31.01.2025 15:58:55.011][success][COM5]:THRD.ReciveAnswer. Ответ: 7
[31.01.2025 15:58:55.024][success][COM5]:Плата не прошла проверку.
[31.01.2025 15:58:56.039][success][COM5]:GetStatusScript
[31.01.2025 15:58:56.091][success][COM5]:THRD.BCPRxChar. Ответ: ";;"1 КЗ Бат.Телем.     ;0 Диапазон настр. от:100 до:1200 Измерено:-0.026;Неверное значен."

[31.01.2025 15:58:56.091][success][COM5]:THRD.ReciveAnswer. Ответ: ";;"1 КЗ Бат.Телем.     ;0 Диапазон настр. от:100 до:1200 Измерено:-0.026;Неверное значен."

[31.01.2025 15:58:56.091][success][COM5]:THRD.ReciveAnswer. Ответ: ";;"1 КЗ Бат.Телем.     ;0 Диапазон настр. от:100 до:1200 Измерено:-0.026;Неверное значен."

[31.01.2025 15:58:56.093][success][COM5]:";;"1 КЗ Бат.Телем.     ;0 Диапазон настр. от:100 до:1200 Измерено:-0.026;Неверное значен."

[31.01.2025 15:58:56.105][success][COM5]:НЕ ГОДЕН
[31.01.2025 15:58:56.120][main][SQL] 16798: select ID from COMMENTS where COMMENT = ";;"1 КЗ Бат.Телем.     ;0 Диапазон настр. от:100 до:1200 Измерено:-0.026;Неверное значен."

[31.01.2025 15:58:56.123][main][SQL] 172247: select meterboards.id from meterboards, meterboarddict where meterboarddict.id = meterboards.boardtypeid and meterboards.serial = Q100;01;2206;0024;01.02;92 and meterboarddict."VERSION" = 02.06
[31.01.2025 15:58:56.127][main][SQL] 37: select METEREVENTTYPEID from CVE1SETTINGS where ID = 63
[31.01.2025 15:58:56.129][main][SQL] 418775: Insert INTO BOARDEVENTS(BRDEVENTTYPEID, BRDEVENTDATE, BOARDID, USERID, STANDID, EVENTSTATE, PRESETID, COMMENTID) values :pLastEvent = 37, :pDTNow = 31.01.2025, :pMeterBoardsID = 172247, :pUserID = 31, :pStandID = 0, :pStatusFlag = 1, :pPresetID = 63, :pCommentID = 16798
[31.01.2025 15:58:56.134][main][SQL] 172247: select meterboards.id from meterboards, meterboarddict where meterboarddict.id = meterboards.boardtypeid and meterboards.serial = Q100;01;2206;0024;01.02;92 and meterboarddict."VERSION" = 02.06
[31.01.2025 15:58:56.138][main][SQL] 172247: update METERBOARDS set STATE_CURR_ID = 1 LAST_EVENT_ID = 37 where SERIAL = Q100;01;2206;0024;01.02;92
[31.01.2025 15:58:57.193][success][COM5]:THRD.BCPRxChar. Ответ: "7"

[31.01.2025 15:58:57.194][success][COM5]:THRD.ReciveAnswer. Ответ: 7
[31.01.2025 15:58:57.194][success][COM5]:THRD.ReciveAnswer. Ответ: 7
[31.01.2025 15:58:57.207][success][COM5]:Плата не прошла проверку.
[31.01.2025 15:58:58.225][success][COM5]:GetStatusScript
[31.01.2025 15:58:58.250][success][COM5]:THRD.BCPRxChar. Ответ: ";;"1 КЗ Бат.Телем.     ;0 Диапазон настр. от:100 до:1200 Измерено:-0.026;Неверное значен."

[31.01.2025 15:58:58.250][success][COM5]:THRD.ReciveAnswer. Ответ: ";;"1 КЗ Бат.Телем.     ;0 Диапазон настр. от:100 до:1200 Измерено:-0.026;Неверное значен."

[31.01.2025 15:58:58.251][success][COM5]:THRD.ReciveAnswer. Ответ: ";;"1 КЗ Бат.Телем.     ;0 Диапазон настр. от:100 до:1200 Измерено:-0.026;Неверное значен."

[31.01.2025 15:58:58.253][success][COM5]:";;"1 КЗ Бат.Телем.     ;0 Диапазон настр. от:100 до:1200 Измерено:-0.026;Неверное значен."

[31.01.2025 15:58:58.256][success][COM5]:НЕ ГОДЕН
[31.01.2025 15:58:58.274][main][SQL] 16798: select ID from COMMENTS where COMMENT = ";;"1 КЗ Бат.Телем.     ;0 Диапазон настр. от:100 до:1200 Измерено:-0.026;Неверное значен."

[31.01.2025 15:58:58.277][main][SQL] 172247: select meterboards.id from meterboards, meterboarddict where meterboarddict.id = meterboards.boardtypeid and meterboards.serial = Q100;01;2206;0024;01.02;92 and meterboarddict."VERSION" = 02.06
[31.01.2025 15:58:58.281][main][SQL] 37: select METEREVENTTYPEID from CVE1SETTINGS where ID = 63
[31.01.2025 15:58:58.283][main][SQL] 418776: Insert INTO BOARDEVENTS(BRDEVENTTYPEID, BRDEVENTDATE, BOARDID, USERID, STANDID, EVENTSTATE, PRESETID, COMMENTID) values :pLastEvent = 37, :pDTNow = 31.01.2025, :pMeterBoardsID = 172247, :pUserID = 31, :pStandID = 0, :pStatusFlag = 1, :pPresetID = 63, :pCommentID = 16798
[31.01.2025 15:58:58.288][main][SQL] 172247: select meterboards.id from meterboards, meterboarddict where meterboarddict.id = meterboards.boardtypeid and meterboards.serial = Q100;01;2206;0024;01.02;92 and meterboarddict."VERSION" = 02.06
[31.01.2025 15:58:58.292][main][SQL] 172247: update METERBOARDS set STATE_CURR_ID = 1 LAST_EVENT_ID = 37 where SERIAL = Q100;01;2206;0024;01.02;92
[31.01.2025 15:58:59.324][success][COM5]:THRD.BCPRxChar. Ответ: "7"

[31.01.2025 15:58:59.325][success][COM5]:THRD.ReciveAnswer. Ответ: 7
[31.01.2025 15:58:59.325][success][COM5]:THRD.ReciveAnswer. Ответ: 7
[31.01.2025 15:58:59.327][success][COM5]:Плата не прошла проверку.
[31.01.2025 15:59:00.336][success][COM5]:GetStatusScript
[31.01.2025 15:59:00.362][success][COM5]:THRD.BCPRxChar. Ответ: ";;"1 КЗ Бат.Телем.     ;0 Диапазон настр. от:100 до:1200 Измерено:-0.026;Неверное значен."

[31.01.2025 15:59:00.363][success][COM5]:THRD.ReciveAnswer. Ответ: ";;"1 КЗ Бат.Телем.     ;0 Диапазон настр. от:100 до:1200 Измерено:-0.026;Неверное значен."

[31.01.2025 15:59:00.363][success][COM5]:THRD.ReciveAnswer. Ответ: ";;"1 КЗ Бат.Телем.     ;0 Диапазон настр. от:100 до:1200 Измерено:-0.026;Неверное значен."

[31.01.2025 15:59:00.365][success][COM5]:";;"1 КЗ Бат.Телем.     ;0 Диапазон настр. от:100 до:1200 Измерено:-0.026;Неверное значен."

[31.01.2025 15:59:00.369][success][COM5]:НЕ ГОДЕН
[31.01.2025 15:59:00.391][main][SQL] 16798: select ID from COMMENTS where COMMENT = ";;"1 КЗ Бат.Телем.     ;0 Диапазон настр. от:100 до:1200 Измерено:-0.026;Неверное значен."

[31.01.2025 15:59:00.395][main][SQL] 172247: select meterboards.id from meterboards, meterboarddict where meterboarddict.id = meterboards.boardtypeid and meterboards.serial = Q100;01;2206;0024;01.02;92 and meterboarddict."VERSION" = 02.06
[31.01.2025 15:59:00.397][main][SQL] 37: select METEREVENTTYPEID from CVE1SETTINGS where ID = 63
[31.01.2025 15:59:00.399][main][SQL] 418777: Insert INTO BOARDEVENTS(BRDEVENTTYPEID, BRDEVENTDATE, BOARDID, USERID, STANDID, EVENTSTATE, PRESETID, COMMENTID) values :pLastEvent = 37, :pDTNow = 31.01.2025, :pMeterBoardsID = 172247, :pUserID = 31, :pStandID = 0, :pStatusFlag = 1, :pPresetID = 63, :pCommentID = 16798
[31.01.2025 15:59:00.403][main][SQL] 172247: select meterboards.id from meterboards, meterboarddict where meterboarddict.id = meterboards.boardtypeid and meterboards.serial = Q100;01;2206;0024;01.02;92 and meterboarddict."VERSION" = 02.06
[31.01.2025 15:59:00.406][main][SQL] 172247: update METERBOARDS set STATE_CURR_ID = 1 LAST_EVENT_ID = 37 where SERIAL = Q100;01;2206;0024;01.02;92
[31.01.2025 15:59:01.434][success][COM5]:THRD.BCPRxChar. Ответ: "7"

[31.01.2025 15:59:01.435][success][COM5]:THRD.ReciveAnswer. Ответ: 7
[31.01.2025 15:59:01.435][success][COM5]:THRD.ReciveAnswer. Ответ: 7
[31.01.2025 15:59:01.437][success][COM5]:Плата не прошла проверку.
[31.01.2025 15:59:02.438][success][COM5]:GetStatusScript
[31.01.2025 15:59:02.465][success][COM5]:THRD.BCPRxChar. Ответ: ";;"1 КЗ Бат.Телем.     ;0 Диапазон настр. от:100 до:1200 Измерено:-0.026;Неверное значен."

[31.01.2025 15:59:02.466][success][COM5]:THRD.ReciveAnswer. Ответ: ";;"1 КЗ Бат.Телем.     ;0 Диапазон настр. от:100 до:1200 Измерено:-0.026;Неверное значен."

[31.01.2025 15:59:02.466][success][COM5]:THRD.ReciveAnswer. Ответ: ";;"1 КЗ Бат.Телем.     ;0 Диапазон настр. от:100 до:1200 Измерено:-0.026;Неверное значен."

[31.01.2025 15:59:02.467][success][COM5]:";;"1 КЗ Бат.Телем.     ;0 Диапазон настр. от:100 до:1200 Измерено:-0.026;Неверное значен."

[31.01.2025 15:59:02.470][success][COM5]:НЕ ГОДЕН
[31.01.2025 15:59:02.489][main][SQL] 16798: select ID from COMMENTS where COMMENT = ";;"1 КЗ Бат.Телем.     ;0 Диапазон настр. от:100 до:1200 Измерено:-0.026;Неверное значен."

[31.01.2025 15:59:02.492][main][SQL] 172247: select meterboards.id from meterboards, meterboarddict where meterboarddict.id = meterboards.boardtypeid and meterboards.serial = Q100;01;2206;0024;01.02;92 and meterboarddict."VERSION" = 02.06
[31.01.2025 15:59:02.503][main][SQL] 37: select METEREVENTTYPEID from CVE1SETTINGS where ID = 63
[31.01.2025 15:59:02.505][main][SQL] 418778: Insert INTO BOARDEVENTS(BRDEVENTTYPEID, BRDEVENTDATE, BOARDID, USERID, STANDID, EVENTSTATE, PRESETID, COMMENTID) values :pLastEvent = 37, :pDTNow = 31.01.2025, :pMeterBoardsID = 172247, :pUserID = 31, :pStandID = 0, :pStatusFlag = 1, :pPresetID = 63, :pCommentID = 16798
[31.01.2025 15:59:02.511][main][SQL] 172247: select meterboards.id from meterboards, meterboarddict where meterboarddict.id = meterboards.boardtypeid and meterboards.serial = Q100;01;2206;0024;01.02;92 and meterboarddict."VERSION" = 02.06
[31.01.2025 15:59:02.514][main][SQL] 172247: update METERBOARDS set STATE_CURR_ID = 1 LAST_EVENT_ID = 37 where SERIAL = Q100;01;2206;0024;01.02;92
[31.01.2025 15:59:03.555][success][COM5]:THRD.BCPRxChar. Ответ: "7"

[31.01.2025 15:59:03.556][success][COM5]:THRD.ReciveAnswer. Ответ: 7
[31.01.2025 15:59:03.556][success][COM5]:THRD.ReciveAnswer. Ответ: 7
[31.01.2025 15:59:03.558][success][COM5]:Плата не прошла проверку.
[31.01.2025 15:59:04.572][success][COM5]:GetStatusScript
[31.01.2025 15:59:04.602][success][COM5]:THRD.BCPRxChar. Ответ: ";;"1 КЗ Бат.Телем.     ;0 Диапазон настр. от:100 до:1200 Измерено:-0.026;Неверное значен."

[31.01.2025 15:59:04.602][success][COM5]:THRD.ReciveAnswer. Ответ: ";;"1 КЗ Бат.Телем.     ;0 Диапазон настр. от:100 до:1200 Измерено:-0.026;Неверное значен."

[31.01.2025 15:59:04.603][success][COM5]:THRD.ReciveAnswer. Ответ: ";;"1 КЗ Бат.Телем.     ;0 Диапазон настр. от:100 до:1200 Измерено:-0.026;Неверное значен."

[31.01.2025 15:59:04.608][success][COM5]:";;"1 КЗ Бат.Телем.     ;0 Диапазон настр. от:100 до:1200 Измерено:-0.026;Неверное значен."

[31.01.2025 15:59:04.615][success][COM5]:НЕ ГОДЕН
[31.01.2025 15:59:04.641][main][SQL] 16798: select ID from COMMENTS where COMMENT = ";;"1 КЗ Бат.Телем.     ;0 Диапазон настр. от:100 до:1200 Измерено:-0.026;Неверное значен."

[31.01.2025 15:59:04.645][main][SQL] 172247: select meterboards.id from meterboards, meterboarddict where meterboarddict.id = meterboards.boardtypeid and meterboards.serial = Q100;01;2206;0024;01.02;92 and meterboarddict."VERSION" = 02.06
[31.01.2025 15:59:04.649][main][SQL] 37: select METEREVENTTYPEID from CVE1SETTINGS where ID = 63
[31.01.2025 15:59:04.651][main][SQL] 418779: Insert INTO BOARDEVENTS(BRDEVENTTYPEID, BRDEVENTDATE, BOARDID, USERID, STANDID, EVENTSTATE, PRESETID, COMMENTID) values :pLastEvent = 37, :pDTNow = 31.01.2025, :pMeterBoardsID = 172247, :pUserID = 31, :pStandID = 0, :pStatusFlag = 1, :pPresetID = 63, :pCommentID = 16798
[31.01.2025 15:59:04.655][main][SQL] 172247: select meterboards.id from meterboards, meterboarddict where meterboarddict.id = meterboards.boardtypeid and meterboards.serial = Q100;01;2206;0024;01.02;92 and meterboarddict."VERSION" = 02.06
[31.01.2025 15:59:04.658][main][SQL] 172247: update METERBOARDS set STATE_CURR_ID = 1 LAST_EVENT_ID = 37 where SERIAL = Q100;01;2206;0024;01.02;92
[31.01.2025 15:59:05.690][success][COM5]:THRD.BCPRxChar. Ответ: "7"

[31.01.2025 15:59:05.691][success][COM5]:THRD.ReciveAnswer. Ответ: 7
[31.01.2025 15:59:05.691][success][COM5]:THRD.ReciveAnswer. Ответ: 7
[31.01.2025 15:59:05.706][success][COM5]:Плата не прошла проверку.
[31.01.2025 15:59:06.727][success][COM5]:GetStatusScript
[31.01.2025 15:59:06.756][success][COM5]:THRD.BCPRxChar. Ответ: ";;"1 КЗ Бат.Телем.     ;0 Диапазон настр. от:100 до:1200 Измерено:-0.026;Неверное значен."

[31.01.2025 15:59:06.756][success][COM5]:THRD.ReciveAnswer. Ответ: ";;"1 КЗ Бат.Телем.     ;0 Диапазон настр. от:100 до:1200 Измерено:-0.026;Неверное значен."

[31.01.2025 15:59:06.756][success][COM5]:THRD.ReciveAnswer. Ответ: ";;"1 КЗ Бат.Телем.     ;0 Диапазон настр. от:100 до:1200 Измерено:-0.026;Неверное значен."

[31.01.2025 15:59:06.762][success][COM5]:";;"1 КЗ Бат.Телем.     ;0 Диапазон настр. от:100 до:1200 Измерено:-0.026;Неверное значен."

[31.01.2025 15:59:06.767][success][COM5]:НЕ ГОДЕН
[31.01.2025 15:59:06.778][main][SQL] 16798: select ID from COMMENTS where COMMENT = ";;"1 КЗ Бат.Телем.     ;0 Диапазон настр. от:100 до:1200 Измерено:-0.026;Неверное значен."

[31.01.2025 15:59:06.782][main][SQL] 172247: select meterboards.id from meterboards, meterboarddict where meterboarddict.id = meterboards.boardtypeid and meterboards.serial = Q100;01;2206;0024;01.02;92 and meterboarddict."VERSION" = 02.06
[31.01.2025 15:59:06.784][main][SQL] 37: select METEREVENTTYPEID from CVE1SETTINGS where ID = 63
[31.01.2025 15:59:06.786][main][SQL] 418780: Insert INTO BOARDEVENTS(BRDEVENTTYPEID, BRDEVENTDATE, BOARDID, USERID, STANDID, EVENTSTATE, PRESETID, COMMENTID) values :pLastEvent = 37, :pDTNow = 31.01.2025, :pMeterBoardsID = 172247, :pUserID = 31, :pStandID = 0, :pStatusFlag = 1, :pPresetID = 63, :pCommentID = 16798
[31.01.2025 15:59:06.791][main][SQL] 172247: select meterboards.id from meterboards, meterboarddict where meterboarddict.id = meterboards.boardtypeid and meterboards.serial = Q100;01;2206;0024;01.02;92 and meterboarddict."VERSION" = 02.06
[31.01.2025 15:59:06.793][main][SQL] 172247: update METERBOARDS set STATE_CURR_ID = 1 LAST_EVENT_ID = 37 where SERIAL = Q100;01;2206;0024;01.02;92
[31.01.2025 15:59:07.830][success][COM5]:THRD.BCPRxChar. Ответ: "7"

[31.01.2025 15:59:07.831][success][COM5]:THRD.ReciveAnswer. Ответ: 7
[31.01.2025 15:59:07.831][success][COM5]:THRD.ReciveAnswer. Ответ: 7
[31.01.2025 15:59:07.838][success][COM5]:Плата не прошла проверку.
[31.01.2025 15:59:08.856][success][COM5]:GetStatusScript
[31.01.2025 15:59:08.887][success][COM5]:THRD.BCPRxChar. Ответ: ";;"1 КЗ Бат.Телем.     ;0 Диапазон настр. от:100 до:1200 Измерено:-0.026;Неверное значен."

[31.01.2025 15:59:08.888][success][COM5]:THRD.ReciveAnswer. Ответ: ";;"1 КЗ Бат.Телем.     ;0 Диапазон настр. от:100 до:1200 Измерено:-0.026;Неверное значен."

[31.01.2025 15:59:08.888][success][COM5]:THRD.ReciveAnswer. Ответ: ";;"1 КЗ Бат.Телем.     ;0 Диапазон настр. от:100 до:1200 Измерено:-0.026;Неверное значен."

[31.01.2025 15:59:08.893][success][COM5]:";;"1 КЗ Бат.Телем.     ;0 Диапазон настр. от:100 до:1200 Измерено:-0.026;Неверное значен."

[31.01.2025 15:59:08.899][success][COM5]:НЕ ГОДЕН
[31.01.2025 15:59:08.910][main][SQL] 16798: select ID from COMMENTS where COMMENT = ";;"1 КЗ Бат.Телем.     ;0 Диапазон настр. от:100 до:1200 Измерено:-0.026;Неверное значен."

[31.01.2025 15:59:08.912][main][SQL] 172247: select meterboards.id from meterboards, meterboarddict where meterboarddict.id = meterboards.boardtypeid and meterboards.serial = Q100;01;2206;0024;01.02;92 and meterboarddict."VERSION" = 02.06
[31.01.2025 15:59:08.915][main][SQL] 37: select METEREVENTTYPEID from CVE1SETTINGS where ID = 63
[31.01.2025 15:59:08.917][main][SQL] 418781: Insert INTO BOARDEVENTS(BRDEVENTTYPEID, BRDEVENTDATE, BOARDID, USERID, STANDID, EVENTSTATE, PRESETID, COMMENTID) values :pLastEvent = 37, :pDTNow = 31.01.2025, :pMeterBoardsID = 172247, :pUserID = 31, :pStandID = 0, :pStatusFlag = 1, :pPresetID = 63, :pCommentID = 16798
[31.01.2025 15:59:08.921][main][SQL] 172247: select meterboards.id from meterboards, meterboarddict where meterboarddict.id = meterboards.boardtypeid and meterboards.serial = Q100;01;2206;0024;01.02;92 and meterboarddict."VERSION" = 02.06
[31.01.2025 15:59:08.924][main][SQL] 172247: update METERBOARDS set STATE_CURR_ID = 1 LAST_EVENT_ID = 37 where SERIAL = Q100;01;2206;0024;01.02;92
[31.01.2025 15:59:09.958][success][COM5]:THRD.BCPRxChar. Ответ: "7"

[31.01.2025 15:59:09.958][success][COM5]:THRD.ReciveAnswer. Ответ: 7
[31.01.2025 15:59:09.958][success][COM5]:THRD.ReciveAnswer. Ответ: 7
[31.01.2025 15:59:09.964][success][COM5]:Плата не прошла проверку.
[31.01.2025 15:59:10.983][success][COM5]:GetStatusScript
[31.01.2025 15:59:11.013][success][COM5]:THRD.BCPRxChar. Ответ: ";;"1 КЗ Бат.Телем.     ;0 Диапазон настр. от:100 до:1200 Измерено:-0.026;Неверное значен."

[31.01.2025 15:59:11.014][success][COM5]:THRD.ReciveAnswer. Ответ: ";;"1 КЗ Бат.Телем.     ;0 Диапазон настр. от:100 до:1200 Измерено:-0.026;Неверное значен."

[31.01.2025 15:59:11.014][success][COM5]:THRD.ReciveAnswer. Ответ: ";;"1 КЗ Бат.Телем.     ;0 Диапазон настр. от:100 до:1200 Измерено:-0.026;Неверное значен."

[31.01.2025 15:59:11.020][success][COM5]:";;"1 КЗ Бат.Телем.     ;0 Диапазон настр. от:100 до:1200 Измерено:-0.026;Неверное значен."

[31.01.2025 15:59:11.027][success][COM5]:НЕ ГОДЕН
[31.01.2025 15:59:11.036][main][SQL] 16798: select ID from COMMENTS where COMMENT = ";;"1 КЗ Бат.Телем.     ;0 Диапазон настр. от:100 до:1200 Измерено:-0.026;Неверное значен."

[31.01.2025 15:59:11.039][main][SQL] 172247: select meterboards.id from meterboards, meterboarddict where meterboarddict.id = meterboards.boardtypeid and meterboards.serial = Q100;01;2206;0024;01.02;92 and meterboarddict."VERSION" = 02.06
[31.01.2025 15:59:11.042][main][SQL] 37: select METEREVENTTYPEID from CVE1SETTINGS where ID = 63
[31.01.2025 15:59:11.044][main][SQL] 418782: Insert INTO BOARDEVENTS(BRDEVENTTYPEID, BRDEVENTDATE, BOARDID, USERID, STANDID, EVENTSTATE, PRESETID, COMMENTID) values :pLastEvent = 37, :pDTNow = 31.01.2025, :pMeterBoardsID = 172247, :pUserID = 31, :pStandID = 0, :pStatusFlag = 1, :pPresetID = 63, :pCommentID = 16798
[31.01.2025 15:59:11.050][main][SQL] 172247: select meterboards.id from meterboards, meterboarddict where meterboarddict.id = meterboards.boardtypeid and meterboards.serial = Q100;01;2206;0024;01.02;92 and meterboarddict."VERSION" = 02.06
[31.01.2025 15:59:11.053][main][SQL] 172247: update METERBOARDS set STATE_CURR_ID = 1 LAST_EVENT_ID = 37 where SERIAL = Q100;01;2206;0024;01.02;92
[31.01.2025 15:59:12.083][success][COM5]:THRD.BCPRxChar. Ответ: "7"

[31.01.2025 15:59:12.084][success][COM5]:THRD.ReciveAnswer. Ответ: 7
[31.01.2025 15:59:12.084][success][COM5]:THRD.ReciveAnswer. Ответ: 7
[31.01.2025 15:59:12.089][success][COM5]:Плата не прошла проверку.
[31.01.2025 15:59:13.106][success][COM5]:GetStatusScript
[31.01.2025 15:59:13.135][success][COM5]:THRD.BCPRxChar. Ответ: ";;"1 КЗ Бат.Телем.     ;0 Диапазон настр. от:100 до:1200 Измерено:-0.026;Неверное значен."

[31.01.2025 15:59:13.136][success][COM5]:THRD.ReciveAnswer. Ответ: ";;"1 КЗ Бат.Телем.     ;0 Диапазон настр. от:100 до:1200 Измерено:-0.026;Неверное значен."

[31.01.2025 15:59:13.136][success][COM5]:THRD.ReciveAnswer. Ответ: ";;"1 КЗ Бат.Телем.     ;0 Диапазон настр. от:100 до:1200 Измерено:-0.026;Неверное значен."

[31.01.2025 15:59:13.143][success][COM5]:";;"1 КЗ Бат.Телем.     ;0 Диапазон настр. от:100 до:1200 Измерено:-0.026;Неверное значен."

[31.01.2025 15:59:13.168][success][COM5]:НЕ ГОДЕН
[31.01.2025 15:59:13.180][main][SQL] 16798: select ID from COMMENTS where COMMENT = ";;"1 КЗ Бат.Телем.     ;0 Диапазон настр. от:100 до:1200 Измерено:-0.026;Неверное значен."

[31.01.2025 15:59:13.184][main][SQL] 172247: select meterboards.id from meterboards, meterboarddict where meterboarddict.id = meterboards.boardtypeid and meterboards.serial = Q100;01;2206;0024;01.02;92 and meterboarddict."VERSION" = 02.06
[31.01.2025 15:59:13.187][main][SQL] 37: select METEREVENTTYPEID from CVE1SETTINGS where ID = 63
[31.01.2025 15:59:13.190][main][SQL] 418783: Insert INTO BOARDEVENTS(BRDEVENTTYPEID, BRDEVENTDATE, BOARDID, USERID, STANDID, EVENTSTATE, PRESETID, COMMENTID) values :pLastEvent = 37, :pDTNow = 31.01.2025, :pMeterBoardsID = 172247, :pUserID = 31, :pStandID = 0, :pStatusFlag = 1, :pPresetID = 63, :pCommentID = 16798
[31.01.2025 15:59:13.196][main][SQL] 172247: select meterboards.id from meterboards, meterboarddict where meterboarddict.id = meterboards.boardtypeid and meterboards.serial = Q100;01;2206;0024;01.02;92 and meterboarddict."VERSION" = 02.06
[31.01.2025 15:59:13.200][main][SQL] 172247: update METERBOARDS set STATE_CURR_ID = 1 LAST_EVENT_ID = 37 where SERIAL = Q100;01;2206;0024;01.02;92
[31.01.2025 15:59:14.243][success][COM5]:THRD.BCPRxChar. Ответ: "7"

[31.01.2025 15:59:14.243][success][COM5]:THRD.ReciveAnswer. Ответ: 7
[31.01.2025 15:59:14.244][success][COM5]:THRD.ReciveAnswer. Ответ: 7
[31.01.2025 15:59:14.250][success][COM5]:Плата не прошла проверку.
[31.01.2025 15:59:15.262][success][COM5]:GetStatusScript
[31.01.2025 15:59:15.291][success][COM5]:THRD.BCPRxChar. Ответ: ";;"1 КЗ Бат.Телем.     ;0 Диапазон настр. от:100 до:1200 Измерено:-0.026;Неверное значен."

[31.01.2025 15:59:15.293][success][COM5]:THRD.ReciveAnswer. Ответ: ";;"1 КЗ Бат.Телем.     ;0 Диапазон настр. от:100 до:1200 Измерено:-0.026;Неверное значен."

[31.01.2025 15:59:15.293][success][COM5]:THRD.ReciveAnswer. Ответ: ";;"1 КЗ Бат.Телем.     ;0 Диапазон настр. от:100 до:1200 Измерено:-0.026;Неверное значен."

[31.01.2025 15:59:15.298][success][COM5]:";;"1 КЗ Бат.Телем.     ;0 Диапазон настр. от:100 до:1200 Измерено:-0.026;Неверное значен."

[31.01.2025 15:59:15.305][success][COM5]:НЕ ГОДЕН
[31.01.2025 15:59:15.316][main][SQL] 16798: select ID from COMMENTS where COMMENT = ";;"1 КЗ Бат.Телем.     ;0 Диапазон настр. от:100 до:1200 Измерено:-0.026;Неверное значен."

[31.01.2025 15:59:15.319][main][SQL] 172247: select meterboards.id from meterboards, meterboarddict where meterboarddict.id = meterboards.boardtypeid and meterboards.serial = Q100;01;2206;0024;01.02;92 and meterboarddict."VERSION" = 02.06
[31.01.2025 15:59:15.325][main][SQL] 37: select METEREVENTTYPEID from CVE1SETTINGS where ID = 63
[31.01.2025 15:59:15.327][main][SQL] 418784: Insert INTO BOARDEVENTS(BRDEVENTTYPEID, BRDEVENTDATE, BOARDID, USERID, STANDID, EVENTSTATE, PRESETID, COMMENTID) values :pLastEvent = 37, :pDTNow = 31.01.2025, :pMeterBoardsID = 172247, :pUserID = 31, :pStandID = 0, :pStatusFlag = 1, :pPresetID = 63, :pCommentID = 16798
[31.01.2025 15:59:15.331][main][SQL] 172247: select meterboards.id from meterboards, meterboarddict where meterboarddict.id = meterboards.boardtypeid and meterboards.serial = Q100;01;2206;0024;01.02;92 and meterboarddict."VERSION" = 02.06
[31.01.2025 15:59:15.334][main][SQL] 172247: update METERBOARDS set STATE_CURR_ID = 1 LAST_EVENT_ID = 37 where SERIAL = Q100;01;2206;0024;01.02;92
[31.01.2025 15:59:16.363][success][COM5]:THRD.BCPRxChar. Ответ: "7"

[31.01.2025 15:59:16.364][success][COM5]:THRD.ReciveAnswer. Ответ: 7
[31.01.2025 15:59:16.364][success][COM5]:THRD.ReciveAnswer. Ответ: 7
[31.01.2025 15:59:16.366][success][COM5]:Плата не прошла проверку.
[31.01.2025 16:03:27.487][main]Старт программы KPA-1: Голунова Наталья Николаевна. Версия ПО: 1.0.0.0.
[31.01.2025 16:03:27.532][main]Создание фрейма номер - 0 - успешно!
[31.01.2025 16:03:27.555][main]Создание фрейма номер - 1 - успешно!
[31.01.2025 16:03:27.578][main]Создание фрейма номер - 2 - успешно!
[31.01.2025 16:03:27.605][main]Создание фрейма номер - 3 - успешно!
[31.01.2025 16:03:27.631][main]Создание фрейма номер - 4 - успешно!
[31.01.2025 16:03:27.654][main]Создание фрейма номер - 5 - успешно!
[31.01.2025 16:03:27.890][success][COM1]:Порт открыт!
[31.01.2025 16:03:27.968][success][COM5]:Порт открыт!
[31.01.2025 16:03:28.907][success][COM1]:Опрос КПА
[31.01.2025 16:03:28.973][success][COM1]:Данных нет или время ожидания истекло!
[31.01.2025 16:03:28.973][success][COM1]:THRD.ReciveAnswer. Ответ: 
[31.01.2025 16:03:28.973][success][COM1]:THRD.ReciveAnswer. Ответ: 
[31.01.2025 16:03:28.992][success][COM5]:Опрос КПА
[31.01.2025 16:03:29.018][success][COM1]:Порт закрыт!
[31.01.2025 16:03:29.020][success][COM5]:THRD.BCPRxChar. Ответ: {"KPA-1","1.05.04","5","01.01.2000,02:36:52","49571","1",{"7F9FFFCFF","1","1","NUMBER_BOARD2=Q100;01;2206;0024;01.02;92","HW_VERSION=0206","","","","0"}}

[31.01.2025 16:03:29.021][success][COM5]:THRD.ReciveAnswer. Ответ: {"KPA-1","1.05.04","5","01.01.2000,02:36:52","49571","1",{"7F9FFFCFF","1","1","NUMBER_BOARD2=Q100;01;2206;0024;01.02;92","HW_VERSION=0206","","","","0"}}

[31.01.2025 16:03:29.021][success][COM5]:THRD.ReciveAnswer. Ответ: {"KPA-1","1.05.04","5","01.01.2000,02:36:52","49571","1",{"7F9FFFCFF","1","1","NUMBER_BOARD2=Q100;01;2206;0024;01.02;92","HW_VERSION=0206","","","","0"}}

[31.01.2025 16:03:29.030][main][SQL] 25: select STANDID from STAND where STANDNUM = 5
[31.01.2025 16:03:30.092][success][COM5]:THRD.BCPRxChar. Ответ: "1"

[31.01.2025 16:03:30.092][success][COM5]:THRD.ReciveAnswer. Ответ: 1
[31.01.2025 16:03:30.092][success][COM5]:THRD.ReciveAnswer. Ответ: 1
[31.01.2025 16:03:38.716][success][COM5]:Плата вставлена и проверка не начата.
[31.01.2025 16:03:39.753][success][COM5]:THRD.BCPRxChar. Ответ: "1"

[31.01.2025 16:03:39.754][success][COM5]:THRD.ReciveAnswer. Ответ: 1
[31.01.2025 16:03:39.754][success][COM5]:THRD.ReciveAnswer. Ответ: 1
[31.01.2025 16:03:44.725][success][COM5]:Плата вставлена и проверка не начата.
[31.01.2025 16:06:36.540][main]Старт программы KPA-1: Голунова Наталья Николаевна. Версия ПО: 1.0.0.0.
[31.01.2025 16:06:36.570][main]Создание фрейма номер - 0 - успешно!
[31.01.2025 16:06:36.593][main]Создание фрейма номер - 1 - успешно!
[31.01.2025 16:06:36.617][main]Создание фрейма номер - 2 - успешно!
[31.01.2025 16:06:36.639][main]Создание фрейма номер - 3 - успешно!
[31.01.2025 16:06:36.661][main]Создание фрейма номер - 4 - успешно!
[31.01.2025 16:06:36.685][main]Создание фрейма номер - 5 - успешно!
[31.01.2025 16:06:36.898][success][COM1]:Порт открыт!
[31.01.2025 16:06:36.968][success][COM5]:Порт открыт!
[31.01.2025 16:06:37.910][success][COM1]:Опрос КПА
[31.01.2025 16:06:37.974][success][COM5]:Опрос КПА
[31.01.2025 16:06:37.982][success][COM1]:Данных нет или время ожидания истекло!
[31.01.2025 16:06:37.982][success][COM1]:THRD.ReciveAnswer. Ответ: 
[31.01.2025 16:06:37.983][success][COM1]:THRD.ReciveAnswer. Ответ: 
[31.01.2025 16:06:38.007][success][COM5]:THRD.BCPRxChar. Ответ: {"KPA-1","1.05.04","5","01.01.2000,02:40:01","49571","1",{"7F9FFFCFF","1","1","NUMBER_BOARD2=Q100;01;2206;0024;01.02;92","HW_VERSION=0206","","","","0"}}

[31.01.2025 16:06:38.022][success][COM1]:Порт закрыт!
[31.01.2025 16:06:38.022][success][COM5]:THRD.ReciveAnswer. Ответ: {"KPA-1","1.05.04","5","01.01.2000,02:40:01","49571","1",{"7F9FFFCFF","1","1","NUMBER_BOARD2=Q100;01;2206;0024;01.02;92","HW_VERSION=0206","","","","0"}}

[31.01.2025 16:06:38.022][success][COM5]:THRD.ReciveAnswer. Ответ: {"KPA-1","1.05.04","5","01.01.2000,02:40:01","49571","1",{"7F9FFFCFF","1","1","NUMBER_BOARD2=Q100;01;2206;0024;01.02;92","HW_VERSION=0206","","","","0"}}

[31.01.2025 16:06:38.031][main][SQL] 25: select STANDID from STAND where STANDNUM = 5
[31.01.2025 16:06:39.082][success][COM5]:THRD.BCPRxChar. Ответ: "1"

[31.01.2025 16:06:39.083][success][COM5]:THRD.ReciveAnswer. Ответ: 1
[31.01.2025 16:06:39.084][success][COM5]:THRD.ReciveAnswer. Ответ: 1
[31.01.2025 16:06:39.099][success][COM5]:Плата вставлена и проверка не начата.
[31.01.2025 16:06:40.123][success][COM5]:THRD.BCPRxChar. Ответ: "1"

[31.01.2025 16:06:40.124][success][COM5]:THRD.ReciveAnswer. Ответ: 1
[31.01.2025 16:06:40.124][success][COM5]:THRD.ReciveAnswer. Ответ: 1
[31.01.2025 16:06:40.125][success][COM5]:Плата вставлена и проверка не начата.
[31.01.2025 16:06:41.159][success][COM5]:THRD.BCPRxChar. Ответ: "1"

[31.01.2025 16:06:41.160][success][COM5]:THRD.ReciveAnswer. Ответ: 1
[31.01.2025 16:06:41.160][success][COM5]:THRD.ReciveAnswer. Ответ: 1
[31.01.2025 16:06:41.161][success][COM5]:Плата вставлена и проверка не начата.
[31.01.2025 16:06:42.195][success][COM5]:THRD.BCPRxChar. Ответ: "1"

[31.01.2025 16:06:42.196][success][COM5]:THRD.ReciveAnswer. Ответ: 1
[31.01.2025 16:06:42.196][success][COM5]:THRD.ReciveAnswer. Ответ: 1
[31.01.2025 16:06:42.197][success][COM5]:Плата вставлена и проверка не начата.
[31.01.2025 16:06:43.238][success][COM5]:THRD.BCPRxChar. Ответ: "1"

[31.01.2025 16:06:43.239][success][COM5]:THRD.ReciveAnswer. Ответ: 1
[31.01.2025 16:06:43.239][success][COM5]:THRD.ReciveAnswer. Ответ: 1
[31.01.2025 16:06:43.240][success][COM5]:Плата вставлена и проверка не начата.
[31.01.2025 16:06:44.271][success][COM5]:THRD.BCPRxChar. Ответ: "1"

[31.01.2025 16:06:44.272][success][COM5]:THRD.ReciveAnswer. Ответ: 1
[31.01.2025 16:06:44.272][success][COM5]:THRD.ReciveAnswer. Ответ: 1
[31.01.2025 16:06:44.273][success][COM5]:Плата вставлена и проверка не начата.
[31.01.2025 16:06:45.312][success][COM5]:THRD.BCPRxChar. Ответ: "1"

[31.01.2025 16:06:45.312][success][COM5]:THRD.ReciveAnswer. Ответ: 1
[31.01.2025 16:06:45.312][success][COM5]:THRD.ReciveAnswer. Ответ: 1
[31.01.2025 16:06:45.313][success][COM5]:Плата вставлена и проверка не начата.
[31.01.2025 16:06:46.340][success][COM5]:THRD.BCPRxChar. Ответ: "1"

[31.01.2025 16:06:46.341][success][COM5]:THRD.ReciveAnswer. Ответ: 1
[31.01.2025 16:06:46.341][success][COM5]:THRD.ReciveAnswer. Ответ: 1
[31.01.2025 16:06:46.342][success][COM5]:Плата вставлена и проверка не начата.
[31.01.2025 16:06:47.376][success][COM5]:THRD.BCPRxChar. Ответ: "1"

[31.01.2025 16:06:47.377][success][COM5]:THRD.ReciveAnswer. Ответ: 1
[31.01.2025 16:06:47.377][success][COM5]:THRD.ReciveAnswer. Ответ: 1
[31.01.2025 16:06:47.378][success][COM5]:Плата вставлена и проверка не начата.
[31.01.2025 16:06:48.412][success][COM5]:THRD.BCPRxChar. Ответ: "1"

[31.01.2025 16:06:48.412][success][COM5]:THRD.ReciveAnswer. Ответ: 1
[31.01.2025 16:06:48.412][success][COM5]:THRD.ReciveAnswer. Ответ: 1
[31.01.2025 16:06:48.414][success][COM5]:Плата вставлена и проверка не начата.
[31.01.2025 16:06:49.447][success][COM5]:THRD.BCPRxChar. Ответ: "1"

[31.01.2025 16:06:49.447][success][COM5]:THRD.ReciveAnswer. Ответ: 1
[31.01.2025 16:06:49.447][success][COM5]:THRD.ReciveAnswer. Ответ: 1
[31.01.2025 16:06:49.448][success][COM5]:Плата вставлена и проверка не начата.
[31.01.2025 16:06:50.477][success][COM5]:THRD.BCPRxChar. Ответ: "1"

[31.01.2025 16:06:50.477][success][COM5]:THRD.ReciveAnswer. Ответ: 1
[31.01.2025 16:06:50.477][success][COM5]:THRD.ReciveAnswer. Ответ: 1
[31.01.2025 16:06:50.479][success][COM5]:Плата вставлена и проверка не начата.
[31.01.2025 16:06:51.512][success][COM5]:THRD.BCPRxChar. Ответ: "1"

[31.01.2025 16:06:51.513][success][COM5]:THRD.ReciveAnswer. Ответ: 1
[31.01.2025 16:06:51.513][success][COM5]:THRD.ReciveAnswer. Ответ: 1
[31.01.2025 16:06:51.514][success][COM5]:Плата вставлена и проверка не начата.
[31.01.2025 16:06:52.547][success][COM5]:THRD.BCPRxChar. Ответ: "1"

[31.01.2025 16:06:52.550][success][COM5]:THRD.ReciveAnswer. Ответ: 1
[31.01.2025 16:06:52.550][success][COM5]:THRD.ReciveAnswer. Ответ: 1
[31.01.2025 16:06:52.552][success][COM5]:Плата вставлена и проверка не начата.
[31.01.2025 16:07:44.047][main]Старт программы KPA-1: Голунова Наталья Николаевна. Версия ПО: 1.0.0.0.
[31.01.2025 16:07:44.077][main]Создание фрейма номер - 0 - успешно!
[31.01.2025 16:07:44.101][main]Создание фрейма номер - 1 - успешно!
[31.01.2025 16:07:44.136][main]Создание фрейма номер - 2 - успешно!
[31.01.2025 16:07:44.158][main]Создание фрейма номер - 3 - успешно!
[31.01.2025 16:07:44.184][main]Создание фрейма номер - 4 - успешно!
[31.01.2025 16:07:44.209][main]Создание фрейма номер - 5 - успешно!
[31.01.2025 16:07:44.443][success][COM1]:Порт открыт!
[31.01.2025 16:07:44.525][success][COM5]:Порт открыт!
[31.01.2025 16:07:45.455][success][COM1]:Опрос КПА
[31.01.2025 16:07:45.533][success][COM1]:Данных нет или время ожидания истекло!
[31.01.2025 16:07:45.533][success][COM5]:Опрос КПА
[31.01.2025 16:07:45.533][success][COM1]:THRD.ReciveAnswer. Ответ: 
[31.01.2025 16:07:45.533][success][COM1]:THRD.ReciveAnswer. Ответ: 
[31.01.2025 16:07:45.566][success][COM1]:Порт закрыт!
[31.01.2025 16:07:45.566][success][COM5]:THRD.BCPRxChar. Ответ: {"KPA-1","1.05.04","5","01.01.2000,02:41:08","49571","1",{"7F9FFFCFF","1","1","NUMBER_BOARD2=Q100;01;2206;0024;01.02;92","HW_VERSION=0206","","","","0"}}

[31.01.2025 16:07:45.567][success][COM5]:THRD.ReciveAnswer. Ответ: {"KPA-1","1.05.04","5","01.01.2000,02:41:08","49571","1",{"7F9FFFCFF","1","1","NUMBER_BOARD2=Q100;01;2206;0024;01.02;92","HW_VERSION=0206","","","","0"}}

[31.01.2025 16:07:45.567][success][COM5]:THRD.ReciveAnswer. Ответ: {"KPA-1","1.05.04","5","01.01.2000,02:41:08","49571","1",{"7F9FFFCFF","1","1","NUMBER_BOARD2=Q100;01;2206;0024;01.02;92","HW_VERSION=0206","","","","0"}}

[31.01.2025 16:07:45.574][main][SQL] 25: select STANDID from STAND where STANDNUM = 5
[31.01.2025 16:07:46.621][success][COM5]:THRD.BCPRxChar. Ответ: "1"

[31.01.2025 16:07:46.623][success][COM5]:THRD.ReciveAnswer. Ответ: 1
[31.01.2025 16:07:46.624][success][COM5]:THRD.ReciveAnswer. Ответ: 1
[31.01.2025 16:07:46.626][success][COM5]:Плата вставлена и проверка не начата.
[31.01.2025 16:07:47.669][success][COM5]:THRD.BCPRxChar. Ответ: "1"

[31.01.2025 16:07:47.670][success][COM5]:THRD.ReciveAnswer. Ответ: 1
[31.01.2025 16:07:47.670][success][COM5]:THRD.ReciveAnswer. Ответ: 1
[31.01.2025 16:07:47.672][success][COM5]:Плата вставлена и проверка не начата.
[31.01.2025 16:07:48.712][success][COM5]:THRD.BCPRxChar. Ответ: "1"

[31.01.2025 16:07:48.712][success][COM5]:THRD.ReciveAnswer. Ответ: 1
[31.01.2025 16:07:48.713][success][COM5]:THRD.ReciveAnswer. Ответ: 1
[31.01.2025 16:07:48.714][success][COM5]:Плата вставлена и проверка не начата.
[31.01.2025 16:08:20.008][main]Старт программы KPA-1: Голунова Наталья Николаевна. Версия ПО: 1.0.0.0.
[31.01.2025 16:08:20.036][main]Создание фрейма номер - 0 - успешно!
[31.01.2025 16:08:20.063][main]Создание фрейма номер - 1 - успешно!
[31.01.2025 16:08:20.088][main]Создание фрейма номер - 2 - успешно!
[31.01.2025 16:08:20.110][main]Создание фрейма номер - 3 - успешно!
[31.01.2025 16:08:20.131][main]Создание фрейма номер - 4 - успешно!
[31.01.2025 16:08:20.152][main]Создание фрейма номер - 5 - успешно!
[31.01.2025 16:08:20.357][success][COM1]:Порт открыт!
[31.01.2025 16:08:20.432][success][COM5]:Порт открыт!
[31.01.2025 16:08:21.365][success][COM1]:Опрос КПА
[31.01.2025 16:08:21.427][success][COM1]:Данных нет или время ожидания истекло!
[31.01.2025 16:08:21.427][success][COM1]:THRD.ReciveAnswer. Ответ: 
[31.01.2025 16:08:21.427][success][COM1]:THRD.ReciveAnswer. Ответ: 
[31.01.2025 16:08:21.462][success][COM1]:Порт закрыт!
[31.01.2025 16:08:21.462][success][COM5]:Опрос КПА
[31.01.2025 16:08:21.487][success][COM5]:THRD.BCPRxChar. Ответ: {"KPA-1","1.05.04","5","01.01.2000,02:41:44","49571","1",{"7F9FFFCFF","1","1","NUMBER_BOARD2=Q100;01;2206;0024;01.02;92","HW_VERSION=0206","","","","0"}}

[31.01.2025 16:08:21.487][success][COM5]:THRD.ReciveAnswer. Ответ: {"KPA-1","1.05.04","5","01.01.2000,02:41:44","49571","1",{"7F9FFFCFF","1","1","NUMBER_BOARD2=Q100;01;2206;0024;01.02;92","HW_VERSION=0206","","","","0"}}

[31.01.2025 16:08:21.487][success][COM5]:THRD.ReciveAnswer. Ответ: {"KPA-1","1.05.04","5","01.01.2000,02:41:44","49571","1",{"7F9FFFCFF","1","1","NUMBER_BOARD2=Q100;01;2206;0024;01.02;92","HW_VERSION=0206","","","","0"}}

[31.01.2025 16:08:21.497][main][SQL] 25: select STANDID from STAND where STANDNUM = 5
[31.01.2025 16:08:22.564][success][COM5]:THRD.BCPRxChar. Ответ: "1"

[31.01.2025 16:08:22.565][success][COM5]:THRD.ReciveAnswer. Ответ: 1
[31.01.2025 16:08:22.565][success][COM5]:THRD.ReciveAnswer. Ответ: 1
[31.01.2025 16:08:22.567][success][COM5]:Плата вставлена и проверка не начата.
[31.01.2025 16:08:23.598][success][COM5]:THRD.BCPRxChar. Ответ: "1"

[31.01.2025 16:08:23.599][success][COM5]:THRD.ReciveAnswer. Ответ: 1
[31.01.2025 16:08:23.600][success][COM5]:THRD.ReciveAnswer. Ответ: 1
[31.01.2025 16:08:23.601][success][COM5]:Плата вставлена и проверка не начата.
[31.01.2025 16:08:24.632][success][COM5]:THRD.BCPRxChar. Ответ: "1"

[31.01.2025 16:08:24.634][success][COM5]:THRD.ReciveAnswer. Ответ: 1
[31.01.2025 16:08:24.634][success][COM5]:THRD.ReciveAnswer. Ответ: 1
[31.01.2025 16:08:24.635][success][COM5]:Плата вставлена и проверка не начата.
[31.01.2025 16:08:25.668][success][COM5]:THRD.BCPRxChar. Ответ: "1"

[31.01.2025 16:08:25.668][success][COM5]:THRD.ReciveAnswer. Ответ: 1
[31.01.2025 16:08:25.668][success][COM5]:THRD.ReciveAnswer. Ответ: 1
[31.01.2025 16:08:25.672][success][COM5]:Плата вставлена и проверка не начата.
[31.01.2025 16:08:26.533][main][SQL] 34259074303: select CVE1SETTINGS.enable_script from CVE1SETTINGS where(CVE1SETTINGS.id = 63
[31.01.2025 16:08:26.544][main][SQL] 02.06: select METERBOARDDICT."VERSION" from METERBOARDDICT, CVE1SETTINGS where (CVE1SETTINGS.boardtypeid = METERBOARDDICT.id) and (CVE1SETTINGS.id = 63
[31.01.2025 16:08:26.557][main][SQL] ООО "Райт Электроникс": select BOARDMANUFACTRERS.name from BOARDMANUFACTRERS where (BOARDMANUFACTRERS.id = :01
[31.01.2025 16:08:26.701][success][COM5]:THRD.BCPRxChar. Ответ: "1"

[31.01.2025 16:08:26.702][success][COM5]:THRD.ReciveAnswer. Ответ: 1
[31.01.2025 16:08:26.702][success][COM5]:THRD.ReciveAnswer. Ответ: 1
[31.01.2025 16:08:26.703][success][COM5]:Плата вставлена и проверка не начата.
[31.01.2025 16:08:27.732][success][COM5]:THRD.BCPRxChar. Ответ: "1"

[31.01.2025 16:08:27.732][success][COM5]:THRD.ReciveAnswer. Ответ: 1
[31.01.2025 16:08:27.732][success][COM5]:THRD.ReciveAnswer. Ответ: 1
[31.01.2025 16:08:27.734][success][COM5]:Плата вставлена и проверка не начата.
[31.01.2025 16:08:28.738][success][COM5]:Опрос параметров КПА
[31.01.2025 16:08:28.795][success][COM5]:THRD.BCPRxChar. Ответ: {"7F9FFFCFF","1","1","NUMBER_BOARD2=Q100;01;2206;0024;01.02;92","HW_VERSION=0206","","","","0"}

[31.01.2025 16:08:28.796][success][COM5]:THRD.ReciveAnswer. Ответ: {"7F9FFFCFF","1","1","NUMBER_BOARD2=Q100;01;2206;0024;01.02;92","HW_VERSION=0206","","","","0"}

[31.01.2025 16:08:28.796][success][COM5]:THRD.ReciveAnswer. Ответ: {"7F9FFFCFF","1","1","NUMBER_BOARD2=Q100;01;2206;0024;01.02;92","HW_VERSION=0206","","","","0"}

[31.01.2025 16:08:41.559][success][COM5]:Старт проверки
[31.01.2025 16:08:41.585][success][COM5]:THRD.BCPRxChar. Ответ: OK

[31.01.2025 16:08:41.586][success][COM5]:THRD.ReciveAnswer. Ответ: OK

[31.01.2025 16:08:41.586][success][COM5]:THRD.ReciveAnswer. Ответ: OK

[31.01.2025 16:08:41.588][success][COM5]:Старт проверки подтвержден
[31.01.2025 16:08:42.618][success][COM5]:THRD.BCPRxChar. Ответ: "2"

[31.01.2025 16:08:42.618][success][COM5]:THRD.ReciveAnswer. Ответ: 2
[31.01.2025 16:08:42.618][success][COM5]:THRD.ReciveAnswer. Ответ: 2
[31.01.2025 16:08:42.621][success][COM5]:Скрипт без оператора.
[31.01.2025 16:08:43.661][success][COM5]:THRD.BCPRxChar. Ответ: "2"

[31.01.2025 16:08:43.662][success][COM5]:THRD.ReciveAnswer. Ответ: 2
[31.01.2025 16:08:43.662][success][COM5]:THRD.ReciveAnswer. Ответ: 2
[31.01.2025 16:08:43.663][success][COM5]:Скрипт без оператора.
[31.01.2025 16:08:44.696][success][COM5]:THRD.BCPRxChar. Ответ: "2"

[31.01.2025 16:08:44.697][success][COM5]:THRD.ReciveAnswer. Ответ: 2
[31.01.2025 16:08:44.697][success][COM5]:THRD.ReciveAnswer. Ответ: 2
[31.01.2025 16:08:44.698][success][COM5]:Скрипт без оператора.
[31.01.2025 16:08:45.728][success][COM5]:THRD.BCPRxChar. Ответ: "7"

[31.01.2025 16:08:45.729][success][COM5]:THRD.ReciveAnswer. Ответ: 7
[31.01.2025 16:08:45.729][success][COM5]:THRD.ReciveAnswer. Ответ: 7
[31.01.2025 16:08:45.744][success][COM5]:Плата не прошла проверку.
[31.01.2025 16:08:46.751][success][COM5]:GetStatusScript
[31.01.2025 16:08:46.778][success][COM5]:THRD.BCPRxChar. Ответ: ";;"7 Сопр.R52 Клапана  ;0 Диапазон настр. от:820 до:1100 Измерено:2981.913;Неверное значен."

[31.01.2025 16:08:46.779][success][COM5]:THRD.ReciveAnswer. Ответ: ";;"7 Сопр.R52 Клапана  ;0 Диапазон настр. от:820 до:1100 Измерено:2981.913;Неверное значен."

[31.01.2025 16:08:46.779][success][COM5]:THRD.ReciveAnswer. Ответ: ";;"7 Сопр.R52 Клапана  ;0 Диапазон настр. от:820 до:1100 Измерено:2981.913;Неверное значен."

[31.01.2025 16:08:46.781][success][COM5]:";;"7 Сопр.R52 Клапана  ;0 Диапазон настр. от:820 до:1100 Измерено:2981.913;Неверное значен."

[31.01.2025 16:08:46.783][success][COM5]:НЕ ГОДЕН
[31.01.2025 16:08:46.813][main][SQL] 0: select ID from COMMENTS where COMMENT = ";;"7 Сопр.R52 Клапана  ;0 Диапазон настр. от:820 до:1100 Измерено:2981.913;Неверное значен."

[31.01.2025 16:08:46.817][main][SQL] 16800: Insert INTO COMMENTS(COMMENT) values COMMENT = ";;"7 Сопр.R52 Клапана  ;0 Диапазон настр. от:820 до:1100 Измерено:2981.913;Неверное значен."

[31.01.2025 16:08:46.830][main][SQL] 172247: select meterboards.id from meterboards, meterboarddict where meterboarddict.id = meterboards.boardtypeid and meterboards.serial = Q100;01;2206;0024;01.02;92 and meterboarddict."VERSION" = 02.06
[31.01.2025 16:08:46.833][main][SQL] 37: select METEREVENTTYPEID from CVE1SETTINGS where ID = 63
[31.01.2025 16:08:46.840][main][SQL] 418792: Insert INTO BOARDEVENTS(BRDEVENTTYPEID, BRDEVENTDATE, BOARDID, USERID, STANDID, EVENTSTATE, PRESETID, COMMENTID) values :pLastEvent = 37, :pDTNow = 31.01.2025, :pMeterBoardsID = 172247, :pUserID = 31, :pStandID = 0, :pStatusFlag = 1, :pPresetID = 63, :pCommentID = 16800
[31.01.2025 16:08:46.845][main][SQL] 172247: select meterboards.id from meterboards, meterboarddict where meterboarddict.id = meterboards.boardtypeid and meterboards.serial = Q100;01;2206;0024;01.02;92 and meterboarddict."VERSION" = 02.06
[31.01.2025 16:08:46.848][main][SQL] 172247: update METERBOARDS set STATE_CURR_ID = 1 LAST_EVENT_ID = 37 where SERIAL = Q100;01;2206;0024;01.02;92
[31.01.2025 16:08:47.878][success][COM5]:THRD.BCPRxChar. Ответ: "7"

[31.01.2025 16:08:47.879][success][COM5]:THRD.ReciveAnswer. Ответ: 7
[31.01.2025 16:08:47.879][success][COM5]:THRD.ReciveAnswer. Ответ: 7
[31.01.2025 16:08:47.881][success][COM5]:Плата не прошла проверку.
[31.01.2025 16:08:48.911][success][COM5]:THRD.BCPRxChar. Ответ: "7"

[31.01.2025 16:08:48.912][success][COM5]:THRD.ReciveAnswer. Ответ: 7
[31.01.2025 16:08:48.912][success][COM5]:THRD.ReciveAnswer. Ответ: 7
[31.01.2025 16:08:48.913][success][COM5]:Плата не прошла проверку.
[31.01.2025 16:08:49.944][success][COM5]:THRD.BCPRxChar. Ответ: "7"

[31.01.2025 16:08:49.945][success][COM5]:THRD.ReciveAnswer. Ответ: 7
[31.01.2025 16:08:49.945][success][COM5]:THRD.ReciveAnswer. Ответ: 7
[31.01.2025 16:08:49.948][success][COM5]:Плата не прошла проверку.
[31.01.2025 16:08:50.988][success][COM5]:THRD.BCPRxChar. Ответ: "7"

[31.01.2025 16:08:50.989][success][COM5]:THRD.ReciveAnswer. Ответ: 7
[31.01.2025 16:08:50.989][success][COM5]:THRD.ReciveAnswer. Ответ: 7
[31.01.2025 16:08:50.990][success][COM5]:Плата не прошла проверку.
[31.01.2025 16:08:52.019][success][COM5]:THRD.BCPRxChar. Ответ: "7"

[31.01.2025 16:08:52.019][success][COM5]:THRD.ReciveAnswer. Ответ: 7
[31.01.2025 16:08:52.019][success][COM5]:THRD.ReciveAnswer. Ответ: 7
[31.01.2025 16:08:52.021][success][COM5]:Плата не прошла проверку.
[31.01.2025 16:08:53.049][success][COM5]:THRD.BCPRxChar. Ответ: "7"

[31.01.2025 16:08:53.050][success][COM5]:THRD.ReciveAnswer. Ответ: 7
[31.01.2025 16:08:53.050][success][COM5]:THRD.ReciveAnswer. Ответ: 7
[31.01.2025 16:08:53.051][success][COM5]:Плата не прошла проверку.
[31.01.2025 16:08:54.087][success][COM5]:THRD.BCPRxChar. Ответ: "7"

[31.01.2025 16:08:54.087][success][COM5]:THRD.ReciveAnswer. Ответ: 7
[31.01.2025 16:08:54.087][success][COM5]:THRD.ReciveAnswer. Ответ: 7
[31.01.2025 16:08:54.089][success][COM5]:Плата не прошла проверку.
[31.01.2025 16:08:55.125][success][COM5]:THRD.BCPRxChar. Ответ: "7"

[31.01.2025 16:08:55.126][success][COM5]:THRD.ReciveAnswer. Ответ: 7
[31.01.2025 16:08:55.126][success][COM5]:THRD.ReciveAnswer. Ответ: 7
[31.01.2025 16:08:55.129][success][COM5]:Плата не прошла проверку.
[31.01.2025 16:08:56.160][success][COM5]:THRD.BCPRxChar. Ответ: "7"

[31.01.2025 16:08:56.161][success][COM5]:THRD.ReciveAnswer. Ответ: 7
[31.01.2025 16:08:56.161][success][COM5]:THRD.ReciveAnswer. Ответ: 7
[31.01.2025 16:08:56.162][success][COM5]:Плата не прошла проверку.
[31.01.2025 16:08:57.191][success][COM5]:THRD.BCPRxChar. Ответ: "7"

[31.01.2025 16:08:57.191][success][COM5]:THRD.ReciveAnswer. Ответ: 7
[31.01.2025 16:08:57.191][success][COM5]:THRD.ReciveAnswer. Ответ: 7
[31.01.2025 16:08:57.191][success][COM5]:Плата не прошла проверку.
[31.01.2025 16:08:58.230][success][COM5]:THRD.BCPRxChar. Ответ: "7"

[31.01.2025 16:08:58.232][success][COM5]:THRD.ReciveAnswer. Ответ: 7
[31.01.2025 16:08:58.232][success][COM5]:THRD.ReciveAnswer. Ответ: 7
[31.01.2025 16:08:58.233][success][COM5]:Плата не прошла проверку.
[31.01.2025 16:08:59.265][success][COM5]:THRD.BCPRxChar. Ответ: "7"

[31.01.2025 16:08:59.266][success][COM5]:THRD.ReciveAnswer. Ответ: 7
[31.01.2025 16:08:59.266][success][COM5]:THRD.ReciveAnswer. Ответ: 7
[31.01.2025 16:08:59.268][success][COM5]:Плата не прошла проверку.
[31.01.2025 16:09:00.303][success][COM5]:THRD.BCPRxChar. Ответ: "7"

[31.01.2025 16:09:00.303][success][COM5]:THRD.ReciveAnswer. Ответ: 7
[31.01.2025 16:09:00.303][success][COM5]:THRD.ReciveAnswer. Ответ: 7
[31.01.2025 16:09:00.305][success][COM5]:Плата не прошла проверку.
[31.01.2025 16:09:01.341][success][COM5]:THRD.BCPRxChar. Ответ: "7"

[31.01.2025 16:09:01.342][success][COM5]:THRD.ReciveAnswer. Ответ: 7
[31.01.2025 16:09:01.342][success][COM5]:THRD.ReciveAnswer. Ответ: 7
[31.01.2025 16:09:01.344][success][COM5]:Плата не прошла проверку.
[31.01.2025 16:09:02.375][success][COM5]:THRD.BCPRxChar. Ответ: "7"

[31.01.2025 16:09:02.376][success][COM5]:THRD.ReciveAnswer. Ответ: 7
[31.01.2025 16:09:02.376][success][COM5]:THRD.ReciveAnswer. Ответ: 7
[31.01.2025 16:09:02.378][success][COM5]:Плата не прошла проверку.
[31.01.2025 16:09:03.408][success][COM5]:THRD.BCPRxChar. Ответ: "7"

[31.01.2025 16:09:03.408][success][COM5]:THRD.ReciveAnswer. Ответ: 7
[31.01.2025 16:09:03.409][success][COM5]:THRD.ReciveAnswer. Ответ: 7
[31.01.2025 16:09:03.410][success][COM5]:Плата не прошла проверку.
[31.01.2025 16:09:04.438][success][COM5]:THRD.BCPRxChar. Ответ: "7"

[31.01.2025 16:09:04.439][success][COM5]:THRD.ReciveAnswer. Ответ: 7
[31.01.2025 16:09:04.439][success][COM5]:THRD.ReciveAnswer. Ответ: 7
[31.01.2025 16:09:04.440][success][COM5]:Плата не прошла проверку.
[31.01.2025 16:09:05.474][success][COM5]:THRD.BCPRxChar. Ответ: "7"

[31.01.2025 16:09:05.475][success][COM5]:THRD.ReciveAnswer. Ответ: 7
[31.01.2025 16:09:05.475][success][COM5]:THRD.ReciveAnswer. Ответ: 7
[31.01.2025 16:09:05.476][success][COM5]:Плата не прошла проверку.
[31.01.2025 16:09:06.505][success][COM5]:THRD.BCPRxChar. Ответ: "7"

[31.01.2025 16:09:06.506][success][COM5]:THRD.ReciveAnswer. Ответ: 7
[31.01.2025 16:09:06.506][success][COM5]:THRD.ReciveAnswer. Ответ: 7
[31.01.2025 16:09:06.508][success][COM5]:Плата не прошла проверку.
[31.01.2025 16:09:07.545][success][COM5]:THRD.BCPRxChar. Ответ: "7"

[31.01.2025 16:09:07.546][success][COM5]:THRD.ReciveAnswer. Ответ: 7
[31.01.2025 16:09:07.546][success][COM5]:THRD.ReciveAnswer. Ответ: 7
[31.01.2025 16:09:07.547][success][COM5]:Плата не прошла проверку.
[31.01.2025 16:09:08.583][success][COM5]:THRD.BCPRxChar. Ответ: "7"

[31.01.2025 16:09:08.583][success][COM5]:THRD.ReciveAnswer. Ответ: 7
[31.01.2025 16:09:08.583][success][COM5]:THRD.ReciveAnswer. Ответ: 7
[31.01.2025 16:09:08.585][success][COM5]:Плата не прошла проверку.
[31.01.2025 16:09:09.622][success][COM5]:THRD.BCPRxChar. Ответ: "7"

[31.01.2025 16:09:09.622][success][COM5]:THRD.ReciveAnswer. Ответ: 7
[31.01.2025 16:09:09.623][success][COM5]:THRD.ReciveAnswer. Ответ: 7
[31.01.2025 16:09:09.624][success][COM5]:Плата не прошла проверку.
[31.01.2025 16:09:10.658][success][COM5]:THRD.BCPRxChar. Ответ: "7"

[31.01.2025 16:09:10.658][success][COM5]:THRD.ReciveAnswer. Ответ: 7
[31.01.2025 16:09:10.658][success][COM5]:THRD.ReciveAnswer. Ответ: 7
[31.01.2025 16:09:10.660][success][COM5]:Плата не прошла проверку.
[31.01.2025 16:09:11.690][success][COM5]:THRD.BCPRxChar. Ответ: "7"

[31.01.2025 16:09:11.690][success][COM5]:THRD.ReciveAnswer. Ответ: 7
[31.01.2025 16:09:11.691][success][COM5]:THRD.ReciveAnswer. Ответ: 7
[31.01.2025 16:09:11.692][success][COM5]:Плата не прошла проверку.
[31.01.2025 16:09:12.726][success][COM5]:THRD.BCPRxChar. Ответ: "7"

[31.01.2025 16:09:12.726][success][COM5]:THRD.ReciveAnswer. Ответ: 7
[31.01.2025 16:09:12.726][success][COM5]:THRD.ReciveAnswer. Ответ: 7
[31.01.2025 16:09:12.728][success][COM5]:Плата не прошла проверку.
[31.01.2025 16:12:13.196][main]Старт программы KPA-1: Голунова Наталья Николаевна. Версия ПО: 1.0.0.0.
[31.01.2025 16:12:13.223][main]Создание фрейма номер - 0 - успешно!
[31.01.2025 16:12:13.247][main]Создание фрейма номер - 1 - успешно!
[31.01.2025 16:12:13.269][main]Создание фрейма номер - 2 - успешно!
[31.01.2025 16:12:13.290][main]Создание фрейма номер - 3 - успешно!
[31.01.2025 16:12:13.313][main]Создание фрейма номер - 4 - успешно!
[31.01.2025 16:12:13.348][main]Создание фрейма номер - 5 - успешно!
[31.01.2025 16:12:13.553][success][COM1]:Порт открыт!
[31.01.2025 16:12:13.622][success][COM5]:Порт открыт!
[31.01.2025 16:12:14.566][success][COM1]:Опрос КПА
[31.01.2025 16:12:14.631][success][COM5]:Опрос КПА
[31.01.2025 16:12:14.633][success][COM1]:Данных нет или время ожидания истекло!
[31.01.2025 16:12:14.633][success][COM1]:THRD.ReciveAnswer. Ответ: 
[31.01.2025 16:12:14.633][success][COM1]:THRD.ReciveAnswer. Ответ: 
[31.01.2025 16:12:14.686][success][COM1]:Порт закрыт!
[31.01.2025 16:12:14.687][success][COM5]:THRD.BCPRxChar. Ответ: {"KPA-1","1.05.04","5","01.01.2000,02:45:38","49571","7",{"7F9FFFCFF","1","1","NUMBER_BOARD2=Q100;01;2206;0024;01.02;92","HW_VERSION=0206","","","","0"}}

[31.01.2025 16:12:14.687][success][COM5]:THRD.ReciveAnswer. Ответ: {"KPA-1","1.05.04","5","01.01.2000,02:45:38","49571","7",{"7F9FFFCFF","1","1","NUMBER_BOARD2=Q100;01;2206;0024;01.02;92","HW_VERSION=0206","","","","0"}}

[31.01.2025 16:12:14.687][success][COM5]:THRD.ReciveAnswer. Ответ: {"KPA-1","1.05.04","5","01.01.2000,02:45:38","49571","7",{"7F9FFFCFF","1","1","NUMBER_BOARD2=Q100;01;2206;0024;01.02;92","HW_VERSION=0206","","","","0"}}

[31.01.2025 16:12:14.698][main][SQL] 25: select STANDID from STAND where STANDNUM = 5
[31.01.2025 16:12:15.750][success][COM5]:THRD.BCPRxChar. Ответ: "7"

[31.01.2025 16:12:15.751][success][COM5]:THRD.ReciveAnswer. Ответ: 7
[31.01.2025 16:12:15.751][success][COM5]:THRD.ReciveAnswer. Ответ: 7
[31.01.2025 16:12:15.753][success][COM5]:Плата не прошла проверку.
[31.01.2025 16:12:16.764][success][COM5]:GetStatusScript
[31.01.2025 16:15:27.094][main]Старт программы KPA-1: Голунова Наталья Николаевна. Версия ПО: 1.0.0.0.
[31.01.2025 16:15:27.128][main]Создание фрейма номер - 0 - успешно!
[31.01.2025 16:15:27.150][main]Создание фрейма номер - 1 - успешно!
[31.01.2025 16:15:27.173][main]Создание фрейма номер - 2 - успешно!
[31.01.2025 16:15:27.195][main]Создание фрейма номер - 3 - успешно!
[31.01.2025 16:15:27.218][main]Создание фрейма номер - 4 - успешно!
[31.01.2025 16:15:27.240][main]Создание фрейма номер - 5 - успешно!
[31.01.2025 16:15:27.436][success][COM1]:Порт открыт!
[31.01.2025 16:15:27.531][success][COM5]:Порт открыт!
[31.01.2025 16:15:28.448][success][COM1]:Опрос КПА
[31.01.2025 16:15:28.511][success][COM1]:Данных нет или время ожидания истекло!
[31.01.2025 16:15:28.511][success][COM1]:THRD.ReciveAnswer. Ответ: 
[31.01.2025 16:15:28.511][success][COM1]:THRD.ReciveAnswer. Ответ: 
[31.01.2025 16:15:28.545][success][COM1]:Порт закрыт!
[31.01.2025 16:15:28.545][success][COM5]:Опрос КПА
[31.01.2025 16:15:28.570][success][COM5]:THRD.BCPRxChar. Ответ: {"KPA-1","1.05.04","5","01.01.2000,02:48:52","49571","7",{"7F9FFFCFF","1","1","NUMBER_BOARD2=Q100;01;2206;0024;01.02;92","HW_VERSION=0206","","","","0"}}

[31.01.2025 16:15:28.571][success][COM5]:THRD.ReciveAnswer. Ответ: {"KPA-1","1.05.04","5","01.01.2000,02:48:52","49571","7",{"7F9FFFCFF","1","1","NUMBER_BOARD2=Q100;01;2206;0024;01.02;92","HW_VERSION=0206","","","","0"}}

[31.01.2025 16:15:28.571][success][COM5]:THRD.ReciveAnswer. Ответ: {"KPA-1","1.05.04","5","01.01.2000,02:48:52","49571","7",{"7F9FFFCFF","1","1","NUMBER_BOARD2=Q100;01;2206;0024;01.02;92","HW_VERSION=0206","","","","0"}}

[31.01.2025 16:15:28.581][main][SQL] 25: select STANDID from STAND where STANDNUM = 5
[31.01.2025 16:15:29.636][success][COM5]:THRD.BCPRxChar. Ответ: "7"

[31.01.2025 16:15:29.637][success][COM5]:THRD.ReciveAnswer. Ответ: 7
[31.01.2025 16:15:29.637][success][COM5]:THRD.ReciveAnswer. Ответ: 7
[31.01.2025 16:15:29.640][success][COM5]:Плата не прошла проверку.
[31.01.2025 16:34:16.838][main]Старт программы KPA-1: Голунова Наталья Николаевна. Версия ПО: 1.0.0.0.
[31.01.2025 16:34:16.878][main]Создание фрейма номер - 0 - успешно!
[31.01.2025 16:34:16.902][main]Создание фрейма номер - 1 - успешно!
[31.01.2025 16:34:16.924][main]Создание фрейма номер - 2 - успешно!
[31.01.2025 16:34:16.947][main]Создание фрейма номер - 3 - успешно!
[31.01.2025 16:34:16.968][main]Создание фрейма номер - 4 - успешно!
[31.01.2025 16:34:16.990][main]Создание фрейма номер - 5 - успешно!
[31.01.2025 16:34:17.217][success][COM1]:Порт открыт!
[31.01.2025 16:34:17.298][success][COM5]:Порт открыт!
[31.01.2025 16:34:18.228][success][COM1]:Опрос КПА
[31.01.2025 16:34:18.298][success][COM5]:Опрос КПА
[31.01.2025 16:34:18.313][success][COM1]:Данных нет или время ожидания истекло!
[31.01.2025 16:34:18.313][success][COM1]:THRD.ReciveAnswer. Ответ: 
[31.01.2025 16:34:18.313][success][COM1]:THRD.ReciveAnswer. Ответ: 
[31.01.2025 16:34:18.331][success][COM5]:THRD.BCPRxChar. Ответ: {"KPA-1","1.05.04","5","01.01.2000,03:07:42","49571","7",{"7F9FFFCFF","1","1","NUMBER_BOARD2=Q100;01;2206;0024;01.02;92","HW_VERSION=0206","","","","0"}}

[31.01.2025 16:34:18.347][success][COM1]:Порт закрыт!
[31.01.2025 16:34:18.347][success][COM5]:THRD.ReciveAnswer. Ответ: {"KPA-1","1.05.04","5","01.01.2000,03:07:42","49571","7",{"7F9FFFCFF","1","1","NUMBER_BOARD2=Q100;01;2206;0024;01.02;92","HW_VERSION=0206","","","","0"}}

[31.01.2025 16:34:18.348][success][COM5]:THRD.ReciveAnswer. Ответ: {"KPA-1","1.05.04","5","01.01.2000,03:07:42","49571","7",{"7F9FFFCFF","1","1","NUMBER_BOARD2=Q100;01;2206;0024;01.02;92","HW_VERSION=0206","","","","0"}}

[31.01.2025 16:34:18.356][main][SQL] 25: select STANDID from STAND where STANDNUM = 5
[31.01.2025 16:34:19.419][success][COM5]:THRD.BCPRxChar. Ответ: "7"

[31.01.2025 16:34:19.421][success][COM5]:THRD.ReciveAnswer. Ответ: 7
[31.01.2025 16:34:19.421][success][COM5]:THRD.ReciveAnswer. Ответ: 7
[31.01.2025 16:34:19.424][success][COM5]:Плата не прошла проверку.
[31.01.2025 16:52:18.215][main]Старт программы KPA-1: Голунова Наталья Николаевна. Версия ПО: 1.0.0.0.
[31.01.2025 16:52:18.244][main]Создание фрейма номер - 0 - успешно!
[31.01.2025 16:52:18.265][main]Создание фрейма номер - 1 - успешно!
[31.01.2025 16:52:18.287][main]Создание фрейма номер - 2 - успешно!
[31.01.2025 16:52:18.309][main]Создание фрейма номер - 3 - успешно!
[31.01.2025 16:52:18.345][main]Создание фрейма номер - 4 - успешно!
[31.01.2025 16:52:18.368][main]Создание фрейма номер - 5 - успешно!
[31.01.2025 16:52:18.551][success][COM1]:Порт открыт!
[31.01.2025 16:52:18.628][success][COM5]:Порт открыт!
[31.01.2025 16:52:19.560][success][COM1]:Опрос КПА
[31.01.2025 16:52:19.638][success][COM5]:Опрос КПА
[31.01.2025 16:52:19.663][success][COM5]:THRD.BCPRxChar. Ответ: {"KPA-1","1.05.09","5","01.01.2000,00:08:17","49573","1",{"7F9FFFCFF","1","1","","","","","","0"}}

[31.01.2025 16:52:19.663][success][COM5]:THRD.ReciveAnswer. Ответ: {"KPA-1","1.05.09","5","01.01.2000,00:08:17","49573","1",{"7F9FFFCFF","1","1","","","","","","0"}}

[31.01.2025 16:52:19.663][success][COM5]:THRD.ReciveAnswer. Ответ: {"KPA-1","1.05.09","5","01.01.2000,00:08:17","49573","1",{"7F9FFFCFF","1","1","","","","","","0"}}

[31.01.2025 16:52:19.674][main][SQL] 25: select STANDID from STAND where STANDNUM = 5
[31.01.2025 16:52:19.713][success][COM1]:Данных нет или время ожидания истекло!
[31.01.2025 16:52:19.713][success][COM1]:THRD.ReciveAnswer. Ответ: 
[31.01.2025 16:52:19.713][success][COM1]:THRD.ReciveAnswer. Ответ: 
[31.01.2025 16:52:19.748][success][COM1]:Порт закрыт!
[31.01.2025 16:52:20.708][success][COM5]:THRD.BCPRxChar. Ответ: "1"

[31.01.2025 16:52:20.708][success][COM5]:THRD.ReciveAnswer. Ответ: 1
[31.01.2025 16:52:20.708][success][COM5]:THRD.ReciveAnswer. Ответ: 1
[31.01.2025 16:52:20.710][success][COM5]:Плата вставлена и проверка не начата.
[31.01.2025 16:52:21.741][success][COM5]:THRD.BCPRxChar. Ответ: "1"

[31.01.2025 16:52:21.741][success][COM5]:THRD.ReciveAnswer. Ответ: 1
[31.01.2025 16:52:21.741][success][COM5]:THRD.ReciveAnswer. Ответ: 1
[31.01.2025 16:52:21.742][success][COM5]:Плата вставлена и проверка не начата.
[31.01.2025 16:52:22.776][success][COM5]:THRD.BCPRxChar. Ответ: "1"

[31.01.2025 16:52:22.777][success][COM5]:THRD.ReciveAnswer. Ответ: 1
[31.01.2025 16:52:22.778][success][COM5]:THRD.ReciveAnswer. Ответ: 1
[31.01.2025 16:52:22.778][success][COM5]:Плата вставлена и проверка не начата.
[31.01.2025 16:52:23.809][success][COM5]:THRD.BCPRxChar. Ответ: "1"

[31.01.2025 16:52:23.810][success][COM5]:THRD.ReciveAnswer. Ответ: 1
[31.01.2025 16:52:23.810][success][COM5]:THRD.ReciveAnswer. Ответ: 1
[31.01.2025 16:52:23.810][success][COM5]:Плата вставлена и проверка не начата.
[31.01.2025 16:52:24.838][success][COM5]:THRD.BCPRxChar. Ответ: "1"

[31.01.2025 16:52:24.838][success][COM5]:THRD.ReciveAnswer. Ответ: 1
[31.01.2025 16:52:24.839][success][COM5]:THRD.ReciveAnswer. Ответ: 1
[31.01.2025 16:52:24.839][success][COM5]:Плата вставлена и проверка не начата.
[31.01.2025 16:52:25.878][success][COM5]:THRD.BCPRxChar. Ответ: "1"

[31.01.2025 16:52:25.878][success][COM5]:THRD.ReciveAnswer. Ответ: 1
[31.01.2025 16:52:25.878][success][COM5]:THRD.ReciveAnswer. Ответ: 1
[31.01.2025 16:52:25.878][success][COM5]:Плата вставлена и проверка не начата.
[31.01.2025 16:52:26.913][success][COM5]:THRD.BCPRxChar. Ответ: "1"

[31.01.2025 16:52:26.913][success][COM5]:THRD.ReciveAnswer. Ответ: 1
[31.01.2025 16:52:26.914][success][COM5]:THRD.ReciveAnswer. Ответ: 1
[31.01.2025 16:52:26.914][success][COM5]:Плата вставлена и проверка не начата.
[31.01.2025 16:52:27.951][success][COM5]:THRD.BCPRxChar. Ответ: "1"

[31.01.2025 16:52:27.952][success][COM5]:THRD.ReciveAnswer. Ответ: 1
[31.01.2025 16:52:27.952][success][COM5]:THRD.ReciveAnswer. Ответ: 1
[31.01.2025 16:52:27.952][success][COM5]:Плата вставлена и проверка не начата.
[31.01.2025 16:52:28.989][success][COM5]:THRD.BCPRxChar. Ответ: "1"

[31.01.2025 16:52:28.989][success][COM5]:THRD.ReciveAnswer. Ответ: 1
[31.01.2025 16:52:28.989][success][COM5]:THRD.ReciveAnswer. Ответ: 1
[31.01.2025 16:52:28.990][success][COM5]:Плата вставлена и проверка не начата.
[31.01.2025 16:52:30.023][success][COM5]:THRD.BCPRxChar. Ответ: "1"

[31.01.2025 16:52:30.024][success][COM5]:THRD.ReciveAnswer. Ответ: 1
[31.01.2025 16:52:30.024][success][COM5]:THRD.ReciveAnswer. Ответ: 1
[31.01.2025 16:52:30.024][success][COM5]:Плата вставлена и проверка не начата.
[31.01.2025 16:52:31.050][success][COM5]:THRD.BCPRxChar. Ответ: "1"

[31.01.2025 16:52:31.050][success][COM5]:THRD.ReciveAnswer. Ответ: 1
[31.01.2025 16:52:31.050][success][COM5]:THRD.ReciveAnswer. Ответ: 1
[31.01.2025 16:52:31.050][success][COM5]:Плата вставлена и проверка не начата.
[31.01.2025 16:52:32.083][success][COM5]:THRD.BCPRxChar. Ответ: "1"

[31.01.2025 16:52:32.083][success][COM5]:THRD.ReciveAnswer. Ответ: 1
[31.01.2025 16:52:32.083][success][COM5]:THRD.ReciveAnswer. Ответ: 1
[31.01.2025 16:52:32.083][success][COM5]:Плата вставлена и проверка не начата.
[31.01.2025 16:52:33.114][success][COM5]:THRD.BCPRxChar. Ответ: "1"

[31.01.2025 16:52:33.115][success][COM5]:THRD.ReciveAnswer. Ответ: 1
[31.01.2025 16:52:33.115][success][COM5]:THRD.ReciveAnswer. Ответ: 1
[31.01.2025 16:52:33.116][success][COM5]:Плата вставлена и проверка не начата.
[31.01.2025 16:52:34.145][success][COM5]:THRD.BCPRxChar. Ответ: "1"

[31.01.2025 16:52:34.146][success][COM5]:THRD.ReciveAnswer. Ответ: 1
[31.01.2025 16:52:34.146][success][COM5]:THRD.ReciveAnswer. Ответ: 1
[31.01.2025 16:52:34.147][success][COM5]:Плата вставлена и проверка не начата.
[31.01.2025 16:52:35.178][success][COM5]:THRD.BCPRxChar. Ответ: "1"

[31.01.2025 16:52:35.179][success][COM5]:THRD.ReciveAnswer. Ответ: 1
[31.01.2025 16:52:35.179][success][COM5]:THRD.ReciveAnswer. Ответ: 1
[31.01.2025 16:52:35.179][success][COM5]:Плата вставлена и проверка не начата.
[31.01.2025 16:52:36.211][success][COM5]:THRD.BCPRxChar. Ответ: "1"

[31.01.2025 16:52:36.211][success][COM5]:THRD.ReciveAnswer. Ответ: 1
[31.01.2025 16:52:36.211][success][COM5]:THRD.ReciveAnswer. Ответ: 1
[31.01.2025 16:52:36.211][success][COM5]:Плата вставлена и проверка не начата.
[31.01.2025 16:52:37.243][success][COM5]:THRD.BCPRxChar. Ответ: "1"

[31.01.2025 16:52:37.244][success][COM5]:THRD.ReciveAnswer. Ответ: 1
[31.01.2025 16:52:37.244][success][COM5]:THRD.ReciveAnswer. Ответ: 1
[31.01.2025 16:52:37.244][success][COM5]:Плата вставлена и проверка не начата.
[31.01.2025 16:52:38.277][success][COM5]:THRD.BCPRxChar. Ответ: "1"

[31.01.2025 16:52:38.278][success][COM5]:THRD.ReciveAnswer. Ответ: 1
[31.01.2025 16:52:38.278][success][COM5]:THRD.ReciveAnswer. Ответ: 1
[31.01.2025 16:52:38.278][success][COM5]:Плата вставлена и проверка не начата.
[31.01.2025 16:52:39.312][success][COM5]:THRD.BCPRxChar. Ответ: "1"

[31.01.2025 16:52:39.312][success][COM5]:THRD.ReciveAnswer. Ответ: 1
[31.01.2025 16:52:39.312][success][COM5]:THRD.ReciveAnswer. Ответ: 1
[31.01.2025 16:52:39.313][success][COM5]:Плата вставлена и проверка не начата.
[31.01.2025 16:52:40.344][success][COM5]:THRD.BCPRxChar. Ответ: "1"

[31.01.2025 16:52:40.345][success][COM5]:THRD.ReciveAnswer. Ответ: 1
[31.01.2025 16:52:40.345][success][COM5]:THRD.ReciveAnswer. Ответ: 1
[31.01.2025 16:52:40.345][success][COM5]:Плата вставлена и проверка не начата.
[31.01.2025 16:52:41.382][success][COM5]:THRD.BCPRxChar. Ответ: "1"

[31.01.2025 16:52:41.382][success][COM5]:THRD.ReciveAnswer. Ответ: 1
[31.01.2025 16:52:41.382][success][COM5]:THRD.ReciveAnswer. Ответ: 1
[31.01.2025 16:52:41.382][success][COM5]:Плата вставлена и проверка не начата.
[31.01.2025 16:52:42.413][success][COM5]:THRD.BCPRxChar. Ответ: "1"

[31.01.2025 16:52:42.414][success][COM5]:THRD.ReciveAnswer. Ответ: 1
[31.01.2025 16:52:42.414][success][COM5]:THRD.ReciveAnswer. Ответ: 1
[31.01.2025 16:52:42.414][success][COM5]:Плата вставлена и проверка не начата.
[31.01.2025 16:52:43.446][success][COM5]:THRD.BCPRxChar. Ответ: "1"

[31.01.2025 16:52:43.447][success][COM5]:THRD.ReciveAnswer. Ответ: 1
[31.01.2025 16:52:43.447][success][COM5]:THRD.ReciveAnswer. Ответ: 1
[31.01.2025 16:52:43.447][success][COM5]:Плата вставлена и проверка не начата.
[31.01.2025 16:52:44.480][success][COM5]:THRD.BCPRxChar. Ответ: "1"

[31.01.2025 16:52:44.480][success][COM5]:THRD.ReciveAnswer. Ответ: 1
[31.01.2025 16:52:44.480][success][COM5]:THRD.ReciveAnswer. Ответ: 1
[31.01.2025 16:52:44.481][success][COM5]:Плата вставлена и проверка не начата.
[31.01.2025 16:52:45.512][success][COM5]:THRD.BCPRxChar. Ответ: "1"

[31.01.2025 16:52:45.513][success][COM5]:THRD.ReciveAnswer. Ответ: 1
[31.01.2025 16:52:45.513][success][COM5]:THRD.ReciveAnswer. Ответ: 1
[31.01.2025 16:52:45.513][success][COM5]:Плата вставлена и проверка не начата.
[31.01.2025 16:52:46.387][main][SQL] 34259074303: select CVE1SETTINGS.enable_script from CVE1SETTINGS where(CVE1SETTINGS.id = 63
[31.01.2025 16:52:46.398][main][SQL] 02.06: select METERBOARDDICT."VERSION" from METERBOARDDICT, CVE1SETTINGS where (CVE1SETTINGS.boardtypeid = METERBOARDDICT.id) and (CVE1SETTINGS.id = 63
[31.01.2025 16:52:46.405][main][SQL] ООО "Райт Электроникс": select BOARDMANUFACTRERS.name from BOARDMANUFACTRERS where (BOARDMANUFACTRERS.id = :01
[31.01.2025 16:52:46.541][success][COM5]:THRD.BCPRxChar. Ответ: "1"

[31.01.2025 16:52:46.542][success][COM5]:THRD.ReciveAnswer. Ответ: 1
[31.01.2025 16:52:46.542][success][COM5]:THRD.ReciveAnswer. Ответ: 1
[31.01.2025 16:52:46.542][success][COM5]:Плата вставлена и проверка не начата.
[31.01.2025 16:52:47.577][success][COM5]:THRD.BCPRxChar. Ответ: "1"

[31.01.2025 16:52:47.578][success][COM5]:THRD.ReciveAnswer. Ответ: 1
[31.01.2025 16:52:47.578][success][COM5]:THRD.ReciveAnswer. Ответ: 1
[31.01.2025 16:52:47.579][success][COM5]:Плата вставлена и проверка не начата.
[31.01.2025 16:52:48.590][success][COM5]:Опрос параметров КПА
[31.01.2025 16:52:48.646][success][COM5]:THRD.BCPRxChar. Ответ: {"7F9FFFCFF","1","1","NUMBER_BOARD2=Q100;01;2206;0024;01.02;92","HW_VERSION=0206","","","","0"}

[31.01.2025 16:52:48.647][success][COM5]:THRD.ReciveAnswer. Ответ: {"7F9FFFCFF","1","1","NUMBER_BOARD2=Q100;01;2206;0024;01.02;92","HW_VERSION=0206","","","","0"}

[31.01.2025 16:52:48.647][success][COM5]:THRD.ReciveAnswer. Ответ: {"7F9FFFCFF","1","1","NUMBER_BOARD2=Q100;01;2206;0024;01.02;92","HW_VERSION=0206","","","","0"}

[31.01.2025 16:52:49.650][success][COM5]:Старт проверки
[31.01.2025 16:52:49.675][success][COM5]:THRD.BCPRxChar. Ответ: OK

[31.01.2025 16:52:49.676][success][COM5]:THRD.ReciveAnswer. Ответ: OK

[31.01.2025 16:52:49.676][success][COM5]:THRD.ReciveAnswer. Ответ: OK

[31.01.2025 16:52:49.676][success][COM5]:Старт проверки подтвержден
[31.01.2025 16:52:50.708][success][COM5]:THRD.BCPRxChar. Ответ: "2"

[31.01.2025 16:52:50.709][success][COM5]:THRD.ReciveAnswer. Ответ: 2
[31.01.2025 16:52:50.709][success][COM5]:THRD.ReciveAnswer. Ответ: 2
[31.01.2025 16:52:50.710][success][COM5]:Скрипт без оператора.
[31.01.2025 16:52:51.741][success][COM5]:THRD.BCPRxChar. Ответ: "7"

[31.01.2025 16:52:51.742][success][COM5]:THRD.ReciveAnswer. Ответ: 7
[31.01.2025 16:52:51.742][success][COM5]:THRD.ReciveAnswer. Ответ: 7
[31.01.2025 16:52:51.744][success][COM5]:Плата не прошла проверку.
[31.01.2025 17:03:42.100][main]Старт программы KPA-1: Голунова Наталья Николаевна. Версия ПО: 1.0.0.0.
[31.01.2025 17:03:42.136][main]Создание фрейма номер - 0 - успешно!
[31.01.2025 17:03:42.157][main]Создание фрейма номер - 1 - успешно!
[31.01.2025 17:03:42.178][main]Создание фрейма номер - 2 - успешно!
[31.01.2025 17:03:42.201][main]Создание фрейма номер - 3 - успешно!
[31.01.2025 17:03:42.224][main]Создание фрейма номер - 4 - успешно!
[31.01.2025 17:03:42.244][main]Создание фрейма номер - 5 - успешно!
[31.01.2025 17:04:30.501][main]Старт программы KPA-1: Голунова Наталья Николаевна. Версия ПО: 1.0.0.0.
[31.01.2025 17:04:30.528][main]Создание фрейма номер - 0 - успешно!
[31.01.2025 17:04:30.552][main]Создание фрейма номер - 1 - успешно!
[31.01.2025 17:04:30.587][main]Создание фрейма номер - 2 - успешно!
[31.01.2025 17:04:30.608][main]Создание фрейма номер - 3 - успешно!
[31.01.2025 17:04:30.636][main]Создание фрейма номер - 4 - успешно!
[31.01.2025 17:04:30.656][main]Создание фрейма номер - 5 - успешно!
