[30.01.2025 14:22:02.341][main]Старт программы KPA-1: Голунова Наталья Николаевна. Версия ПО: 1.0.0.0.
[30.01.2025 14:22:02.427][main]Создание фрейма номер - 0 - успешно!
[30.01.2025 14:22:02.509][main]Создание фрейма номер - 1 - успешно!
[30.01.2025 14:22:02.584][main]Создание фрейма номер - 2 - успешно!
[30.01.2025 14:22:02.666][main]Создание фрейма номер - 3 - успешно!
[30.01.2025 14:22:02.748][main]Создание фрейма номер - 4 - успешно!
[30.01.2025 14:22:02.825][main]Создание фрейма номер - 5 - успешно!
[30.01.2025 14:22:03.141][success][COM1]:Порт открыт!
[30.01.2025 14:22:03.381][success][COM3]:Порт открыт!
[30.01.2025 14:22:03.465][success][COM5]:Порт открыт!
[30.01.2025 14:22:04.151][success][COM1]:Опрос КПА
[30.01.2025 14:22:04.221][success][COM1]:Данных нет или время ожидания истекло!
[30.01.2025 14:22:04.221][success][COM1]:THRD.ReciveAnswer. Ответ: 
[30.01.2025 14:22:04.221][success][COM1]:THRD.ReciveAnswer. Ответ: 
[30.01.2025 14:22:04.266][success][COM1]:Порт закрыт!
[30.01.2025 14:22:04.389][success][COM3]:Опрос КПА
[30.01.2025 14:22:04.450][success][COM3]:Данных нет или время ожидания истекло!
[30.01.2025 14:22:04.451][success][COM3]:THRD.ReciveAnswer. Ответ: 
[30.01.2025 14:22:04.451][success][COM3]:THRD.ReciveAnswer. Ответ: 
[30.01.2025 14:22:04.468][success][COM5]:Опрос КПА
[30.01.2025 14:22:04.614][success][COM3]:Порт закрыт!
[30.01.2025 14:22:04.616][success][COM5]:THRD.BCPRxChar. Ответ: {"KPA-1","1.05.04","5","17.01.2000,23:14:52","49566","1",{"7F9FFFCFF","1","1","NUMBER_BOARD2=Q100;01;2206;0024;01.02;92","HW_VERSION=0206","","","","0"}}

[30.01.2025 14:22:04.616][success][COM5]:THRD.ReciveAnswer. Ответ: {"KPA-1","1.05.04","5","17.01.2000,23:14:52","49566","1",{"7F9FFFCFF","1","1","NUMBER_BOARD2=Q100;01;2206;0024;01.02;92","HW_VERSION=0206","","","","0"}}

[30.01.2025 14:22:04.616][success][COM5]:THRD.ReciveAnswer. Ответ: {"KPA-1","1.05.04","5","17.01.2000,23:14:52","49566","1",{"7F9FFFCFF","1","1","NUMBER_BOARD2=Q100;01;2206;0024;01.02;92","HW_VERSION=0206","","","","0"}}

[30.01.2025 14:22:04.635][main][SQL] 25: select STANDID from STAND where STANDNUM = 5
[30.01.2025 14:22:04.636][success][COM5]:THRD.ReciveAnswer. Ответ: {"KPA-1","1.05.04","5","17.01.2000,23:14:52","49566","1",{"7F9FFFCFF","1","1","NUMBER_BOARD2=Q100;01;2206;0024;01.02;92","HW_VERSION=0206","","","","0"}}

[30.01.2025 14:22:05.675][main][SQL] 25: select STANDID from STAND where STANDNUM = 5
[30.01.2025 14:22:05.677][success][COM5]:THRD.BCPRxChar. Ответ: "1"

[30.01.2025 14:22:05.688][main][SQL] 25: select STANDID from STAND where STANDNUM = 5
[30.01.2025 14:22:05.689][success][COM5]:THRD.ReciveAnswer. Ответ: 1
[30.01.2025 14:22:05.697][main][SQL] 25: select STANDID from STAND where STANDNUM = 5
[30.01.2025 14:22:05.698][success][COM5]:THRD.ReciveAnswer. Ответ: 1
[30.01.2025 14:22:05.707][main][SQL] 25: select STANDID from STAND where STANDNUM = 5
[30.01.2025 14:22:05.712][success][COM5]:Плата вставлена и проверка не начата.
[30.01.2025 14:22:06.755][main][SQL] 25: select STANDID from STAND where STANDNUM = 5
[30.01.2025 14:22:06.758][success][COM5]:THRD.BCPRxChar. Ответ: "1"

[30.01.2025 14:22:06.768][main][SQL] 25: select STANDID from STAND where STANDNUM = 5
[30.01.2025 14:22:06.769][success][COM5]:THRD.ReciveAnswer. Ответ: 1
[30.01.2025 14:22:06.780][main][SQL] 25: select STANDID from STAND where STANDNUM = 5
[30.01.2025 14:22:06.781][success][COM5]:THRD.ReciveAnswer. Ответ: 1
[30.01.2025 14:22:06.792][main][SQL] 25: select STANDID from STAND where STANDNUM = 5
[30.01.2025 14:22:06.793][success][COM5]:Плата вставлена и проверка не начата.
[30.01.2025 14:22:07.853][main][SQL] 25: select STANDID from STAND where STANDNUM = 5
[30.01.2025 14:22:07.855][success][COM5]:THRD.BCPRxChar. Ответ: "1"

[30.01.2025 14:22:07.866][main][SQL] 25: select STANDID from STAND where STANDNUM = 5
[30.01.2025 14:22:07.867][success][COM5]:THRD.ReciveAnswer. Ответ: 1
[30.01.2025 14:22:07.880][main][SQL] 25: select STANDID from STAND where STANDNUM = 5
[30.01.2025 14:22:07.882][success][COM5]:THRD.ReciveAnswer. Ответ: 1
[30.01.2025 14:22:07.892][main][SQL] 25: select STANDID from STAND where STANDNUM = 5
[30.01.2025 14:22:07.894][success][COM5]:Плата вставлена и проверка не начата.
[30.01.2025 14:22:08.938][main][SQL] 25: select STANDID from STAND where STANDNUM = 5
[30.01.2025 14:22:08.946][success][COM5]:THRD.BCPRxChar. Ответ: "1"

[30.01.2025 14:22:08.960][main][SQL] 25: select STANDID from STAND where STANDNUM = 5
[30.01.2025 14:22:08.961][success][COM5]:THRD.ReciveAnswer. Ответ: 1
[30.01.2025 14:22:08.973][main][SQL] 25: select STANDID from STAND where STANDNUM = 5
[30.01.2025 14:22:08.974][success][COM5]:THRD.ReciveAnswer. Ответ: 1
[30.01.2025 14:22:08.987][main][SQL] 25: select STANDID from STAND where STANDNUM = 5
[30.01.2025 14:22:08.992][success][COM5]:Плата вставлена и проверка не начата.
[30.01.2025 14:22:10.037][main][SQL] 25: select STANDID from STAND where STANDNUM = 5
[30.01.2025 14:22:10.043][success][COM5]:THRD.BCPRxChar. Ответ: "1"

[30.01.2025 14:22:10.057][main][SQL] 25: select STANDID from STAND where STANDNUM = 5
[30.01.2025 14:22:10.058][success][COM5]:THRD.ReciveAnswer. Ответ: 1
[30.01.2025 14:22:10.070][main][SQL] 25: select STANDID from STAND where STANDNUM = 5
[30.01.2025 14:22:10.070][success][COM5]:THRD.ReciveAnswer. Ответ: 1
[30.01.2025 14:22:10.082][main][SQL] 25: select STANDID from STAND where STANDNUM = 5
[30.01.2025 14:22:10.087][success][COM5]:Плата вставлена и проверка не начата.
[30.01.2025 14:22:11.136][main][SQL] 25: select STANDID from STAND where STANDNUM = 5
[30.01.2025 14:22:11.141][success][COM5]:THRD.BCPRxChar. Ответ: "1"

[30.01.2025 14:22:11.155][main][SQL] 25: select STANDID from STAND where STANDNUM = 5
[30.01.2025 14:22:11.156][success][COM5]:THRD.ReciveAnswer. Ответ: 1
[30.01.2025 14:22:11.171][main][SQL] 25: select STANDID from STAND where STANDNUM = 5
[30.01.2025 14:22:11.171][success][COM5]:THRD.ReciveAnswer. Ответ: 1
[30.01.2025 14:22:11.185][main][SQL] 25: select STANDID from STAND where STANDNUM = 5
[30.01.2025 14:22:11.190][success][COM5]:Плата вставлена и проверка не начата.
[30.01.2025 14:22:12.241][main][SQL] 25: select STANDID from STAND where STANDNUM = 5
[30.01.2025 14:22:12.247][success][COM5]:THRD.BCPRxChar. Ответ: "1"

[30.01.2025 14:22:12.263][main][SQL] 25: select STANDID from STAND where STANDNUM = 5
[30.01.2025 14:22:12.264][success][COM5]:THRD.ReciveAnswer. Ответ: 1
[30.01.2025 14:22:12.278][main][SQL] 25: select STANDID from STAND where STANDNUM = 5
[30.01.2025 14:22:12.278][success][COM5]:THRD.ReciveAnswer. Ответ: 1
[30.01.2025 14:22:12.292][main][SQL] 25: select STANDID from STAND where STANDNUM = 5
[30.01.2025 14:22:12.297][success][COM5]:Плата вставлена и проверка не начата.
[30.01.2025 14:22:13.351][main][SQL] 25: select STANDID from STAND where STANDNUM = 5
[30.01.2025 14:22:13.358][success][COM5]:THRD.BCPRxChar. Ответ: "1"

[30.01.2025 14:22:13.375][main][SQL] 25: select STANDID from STAND where STANDNUM = 5
[30.01.2025 14:22:13.375][success][COM5]:THRD.ReciveAnswer. Ответ: 1
[30.01.2025 14:22:13.390][main][SQL] 25: select STANDID from STAND where STANDNUM = 5
[30.01.2025 14:22:13.391][success][COM5]:THRD.ReciveAnswer. Ответ: 1
[30.01.2025 14:22:13.405][main][SQL] 25: select STANDID from STAND where STANDNUM = 5
[30.01.2025 14:22:13.411][success][COM5]:Плата вставлена и проверка не начата.
[30.01.2025 14:22:14.461][main][SQL] 25: select STANDID from STAND where STANDNUM = 5
[30.01.2025 14:22:14.466][success][COM5]:THRD.BCPRxChar. Ответ: "1"

[30.01.2025 14:22:14.482][main][SQL] 25: select STANDID from STAND where STANDNUM = 5
[30.01.2025 14:22:14.482][success][COM5]:THRD.ReciveAnswer. Ответ: 1
[30.01.2025 14:22:14.498][main][SQL] 25: select STANDID from STAND where STANDNUM = 5
[30.01.2025 14:22:14.498][success][COM5]:THRD.ReciveAnswer. Ответ: 1
[30.01.2025 14:22:14.514][main][SQL] 25: select STANDID from STAND where STANDNUM = 5
[30.01.2025 14:22:14.519][success][COM5]:Плата вставлена и проверка не начата.
[30.01.2025 14:22:15.569][main][SQL] 25: select STANDID from STAND where STANDNUM = 5
[30.01.2025 14:22:15.574][success][COM5]:THRD.BCPRxChar. Ответ: "1"

[30.01.2025 14:22:15.592][main][SQL] 25: select STANDID from STAND where STANDNUM = 5
[30.01.2025 14:22:15.592][success][COM5]:THRD.ReciveAnswer. Ответ: 1
[30.01.2025 14:22:15.611][main][SQL] 25: select STANDID from STAND where STANDNUM = 5
[30.01.2025 14:22:15.612][success][COM5]:THRD.ReciveAnswer. Ответ: 1
[30.01.2025 14:22:15.630][main][SQL] 25: select STANDID from STAND where STANDNUM = 5
[30.01.2025 14:22:15.635][success][COM5]:Плата вставлена и проверка не начата.
[30.01.2025 14:22:16.690][main][SQL] 25: select STANDID from STAND where STANDNUM = 5
[30.01.2025 14:22:16.695][success][COM5]:THRD.BCPRxChar. Ответ: "1"

[30.01.2025 14:22:16.714][main][SQL] 25: select STANDID from STAND where STANDNUM = 5
[30.01.2025 14:22:16.714][success][COM5]:THRD.ReciveAnswer. Ответ: 1
[30.01.2025 14:22:16.734][main][SQL] 25: select STANDID from STAND where STANDNUM = 5
[30.01.2025 14:22:16.734][success][COM5]:THRD.ReciveAnswer. Ответ: 1
[30.01.2025 14:22:16.753][main][SQL] 25: select STANDID from STAND where STANDNUM = 5
[30.01.2025 14:22:16.758][success][COM5]:Плата вставлена и проверка не начата.
[30.01.2025 14:22:17.802][main][SQL] 25: select STANDID from STAND where STANDNUM = 5
[30.01.2025 14:22:17.804][success][COM5]:THRD.BCPRxChar. Ответ: "1"

[30.01.2025 14:22:17.822][main][SQL] 25: select STANDID from STAND where STANDNUM = 5
[30.01.2025 14:22:17.822][success][COM5]:THRD.ReciveAnswer. Ответ: 1
[30.01.2025 14:22:17.841][main][SQL] 25: select STANDID from STAND where STANDNUM = 5
[30.01.2025 14:22:17.841][success][COM5]:THRD.ReciveAnswer. Ответ: 1
[30.01.2025 14:22:17.861][main][SQL] 25: select STANDID from STAND where STANDNUM = 5
[30.01.2025 14:22:17.863][success][COM5]:Плата вставлена и проверка не начата.
[30.01.2025 14:22:17.973][main][SQL] 34259074303: select CVE1SETTINGS.enable_script from CVE1SETTINGS where(CVE1SETTINGS.id = 63
[30.01.2025 14:22:17.982][main][SQL] 02.06: select METERBOARDDICT."VERSION" from METERBOARDDICT, CVE1SETTINGS where (CVE1SETTINGS.boardtypeid = METERBOARDDICT.id) and (CVE1SETTINGS.id = 63
[30.01.2025 14:22:17.988][main][SQL] ООО "Райт Электроникс": select BOARDMANUFACTRERS.name from BOARDMANUFACTRERS where (BOARDMANUFACTRERS.id = :01
[30.01.2025 14:22:18.916][main][SQL] 25: select STANDID from STAND where STANDNUM = 5
[30.01.2025 14:22:18.919][success][COM5]:THRD.BCPRxChar. Ответ: "1"

[30.01.2025 14:22:18.938][main][SQL] 25: select STANDID from STAND where STANDNUM = 5
[30.01.2025 14:22:18.939][success][COM5]:THRD.ReciveAnswer. Ответ: 1
[30.01.2025 14:22:18.958][main][SQL] 25: select STANDID from STAND where STANDNUM = 5
[30.01.2025 14:22:18.958][success][COM5]:THRD.ReciveAnswer. Ответ: 1
[30.01.2025 14:22:18.977][main][SQL] 25: select STANDID from STAND where STANDNUM = 5
[30.01.2025 14:22:18.979][success][COM5]:Плата вставлена и проверка не начата.
[30.01.2025 14:22:20.040][main][SQL] 25: select STANDID from STAND where STANDNUM = 5
[30.01.2025 14:22:20.042][success][COM5]:THRD.BCPRxChar. Ответ: "1"

[30.01.2025 14:22:20.063][main][SQL] 25: select STANDID from STAND where STANDNUM = 5
[30.01.2025 14:22:20.064][success][COM5]:THRD.ReciveAnswer. Ответ: 1
[30.01.2025 14:22:20.087][main][SQL] 25: select STANDID from STAND where STANDNUM = 5
[30.01.2025 14:22:20.087][success][COM5]:THRD.ReciveAnswer. Ответ: 1
[30.01.2025 14:22:20.108][main][SQL] 25: select STANDID from STAND where STANDNUM = 5
[30.01.2025 14:22:20.110][success][COM5]:Плата вставлена и проверка не начата.
[30.01.2025 14:22:21.162][main][SQL] 25: select STANDID from STAND where STANDNUM = 5
[30.01.2025 14:22:21.165][success][COM5]:Опрос параметров КПА
[30.01.2025 14:22:21.241][main][SQL] 25: select STANDID from STAND where STANDNUM = 5
[30.01.2025 14:22:21.243][success][COM5]:THRD.BCPRxChar. Ответ: {"7F9FFFCFF","1","1","NUMBER_BOARD2=Q100;01;2206;0024;01.02;92","HW_VERSION=0206","","","","0"}

[30.01.2025 14:22:21.264][main][SQL] 25: select STANDID from STAND where STANDNUM = 5
[30.01.2025 14:22:21.264][success][COM5]:THRD.ReciveAnswer. Ответ: {"7F9FFFCFF","1","1","NUMBER_BOARD2=Q100;01;2206;0024;01.02;92","HW_VERSION=0206","","","","0"}

[30.01.2025 14:22:21.285][main][SQL] 25: select STANDID from STAND where STANDNUM = 5
[30.01.2025 14:22:21.286][success][COM5]:THRD.ReciveAnswer. Ответ: {"7F9FFFCFF","1","1","NUMBER_BOARD2=Q100;01;2206;0024;01.02;92","HW_VERSION=0206","","","","0"}

[30.01.2025 14:22:22.311][main][SQL] 25: select STANDID from STAND where STANDNUM = 5
[30.01.2025 14:22:22.313][success][COM5]:Старт проверки
[30.01.2025 14:22:22.360][main][SQL] 25: select STANDID from STAND where STANDNUM = 5
[30.01.2025 14:22:22.362][success][COM5]:THRD.BCPRxChar. Ответ: OK

[30.01.2025 14:22:22.387][main][SQL] 25: select STANDID from STAND where STANDNUM = 5
[30.01.2025 14:22:22.387][success][COM5]:THRD.ReciveAnswer. Ответ: OK

[30.01.2025 14:22:22.412][main][SQL] 25: select STANDID from STAND where STANDNUM = 5
[30.01.2025 14:22:22.413][success][COM5]:THRD.ReciveAnswer. Ответ: OK

[30.01.2025 14:22:23.464][main][SQL] 25: select STANDID from STAND where STANDNUM = 5
[30.01.2025 14:22:23.468][success][COM5]:THRD.BCPRxChar. Ответ: "2"

[30.01.2025 14:22:23.503][main][SQL] 25: select STANDID from STAND where STANDNUM = 5
[30.01.2025 14:22:23.504][success][COM5]:THRD.ReciveAnswer. Ответ: 2
[30.01.2025 14:22:23.531][main][SQL] 25: select STANDID from STAND where STANDNUM = 5
[30.01.2025 14:22:23.532][success][COM5]:THRD.ReciveAnswer. Ответ: 2
[30.01.2025 14:22:23.555][main][SQL] 25: select STANDID from STAND where STANDNUM = 5
[30.01.2025 14:22:23.558][success][COM5]:Скрипт без оператора.
[30.01.2025 14:22:24.624][main][SQL] 25: select STANDID from STAND where STANDNUM = 5
[30.01.2025 14:22:24.626][success][COM5]:THRD.BCPRxChar. Ответ: "7"

[30.01.2025 14:22:24.650][main][SQL] 25: select STANDID from STAND where STANDNUM = 5
[30.01.2025 14:22:24.650][success][COM5]:THRD.ReciveAnswer. Ответ: 7
[30.01.2025 14:22:24.675][main][SQL] 25: select STANDID from STAND where STANDNUM = 5
[30.01.2025 14:22:24.676][success][COM5]:THRD.ReciveAnswer. Ответ: 7
[30.01.2025 14:22:24.700][main][SQL] 25: select STANDID from STAND where STANDNUM = 5
[30.01.2025 14:22:24.703][success][COM5]:Плата не прошла проверку.
[30.01.2025 14:45:43.428][main]Старт программы KPA-1: Голунова Наталья Николаевна. Версия ПО: 1.0.0.0.
[30.01.2025 14:45:43.509][main]Создание фрейма номер - 0 - успешно!
[30.01.2025 14:45:43.584][main]Создание фрейма номер - 1 - успешно!
[30.01.2025 14:45:43.675][main]Создание фрейма номер - 2 - успешно!
[30.01.2025 14:45:43.750][main]Создание фрейма номер - 3 - успешно!
[30.01.2025 14:45:43.836][main]Создание фрейма номер - 4 - успешно!
[30.01.2025 14:45:43.916][main]Создание фрейма номер - 5 - успешно!
[30.01.2025 14:45:44.208][success][COM1]:Порт открыт!
[30.01.2025 14:45:44.469][success][COM3]:Порт открыт!
[30.01.2025 14:45:44.550][success][COM5]:Порт открыт!
[30.01.2025 14:45:45.210][success][COM1]:Опрос КПА
[30.01.2025 14:45:45.279][success][COM1]:Данных нет или время ожидания истекло!
[30.01.2025 14:45:45.279][success][COM1]:THRD.ReciveAnswer. Ответ: 
[30.01.2025 14:45:45.279][success][COM1]:THRD.ReciveAnswer. Ответ: 
[30.01.2025 14:45:45.325][success][COM1]:Порт закрыт!
[30.01.2025 14:45:45.478][success][COM3]:Опрос КПА
[30.01.2025 14:45:45.538][success][COM3]:Данных нет или время ожидания истекло!
[30.01.2025 14:45:45.538][success][COM3]:THRD.ReciveAnswer. Ответ: 
[30.01.2025 14:45:45.538][success][COM3]:THRD.ReciveAnswer. Ответ: 
[30.01.2025 14:45:45.555][success][COM5]:Опрос КПА
[30.01.2025 14:45:45.694][success][COM3]:Порт закрыт!
[30.01.2025 14:45:45.696][success][COM5]:THRD.BCPRxChar. Ответ: {"KPA-1","1.05.04","5","17.01.2000,23:38:34","49566","7",{"7F9FFFCFF","1","1","NUMBER_BOARD2=Q100;01;2206;0024;01.02;92","HW_VERSION=0206","","","","0"}}

[30.01.2025 14:45:45.697][success][COM5]:THRD.ReciveAnswer. Ответ: {"KPA-1","1.05.04","5","17.01.2000,23:38:34","49566","7",{"7F9FFFCFF","1","1","NUMBER_BOARD2=Q100;01;2206;0024;01.02;92","HW_VERSION=0206","","","","0"}}

[30.01.2025 14:45:45.697][success][COM5]:THRD.ReciveAnswer. Ответ: {"KPA-1","1.05.04","5","17.01.2000,23:38:34","49566","7",{"7F9FFFCFF","1","1","NUMBER_BOARD2=Q100;01;2206;0024;01.02;92","HW_VERSION=0206","","","","0"}}

[30.01.2025 14:45:45.716][main][SQL] 25: select STANDID from STAND where STANDNUM = 5
[30.01.2025 14:45:45.717][success][COM5]:THRD.ReciveAnswer. Ответ: {"KPA-1","1.05.04","5","17.01.2000,23:38:34","49566","7",{"7F9FFFCFF","1","1","NUMBER_BOARD2=Q100;01;2206;0024;01.02;92","HW_VERSION=0206","","","","0"}}

[30.01.2025 14:45:46.759][main][SQL] 25: select STANDID from STAND where STANDNUM = 5
[30.01.2025 14:45:46.762][success][COM5]:THRD.BCPRxChar. Ответ: "7"

[30.01.2025 14:45:46.772][main][SQL] 25: select STANDID from STAND where STANDNUM = 5
[30.01.2025 14:45:46.772][success][COM5]:THRD.ReciveAnswer. Ответ: 7
[30.01.2025 14:45:46.779][main][SQL] 25: select STANDID from STAND where STANDNUM = 5
[30.01.2025 14:45:46.780][success][COM5]:THRD.ReciveAnswer. Ответ: 7
[30.01.2025 14:45:46.789][main][SQL] 25: select STANDID from STAND where STANDNUM = 5
[30.01.2025 14:45:46.792][success][COM5]:Плата не прошла проверку.
[30.01.2025 14:47:20.168][main]Старт программы KPA-1: Голунова Наталья Николаевна. Версия ПО: 1.0.0.0.
[30.01.2025 14:47:20.248][main]Создание фрейма номер - 0 - успешно!
[30.01.2025 14:47:20.338][main]Создание фрейма номер - 1 - успешно!
[30.01.2025 14:47:20.421][main]Создание фрейма номер - 2 - успешно!
[30.01.2025 14:47:20.505][main]Создание фрейма номер - 3 - успешно!
[30.01.2025 14:47:20.592][main]Создание фрейма номер - 4 - успешно!
[30.01.2025 14:47:20.669][main]Создание фрейма номер - 5 - успешно!
[30.01.2025 14:47:20.964][success][COM1]:Порт открыт!
[30.01.2025 14:47:21.192][success][COM3]:Порт открыт!
[30.01.2025 14:47:21.273][success][COM5]:Порт открыт!
[30.01.2025 14:47:21.975][success][COM1]:Опрос КПА
[30.01.2025 14:47:22.061][success][COM1]:Данных нет или время ожидания истекло!
[30.01.2025 14:47:22.061][success][COM1]:THRD.ReciveAnswer. Ответ: 
[30.01.2025 14:47:22.061][success][COM1]:THRD.ReciveAnswer. Ответ: 
[30.01.2025 14:47:22.106][success][COM1]:Порт закрыт!
[30.01.2025 14:47:22.197][success][COM3]:Опрос КПА
[30.01.2025 14:47:22.264][success][COM3]:Данных нет или время ожидания истекло!
[30.01.2025 14:47:22.264][success][COM3]:THRD.ReciveAnswer. Ответ: 
[30.01.2025 14:47:22.265][success][COM3]:THRD.ReciveAnswer. Ответ: 
[30.01.2025 14:47:22.283][success][COM5]:Опрос КПА
[30.01.2025 14:47:22.437][success][COM3]:Порт закрыт!
[30.01.2025 14:47:22.439][success][COM5]:THRD.BCPRxChar. Ответ: {"KPA-1","1.05.04","5","17.01.2000,23:40:11","49566","7",{"7F9FFFCFF","1","1","NUMBER_BOARD2=Q100;01;2206;0024;01.02;92","HW_VERSION=0206","","","","0"}}

[30.01.2025 14:47:22.439][success][COM5]:THRD.ReciveAnswer. Ответ: {"KPA-1","1.05.04","5","17.01.2000,23:40:11","49566","7",{"7F9FFFCFF","1","1","NUMBER_BOARD2=Q100;01;2206;0024;01.02;92","HW_VERSION=0206","","","","0"}}

[30.01.2025 14:47:22.439][success][COM5]:THRD.ReciveAnswer. Ответ: {"KPA-1","1.05.04","5","17.01.2000,23:40:11","49566","7",{"7F9FFFCFF","1","1","NUMBER_BOARD2=Q100;01;2206;0024;01.02;92","HW_VERSION=0206","","","","0"}}

[30.01.2025 14:47:22.456][main][SQL] 25: select STANDID from STAND where STANDNUM = 5
[30.01.2025 14:47:22.457][success][COM5]:THRD.ReciveAnswer. Ответ: {"KPA-1","1.05.04","5","17.01.2000,23:40:11","49566","7",{"7F9FFFCFF","1","1","NUMBER_BOARD2=Q100;01;2206;0024;01.02;92","HW_VERSION=0206","","","","0"}}

[30.01.2025 14:47:23.506][main][SQL] 25: select STANDID from STAND where STANDNUM = 5
[30.01.2025 14:47:23.508][success][COM5]:THRD.BCPRxChar. Ответ: "7"

[30.01.2025 14:47:23.520][main][SQL] 25: select STANDID from STAND where STANDNUM = 5
[30.01.2025 14:47:23.520][success][COM5]:THRD.ReciveAnswer. Ответ: 7
[30.01.2025 14:47:23.529][main][SQL] 25: select STANDID from STAND where STANDNUM = 5
[30.01.2025 14:47:23.529][success][COM5]:THRD.ReciveAnswer. Ответ: 7
[30.01.2025 14:47:23.538][main][SQL] 25: select STANDID from STAND where STANDNUM = 5
[30.01.2025 14:47:23.551][success][COM5]:Плата не прошла проверку.
[30.01.2025 14:48:16.331][main]Старт программы KPA-1: Голунова Наталья Николаевна. Версия ПО: 1.0.0.0.
[30.01.2025 14:48:16.414][main]Создание фрейма номер - 0 - успешно!
[30.01.2025 14:48:16.493][main]Создание фрейма номер - 1 - успешно!
[30.01.2025 14:48:16.587][main]Создание фрейма номер - 2 - успешно!
[30.01.2025 14:48:16.665][main]Создание фрейма номер - 3 - успешно!
[30.01.2025 14:48:16.744][main]Создание фрейма номер - 4 - успешно!
[30.01.2025 14:48:16.819][main]Создание фрейма номер - 5 - успешно!
[30.01.2025 14:48:17.108][success][COM1]:Порт открыт!
[30.01.2025 14:48:17.359][success][COM3]:Порт открыт!
[30.01.2025 14:48:17.442][success][COM5]:Порт открыт!
[30.01.2025 14:48:18.117][success][COM1]:Опрос КПА
[30.01.2025 14:48:18.190][success][COM1]:Данных нет или время ожидания истекло!
[30.01.2025 14:48:18.190][success][COM1]:THRD.ReciveAnswer. Ответ: 
[30.01.2025 14:48:18.191][success][COM1]:THRD.ReciveAnswer. Ответ: 
[30.01.2025 14:48:18.233][success][COM1]:Порт закрыт!
[30.01.2025 14:48:18.372][success][COM3]:Опрос КПА
[30.01.2025 14:48:18.440][success][COM3]:Данных нет или время ожидания истекло!
[30.01.2025 14:48:18.440][success][COM3]:THRD.ReciveAnswer. Ответ: 
[30.01.2025 14:48:18.440][success][COM3]:THRD.ReciveAnswer. Ответ: 
[30.01.2025 14:48:18.458][success][COM5]:Опрос КПА
[30.01.2025 14:48:18.599][success][COM3]:Порт закрыт!
[30.01.2025 14:48:18.600][success][COM5]:THRD.BCPRxChar. Ответ: {"KPA-1","1.05.04","5","17.01.2000,23:41:07","49566","7",{"7F9FFFCFF","1","1","NUMBER_BOARD2=Q100;01;2206;0024;01.02;92","HW_VERSION=0206","","","","0"}}

[30.01.2025 14:48:18.602][success][COM5]:THRD.ReciveAnswer. Ответ: {"KPA-1","1.05.04","5","17.01.2000,23:41:07","49566","7",{"7F9FFFCFF","1","1","NUMBER_BOARD2=Q100;01;2206;0024;01.02;92","HW_VERSION=0206","","","","0"}}

[30.01.2025 14:48:18.603][success][COM5]:THRD.ReciveAnswer. Ответ: {"KPA-1","1.05.04","5","17.01.2000,23:41:07","49566","7",{"7F9FFFCFF","1","1","NUMBER_BOARD2=Q100;01;2206;0024;01.02;92","HW_VERSION=0206","","","","0"}}

[30.01.2025 14:48:18.622][main][SQL] 25: select STANDID from STAND where STANDNUM = 5
[30.01.2025 14:48:18.622][success][COM5]:THRD.ReciveAnswer. Ответ: {"KPA-1","1.05.04","5","17.01.2000,23:41:07","49566","7",{"7F9FFFCFF","1","1","NUMBER_BOARD2=Q100;01;2206;0024;01.02;92","HW_VERSION=0206","","","","0"}}

[30.01.2025 14:49:34.144][main]Старт программы KPA-1: Голунова Наталья Николаевна. Версия ПО: 1.0.0.0.
[30.01.2025 14:49:34.224][main]Создание фрейма номер - 0 - успешно!
[30.01.2025 14:49:34.320][main]Создание фрейма номер - 1 - успешно!
[30.01.2025 14:49:34.398][main]Создание фрейма номер - 2 - успешно!
[30.01.2025 14:49:34.476][main]Создание фрейма номер - 3 - успешно!
[30.01.2025 14:49:34.566][main]Создание фрейма номер - 4 - успешно!
[30.01.2025 14:49:34.641][main]Создание фрейма номер - 5 - успешно!
[30.01.2025 14:49:34.940][success][COM1]:Порт открыт!
[30.01.2025 14:49:35.194][success][COM3]:Порт открыт!
[30.01.2025 14:49:35.277][success][COM5]:Порт открыт!
[30.01.2025 14:49:35.947][success][COM1]:Опрос КПА
[30.01.2025 14:49:36.011][success][COM1]:Данных нет или время ожидания истекло!
[30.01.2025 14:49:36.011][success][COM1]:THRD.ReciveAnswer. Ответ: 
[30.01.2025 14:49:36.011][success][COM1]:THRD.ReciveAnswer. Ответ: 
[30.01.2025 14:49:36.058][success][COM1]:Порт закрыт!
[30.01.2025 14:49:36.210][success][COM3]:Опрос КПА
[30.01.2025 14:49:36.276][success][COM3]:Данных нет или время ожидания истекло!
[30.01.2025 14:49:36.276][success][COM3]:THRD.ReciveAnswer. Ответ: 
[30.01.2025 14:49:36.276][success][COM3]:THRD.ReciveAnswer. Ответ: 
[30.01.2025 14:49:36.295][success][COM5]:Опрос КПА
[30.01.2025 14:49:36.440][success][COM3]:Порт закрыт!
[30.01.2025 14:49:36.442][success][COM5]:THRD.BCPRxChar. Ответ: {"KPA-1","1.05.04","5","17.01.2000,23:42:25","49566","7",{"7F9FFFCFF","1","1","NUMBER_BOARD2=Q100;01;2206;0024;01.02;92","HW_VERSION=0206","","","","0"}}

[30.01.2025 14:49:36.442][success][COM5]:THRD.ReciveAnswer. Ответ: {"KPA-1","1.05.04","5","17.01.2000,23:42:25","49566","7",{"7F9FFFCFF","1","1","NUMBER_BOARD2=Q100;01;2206;0024;01.02;92","HW_VERSION=0206","","","","0"}}

[30.01.2025 14:49:36.444][success][COM5]:THRD.ReciveAnswer. Ответ: {"KPA-1","1.05.04","5","17.01.2000,23:42:25","49566","7",{"7F9FFFCFF","1","1","NUMBER_BOARD2=Q100;01;2206;0024;01.02;92","HW_VERSION=0206","","","","0"}}

[30.01.2025 14:49:36.464][main][SQL] 25: select STANDID from STAND where STANDNUM = 5
[30.01.2025 14:49:36.465][success][COM5]:THRD.ReciveAnswer. Ответ: {"KPA-1","1.05.04","5","17.01.2000,23:42:25","49566","7",{"7F9FFFCFF","1","1","NUMBER_BOARD2=Q100;01;2206;0024;01.02;92","HW_VERSION=0206","","","","0"}}

[30.01.2025 14:49:37.499][main][SQL] 25: select STANDID from STAND where STANDNUM = 5
[30.01.2025 14:49:37.501][success][COM5]:THRD.BCPRxChar. Ответ: "7"

[30.01.2025 14:49:37.511][main][SQL] 25: select STANDID from STAND where STANDNUM = 5
[30.01.2025 14:49:37.511][success][COM5]:THRD.ReciveAnswer. Ответ: 7
[30.01.2025 14:49:37.522][main][SQL] 25: select STANDID from STAND where STANDNUM = 5
[30.01.2025 14:49:37.522][success][COM5]:THRD.ReciveAnswer. Ответ: 7
[30.01.2025 14:49:37.531][main][SQL] 25: select STANDID from STAND where STANDNUM = 5
[30.01.2025 14:49:37.534][success][COM5]:Плата не прошла проверку.
[30.01.2025 14:57:36.032][main]Старт программы KPA-1: Голунова Наталья Николаевна. Версия ПО: 1.0.0.0.
[30.01.2025 14:57:36.111][main]Создание фрейма номер - 0 - успешно!
[30.01.2025 14:57:36.199][main]Создание фрейма номер - 1 - успешно!
[30.01.2025 14:57:36.274][main]Создание фрейма номер - 2 - успешно!
[30.01.2025 14:57:36.357][main]Создание фрейма номер - 3 - успешно!
[30.01.2025 14:57:36.433][main]Создание фрейма номер - 4 - успешно!
[30.01.2025 14:57:36.510][main]Создание фрейма номер - 5 - успешно!
[30.01.2025 14:57:36.828][success][COM1]:Порт открыт!
[30.01.2025 14:57:37.078][success][COM3]:Порт открыт!
[30.01.2025 14:57:37.163][success][COM5]:Порт открыт!
[30.01.2025 14:57:37.838][success][COM1]:Опрос КПА
[30.01.2025 14:57:37.897][success][COM1]:Данных нет или время ожидания истекло!
[30.01.2025 14:57:37.897][success][COM1]:THRD.ReciveAnswer. Ответ: 
[30.01.2025 14:57:37.897][success][COM1]:THRD.ReciveAnswer. Ответ: 
[30.01.2025 14:57:37.935][success][COM1]:Порт закрыт!
[30.01.2025 14:57:38.088][success][COM3]:Опрос КПА
[30.01.2025 14:57:38.165][success][COM5]:Опрос КПА
[30.01.2025 14:57:38.175][success][COM3]:Данных нет или время ожидания истекло!
[30.01.2025 14:57:38.175][success][COM3]:THRD.ReciveAnswer. Ответ: 
[30.01.2025 14:57:38.175][success][COM3]:THRD.ReciveAnswer. Ответ: 
[30.01.2025 14:57:38.216][success][COM5]:THRD.BCPRxChar. Ответ: {"KPA-1","1.05.04","5","17.01.2000,23:50:27","49567","1",{"7F9FFFCFF","1","1","NUMBER_BOARD2=Q100;01;2206;0024;01.02;92","HW_VERSION=0206","","","","0"}}

[30.01.2025 14:57:38.328][success][COM3]:Порт закрыт!
[30.01.2025 14:57:38.328][success][COM5]:THRD.ReciveAnswer. Ответ: {"KPA-1","1.05.04","5","17.01.2000,23:50:27","49567","1",{"7F9FFFCFF","1","1","NUMBER_BOARD2=Q100;01;2206;0024;01.02;92","HW_VERSION=0206","","","","0"}}

[30.01.2025 14:57:38.328][success][COM5]:THRD.ReciveAnswer. Ответ: {"KPA-1","1.05.04","5","17.01.2000,23:50:27","49567","1",{"7F9FFFCFF","1","1","NUMBER_BOARD2=Q100;01;2206;0024;01.02;92","HW_VERSION=0206","","","","0"}}

[30.01.2025 14:57:38.360][main][SQL] 25: select STANDID from STAND where STANDNUM = 5
[30.01.2025 14:57:38.360][success][COM5]:THRD.ReciveAnswer. Ответ: {"KPA-1","1.05.04","5","17.01.2000,23:50:27","49567","1",{"7F9FFFCFF","1","1","NUMBER_BOARD2=Q100;01;2206;0024;01.02;92","HW_VERSION=0206","","","","0"}}

[30.01.2025 14:57:39.400][main][SQL] 25: select STANDID from STAND where STANDNUM = 5
[30.01.2025 14:57:39.402][success][COM5]:THRD.BCPRxChar. Ответ: "1"

[30.01.2025 14:57:39.410][main][SQL] 25: select STANDID from STAND where STANDNUM = 5
[30.01.2025 14:57:39.411][success][COM5]:THRD.ReciveAnswer. Ответ: 1
[30.01.2025 14:57:39.420][main][SQL] 25: select STANDID from STAND where STANDNUM = 5
[30.01.2025 14:57:39.420][success][COM5]:THRD.ReciveAnswer. Ответ: 1
[30.01.2025 14:57:39.428][main][SQL] 25: select STANDID from STAND where STANDNUM = 5
[30.01.2025 14:57:39.431][success][COM5]:Плата вставлена и проверка не начата.
[30.01.2025 14:57:40.480][main][SQL] 25: select STANDID from STAND where STANDNUM = 5
[30.01.2025 14:57:40.482][success][COM5]:THRD.BCPRxChar. Ответ: "1"

[30.01.2025 14:57:40.494][main][SQL] 25: select STANDID from STAND where STANDNUM = 5
[30.01.2025 14:57:40.494][success][COM5]:THRD.ReciveAnswer. Ответ: 1
[30.01.2025 14:57:40.505][main][SQL] 25: select STANDID from STAND where STANDNUM = 5
[30.01.2025 14:57:40.505][success][COM5]:THRD.ReciveAnswer. Ответ: 1
[30.01.2025 14:57:40.516][main][SQL] 25: select STANDID from STAND where STANDNUM = 5
[30.01.2025 14:57:40.518][success][COM5]:Плата вставлена и проверка не начата.
[30.01.2025 14:57:41.558][main][SQL] 25: select STANDID from STAND where STANDNUM = 5
[30.01.2025 14:57:41.560][success][COM5]:THRD.BCPRxChar. Ответ: "1"

[30.01.2025 14:57:41.572][main][SQL] 25: select STANDID from STAND where STANDNUM = 5
[30.01.2025 14:57:41.572][success][COM5]:THRD.ReciveAnswer. Ответ: 1
[30.01.2025 14:57:41.583][main][SQL] 25: select STANDID from STAND where STANDNUM = 5
[30.01.2025 14:57:41.584][success][COM5]:THRD.ReciveAnswer. Ответ: 1
[30.01.2025 14:57:41.594][main][SQL] 25: select STANDID from STAND where STANDNUM = 5
[30.01.2025 14:57:41.596][success][COM5]:Плата вставлена и проверка не начата.
[30.01.2025 14:57:42.647][main][SQL] 25: select STANDID from STAND where STANDNUM = 5
[30.01.2025 14:57:42.649][success][COM5]:THRD.BCPRxChar. Ответ: "1"

[30.01.2025 14:57:42.662][main][SQL] 25: select STANDID from STAND where STANDNUM = 5
[30.01.2025 14:57:42.662][success][COM5]:THRD.ReciveAnswer. Ответ: 1
[30.01.2025 14:57:42.673][main][SQL] 25: select STANDID from STAND where STANDNUM = 5
[30.01.2025 14:57:42.674][success][COM5]:THRD.ReciveAnswer. Ответ: 1
[30.01.2025 14:57:42.687][main][SQL] 25: select STANDID from STAND where STANDNUM = 5
[30.01.2025 14:57:42.689][success][COM5]:Плата вставлена и проверка не начата.
[30.01.2025 14:57:43.738][main][SQL] 25: select STANDID from STAND where STANDNUM = 5
[30.01.2025 14:57:43.740][success][COM5]:THRD.BCPRxChar. Ответ: "1"

[30.01.2025 14:57:43.753][main][SQL] 25: select STANDID from STAND where STANDNUM = 5
[30.01.2025 14:57:43.753][success][COM5]:THRD.ReciveAnswer. Ответ: 1
[30.01.2025 14:57:43.765][main][SQL] 25: select STANDID from STAND where STANDNUM = 5
[30.01.2025 14:57:43.766][success][COM5]:THRD.ReciveAnswer. Ответ: 1
[30.01.2025 14:57:43.778][main][SQL] 25: select STANDID from STAND where STANDNUM = 5
[30.01.2025 14:57:43.779][success][COM5]:Плата вставлена и проверка не начата.
[30.01.2025 14:57:44.101][main][SQL] 34259074303: select CVE1SETTINGS.enable_script from CVE1SETTINGS where(CVE1SETTINGS.id = 63
[30.01.2025 14:57:44.108][main][SQL] 02.06: select METERBOARDDICT."VERSION" from METERBOARDDICT, CVE1SETTINGS where (CVE1SETTINGS.boardtypeid = METERBOARDDICT.id) and (CVE1SETTINGS.id = 63
[30.01.2025 14:57:44.115][main][SQL] ООО "Райт Электроникс": select BOARDMANUFACTRERS.name from BOARDMANUFACTRERS where (BOARDMANUFACTRERS.id = :01
[30.01.2025 14:57:44.830][main][SQL] 25: select STANDID from STAND where STANDNUM = 5
[30.01.2025 14:57:44.833][success][COM5]:THRD.BCPRxChar. Ответ: "1"

[30.01.2025 14:57:44.847][main][SQL] 25: select STANDID from STAND where STANDNUM = 5
[30.01.2025 14:57:44.847][success][COM5]:THRD.ReciveAnswer. Ответ: 1
[30.01.2025 14:57:44.860][main][SQL] 25: select STANDID from STAND where STANDNUM = 5
[30.01.2025 14:57:44.860][success][COM5]:THRD.ReciveAnswer. Ответ: 1
[30.01.2025 14:57:44.873][main][SQL] 25: select STANDID from STAND where STANDNUM = 5
[30.01.2025 14:57:44.874][success][COM5]:Плата вставлена и проверка не начата.
[30.01.2025 14:57:45.922][main][SQL] 25: select STANDID from STAND where STANDNUM = 5
[30.01.2025 14:57:45.923][success][COM5]:THRD.BCPRxChar. Ответ: "1"

[30.01.2025 14:57:45.940][main][SQL] 25: select STANDID from STAND where STANDNUM = 5
[30.01.2025 14:57:45.940][success][COM5]:THRD.ReciveAnswer. Ответ: 1
[30.01.2025 14:57:45.953][main][SQL] 25: select STANDID from STAND where STANDNUM = 5
[30.01.2025 14:57:45.954][success][COM5]:THRD.ReciveAnswer. Ответ: 1
[30.01.2025 14:57:45.967][main][SQL] 25: select STANDID from STAND where STANDNUM = 5
[30.01.2025 14:57:45.969][success][COM5]:Плата вставлена и проверка не начата.
[30.01.2025 14:57:47.009][main][SQL] 25: select STANDID from STAND where STANDNUM = 5
[30.01.2025 14:57:47.012][success][COM5]:Опрос параметров КПА
[30.01.2025 14:57:47.082][main][SQL] 25: select STANDID from STAND where STANDNUM = 5
[30.01.2025 14:57:47.084][success][COM5]:THRD.BCPRxChar. Ответ: {"7F9FFFCFF","1","1","NUMBER_BOARD2=Q100;01;2206;0024;01.02;92","HW_VERSION=0206","","","","0"}

[30.01.2025 14:57:47.098][main][SQL] 25: select STANDID from STAND where STANDNUM = 5
[30.01.2025 14:57:47.099][success][COM5]:THRD.ReciveAnswer. Ответ: {"7F9FFFCFF","1","1","NUMBER_BOARD2=Q100;01;2206;0024;01.02;92","HW_VERSION=0206","","","","0"}

[30.01.2025 14:57:47.113][main][SQL] 25: select STANDID from STAND where STANDNUM = 5
[30.01.2025 14:57:47.113][success][COM5]:THRD.ReciveAnswer. Ответ: {"7F9FFFCFF","1","1","NUMBER_BOARD2=Q100;01;2206;0024;01.02;92","HW_VERSION=0206","","","","0"}

[30.01.2025 14:57:48.138][main][SQL] 25: select STANDID from STAND where STANDNUM = 5
[30.01.2025 14:57:48.141][success][COM5]:Старт проверки
[30.01.2025 14:57:48.181][main][SQL] 25: select STANDID from STAND where STANDNUM = 5
[30.01.2025 14:57:48.183][success][COM5]:THRD.BCPRxChar. Ответ: OK

[30.01.2025 14:57:48.201][main][SQL] 25: select STANDID from STAND where STANDNUM = 5
[30.01.2025 14:57:48.201][success][COM5]:THRD.ReciveAnswer. Ответ: OK

[30.01.2025 14:57:48.217][main][SQL] 25: select STANDID from STAND where STANDNUM = 5
[30.01.2025 14:57:48.217][success][COM5]:THRD.ReciveAnswer. Ответ: OK

[30.01.2025 14:57:49.274][main][SQL] 25: select STANDID from STAND where STANDNUM = 5
[30.01.2025 14:57:49.276][success][COM5]:THRD.BCPRxChar. Ответ: "2"

[30.01.2025 14:57:49.301][main][SQL] 25: select STANDID from STAND where STANDNUM = 5
[30.01.2025 14:57:49.301][success][COM5]:THRD.ReciveAnswer. Ответ: 2
[30.01.2025 14:57:49.319][main][SQL] 25: select STANDID from STAND where STANDNUM = 5
[30.01.2025 14:57:49.320][success][COM5]:THRD.ReciveAnswer. Ответ: 2
[30.01.2025 14:57:49.337][main][SQL] 25: select STANDID from STAND where STANDNUM = 5
[30.01.2025 14:57:49.340][success][COM5]:Скрипт без оператора.
[30.01.2025 14:57:50.383][main][SQL] 25: select STANDID from STAND where STANDNUM = 5
[30.01.2025 14:57:50.385][success][COM5]:THRD.BCPRxChar. Ответ: "2"

[30.01.2025 14:57:50.404][main][SQL] 25: select STANDID from STAND where STANDNUM = 5
[30.01.2025 14:57:50.405][success][COM5]:THRD.ReciveAnswer. Ответ: 2
[30.01.2025 14:57:50.422][main][SQL] 25: select STANDID from STAND where STANDNUM = 5
[30.01.2025 14:57:50.422][success][COM5]:THRD.ReciveAnswer. Ответ: 2
[30.01.2025 14:57:50.439][main][SQL] 25: select STANDID from STAND where STANDNUM = 5
[30.01.2025 14:57:50.441][success][COM5]:Скрипт без оператора.
[30.01.2025 14:57:51.497][main][SQL] 25: select STANDID from STAND where STANDNUM = 5
[30.01.2025 14:57:51.498][success][COM5]:THRD.BCPRxChar. Ответ: "2"

[30.01.2025 14:57:51.517][main][SQL] 25: select STANDID from STAND where STANDNUM = 5
[30.01.2025 14:57:51.518][success][COM5]:THRD.ReciveAnswer. Ответ: 2
[30.01.2025 14:57:51.536][main][SQL] 25: select STANDID from STAND where STANDNUM = 5
[30.01.2025 14:57:51.537][success][COM5]:THRD.ReciveAnswer. Ответ: 2
[30.01.2025 14:57:51.555][main][SQL] 25: select STANDID from STAND where STANDNUM = 5
[30.01.2025 14:57:51.557][success][COM5]:Скрипт без оператора.
[30.01.2025 14:57:52.609][main][SQL] 25: select STANDID from STAND where STANDNUM = 5
[30.01.2025 14:57:52.611][success][COM5]:THRD.BCPRxChar. Ответ: "7"

[30.01.2025 14:57:52.630][main][SQL] 25: select STANDID from STAND where STANDNUM = 5
[30.01.2025 14:57:52.630][success][COM5]:THRD.ReciveAnswer. Ответ: 7
[30.01.2025 14:57:52.649][main][SQL] 25: select STANDID from STAND where STANDNUM = 5
[30.01.2025 14:57:52.650][success][COM5]:THRD.ReciveAnswer. Ответ: 7
[30.01.2025 14:57:52.669][main][SQL] 25: select STANDID from STAND where STANDNUM = 5
[30.01.2025 14:57:52.673][success][COM5]:Плата не прошла проверку.
[30.01.2025 15:26:38.552][main]Старт программы KPA-1: Голунова Наталья Николаевна. Версия ПО: 1.0.0.0.
[30.01.2025 15:26:38.646][main]Создание фрейма номер - 0 - успешно!
[30.01.2025 15:26:38.723][main]Создание фрейма номер - 1 - успешно!
[30.01.2025 15:26:38.805][main]Создание фрейма номер - 2 - успешно!
[30.01.2025 15:26:38.884][main]Создание фрейма номер - 3 - успешно!
[30.01.2025 15:26:38.962][main]Создание фрейма номер - 4 - успешно!
[30.01.2025 15:26:39.043][main]Создание фрейма номер - 5 - успешно!
[30.01.2025 15:26:39.329][success][COM1]:Порт открыт!
[30.01.2025 15:26:39.583][success][COM3]:Порт открыт!
[30.01.2025 15:26:39.666][success][COM5]:Порт открыт!
[30.01.2025 15:26:40.337][success][COM1]:Опрос КПА
[30.01.2025 15:26:40.418][success][COM1]:Данных нет или время ожидания истекло!
[30.01.2025 15:26:40.418][success][COM1]:THRD.ReciveAnswer. Ответ: 
[30.01.2025 15:26:40.418][success][COM1]:THRD.ReciveAnswer. Ответ: 
[30.01.2025 15:26:40.451][success][COM1]:Порт закрыт!
[30.01.2025 15:26:40.588][success][COM3]:Опрос КПА
[30.01.2025 15:26:40.665][success][COM3]:Данных нет или время ожидания истекло!
[30.01.2025 15:26:40.666][success][COM3]:THRD.ReciveAnswer. Ответ: 
[30.01.2025 15:26:40.666][success][COM3]:THRD.ReciveAnswer. Ответ: 
[30.01.2025 15:26:40.666][success][COM5]:Опрос КПА
[30.01.2025 15:26:40.838][success][COM3]:Порт закрыт!
[30.01.2025 15:26:40.840][success][COM5]:THRD.BCPRxChar. Ответ: {"KPA-1","1.05.04","5","18.01.2000,00:19:30","49567","7",{"7F9FFFCFF","1","1","NUMBER_BOARD2=Q100;01;2206;0024;01.02;92","HW_VERSION=0206","","","","0"}}

[30.01.2025 15:26:40.840][success][COM5]:THRD.ReciveAnswer. Ответ: {"KPA-1","1.05.04","5","18.01.2000,00:19:30","49567","7",{"7F9FFFCFF","1","1","NUMBER_BOARD2=Q100;01;2206;0024;01.02;92","HW_VERSION=0206","","","","0"}}

[30.01.2025 15:26:40.841][success][COM5]:THRD.ReciveAnswer. Ответ: {"KPA-1","1.05.04","5","18.01.2000,00:19:30","49567","7",{"7F9FFFCFF","1","1","NUMBER_BOARD2=Q100;01;2206;0024;01.02;92","HW_VERSION=0206","","","","0"}}

[30.01.2025 15:26:40.857][main][SQL] 25: select STANDID from STAND where STANDNUM = 5
[30.01.2025 15:26:40.857][success][COM5]:THRD.ReciveAnswer. Ответ: {"KPA-1","1.05.04","5","18.01.2000,00:19:30","49567","7",{"7F9FFFCFF","1","1","NUMBER_BOARD2=Q100;01;2206;0024;01.02;92","HW_VERSION=0206","","","","0"}}

[30.01.2025 15:26:41.898][main][SQL] 25: select STANDID from STAND where STANDNUM = 5
[30.01.2025 15:26:41.900][success][COM5]:THRD.BCPRxChar. Ответ: "7"

[30.01.2025 15:26:41.909][main][SQL] 25: select STANDID from STAND where STANDNUM = 5
[30.01.2025 15:26:41.909][success][COM5]:THRD.ReciveAnswer. Ответ: 7
[30.01.2025 15:26:41.918][main][SQL] 25: select STANDID from STAND where STANDNUM = 5
[30.01.2025 15:26:41.918][success][COM5]:THRD.ReciveAnswer. Ответ: 7
[30.01.2025 15:26:41.926][main][SQL] 25: select STANDID from STAND where STANDNUM = 5
[30.01.2025 15:26:41.929][success][COM5]:Плата не прошла проверку.
[30.01.2025 15:30:02.419][main]Старт программы KPA-1: Голунова Наталья Николаевна. Версия ПО: 1.0.0.0.
[30.01.2025 15:30:02.500][main]Создание фрейма номер - 0 - успешно!
[30.01.2025 15:30:02.596][main]Создание фрейма номер - 1 - успешно!
[30.01.2025 15:30:02.671][main]Создание фрейма номер - 2 - успешно!
[30.01.2025 15:30:02.749][main]Создание фрейма номер - 3 - успешно!
[30.01.2025 15:30:02.839][main]Создание фрейма номер - 4 - успешно!
[30.01.2025 15:30:02.913][main]Создание фрейма номер - 5 - успешно!
[30.01.2025 15:30:03.231][success][COM1]:Порт открыт!
[30.01.2025 15:30:03.495][success][COM3]:Порт открыт!
[30.01.2025 15:30:03.585][success][COM5]:Порт открыт!
[30.01.2025 15:30:04.235][success][COM1]:Опрос КПА
[30.01.2025 15:30:04.313][success][COM1]:Данных нет или время ожидания истекло!
[30.01.2025 15:30:04.313][success][COM1]:THRD.ReciveAnswer. Ответ: 
[30.01.2025 15:30:04.313][success][COM1]:THRD.ReciveAnswer. Ответ: 
[30.01.2025 15:30:04.348][success][COM1]:Порт закрыт!
[30.01.2025 15:30:04.502][success][COM3]:Опрос КПА
[30.01.2025 15:30:04.578][success][COM3]:Данных нет или время ожидания истекло!
[30.01.2025 15:30:04.578][success][COM3]:THRD.ReciveAnswer. Ответ: 
[30.01.2025 15:30:04.578][success][COM3]:THRD.ReciveAnswer. Ответ: 
[30.01.2025 15:30:04.597][success][COM5]:Опрос КПА
[30.01.2025 15:30:04.727][success][COM3]:Порт закрыт!
[30.01.2025 15:30:04.729][success][COM5]:THRD.BCPRxChar. Ответ: {"KPA-1","1.05.04","5","18.01.2000,00:22:54","49567","7",{"7F9FFFCFF","1","1","NUMBER_BOARD2=Q100;01;2206;0024;01.02;92","HW_VERSION=0206","","","","0"}}

[30.01.2025 15:30:04.729][success][COM5]:THRD.ReciveAnswer. Ответ: {"KPA-1","1.05.04","5","18.01.2000,00:22:54","49567","7",{"7F9FFFCFF","1","1","NUMBER_BOARD2=Q100;01;2206;0024;01.02;92","HW_VERSION=0206","","","","0"}}

[30.01.2025 15:30:04.729][success][COM5]:THRD.ReciveAnswer. Ответ: {"KPA-1","1.05.04","5","18.01.2000,00:22:54","49567","7",{"7F9FFFCFF","1","1","NUMBER_BOARD2=Q100;01;2206;0024;01.02;92","HW_VERSION=0206","","","","0"}}

[30.01.2025 15:30:04.746][main][SQL] 25: select STANDID from STAND where STANDNUM = 5
[30.01.2025 15:30:04.747][success][COM5]:THRD.ReciveAnswer. Ответ: {"KPA-1","1.05.04","5","18.01.2000,00:22:54","49567","7",{"7F9FFFCFF","1","1","NUMBER_BOARD2=Q100;01;2206;0024;01.02;92","HW_VERSION=0206","","","","0"}}

[30.01.2025 15:30:05.789][main][SQL] 25: select STANDID from STAND where STANDNUM = 5
[30.01.2025 15:30:05.791][success][COM5]:THRD.BCPRxChar. Ответ: "7"

[30.01.2025 15:30:05.800][main][SQL] 25: select STANDID from STAND where STANDNUM = 5
[30.01.2025 15:30:05.800][success][COM5]:THRD.ReciveAnswer. Ответ: 7
[30.01.2025 15:30:05.809][main][SQL] 25: select STANDID from STAND where STANDNUM = 5
[30.01.2025 15:30:05.810][success][COM5]:THRD.ReciveAnswer. Ответ: 7
[30.01.2025 15:30:05.818][main][SQL] 25: select STANDID from STAND where STANDNUM = 5
[30.01.2025 15:30:05.822][success][COM5]:Плата не прошла проверку.
[30.01.2025 15:30:06.840][main][SQL] 25: select STANDID from STAND where STANDNUM = 5
[30.01.2025 15:30:06.843][success][COM5]:GetStatusScript
[30.01.2025 15:30:06.876][main][SQL] 25: select STANDID from STAND where STANDNUM = 5
[30.01.2025 15:30:06.879][success][COM5]:THRD.BCPRxChar. Ответ: ";;"7 Сопр.R52 Клапана  ;0 Диапазон настр. от:820 до:1100 Измерено:2982.749;Неверное значен."

[30.01.2025 15:30:06.889][main][SQL] 25: select STANDID from STAND where STANDNUM = 5
[30.01.2025 15:30:06.890][success][COM5]:THRD.ReciveAnswer. Ответ: ";;"7 Сопр.R52 Клапана  ;0 Диапазон настр. от:820 до:1100 Измерено:2982.749;Неверное значен."

[30.01.2025 15:30:06.899][main][SQL] 25: select STANDID from STAND where STANDNUM = 5
[30.01.2025 15:30:06.900][success][COM5]:THRD.ReciveAnswer. Ответ: ";;"7 Сопр.R52 Клапана  ;0 Диапазон настр. от:820 до:1100 Измерено:2982.749;Неверное значен."

[30.01.2025 15:30:06.916][main][SQL] 25: select STANDID from STAND where STANDNUM = 5
[30.01.2025 15:30:06.919][success][COM5]:";;"7 Сопр.R52 Клапана  ;0 Диапазон настр. от:820 до:1100 Измерено:2982.749;Неверное значен."

[30.01.2025 15:30:06.928][main][SQL] 25: select STANDID from STAND where STANDNUM = 5
[30.01.2025 15:30:06.932][success][COM5]:НЕ ГОДЕН
[30.01.2025 15:30:18.250][main][SQL] 16797: select ID from COMMENTS where COMMENT = ";;"7 Сопр.R52 Клапана  ;0 Диапазон настр. от:820 до:1100 Измерено:2982.749;Неверное значен."

[30.01.2025 15:30:34.119][main][SQL] 0: select meterboards.id from meterboards, meterboarddict where meterboarddict.id = meterboards.boardtypeid and meterboards.serial = Q100;01;2206;0024;01.02;92 and meterboarddict."VERSION" = 02.06
[30.01.2025 15:32:07.464][main][SQL] 117: select meterboarddict.ID from meterboarddict, Boardtypedict where Boardtypedict.id = meterboarddict.boardtypenameid and Boardtypedict.prefix3 = 100 and meterboarddict."VERSION" = 02.06
[30.01.2025 15:32:17.355][main][SQL] 172247: Insert INTO METERBOARDS(BOARDTYPEID, SERIAL) values :pMeterBoardDictID = 117 :pSerial = Q100;01;2206;0024;01.02;92
[30.01.2025 15:32:32.810][main][SQL] 37: select METEREVENTTYPEID from CVE1SETTINGS where ID = 63
[30.01.2025 15:32:53.473][main][SQL] 418772: Insert INTO BOARDEVENTS(BRDEVENTTYPEID, BRDEVENTDATE, BOARDID, USERID, STANDID, EVENTSTATE, PRESETID, COMMENTID) values :pLastEvent = 37, :pDTNow = 30.01.2025, :pMeterBoardsID = 172247, :pUserID = 31, :pStandID = 25, :pStatusFlag = 1, :pPresetID = 63, :pCommentID = 16797
[30.01.2025 15:33:03.139][main][SQL] 172247: select meterboards.id from meterboards, meterboarddict where meterboarddict.id = meterboards.boardtypeid and meterboards.serial = Q100;01;2206;0024;01.02;92 and meterboarddict."VERSION" = 02.06
[30.01.2025 15:33:13.369][main][SQL] 172247: update METERBOARDS set STATE_CURR_ID = 1 LAST_EVENT_ID = 37 where SERIAL = Q100;01;2206;0024;01.02;92
[30.01.2025 16:03:16.918][main]Старт программы KPA-1: Голунова Наталья Николаевна. Версия ПО: 1.0.0.0.
[30.01.2025 16:03:16.950][main]Создание фрейма номер - 0 - успешно!
[30.01.2025 16:03:16.974][main]Создание фрейма номер - 1 - успешно!
[30.01.2025 16:03:17.000][main]Создание фрейма номер - 2 - успешно!
[30.01.2025 16:03:17.043][main]Создание фрейма номер - 3 - успешно!
[30.01.2025 16:03:17.066][main]Создание фрейма номер - 4 - успешно!
[30.01.2025 16:03:17.091][main]Создание фрейма номер - 5 - успешно!
[30.01.2025 16:03:17.314][success][COM1]:Порт открыт!
[30.01.2025 16:03:17.534][success][COM3]:Порт открыт!
[30.01.2025 16:03:17.614][success][COM5]:Порт открыт!
[30.01.2025 16:03:18.315][success][COM1]:Опрос КПА
[30.01.2025 16:03:18.373][success][COM1]:Данных нет или время ожидания истекло!
[30.01.2025 16:03:18.373][success][COM1]:THRD.ReciveAnswer. Ответ: 
[30.01.2025 16:03:18.373][success][COM1]:THRD.ReciveAnswer. Ответ: 
[30.01.2025 16:03:18.412][success][COM1]:Порт закрыт!
[30.01.2025 16:03:18.535][success][COM3]:Опрос КПА
[30.01.2025 16:03:18.615][success][COM5]:Опрос КПА
[30.01.2025 16:03:18.617][success][COM3]:Данных нет или время ожидания истекло!
[30.01.2025 16:03:18.617][success][COM3]:THRD.ReciveAnswer. Ответ: 
[30.01.2025 16:03:18.617][success][COM3]:THRD.ReciveAnswer. Ответ: 
[30.01.2025 16:03:18.788][success][COM3]:Порт закрыт!
[30.01.2025 16:03:18.790][success][COM5]:THRD.BCPRxChar. Ответ: {"KPA-1","1.05.04","5","18.01.2000,00:56:08","49567","7",{"7F9FFFCFF","1","1","NUMBER_BOARD2=Q100;01;2206;0024;01.02;92","HW_VERSION=0206","","","","0"}}

[30.01.2025 16:03:18.790][success][COM5]:THRD.ReciveAnswer. Ответ: {"KPA-1","1.05.04","5","18.01.2000,00:56:08","49567","7",{"7F9FFFCFF","1","1","NUMBER_BOARD2=Q100;01;2206;0024;01.02;92","HW_VERSION=0206","","","","0"}}

[30.01.2025 16:03:18.791][success][COM5]:THRD.ReciveAnswer. Ответ: {"KPA-1","1.05.04","5","18.01.2000,00:56:08","49567","7",{"7F9FFFCFF","1","1","NUMBER_BOARD2=Q100;01;2206;0024;01.02;92","HW_VERSION=0206","","","","0"}}

[30.01.2025 16:03:18.801][main][SQL] 25: select STANDID from STAND where STANDNUM = 5
[30.01.2025 16:03:18.801][success][COM5]:THRD.ReciveAnswer. Ответ: {"KPA-1","1.05.04","5","18.01.2000,00:56:08","49567","7",{"7F9FFFCFF","1","1","NUMBER_BOARD2=Q100;01;2206;0024;01.02;92","HW_VERSION=0206","","","","0"}}

[30.01.2025 16:03:19.840][main][SQL] 25: select STANDID from STAND where STANDNUM = 5
[30.01.2025 16:03:19.842][success][COM5]:THRD.BCPRxChar. Ответ: "7"

[30.01.2025 16:03:19.846][main][SQL] 25: select STANDID from STAND where STANDNUM = 5
[30.01.2025 16:03:19.846][success][COM5]:THRD.ReciveAnswer. Ответ: 7
[30.01.2025 16:03:19.849][main][SQL] 25: select STANDID from STAND where STANDNUM = 5
[30.01.2025 16:03:19.850][success][COM5]:THRD.ReciveAnswer. Ответ: 7
[30.01.2025 16:03:19.853][main][SQL] 25: select STANDID from STAND where STANDNUM = 5
[30.01.2025 16:03:19.856][success][COM5]:Плата не прошла проверку.
[30.01.2025 16:05:47.980][main]Старт программы KPA-1: Голунова Наталья Николаевна. Версия ПО: 1.0.0.0.
[30.01.2025 16:05:48.029][main]Создание фрейма номер - 0 - успешно!
[30.01.2025 16:05:48.054][main]Создание фрейма номер - 1 - успешно!
[30.01.2025 16:05:48.078][main]Создание фрейма номер - 2 - успешно!
[30.01.2025 16:05:48.100][main]Создание фрейма номер - 3 - успешно!
[30.01.2025 16:05:48.123][main]Создание фрейма номер - 4 - успешно!
[30.01.2025 16:05:48.145][main]Создание фрейма номер - 5 - успешно!
[30.01.2025 16:05:48.355][success][COM1]:Порт открыт!
[30.01.2025 16:05:48.593][success][COM3]:Порт открыт!
[30.01.2025 16:05:48.668][success][COM5]:Порт открыт!
[30.01.2025 16:05:49.362][success][COM1]:Опрос КПА
[30.01.2025 16:05:49.420][success][COM1]:Данных нет или время ожидания истекло!
[30.01.2025 16:05:49.420][success][COM1]:THRD.ReciveAnswer. Ответ: 
[30.01.2025 16:05:49.420][success][COM1]:THRD.ReciveAnswer. Ответ: 
[30.01.2025 16:05:49.457][success][COM1]:Порт закрыт!
[30.01.2025 16:05:49.594][success][COM3]:Опрос КПА
[30.01.2025 16:05:49.670][success][COM3]:Данных нет или время ожидания истекло!
[30.01.2025 16:05:49.670][success][COM3]:THRD.ReciveAnswer. Ответ: 
[30.01.2025 16:05:49.670][success][COM3]:THRD.ReciveAnswer. Ответ: 
[30.01.2025 16:05:49.688][success][COM5]:Опрос КПА
[30.01.2025 16:05:49.831][success][COM3]:Порт закрыт!
[30.01.2025 16:05:49.833][success][COM5]:THRD.BCPRxChar. Ответ: {"KPA-1","1.05.04","5","18.01.2000,00:58:39","49567","7",{"7F9FFFCFF","1","1","NUMBER_BOARD2=Q100;01;2206;0024;01.02;92","HW_VERSION=0206","","","","0"}}

[30.01.2025 16:05:49.834][success][COM5]:THRD.ReciveAnswer. Ответ: {"KPA-1","1.05.04","5","18.01.2000,00:58:39","49567","7",{"7F9FFFCFF","1","1","NUMBER_BOARD2=Q100;01;2206;0024;01.02;92","HW_VERSION=0206","","","","0"}}

[30.01.2025 16:05:49.835][success][COM5]:THRD.ReciveAnswer. Ответ: {"KPA-1","1.05.04","5","18.01.2000,00:58:39","49567","7",{"7F9FFFCFF","1","1","NUMBER_BOARD2=Q100;01;2206;0024;01.02;92","HW_VERSION=0206","","","","0"}}

[30.01.2025 16:05:49.843][main][SQL] 25: select STANDID from STAND where STANDNUM = 5
[30.01.2025 16:05:49.843][success][COM5]:THRD.ReciveAnswer. Ответ: {"KPA-1","1.05.04","5","18.01.2000,00:58:39","49567","7",{"7F9FFFCFF","1","1","NUMBER_BOARD2=Q100;01;2206;0024;01.02;92","HW_VERSION=0206","","","","0"}}

[30.01.2025 16:05:50.876][main][SQL] 25: select STANDID from STAND where STANDNUM = 5
[30.01.2025 16:05:50.878][success][COM5]:THRD.BCPRxChar. Ответ: "7"

[30.01.2025 16:05:50.883][main][SQL] 25: select STANDID from STAND where STANDNUM = 5
[30.01.2025 16:05:50.883][success][COM5]:THRD.ReciveAnswer. Ответ: 7
[30.01.2025 16:05:50.886][main][SQL] 25: select STANDID from STAND where STANDNUM = 5
[30.01.2025 16:05:50.887][success][COM5]:THRD.ReciveAnswer. Ответ: 7
[30.01.2025 16:05:50.890][main][SQL] 25: select STANDID from STAND where STANDNUM = 5
[30.01.2025 16:05:50.894][success][COM5]:Плата не прошла проверку.
[30.01.2025 16:06:15.242][main]Старт программы KPA-1: Голунова Наталья Николаевна. Версия ПО: 1.0.0.0.
[30.01.2025 16:06:15.275][main]Создание фрейма номер - 0 - успешно!
[30.01.2025 16:06:15.300][main]Создание фрейма номер - 1 - успешно!
[30.01.2025 16:06:15.343][main]Создание фрейма номер - 2 - успешно!
[30.01.2025 16:06:15.367][main]Создание фрейма номер - 3 - успешно!
[30.01.2025 16:06:15.389][main]Создание фрейма номер - 4 - успешно!
[30.01.2025 16:06:15.411][main]Создание фрейма номер - 5 - успешно!
[30.01.2025 16:06:15.624][success][COM1]:Порт открыт!
[30.01.2025 16:06:15.863][success][COM3]:Порт открыт!
[30.01.2025 16:06:15.930][success][COM5]:Порт открыт!
[30.01.2025 16:06:16.636][success][COM1]:Опрос КПА
[30.01.2025 16:06:16.703][success][COM1]:Данных нет или время ожидания истекло!
[30.01.2025 16:06:16.704][success][COM1]:THRD.ReciveAnswer. Ответ: 
[30.01.2025 16:06:16.704][success][COM1]:THRD.ReciveAnswer. Ответ: 
[30.01.2025 16:06:16.747][success][COM1]:Порт закрыт!
[30.01.2025 16:06:16.874][success][COM3]:Опрос КПА
[30.01.2025 16:06:16.935][success][COM5]:Опрос КПА
[30.01.2025 16:06:16.946][success][COM3]:Данных нет или время ожидания истекло!
[30.01.2025 16:06:16.946][success][COM3]:THRD.ReciveAnswer. Ответ: 
[30.01.2025 16:06:16.946][success][COM3]:THRD.ReciveAnswer. Ответ: 
[30.01.2025 16:06:16.989][success][COM5]:THRD.BCPRxChar. Ответ: {"KPA-1","1.05.04","5","18.01.2000,00:59:07","49567","7",{"7F9FFFCFF","1","1","NUMBER_BOARD2=Q100;01;2206;0024;01.02;92","HW_VERSION=0206","","","","0"}}

[30.01.2025 16:06:17.110][success][COM3]:Порт закрыт!
[30.01.2025 16:06:17.110][success][COM5]:THRD.ReciveAnswer. Ответ: {"KPA-1","1.05.04","5","18.01.2000,00:59:07","49567","7",{"7F9FFFCFF","1","1","NUMBER_BOARD2=Q100;01;2206;0024;01.02;92","HW_VERSION=0206","","","","0"}}

[30.01.2025 16:06:17.110][success][COM5]:THRD.ReciveAnswer. Ответ: {"KPA-1","1.05.04","5","18.01.2000,00:59:07","49567","7",{"7F9FFFCFF","1","1","NUMBER_BOARD2=Q100;01;2206;0024;01.02;92","HW_VERSION=0206","","","","0"}}

[30.01.2025 16:06:17.122][main][SQL] 25: select STANDID from STAND where STANDNUM = 5
[30.01.2025 16:06:17.122][success][COM5]:THRD.ReciveAnswer. Ответ: {"KPA-1","1.05.04","5","18.01.2000,00:59:07","49567","7",{"7F9FFFCFF","1","1","NUMBER_BOARD2=Q100;01;2206;0024;01.02;92","HW_VERSION=0206","","","","0"}}

[30.01.2025 16:06:18.153][main][SQL] 25: select STANDID from STAND where STANDNUM = 5
[30.01.2025 16:06:18.156][success][COM5]:THRD.BCPRxChar. Ответ: "7"

[30.01.2025 16:06:18.161][main][SQL] 25: select STANDID from STAND where STANDNUM = 5
[30.01.2025 16:06:18.162][success][COM5]:THRD.ReciveAnswer. Ответ: 7
[30.01.2025 16:06:18.166][main][SQL] 25: select STANDID from STAND where STANDNUM = 5
[30.01.2025 16:06:18.166][success][COM5]:THRD.ReciveAnswer. Ответ: 7
[30.01.2025 16:06:18.172][main][SQL] 25: select STANDID from STAND where STANDNUM = 5
[30.01.2025 16:06:18.175][success][COM5]:Плата не прошла проверку.
[30.01.2025 16:09:41.235][main]Старт программы KPA-1: Голунова Наталья Николаевна. Версия ПО: 1.0.0.0.
[30.01.2025 16:09:41.280][main]Создание фрейма номер - 0 - успешно!
[30.01.2025 16:09:41.303][main]Создание фрейма номер - 1 - успешно!
[30.01.2025 16:09:41.335][main]Создание фрейма номер - 2 - успешно!
[30.01.2025 16:09:41.358][main]Создание фрейма номер - 3 - успешно!
[30.01.2025 16:09:41.380][main]Создание фрейма номер - 4 - успешно!
[30.01.2025 16:09:41.404][main]Создание фрейма номер - 5 - успешно!
[30.01.2025 16:09:41.603][success][COM1]:Порт открыт!
[30.01.2025 16:09:41.828][success][COM3]:Порт открыт!
[30.01.2025 16:09:41.901][success][COM5]:Порт открыт!
[30.01.2025 16:09:42.618][success][COM1]:Опрос КПА
[30.01.2025 16:09:42.686][success][COM1]:Данных нет или время ожидания истекло!
[30.01.2025 16:09:42.686][success][COM1]:THRD.ReciveAnswer. Ответ: 
[30.01.2025 16:09:42.686][success][COM1]:THRD.ReciveAnswer. Ответ: 
[30.01.2025 16:09:42.731][success][COM1]:Порт закрыт!
[30.01.2025 16:09:42.838][success][COM3]:Опрос КПА
[30.01.2025 16:09:42.915][success][COM5]:Опрос КПА
[30.01.2025 16:09:42.924][success][COM3]:Данных нет или время ожидания истекло!
[30.01.2025 16:09:42.924][success][COM3]:THRD.ReciveAnswer. Ответ: 
[30.01.2025 16:09:42.924][success][COM3]:THRD.ReciveAnswer. Ответ: 
[30.01.2025 16:09:42.959][success][COM5]:THRD.BCPRxChar. Ответ: {"KPA-1","1.05.04","5","18.01.2000,01:02:33","49567","7",{"7F9FFFCFF","1","1","NUMBER_BOARD2=Q100;01;2206;0024;01.02;92","HW_VERSION=0206","","","","0"}}

[30.01.2025 16:09:43.090][success][COM3]:Порт закрыт!
[30.01.2025 16:09:43.090][success][COM5]:THRD.ReciveAnswer. Ответ: {"KPA-1","1.05.04","5","18.01.2000,01:02:33","49567","7",{"7F9FFFCFF","1","1","NUMBER_BOARD2=Q100;01;2206;0024;01.02;92","HW_VERSION=0206","","","","0"}}

[30.01.2025 16:09:43.091][success][COM5]:THRD.ReciveAnswer. Ответ: {"KPA-1","1.05.04","5","18.01.2000,01:02:33","49567","7",{"7F9FFFCFF","1","1","NUMBER_BOARD2=Q100;01;2206;0024;01.02;92","HW_VERSION=0206","","","","0"}}

[30.01.2025 16:09:53.297][main][SQL] 25: select STANDID from STAND where STANDNUM = 5
[30.01.2025 16:09:57.529][success][COM5]:THRD.ReciveAnswer. Ответ: {"KPA-1","1.05.04","5","18.01.2000,01:02:33","49567","7",{"7F9FFFCFF","1","1","NUMBER_BOARD2=Q100;01;2206;0024;01.02;92","HW_VERSION=0206","","","","0"}}

[30.01.2025 16:14:44.170][main]Старт программы KPA-1: Голунова Наталья Николаевна. Версия ПО: 1.0.0.0.
[30.01.2025 16:14:44.213][main]Создание фрейма номер - 0 - успешно!
[30.01.2025 16:14:44.236][main]Создание фрейма номер - 1 - успешно!
[30.01.2025 16:14:44.259][main]Создание фрейма номер - 2 - успешно!
[30.01.2025 16:14:44.281][main]Создание фрейма номер - 3 - успешно!
[30.01.2025 16:14:44.304][main]Создание фрейма номер - 4 - успешно!
[30.01.2025 16:14:44.325][main]Создание фрейма номер - 5 - успешно!
[30.01.2025 16:14:44.561][success][COM1]:Порт открыт!
[30.01.2025 16:14:44.783][success][COM3]:Порт открыт!
[30.01.2025 16:14:44.860][success][COM5]:Порт открыт!
[30.01.2025 16:14:45.568][success][COM1]:Опрос КПА
[30.01.2025 16:14:45.636][success][COM1]:Данных нет или время ожидания истекло!
[30.01.2025 16:14:45.636][success][COM1]:THRD.ReciveAnswer. Ответ: 
[30.01.2025 16:14:45.636][success][COM1]:THRD.ReciveAnswer. Ответ: 
[30.01.2025 16:14:45.680][success][COM1]:Порт закрыт!
[30.01.2025 16:14:45.789][success][COM3]:Опрос КПА
[30.01.2025 16:14:45.850][success][COM3]:Данных нет или время ожидания истекло!
[30.01.2025 16:14:45.850][success][COM3]:THRD.ReciveAnswer. Ответ: 
[30.01.2025 16:14:45.850][success][COM3]:THRD.ReciveAnswer. Ответ: 
[30.01.2025 16:14:45.868][success][COM5]:Опрос КПА
[30.01.2025 16:14:46.013][success][COM3]:Порт закрыт!
[30.01.2025 16:14:46.016][success][COM5]:THRD.BCPRxChar. Ответ: {"KPA-1","1.05.04","5","18.01.2000,01:07:36","49567","7",{"7F9FFFCFF","1","1","NUMBER_BOARD2=Q100;01;2206;0024;01.02;92","HW_VERSION=0206","","","","0"}}

[30.01.2025 16:14:46.016][success][COM5]:THRD.ReciveAnswer. Ответ: {"KPA-1","1.05.04","5","18.01.2000,01:07:36","49567","7",{"7F9FFFCFF","1","1","NUMBER_BOARD2=Q100;01;2206;0024;01.02;92","HW_VERSION=0206","","","","0"}}

[30.01.2025 16:14:46.016][success][COM5]:THRD.ReciveAnswer. Ответ: {"KPA-1","1.05.04","5","18.01.2000,01:07:36","49567","7",{"7F9FFFCFF","1","1","NUMBER_BOARD2=Q100;01;2206;0024;01.02;92","HW_VERSION=0206","","","","0"}}

[30.01.2025 16:14:50.657][main][SQL] 25: select STANDID from STAND where STANDNUM = 5
[30.01.2025 16:14:50.657][success][COM5]:THRD.ReciveAnswer. Ответ: {"KPA-1","1.05.04","5","18.01.2000,01:07:36","49567","7",{"7F9FFFCFF","1","1","NUMBER_BOARD2=Q100;01;2206;0024;01.02;92","HW_VERSION=0206","","","","0"}}

[30.01.2025 16:14:51.690][success][COM5]:THRD.BCPRxChar. Ответ: "7"

[30.01.2025 16:14:51.690][success][COM5]:THRD.ReciveAnswer. Ответ: 7
[30.01.2025 16:14:51.690][success][COM5]:THRD.ReciveAnswer. Ответ: 7
[30.01.2025 16:14:51.694][success][COM5]:Плата не прошла проверку.
