[23.01.2025 13:40:25.206][main]Старт программы KPA-1: Голунова Наталья Николаевна. Версия ПО: 1.0.0.0.
[23.01.2025 13:40:25.322][main]Создание фрейма номер - 0 - успешно!
[23.01.2025 13:40:25.415][main]Создание фрейма номер - 1 - успешно!
[23.01.2025 13:40:25.524][main]Создание фрейма номер - 2 - успешно!
[23.01.2025 13:40:25.623][main]Создание фрейма номер - 3 - успешно!
[23.01.2025 13:40:25.729][main]Создание фрейма номер - 4 - успешно!
[23.01.2025 13:40:25.822][main]Создание фрейма номер - 5 - успешно!
[23.01.2025 13:41:48.381][main]Старт программы KPA-1: Голунова Наталья Николаевна. Версия ПО: 1.0.0.0.
[23.01.2025 13:41:48.478][main]Создание фрейма номер - 0 - успешно!
[23.01.2025 13:41:48.575][main]Создание фрейма номер - 1 - успешно!
[23.01.2025 13:41:48.669][main]Создание фрейма номер - 2 - успешно!
[23.01.2025 13:41:48.767][main]Создание фрейма номер - 3 - успешно!
[23.01.2025 13:41:48.872][main]Создание фрейма номер - 4 - успешно!
[23.01.2025 13:41:48.967][main]Создание фрейма номер - 5 - успешно!
[23.01.2025 13:47:34.247][main]Старт программы KPA-1: Голунова Наталья Николаевна. Версия ПО: 1.0.0.0.
[23.01.2025 13:47:34.340][main]Создание фрейма номер - 0 - успешно!
[23.01.2025 13:47:34.434][main]Создание фрейма номер - 1 - успешно!
[23.01.2025 13:47:34.532][main]Создание фрейма номер - 2 - успешно!
[23.01.2025 13:47:34.624][main]Создание фрейма номер - 3 - успешно!
[23.01.2025 13:47:34.715][main]Создание фрейма номер - 4 - успешно!
[23.01.2025 13:47:34.815][main]Создание фрейма номер - 5 - успешно!
[23.01.2025 13:47:37.523][main][SQL] 34259074303: select CVE1SETTINGS.enable_script from CVE1SETTINGS where(CVE1SETTINGS.id = :63
[23.01.2025 13:47:37.536][main][SQL] : select METERBOARDDICT."VERSION" from METERBOARDDICT, BOARDDECIMALDICT where (BOARDDECIMALDICT.boardtypeid = METERBOARDDICT.id) and (BOARDDECIMALDICT.code = 466229020010302
[23.01.2025 13:47:38.247][main]Старт программы KPA-1: Голунова Наталья Николаевна. Версия ПО: 1.0.0.0.
[23.01.2025 13:47:42.595][main][SQL] ООО "Райт Электроникс": select BOARDMANUFACTRERS.name from BOARDMANUFACTRERS where (BOARDMANUFACTRERS.id = :01
[23.01.2025 13:48:02.967][main][SQL] 34259074303: select CVE1SETTINGS.enable_script from CVE1SETTINGS where(CVE1SETTINGS.id = :63
[23.01.2025 13:48:19.178][main][SQL] : select METERBOARDDICT."VERSION" from METERBOARDDICT, BOARDDECIMALDICT where (BOARDDECIMALDICT.boardtypeid = METERBOARDDICT.id) and (BOARDDECIMALDICT.code = 466229020010302
[23.01.2025 14:04:06.810][main]Старт программы KPA-1: Голунова Наталья Николаевна. Версия ПО: 1.0.0.0.
[23.01.2025 14:04:06.922][main]Создание фрейма номер - 0 - успешно!
[23.01.2025 14:04:07.013][main]Создание фрейма номер - 1 - успешно!
[23.01.2025 14:04:07.120][main]Создание фрейма номер - 2 - успешно!
[23.01.2025 14:04:07.221][main]Создание фрейма номер - 3 - успешно!
[23.01.2025 14:04:07.314][main]Создание фрейма номер - 4 - успешно!
[23.01.2025 14:04:07.404][main]Создание фрейма номер - 5 - успешно!
[23.01.2025 14:04:07.712][success][COM1]:Порт открыт!
[23.01.2025 14:04:07.712][success][COM1]:Опрос КПА
[23.01.2025 14:04:07.735][success][COM1]:Данных нет или время ожидания истекло!
[23.01.2025 14:04:07.735][success][COM1]:THRD.ReciveAnswer. Ответ: 
[23.01.2025 14:04:07.735][success][COM1]:THRD.ReciveAnswer. Ответ: 
[23.01.2025 14:04:07.796][success][COM1]:Порт закрыт!
[23.01.2025 14:04:08.100][success][COM3]:Порт открыт!
[23.01.2025 14:04:08.100][success][COM3]:Опрос КПА
[23.01.2025 14:04:08.143][success][COM3]:Данных нет или время ожидания истекло!
[23.01.2025 14:04:08.143][success][COM3]:THRD.ReciveAnswer. Ответ: 
[23.01.2025 14:04:08.143][success][COM3]:THRD.ReciveAnswer. Ответ: 
[23.01.2025 14:04:08.294][success][COM3]:Порт закрыт!
[23.01.2025 14:04:08.338][success][COM5]:Порт открыт!
[23.01.2025 14:04:08.371][success][COM5]:Опрос КПА
[23.01.2025 14:04:08.399][success][COM5]:Данных нет или время ожидания истекло!
[23.01.2025 14:04:08.399][success][COM5]:THRD.ReciveAnswer. Ответ: 
[23.01.2025 14:04:08.399][success][COM5]:THRD.ReciveAnswer. Ответ: 
[23.01.2025 14:04:08.463][success][COM5]:Порт закрыт!
[23.01.2025 14:22:35.120][main]Старт программы KPA-1: Голунова Наталья Николаевна. Версия ПО: 1.0.0.0.
[23.01.2025 14:22:35.215][main]Создание фрейма номер - 0 - успешно!
[23.01.2025 14:22:35.315][main]Создание фрейма номер - 1 - успешно!
[23.01.2025 14:22:35.406][main]Создание фрейма номер - 2 - успешно!
[23.01.2025 14:22:35.503][main]Создание фрейма номер - 3 - успешно!
[23.01.2025 14:22:35.589][main]Создание фрейма номер - 4 - успешно!
[23.01.2025 14:22:35.682][main]Создание фрейма номер - 5 - успешно!
[23.01.2025 14:22:36.008][success][COM1]:Порт открыт!
[23.01.2025 14:22:36.008][success][COM1]:Опрос КПА
[23.01.2025 14:22:36.047][success][COM1]:Данных нет или время ожидания истекло!
[23.01.2025 14:22:36.047][success][COM1]:THRD.ReciveAnswer. Ответ: 
[23.01.2025 14:22:36.047][success][COM1]:THRD.ReciveAnswer. Ответ: 
[23.01.2025 14:22:36.100][success][COM1]:Порт закрыт!
[23.01.2025 14:22:36.367][success][COM3]:Порт открыт!
[23.01.2025 14:22:36.367][success][COM3]:Опрос КПА
[23.01.2025 14:22:36.397][success][COM3]:Данных нет или время ожидания истекло!
[23.01.2025 14:22:36.397][success][COM3]:THRD.ReciveAnswer. Ответ: 
[23.01.2025 14:22:36.397][success][COM3]:THRD.ReciveAnswer. Ответ: 
[23.01.2025 14:22:36.555][success][COM3]:Порт закрыт!
[23.01.2025 14:22:36.658][success][COM5]:Порт открыт!
[23.01.2025 14:22:36.706][success][COM5]:Опрос КПА
[23.01.2025 14:22:36.737][success][COM5]:THRD.BCPRxChar. Ответ: {"KPA-1","1.05.04","5","10.01.2000,23:12:24","49561","0",{"7BFFFFC3F","1","1","","","","","","0"}}

[23.01.2025 14:22:36.744][success][COM5]:THRD.ReciveAnswer. Ответ: {"KPA-1","1.05.04","5","10.01.2000,23:12:24","49561","0",{"7BFFFFC3F","1","1","","","","","","0"}}

[23.01.2025 14:22:36.744][success][COM5]:THRD.ReciveAnswer. Ответ: {"KPA-1","1.05.04","5","10.01.2000,23:12:24","49561","0",{"7BFFFFC3F","1","1","","","","","","0"}}

[23.01.2025 14:22:36.759][success][COM5]:THRD.ReciveAnswer. Ответ: {"KPA-1","1.05.04","5","10.01.2000,23:12:24","49561","0",{"7BFFFFC3F","1","1","","","","","","0"}}

[23.01.2025 14:22:36.784][success][COM5]:Данных нет или время ожидания истекло!
[23.01.2025 14:22:36.786][success][COM5]:THRD.ReciveAnswer. Ответ: 
[23.01.2025 14:22:36.787][success][COM5]:THRD.ReciveAnswer. Ответ: 
[23.01.2025 14:22:36.882][success][COM5]:Порт закрыт!
[23.01.2025 14:22:40.604][main][SQL] 34259074303: select CVE1SETTINGS.enable_script from CVE1SETTINGS where(CVE1SETTINGS.id = :63
[23.01.2025 14:22:40.617][main][SQL] 02.06: select METERBOARDDICT."VERSION" from METERBOARDDICT, CVE1SETTINGS where (CVE1SETTINGS.boardtypeid = METERBOARDDICT.id) and (CVE1SETTINGS.id = 63
[23.01.2025 14:22:40.624][main][SQL] ООО "Райт Электроникс": select BOARDMANUFACTRERS.name from BOARDMANUFACTRERS where (BOARDMANUFACTRERS.id = :01
[23.01.2025 14:23:49.015][main]Старт программы KPA-1: Голунова Наталья Николаевна. Версия ПО: 1.0.0.0.
[23.01.2025 14:23:49.122][main]Создание фрейма номер - 0 - успешно!
[23.01.2025 14:23:49.212][main]Создание фрейма номер - 1 - успешно!
[23.01.2025 14:23:49.307][main]Создание фрейма номер - 2 - успешно!
[23.01.2025 14:23:49.396][main]Создание фрейма номер - 3 - успешно!
[23.01.2025 14:23:49.484][main]Создание фрейма номер - 4 - успешно!
[23.01.2025 14:23:49.573][main]Создание фрейма номер - 5 - успешно!
[23.01.2025 14:23:49.894][success][COM1]:Порт открыт!
[23.01.2025 14:23:49.894][success][COM1]:Опрос КПА
[23.01.2025 14:23:49.932][success][COM1]:Данных нет или время ожидания истекло!
[23.01.2025 14:23:49.932][success][COM1]:THRD.ReciveAnswer. Ответ: 
[23.01.2025 14:23:49.932][success][COM1]:THRD.ReciveAnswer. Ответ: 
[23.01.2025 14:23:49.983][success][COM1]:Порт закрыт!
[23.01.2025 14:23:50.244][success][COM3]:Порт открыт!
[23.01.2025 14:23:50.244][success][COM3]:Опрос КПА
[23.01.2025 14:23:50.277][success][COM3]:Данных нет или время ожидания истекло!
[23.01.2025 14:23:50.277][success][COM3]:THRD.ReciveAnswer. Ответ: 
[23.01.2025 14:23:50.277][success][COM3]:THRD.ReciveAnswer. Ответ: 
[23.01.2025 14:23:50.434][success][COM3]:Порт закрыт!
[23.01.2025 14:23:50.530][success][COM5]:Порт открыт!
[23.01.2025 14:23:50.561][success][COM5]:Опрос КПА
[23.01.2025 14:23:50.591][success][COM5]:THRD.BCPRxChar. Ответ: {"KPA-1","1.05.04","5","10.01.2000,23:13:38","49561","0",{"7BFFFFC3F","1","1","","","","","","0"}}

[23.01.2025 14:23:50.597][success][COM5]:THRD.ReciveAnswer. Ответ: {"KPA-1","1.05.04","5","10.01.2000,23:13:38","49561","0",{"7BFFFFC3F","1","1","","","","","","0"}}

[23.01.2025 14:23:50.597][success][COM5]:THRD.ReciveAnswer. Ответ: {"KPA-1","1.05.04","5","10.01.2000,23:13:38","49561","0",{"7BFFFFC3F","1","1","","","","","","0"}}

[23.01.2025 14:23:50.611][success][COM5]:THRD.ReciveAnswer. Ответ: {"KPA-1","1.05.04","5","10.01.2000,23:13:38","49561","0",{"7BFFFFC3F","1","1","","","","","","0"}}

[23.01.2025 14:23:50.637][success][COM5]:Данных нет или время ожидания истекло!
[23.01.2025 14:23:50.638][success][COM5]:THRD.ReciveAnswer. Ответ: 
[23.01.2025 14:23:50.639][success][COM5]:THRD.ReciveAnswer. Ответ: 
[23.01.2025 14:23:50.697][success][COM5]:Порт закрыт!
[23.01.2025 14:24:20.139][main]Старт программы KPA-1: Голунова Наталья Николаевна. Версия ПО: 1.0.0.0.
[23.01.2025 14:24:20.245][main]Создание фрейма номер - 0 - успешно!
[23.01.2025 14:24:20.337][main]Создание фрейма номер - 1 - успешно!
[23.01.2025 14:24:20.426][main]Создание фрейма номер - 2 - успешно!
[23.01.2025 14:24:20.538][main]Создание фрейма номер - 3 - успешно!
[23.01.2025 14:24:20.628][main]Создание фрейма номер - 4 - успешно!
[23.01.2025 14:24:20.726][main]Создание фрейма номер - 5 - успешно!
[23.01.2025 14:24:21.071][success][COM1]:Порт открыт!
[23.01.2025 14:24:21.071][success][COM1]:Опрос КПА
[23.01.2025 14:24:21.106][success][COM1]:Данных нет или время ожидания истекло!
[23.01.2025 14:24:21.106][success][COM1]:THRD.ReciveAnswer. Ответ: 
[23.01.2025 14:24:21.106][success][COM1]:THRD.ReciveAnswer. Ответ: 
[23.01.2025 14:24:21.157][success][COM1]:Порт закрыт!
[23.01.2025 14:24:21.387][success][COM3]:Порт открыт!
[23.01.2025 14:24:21.387][success][COM3]:Опрос КПА
[23.01.2025 14:24:21.424][success][COM3]:Данных нет или время ожидания истекло!
[23.01.2025 14:24:21.424][success][COM3]:THRD.ReciveAnswer. Ответ: 
[23.01.2025 14:24:21.424][success][COM3]:THRD.ReciveAnswer. Ответ: 
[23.01.2025 14:24:21.584][success][COM3]:Порт закрыт!
[23.01.2025 14:24:21.696][success][COM5]:Порт открыт!
[23.01.2025 14:24:21.729][success][COM5]:Опрос КПА
[23.01.2025 14:24:21.760][success][COM5]:THRD.BCPRxChar. Ответ: {"KPA-1","1.05.04","5","10.01.2000,23:14:09","49561","0",{"7BFFFFC3F","1","1","","","","","","0"}}

[23.01.2025 14:24:21.766][success][COM5]:THRD.ReciveAnswer. Ответ: {"KPA-1","1.05.04","5","10.01.2000,23:14:09","49561","0",{"7BFFFFC3F","1","1","","","","","","0"}}

[23.01.2025 14:24:21.766][success][COM5]:THRD.ReciveAnswer. Ответ: {"KPA-1","1.05.04","5","10.01.2000,23:14:09","49561","0",{"7BFFFFC3F","1","1","","","","","","0"}}

[23.01.2025 14:24:21.782][success][COM5]:THRD.ReciveAnswer. Ответ: {"KPA-1","1.05.04","5","10.01.2000,23:14:09","49561","0",{"7BFFFFC3F","1","1","","","","","","0"}}

[23.01.2025 14:24:25.340][success][COM5]:THRD.BCPRxChar. Ответ: "0"

[23.01.2025 14:24:25.344][success][COM5]:THRD.ReciveAnswer. Ответ: 0
[23.01.2025 14:24:25.346][success][COM5]:THRD.ReciveAnswer. Ответ: 0
[23.01.2025 14:24:51.812][success][COM5]:Плата не вставлена.
[23.01.2025 14:25:18.488][success][COM5]:THRD.BCPRxChar. Ответ: "0"

[23.01.2025 14:25:18.539][success][COM5]:THRD.ReciveAnswer. Ответ: 0
[23.01.2025 14:25:18.540][success][COM5]:THRD.ReciveAnswer. Ответ: 0
[23.01.2025 14:25:18.547][success][COM5]:Плата не вставлена.
[23.01.2025 14:25:28.278][success][COM5]:THRD.BCPRxChar. Ответ: "0"

[23.01.2025 14:25:28.317][success][COM5]:THRD.ReciveAnswer. Ответ: 0
[23.01.2025 14:25:28.319][success][COM5]:THRD.ReciveAnswer. Ответ: 0
[23.01.2025 14:25:28.326][success][COM5]:Плата не вставлена.
[23.01.2025 14:25:33.350][success][COM5]:Данных нет или время ожидания истекло!
[23.01.2025 14:25:33.352][success][COM5]:THRD.ReciveAnswer. Ответ: 
[23.01.2025 14:25:33.353][success][COM5]:THRD.ReciveAnswer. Ответ: 
[23.01.2025 14:25:33.421][success][COM5]:Порт закрыт!
[23.01.2025 14:25:53.780][main]Старт программы KPA-1: Голунова Наталья Николаевна. Версия ПО: 1.0.0.0.
[23.01.2025 14:25:53.896][main]Создание фрейма номер - 0 - успешно!
[23.01.2025 14:25:53.987][main]Создание фрейма номер - 1 - успешно!
[23.01.2025 14:25:54.081][main]Создание фрейма номер - 2 - успешно!
[23.01.2025 14:25:54.175][main]Создание фрейма номер - 3 - успешно!
[23.01.2025 14:25:54.269][main]Создание фрейма номер - 4 - успешно!
[23.01.2025 14:25:54.364][main]Создание фрейма номер - 5 - успешно!
[23.01.2025 14:25:54.693][success][COM1]:Порт открыт!
[23.01.2025 14:25:54.693][success][COM1]:Опрос КПА
[23.01.2025 14:25:54.745][success][COM1]:Данных нет или время ожидания истекло!
[23.01.2025 14:25:54.745][success][COM1]:THRD.ReciveAnswer. Ответ: 
[23.01.2025 14:25:54.745][success][COM1]:THRD.ReciveAnswer. Ответ: 
[23.01.2025 14:25:54.802][success][COM1]:Порт закрыт!
[23.01.2025 14:25:55.067][success][COM3]:Порт открыт!
[23.01.2025 14:25:55.067][success][COM3]:Опрос КПА
[23.01.2025 14:25:55.106][success][COM3]:Данных нет или время ожидания истекло!
[23.01.2025 14:25:55.106][success][COM3]:THRD.ReciveAnswer. Ответ: 
[23.01.2025 14:25:55.106][success][COM3]:THRD.ReciveAnswer. Ответ: 
[23.01.2025 14:25:55.261][success][COM3]:Порт закрыт!
[23.01.2025 14:25:55.384][success][COM5]:Порт открыт!
[23.01.2025 14:25:55.421][success][COM5]:Опрос КПА
[23.01.2025 14:25:55.552][success][COM5]:THRD.BCPRxChar. Ответ: {"KPA-1","1.05.04","5","10.01.2000,23:15:43","49561","0",{"7BFFFFC3F","1","1","","","","","","0"}}

[23.01.2025 14:25:57.376][success][COM5]:THRD.ReciveAnswer. Ответ: {"KPA-1","1.05.04","5","10.01.2000,23:15:43","49561","0",{"7BFFFFC3F","1","1","","","","","","0"}}

[23.01.2025 14:25:57.376][success][COM5]:THRD.ReciveAnswer. Ответ: {"KPA-1","1.05.04","5","10.01.2000,23:15:43","49561","0",{"7BFFFFC3F","1","1","","","","","","0"}}

[23.01.2025 14:25:57.391][success][COM5]:THRD.ReciveAnswer. Ответ: {"KPA-1","1.05.04","5","10.01.2000,23:15:43","49561","0",{"7BFFFFC3F","1","1","","","","","","0"}}

[23.01.2025 14:25:57.422][success][COM5]:THRD.BCPRxChar. Ответ: "0"

[23.01.2025 14:25:57.428][success][COM5]:THRD.ReciveAnswer. Ответ: 0
[23.01.2025 14:25:57.429][success][COM5]:THRD.ReciveAnswer. Ответ: 0
[23.01.2025 14:25:57.449][success][COM5]:Плата не вставлена.
[23.01.2025 14:26:02.471][success][COM5]:Данных нет или время ожидания истекло!
[23.01.2025 14:26:02.473][success][COM5]:THRD.ReciveAnswer. Ответ: 
[23.01.2025 14:26:02.475][success][COM5]:THRD.ReciveAnswer. Ответ: 
[23.01.2025 14:26:02.529][success][COM5]:Порт закрыт!
[23.01.2025 14:27:13.538][main]Старт программы KPA-1: Голунова Наталья Николаевна. Версия ПО: 1.0.0.0.
[23.01.2025 14:27:13.655][main]Создание фрейма номер - 0 - успешно!
[23.01.2025 14:27:13.761][main]Создание фрейма номер - 1 - успешно!
[23.01.2025 14:27:13.851][main]Создание фрейма номер - 2 - успешно!
[23.01.2025 14:27:13.962][main]Создание фрейма номер - 3 - успешно!
[23.01.2025 14:27:14.052][main]Создание фрейма номер - 4 - успешно!
[23.01.2025 14:27:14.163][main]Создание фрейма номер - 5 - успешно!
[23.01.2025 14:27:14.483][success][COM1]:Порт открыт!
[23.01.2025 14:27:14.484][success][COM1]:Опрос КПА
[23.01.2025 14:27:14.664][success][COM1]:Данных нет или время ожидания истекло!
[23.01.2025 14:27:14.664][success][COM1]:THRD.ReciveAnswer. Ответ: 
[23.01.2025 14:27:14.664][success][COM1]:THRD.ReciveAnswer. Ответ: 
[23.01.2025 14:27:14.713][success][COM1]:Порт закрыт!
[23.01.2025 14:27:14.962][success][COM3]:Порт открыт!
[23.01.2025 14:27:14.962][success][COM3]:Опрос КПА
[23.01.2025 14:27:15.135][success][COM3]:Данных нет или время ожидания истекло!
[23.01.2025 14:27:15.135][success][COM3]:THRD.ReciveAnswer. Ответ: 
[23.01.2025 14:27:15.135][success][COM3]:THRD.ReciveAnswer. Ответ: 
[23.01.2025 14:27:15.293][success][COM3]:Порт закрыт!
[23.01.2025 14:27:15.380][success][COM5]:Порт открыт!
[23.01.2025 14:27:15.411][success][COM5]:Опрос КПА
[23.01.2025 14:27:15.440][success][COM5]:THRD.BCPRxChar. Ответ: {"KPA-1","1.05.04","5","10.01.2000,23:17:03","49561","0",{"7BFFFFC3F","1","1","","","","","","0"}}

[23.01.2025 14:27:15.446][success][COM5]:THRD.ReciveAnswer. Ответ: {"KPA-1","1.05.04","5","10.01.2000,23:17:03","49561","0",{"7BFFFFC3F","1","1","","","","","","0"}}

[23.01.2025 14:27:15.446][success][COM5]:THRD.ReciveAnswer. Ответ: {"KPA-1","1.05.04","5","10.01.2000,23:17:03","49561","0",{"7BFFFFC3F","1","1","","","","","","0"}}

[23.01.2025 14:27:15.460][success][COM5]:THRD.ReciveAnswer. Ответ: {"KPA-1","1.05.04","5","10.01.2000,23:17:03","49561","0",{"7BFFFFC3F","1","1","","","","","","0"}}

[23.01.2025 14:27:15.491][success][COM5]:THRD.BCPRxChar. Ответ: "0"

[23.01.2025 14:27:15.494][success][COM5]:THRD.ReciveAnswer. Ответ: 0
[23.01.2025 14:27:15.495][success][COM5]:THRD.ReciveAnswer. Ответ: 0
[23.01.2025 14:27:15.502][success][COM5]:Плата не вставлена.
[23.01.2025 14:27:20.527][success][COM5]:THRD.BCPRxChar. Ответ: "0"

[23.01.2025 14:27:20.574][success][COM5]:THRD.ReciveAnswer. Ответ: 0
[23.01.2025 14:27:20.576][success][COM5]:THRD.ReciveAnswer. Ответ: 0
[23.01.2025 14:27:20.583][success][COM5]:Плата не вставлена.
[23.01.2025 14:27:25.607][success][COM5]:THRD.BCPRxChar. Ответ: "0"

[23.01.2025 14:27:25.618][success][COM5]:THRD.ReciveAnswer. Ответ: 0
[23.01.2025 14:27:25.621][success][COM5]:THRD.ReciveAnswer. Ответ: 0
[23.01.2025 14:27:25.627][success][COM5]:Плата не вставлена.
[23.01.2025 14:27:30.653][success][COM5]:THRD.BCPRxChar. Ответ: "0"

[23.01.2025 14:27:30.657][success][COM5]:THRD.ReciveAnswer. Ответ: 0
[23.01.2025 14:27:30.661][success][COM5]:THRD.ReciveAnswer. Ответ: 0
[23.01.2025 14:27:30.669][success][COM5]:Плата не вставлена.
[23.01.2025 14:27:35.698][success][COM5]:THRD.BCPRxChar. Ответ: "0"

[23.01.2025 14:27:35.702][success][COM5]:THRD.ReciveAnswer. Ответ: 0
[23.01.2025 14:27:35.704][success][COM5]:THRD.ReciveAnswer. Ответ: 0
[23.01.2025 14:27:35.712][success][COM5]:Плата не вставлена.
[23.01.2025 14:27:40.732][success][COM5]:THRD.BCPRxChar. Ответ: "0"

[23.01.2025 14:27:40.735][success][COM5]:THRD.ReciveAnswer. Ответ: 0
[23.01.2025 14:27:40.738][success][COM5]:THRD.ReciveAnswer. Ответ: 0
[23.01.2025 14:27:40.746][success][COM5]:Плата не вставлена.
[23.01.2025 14:27:45.762][success][COM5]:THRD.BCPRxChar. Ответ: "0"

[23.01.2025 14:27:45.766][success][COM5]:THRD.ReciveAnswer. Ответ: 0
[23.01.2025 14:27:45.769][success][COM5]:THRD.ReciveAnswer. Ответ: 0
[23.01.2025 14:27:45.777][success][COM5]:Плата не вставлена.
[23.01.2025 14:27:50.795][success][COM5]:THRD.BCPRxChar. Ответ: "0"

[23.01.2025 14:27:50.800][success][COM5]:THRD.ReciveAnswer. Ответ: 0
[23.01.2025 14:27:50.802][success][COM5]:THRD.ReciveAnswer. Ответ: 0
[23.01.2025 14:27:50.814][success][COM5]:Плата не вставлена.
[23.01.2025 14:27:55.843][success][COM5]:THRD.BCPRxChar. Ответ: "0"

[23.01.2025 14:27:55.848][success][COM5]:THRD.ReciveAnswer. Ответ: 0
[23.01.2025 14:27:55.850][success][COM5]:THRD.ReciveAnswer. Ответ: 0
[23.01.2025 14:27:55.859][success][COM5]:Плата не вставлена.
[23.01.2025 14:28:00.889][success][COM5]:THRD.BCPRxChar. Ответ: "0"

[23.01.2025 14:28:00.894][success][COM5]:THRD.ReciveAnswer. Ответ: 0
[23.01.2025 14:28:00.896][success][COM5]:THRD.ReciveAnswer. Ответ: 0
[23.01.2025 14:28:00.904][success][COM5]:Плата не вставлена.
[23.01.2025 14:28:05.939][success][COM5]:THRD.BCPRxChar. Ответ: "0"

[23.01.2025 14:28:05.944][success][COM5]:THRD.ReciveAnswer. Ответ: 0
[23.01.2025 14:28:05.946][success][COM5]:THRD.ReciveAnswer. Ответ: 0
[23.01.2025 14:28:05.954][success][COM5]:Плата не вставлена.
[23.01.2025 14:28:10.983][success][COM5]:THRD.BCPRxChar. Ответ: "0"

[23.01.2025 14:28:10.988][success][COM5]:THRD.ReciveAnswer. Ответ: 0
[23.01.2025 14:28:10.991][success][COM5]:THRD.ReciveAnswer. Ответ: 0
[23.01.2025 14:28:10.999][success][COM5]:Плата не вставлена.
[23.01.2025 14:28:16.032][success][COM5]:THRD.BCPRxChar. Ответ: "0"

[23.01.2025 14:28:16.038][success][COM5]:THRD.ReciveAnswer. Ответ: 0
[23.01.2025 14:28:16.041][success][COM5]:THRD.ReciveAnswer. Ответ: 0
[23.01.2025 14:28:16.050][success][COM5]:Плата не вставлена.
[23.01.2025 14:28:21.078][success][COM5]:THRD.BCPRxChar. Ответ: "0"

[23.01.2025 14:28:21.082][success][COM5]:THRD.ReciveAnswer. Ответ: 0
[23.01.2025 14:28:21.086][success][COM5]:THRD.ReciveAnswer. Ответ: 0
[23.01.2025 14:28:21.094][success][COM5]:Плата не вставлена.
[23.01.2025 14:28:26.124][success][COM5]:THRD.BCPRxChar. Ответ: "0"

[23.01.2025 14:28:26.128][success][COM5]:THRD.ReciveAnswer. Ответ: 0
[23.01.2025 14:28:26.131][success][COM5]:THRD.ReciveAnswer. Ответ: 0
[23.01.2025 14:28:26.139][success][COM5]:Плата не вставлена.
[23.01.2025 14:28:31.171][success][COM5]:THRD.BCPRxChar. Ответ: "0"

[23.01.2025 14:28:31.176][success][COM5]:THRD.ReciveAnswer. Ответ: 0
[23.01.2025 14:28:31.178][success][COM5]:THRD.ReciveAnswer. Ответ: 0
[23.01.2025 14:28:31.187][success][COM5]:Плата не вставлена.
[23.01.2025 14:28:36.218][success][COM5]:THRD.BCPRxChar. Ответ: "0"

[23.01.2025 14:28:36.223][success][COM5]:THRD.ReciveAnswer. Ответ: 0
[23.01.2025 14:28:36.226][success][COM5]:THRD.ReciveAnswer. Ответ: 0
[23.01.2025 14:28:36.235][success][COM5]:Плата не вставлена.
[23.01.2025 14:28:41.268][success][COM5]:THRD.BCPRxChar. Ответ: "0"

[23.01.2025 14:28:41.273][success][COM5]:THRD.ReciveAnswer. Ответ: 0
[23.01.2025 14:28:41.276][success][COM5]:THRD.ReciveAnswer. Ответ: 0
[23.01.2025 14:28:41.285][success][COM5]:Плата не вставлена.
[23.01.2025 14:28:46.312][success][COM5]:THRD.BCPRxChar. Ответ: "0"

[23.01.2025 14:28:46.317][success][COM5]:THRD.ReciveAnswer. Ответ: 0
[23.01.2025 14:28:46.320][success][COM5]:THRD.ReciveAnswer. Ответ: 0
[23.01.2025 14:28:46.332][success][COM5]:Плата не вставлена.
[23.01.2025 14:28:51.359][success][COM5]:THRD.BCPRxChar. Ответ: "0"

[23.01.2025 14:28:51.365][success][COM5]:THRD.ReciveAnswer. Ответ: 0
[23.01.2025 14:28:51.367][success][COM5]:THRD.ReciveAnswer. Ответ: 0
[23.01.2025 14:28:51.378][success][COM5]:Плата не вставлена.
[23.01.2025 14:28:56.407][success][COM5]:THRD.BCPRxChar. Ответ: "0"

[23.01.2025 14:28:56.416][success][COM5]:THRD.ReciveAnswer. Ответ: 0
[23.01.2025 14:28:56.421][success][COM5]:THRD.ReciveAnswer. Ответ: 0
[23.01.2025 14:28:56.431][success][COM5]:Плата не вставлена.
[23.01.2025 14:29:01.454][success][COM5]:THRD.BCPRxChar. Ответ: "0"

[23.01.2025 14:29:01.459][success][COM5]:THRD.ReciveAnswer. Ответ: 0
[23.01.2025 14:29:01.462][success][COM5]:THRD.ReciveAnswer. Ответ: 0
[23.01.2025 14:29:01.472][success][COM5]:Плата не вставлена.
[23.01.2025 14:29:06.502][success][COM5]:THRD.BCPRxChar. Ответ: "0"

[23.01.2025 14:29:06.510][success][COM5]:THRD.ReciveAnswer. Ответ: 0
[23.01.2025 14:29:06.514][success][COM5]:THRD.ReciveAnswer. Ответ: 0
[23.01.2025 14:29:06.525][success][COM5]:Плата не вставлена.
[23.01.2025 14:29:11.547][success][COM5]:THRD.BCPRxChar. Ответ: "0"

[23.01.2025 14:29:11.556][success][COM5]:THRD.ReciveAnswer. Ответ: 0
[23.01.2025 14:29:11.561][success][COM5]:THRD.ReciveAnswer. Ответ: 0
[23.01.2025 14:29:11.572][success][COM5]:Плата не вставлена.
[23.01.2025 14:29:16.596][success][COM5]:THRD.BCPRxChar. Ответ: "0"

[23.01.2025 14:29:16.602][success][COM5]:THRD.ReciveAnswer. Ответ: 0
[23.01.2025 14:29:16.606][success][COM5]:THRD.ReciveAnswer. Ответ: 0
[23.01.2025 14:29:16.616][success][COM5]:Плата не вставлена.
[23.01.2025 14:29:21.642][success][COM5]:THRD.BCPRxChar. Ответ: "0"

[23.01.2025 14:29:21.649][success][COM5]:THRD.ReciveAnswer. Ответ: 0
[23.01.2025 14:29:21.653][success][COM5]:THRD.ReciveAnswer. Ответ: 0
[23.01.2025 14:29:21.662][success][COM5]:Плата не вставлена.
[23.01.2025 14:29:26.689][success][COM5]:THRD.BCPRxChar. Ответ: "0"

[23.01.2025 14:29:26.695][success][COM5]:THRD.ReciveAnswer. Ответ: 0
[23.01.2025 14:29:26.699][success][COM5]:THRD.ReciveAnswer. Ответ: 0
[23.01.2025 14:29:26.711][success][COM5]:Плата не вставлена.
[23.01.2025 14:31:35.107][main]Старт программы KPA-1: Голунова Наталья Николаевна. Версия ПО: 1.0.0.0.
[23.01.2025 14:31:35.214][main]Создание фрейма номер - 0 - успешно!
[23.01.2025 14:31:35.306][main]Создание фрейма номер - 1 - успешно!
[23.01.2025 14:31:35.406][main]Создание фрейма номер - 2 - успешно!
[23.01.2025 14:31:35.496][main]Создание фрейма номер - 3 - успешно!
[23.01.2025 14:31:35.594][main]Создание фрейма номер - 4 - успешно!
[23.01.2025 14:31:35.690][main]Создание фрейма номер - 5 - успешно!
[23.01.2025 14:31:36.005][success][COM1]:Порт открыт!
[23.01.2025 14:31:36.005][success][COM1]:Опрос КПА
[23.01.2025 14:31:36.198][success][COM1]:Данных нет или время ожидания истекло!
[23.01.2025 14:31:36.198][success][COM1]:THRD.ReciveAnswer. Ответ: 
[23.01.2025 14:31:36.198][success][COM1]:THRD.ReciveAnswer. Ответ: 
[23.01.2025 14:31:36.239][success][COM1]:Порт закрыт!
[23.01.2025 14:31:36.504][success][COM3]:Порт открыт!
[23.01.2025 14:31:36.504][success][COM3]:Опрос КПА
[23.01.2025 14:31:36.696][success][COM3]:Данных нет или время ожидания истекло!
[23.01.2025 14:31:36.696][success][COM3]:THRD.ReciveAnswer. Ответ: 
[23.01.2025 14:31:36.696][success][COM3]:THRD.ReciveAnswer. Ответ: 
[23.01.2025 14:31:36.867][success][COM3]:Порт закрыт!
[23.01.2025 14:31:36.974][success][COM5]:Порт открыт!
[23.01.2025 14:31:37.004][success][COM5]:Опрос КПА
[23.01.2025 14:31:37.035][success][COM5]:THRD.BCPRxChar. Ответ: {"KPA-1","1.05.04","5","10.01.2000,23:21:25","49561","0",{"7BFFFFC3F","1","1","","","","","","0"}}

[23.01.2025 14:31:37.042][success][COM5]:THRD.ReciveAnswer. Ответ: {"KPA-1","1.05.04","5","10.01.2000,23:21:25","49561","0",{"7BFFFFC3F","1","1","","","","","","0"}}

[23.01.2025 14:31:37.042][success][COM5]:THRD.ReciveAnswer. Ответ: {"KPA-1","1.05.04","5","10.01.2000,23:21:25","49561","0",{"7BFFFFC3F","1","1","","","","","","0"}}

[23.01.2025 14:31:37.058][success][COM5]:THRD.ReciveAnswer. Ответ: {"KPA-1","1.05.04","5","10.01.2000,23:21:25","49561","0",{"7BFFFFC3F","1","1","","","","","","0"}}

[23.01.2025 14:31:37.089][success][COM5]:THRD.BCPRxChar. Ответ: "0"

[23.01.2025 14:31:37.093][success][COM5]:THRD.ReciveAnswer. Ответ: 0
[23.01.2025 14:31:37.094][success][COM5]:THRD.ReciveAnswer. Ответ: 0
[23.01.2025 14:31:37.101][success][COM5]:Плата не вставлена.
[23.01.2025 14:31:41.072][main][SQL] 34259074303: select CVE1SETTINGS.enable_script from CVE1SETTINGS where(CVE1SETTINGS.id = :63
[23.01.2025 14:31:41.081][main][SQL] 02.06: select METERBOARDDICT."VERSION" from METERBOARDDICT, CVE1SETTINGS where (CVE1SETTINGS.boardtypeid = METERBOARDDICT.id) and (CVE1SETTINGS.id = 63
[23.01.2025 14:31:41.089][main][SQL] ООО "Райт Электроникс": select BOARDMANUFACTRERS.name from BOARDMANUFACTRERS where (BOARDMANUFACTRERS.id = :01
[23.01.2025 14:33:10.707][main]Старт программы KPA-1: Голунова Наталья Николаевна. Версия ПО: 1.0.0.0.
[23.01.2025 14:33:10.809][main]Создание фрейма номер - 0 - успешно!
[23.01.2025 14:33:10.899][main]Создание фрейма номер - 1 - успешно!
[23.01.2025 14:33:10.993][main]Создание фрейма номер - 2 - успешно!
[23.01.2025 14:33:11.096][main]Создание фрейма номер - 3 - успешно!
[23.01.2025 14:33:11.188][main]Создание фрейма номер - 4 - успешно!
[23.01.2025 14:33:11.285][main]Создание фрейма номер - 5 - успешно!
[23.01.2025 14:33:11.605][success][COM1]:Порт открыт!
[23.01.2025 14:33:11.606][success][COM1]:Опрос КПА
[23.01.2025 14:33:11.819][success][COM1]:Данных нет или время ожидания истекло!
[23.01.2025 14:33:11.819][success][COM1]:THRD.ReciveAnswer. Ответ: 
[23.01.2025 14:33:11.819][success][COM1]:THRD.ReciveAnswer. Ответ: 
[23.01.2025 14:33:11.873][success][COM1]:Порт закрыт!
[23.01.2025 14:33:12.132][success][COM3]:Порт открыт!
[23.01.2025 14:33:12.132][success][COM3]:Опрос КПА
[23.01.2025 14:33:12.398][success][COM3]:Данных нет или время ожидания истекло!
[23.01.2025 14:33:12.398][success][COM3]:THRD.ReciveAnswer. Ответ: 
[23.01.2025 14:33:12.398][success][COM3]:THRD.ReciveAnswer. Ответ: 
[23.01.2025 14:33:12.555][success][COM3]:Порт закрыт!
[23.01.2025 14:33:12.693][success][COM5]:Порт открыт!
[23.01.2025 14:33:12.742][success][COM5]:Опрос КПА
[23.01.2025 14:33:12.891][success][COM5]:THRD.BCPRxChar. Ответ: {"KPA-1","1.05.04","5","10.01.2000,23:23:00","49561","0",{"7BFFFFC3F","1","1","","","","","","0"}}

[23.01.2025 14:33:12.903][success][COM5]:THRD.ReciveAnswer. Ответ: {"KPA-1","1.05.04","5","10.01.2000,23:23:00","49561","0",{"7BFFFFC3F","1","1","","","","","","0"}}

[23.01.2025 14:33:12.903][success][COM5]:THRD.ReciveAnswer. Ответ: {"KPA-1","1.05.04","5","10.01.2000,23:23:00","49561","0",{"7BFFFFC3F","1","1","","","","","","0"}}

[23.01.2025 14:33:12.918][success][COM5]:THRD.ReciveAnswer. Ответ: {"KPA-1","1.05.04","5","10.01.2000,23:23:00","49561","0",{"7BFFFFC3F","1","1","","","","","","0"}}

[23.01.2025 14:33:12.949][success][COM5]:THRD.BCPRxChar. Ответ: "0"

[23.01.2025 14:33:12.953][success][COM5]:THRD.ReciveAnswer. Ответ: 0
[23.01.2025 14:33:12.955][success][COM5]:THRD.ReciveAnswer. Ответ: 0
[23.01.2025 14:33:12.962][success][COM5]:Плата не вставлена.
[23.01.2025 14:33:17.162][main][SQL] 34259074303: select CVE1SETTINGS.enable_script from CVE1SETTINGS where(CVE1SETTINGS.id = :63
[23.01.2025 14:33:17.170][main][SQL] 02.06: select METERBOARDDICT."VERSION" from METERBOARDDICT, CVE1SETTINGS where (CVE1SETTINGS.boardtypeid = METERBOARDDICT.id) and (CVE1SETTINGS.id = 63
[23.01.2025 14:33:17.175][main][SQL] ООО "Райт Электроникс": select BOARDMANUFACTRERS.name from BOARDMANUFACTRERS where (BOARDMANUFACTRERS.id = :01
[23.01.2025 14:46:38.933][main]Старт программы KPA-1: Голунова Наталья Николаевна. Версия ПО: 1.0.0.0.
[23.01.2025 14:46:39.027][main]Создание фрейма номер - 0 - успешно!
[23.01.2025 14:46:39.124][main]Создание фрейма номер - 1 - успешно!
[23.01.2025 14:46:39.216][main]Создание фрейма номер - 2 - успешно!
[23.01.2025 14:46:39.312][main]Создание фрейма номер - 3 - успешно!
[23.01.2025 14:46:39.406][main]Создание фрейма номер - 4 - успешно!
[23.01.2025 14:46:39.502][main]Создание фрейма номер - 5 - успешно!
[23.01.2025 14:46:39.817][success][COM1]:Порт открыт!
[23.01.2025 14:46:39.817][success][COM1]:Опрос КПА
[23.01.2025 14:46:40.002][success][COM1]:Данных нет или время ожидания истекло!
[23.01.2025 14:46:40.002][success][COM1]:THRD.ReciveAnswer. Ответ: 
[23.01.2025 14:46:40.002][success][COM1]:THRD.ReciveAnswer. Ответ: 
[23.01.2025 14:46:40.054][success][COM1]:Порт закрыт!
[23.01.2025 14:46:40.297][success][COM3]:Порт открыт!
[23.01.2025 14:46:40.298][success][COM3]:Опрос КПА
[23.01.2025 14:46:40.478][success][COM3]:Данных нет или время ожидания истекло!
[23.01.2025 14:46:40.478][success][COM3]:THRD.ReciveAnswer. Ответ: 
[23.01.2025 14:46:40.478][success][COM3]:THRD.ReciveAnswer. Ответ: 
[23.01.2025 14:46:40.636][success][COM3]:Порт закрыт!
[23.01.2025 14:46:40.740][success][COM5]:Порт открыт!
[23.01.2025 14:46:40.773][success][COM5]:Опрос КПА
[23.01.2025 14:46:40.806][success][COM5]:THRD.BCPRxChar. Ответ: {"KPA-1","1.05.04","5","10.01.2000,23:36:29","49562","0",{"7BFFFFC3F","1","1","","","","","","0"}}

[23.01.2025 14:46:40.814][success][COM5]:THRD.ReciveAnswer. Ответ: {"KPA-1","1.05.04","5","10.01.2000,23:36:29","49562","0",{"7BFFFFC3F","1","1","","","","","","0"}}

[23.01.2025 14:46:40.814][success][COM5]:THRD.ReciveAnswer. Ответ: {"KPA-1","1.05.04","5","10.01.2000,23:36:29","49562","0",{"7BFFFFC3F","1","1","","","","","","0"}}

[23.01.2025 14:46:40.828][success][COM5]:THRD.ReciveAnswer. Ответ: {"KPA-1","1.05.04","5","10.01.2000,23:36:29","49562","0",{"7BFFFFC3F","1","1","","","","","","0"}}

[23.01.2025 14:46:53.603][success][COM5]:THRD.BCPRxChar. Ответ: "0"

[23.01.2025 14:46:53.607][success][COM5]:THRD.ReciveAnswer. Ответ: 0
[23.01.2025 14:46:53.608][success][COM5]:THRD.ReciveAnswer. Ответ: 0
[23.01.2025 14:46:53.616][success][COM5]:Плата не вставлена.
[23.01.2025 14:46:58.644][success][COM5]:THRD.BCPRxChar. Ответ: "0"

[23.01.2025 14:46:58.668][success][COM5]:THRD.ReciveAnswer. Ответ: 0
[23.01.2025 14:46:58.670][success][COM5]:THRD.ReciveAnswer. Ответ: 0
[23.01.2025 14:46:58.677][success][COM5]:Плата не вставлена.
[23.01.2025 14:47:03.180][main][SQL] 34259074303: select CVE1SETTINGS.enable_script from CVE1SETTINGS where(CVE1SETTINGS.id = :63
[23.01.2025 14:47:03.187][main][SQL] 02.06: select METERBOARDDICT."VERSION" from METERBOARDDICT, CVE1SETTINGS where (CVE1SETTINGS.boardtypeid = METERBOARDDICT.id) and (CVE1SETTINGS.id = 63
[23.01.2025 14:47:03.195][main][SQL] ООО "Райт Электроникс": select BOARDMANUFACTRERS.name from BOARDMANUFACTRERS where (BOARDMANUFACTRERS.id = :01
[23.01.2025 14:47:03.695][success][COM5]:THRD.BCPRxChar. Ответ: "0"

[23.01.2025 14:47:03.708][success][COM5]:THRD.ReciveAnswer. Ответ: 0
[23.01.2025 14:47:03.709][success][COM5]:THRD.ReciveAnswer. Ответ: 0
[23.01.2025 14:47:03.716][success][COM5]:Плата не вставлена.
[23.01.2025 14:47:08.743][success][COM5]:THRD.BCPRxChar. Ответ: "0"

[23.01.2025 14:47:08.752][success][COM5]:THRD.ReciveAnswer. Ответ: 0
[23.01.2025 14:47:08.755][success][COM5]:THRD.ReciveAnswer. Ответ: 0
[23.01.2025 14:47:08.763][success][COM5]:Плата не вставлена.
[23.01.2025 14:47:13.790][success][COM5]:THRD.BCPRxChar. Ответ: "0"

[23.01.2025 14:47:13.801][success][COM5]:THRD.ReciveAnswer. Ответ: 0
[23.01.2025 14:47:13.803][success][COM5]:THRD.ReciveAnswer. Ответ: 0
[23.01.2025 14:47:13.811][success][COM5]:Плата не вставлена.
[23.01.2025 14:47:18.836][success][COM5]:THRD.BCPRxChar. Ответ: "0"

[23.01.2025 14:47:18.841][success][COM5]:THRD.ReciveAnswer. Ответ: 0
[23.01.2025 14:47:18.842][success][COM5]:THRD.ReciveAnswer. Ответ: 0
[23.01.2025 14:47:18.850][success][COM5]:Плата не вставлена.
[23.01.2025 14:47:23.868][success][COM5]:THRD.BCPRxChar. Ответ: "0"

[23.01.2025 14:47:23.871][success][COM5]:THRD.ReciveAnswer. Ответ: 0
[23.01.2025 14:47:23.874][success][COM5]:THRD.ReciveAnswer. Ответ: 0
[23.01.2025 14:47:23.881][success][COM5]:Плата не вставлена.
[23.01.2025 14:47:28.942][success][COM5]:THRD.BCPRxChar. Ответ: "0"

[23.01.2025 14:47:28.949][success][COM5]:THRD.ReciveAnswer. Ответ: 0
[23.01.2025 14:47:28.951][success][COM5]:THRD.ReciveAnswer. Ответ: 0
[23.01.2025 14:47:28.960][success][COM5]:Плата не вставлена.
[23.01.2025 14:47:34.015][success][COM5]:THRD.BCPRxChar. Ответ: "0"

[23.01.2025 14:47:34.046][success][COM5]:THRD.ReciveAnswer. Ответ: 0
[23.01.2025 14:47:34.048][success][COM5]:THRD.ReciveAnswer. Ответ: 0
[23.01.2025 14:47:34.063][success][COM5]:Плата не вставлена.
[23.01.2025 14:47:39.094][success][COM5]:THRD.BCPRxChar. Ответ: "0"

[23.01.2025 14:47:39.098][success][COM5]:THRD.ReciveAnswer. Ответ: 0
[23.01.2025 14:47:39.101][success][COM5]:THRD.ReciveAnswer. Ответ: 0
[23.01.2025 14:47:39.116][success][COM5]:Плата не вставлена.
[23.01.2025 14:47:44.140][success][COM5]:THRD.BCPRxChar. Ответ: "0"

[23.01.2025 14:47:44.145][success][COM5]:THRD.ReciveAnswer. Ответ: 0
[23.01.2025 14:47:44.147][success][COM5]:THRD.ReciveAnswer. Ответ: 0
[23.01.2025 14:47:44.163][success][COM5]:Плата не вставлена.
[23.01.2025 14:47:49.188][success][COM5]:THRD.BCPRxChar. Ответ: "1"

[23.01.2025 14:47:49.193][success][COM5]:THRD.ReciveAnswer. Ответ: 1
[23.01.2025 14:47:49.195][success][COM5]:THRD.ReciveAnswer. Ответ: 1
[23.01.2025 14:47:49.210][success][COM5]:Плата вставлена и проверка не начата.
[23.01.2025 14:48:23.162][success][COM5]:Опрос параметров КПА
[23.01.2025 14:48:29.983][success][COM5]:THRD.BCPRxChar. Ответ: {"7F9FFFCFF","1","1","NUMBER_BOARD2=Q100;01;2206;0024;01.02;92","HW_VERSION=0206","","","","1"}

[23.01.2025 14:48:30.188][success][COM5]:Данных нет или время ожидания истекло!
[23.01.2025 14:48:30.190][success][COM5]:THRD.ReciveAnswer. Ответ: 
[23.01.2025 14:48:30.192][success][COM5]:THRD.ReciveAnswer. Ответ: 
[23.01.2025 14:50:07.948][main]Старт программы KPA-1: Голунова Наталья Николаевна. Версия ПО: 1.0.0.0.
[23.01.2025 14:50:08.260][success][COM1]:Порт открыт!
[23.01.2025 14:50:08.261][success][COM1]:Опрос КПА
[23.01.2025 14:50:08.263][success][COM1]:Данных нет или время ожидания истекло!
[23.01.2025 14:50:08.263][success][COM1]:THRD.ReciveAnswer. Ответ: 
[23.01.2025 14:50:08.263][success][COM1]:THRD.ReciveAnswer. Ответ: 
[23.01.2025 14:50:08.291][success][COM1]:Порт закрыт!
[23.01.2025 14:50:08.522][success][COM3]:Порт открыт!
[23.01.2025 14:50:08.522][success][COM3]:Опрос КПА
[23.01.2025 14:50:08.524][success][COM3]:Данных нет или время ожидания истекло!
[23.01.2025 14:50:08.524][success][COM3]:THRD.ReciveAnswer. Ответ: 
[23.01.2025 14:50:08.524][success][COM3]:THRD.ReciveAnswer. Ответ: 
[23.01.2025 14:50:08.653][success][COM3]:Порт закрыт!
[23.01.2025 14:50:09.290][success][COM5]:Порт открыт!
[23.01.2025 14:50:09.297][success][COM5]:Опрос КПА
[23.01.2025 14:50:09.327][success][COM5]:THRD.BCPRxChar. Ответ: {"KPA-1","1.05.04","5","10.01.2000,23:39:57","49563","1",{"7F9FFFCFF","1","1","NUMBER_BOARD2=Q100;01;2206;0024;01.02;92","HW_VERSION=0206","","","","1"}}

[23.01.2025 14:50:09.373][success][COM5]:THRD.ReciveAnswer. Ответ: {"KPA-1","1.05.04","5","10.01.2000,23:39:57","49563","1",{"7F9FFFCFF","1","1","NUMBER_BOARD2=Q100;01;2206;0024;01.02;92","HW_VERSION=0206","","","","1"}}

[23.01.2025 14:50:09.373][success][COM5]:THRD.ReciveAnswer. Ответ: {"KPA-1","1.05.04","5","10.01.2000,23:39:57","49563","1",{"7F9FFFCFF","1","1","NUMBER_BOARD2=Q100;01;2206;0024;01.02;92","HW_VERSION=0206","","","","1"}}

[23.01.2025 14:50:09.376][success][COM5]:THRD.ReciveAnswer. Ответ: {"KPA-1","1.05.04","5","10.01.2000,23:39:57","49563","1",{"7F9FFFCFF","1","1","NUMBER_BOARD2=Q100;01;2206;0024;01.02;92","HW_VERSION=0206","","","","1"}}

[23.01.2025 14:50:09.408][success][COM5]:THRD.BCPRxChar. Ответ: "1"

[23.01.2025 14:50:09.414][success][COM5]:THRD.ReciveAnswer. Ответ: 1
[23.01.2025 14:50:09.417][success][COM5]:THRD.ReciveAnswer. Ответ: 1
[23.01.2025 14:50:09.428][success][COM5]:Плата вставлена и проверка не начата.
