23.12.2024 132134.284MainForm - FormShow - Создание фрейма номер - 0 - успешно!
23.12.2024 132134.497MainForm - AddRich(Порт COM1 открыт!, Номер вкладки:0)
23.12.2024 132134.615MainForm - FormShow - Создание фрейма номер - 1 - успешно!
23.12.2024 132134.741MainForm - FormShow - Создание фрейма номер - 2 - успешно!
23.12.2024 132134.845MainForm - FormShow - Создание фрейма номер - 3 - успешно!
23.12.2024 132134.946MainForm - FormShow - Создание фрейма номер - 4 - успешно!
23.12.2024 132135.051MainForm - FormShow - Создание фрейма номер - 5 - успешно!
23.12.2024 132135.182MainForm - THRD.StartThread
23.12.2024 132135.227MainForm - AddRich(Порт COM3 открыт!, Номер вкладки:1)
23.12.2024 132135.228MainForm - AddRich(Опрос КПА, Номер вкладки:0)
23.12.2024 132135.228КПА-1 - THRD.StartThread
23.12.2024 132135.234MainForm - AddRich(Опрос КПА, Номер вкладки:1)
23.12.2024 132141.781MainForm - SelectPort - Сортировка портов
23.12.2024 132144.040MainForm - AddRich(Данных нет или время ожидания истекло!, Номер вкладки:0)
23.12.2024 132144.040MainForm - THRD.ReciveAnswer. Ответ: 
23.12.2024 132144.040MainForm - THRD.ReciveAnswer. Result: 
23.12.2024 132144.076MainForm - AddRich(Порт COM1 закрыт!, Номер вкладки:0)
23.12.2024 132144.147MainForm - AddRich(Порт COM5 открыт!, Номер вкладки:0)
23.12.2024 132144.153MainForm - AddRich(Опрос КПА, Номер вкладки:0)
23.12.2024 132144.183MainForm - AddRich(Ответ: {"KPA-1","1.05.04","5","03.01.2000,23:05:06","49560","0",{"7BFFFFC3F","1","1","","","","","","1"}}
, Номер вкладки:0)
23.12.2024 132144.183MainForm - THRD.BCPRxChar. Ответ: {"KPA-1","1.05.04","5","03.01.2000,23:05:06","49560","0",{"7BFFFFC3F","1","1","","","","","","1"}}

23.12.2024 132151.153MainForm - AddRich(Данных нет или время ожидания истекло!, Номер вкладки:1)
23.12.2024 132151.153КПА-1 - THRD.ReciveAnswer. Ответ: 
23.12.2024 132151.155КПА-1 - THRD.ReciveAnswer. Result: 
23.12.2024 132200.082MainForm - AddRich(Данных нет или время ожидания истекло!, Номер вкладки:0)
23.12.2024 132200.082MainForm - THRD.ReciveAnswer. Ответ: 
23.12.2024 132200.083MainForm - THRD.ReciveAnswer. Result: 
23.12.2024 132752.463MainForm - FormShow - Создание фрейма номер - 0 - успешно!
23.12.2024 132752.709MainForm - AddRich(Порт COM1 открыт!, Номер вкладки:0)
23.12.2024 132752.836MainForm - FormShow - Создание фрейма номер - 1 - успешно!
23.12.2024 132753.018MainForm - FormShow - Создание фрейма номер - 2 - успешно!
23.12.2024 132753.134MainForm - FormShow - Создание фрейма номер - 3 - успешно!
23.12.2024 132753.261MainForm - FormShow - Создание фрейма номер - 4 - успешно!
23.12.2024 132753.396MainForm - FormShow - Создание фрейма номер - 5 - успешно!
23.12.2024 132753.517MainForm - THRD.StartThread
23.12.2024 132753.558MainForm - AddRich(Порт COM3 открыт!, Номер вкладки:1)
23.12.2024 132753.559MainForm - AddRich(Опрос КПА, Номер вкладки:0)
23.12.2024 132753.559КПА-1 - THRD.StartThread
23.12.2024 132753.560MainForm - AddRich(Опрос КПА, Номер вкладки:1)
23.12.2024 132801.108MainForm - SelectPort - Сортировка портов
23.12.2024 132802.183MainForm - AddRich(Данных нет или время ожидания истекло!, Номер вкладки:0)
23.12.2024 132802.183MainForm - THRD.ReciveAnswer. Ответ: 
23.12.2024 132802.183MainForm - THRD.ReciveAnswer. Result: 
23.12.2024 132802.234MainForm - AddRich(Порт COM1 закрыт!, Номер вкладки:0)
23.12.2024 132802.297MainForm - AddRich(Порт COM5 открыт!, Номер вкладки:0)
23.12.2024 132802.303MainForm - AddRich(Опрос КПА, Номер вкладки:0)
23.12.2024 132802.333MainForm - AddRich(Ответ: {"KPA-1","1.05.04","5","03.01.2000,23:11:24","49560","0",{"7BFFFFC3F","1","1","","","","","","1"}}
, Номер вкладки:0)
23.12.2024 132802.333MainForm - THRD.BCPRxChar. Ответ: {"KPA-1","1.05.04","5","03.01.2000,23:11:24","49560","0",{"7BFFFFC3F","1","1","","","","","","1"}}

23.12.2024 132809.246MainForm - AddRich(Данных нет или время ожидания истекло!, Номер вкладки:1)
23.12.2024 132809.246КПА-1 - THRD.ReciveAnswer. Ответ: 
23.12.2024 132809.248КПА-1 - THRD.ReciveAnswer. Result: 
23.12.2024 132818.110MainForm - AddRich(Данных нет или время ожидания истекло!, Номер вкладки:0)
23.12.2024 132818.110MainForm - THRD.ReciveAnswer. Ответ: 
23.12.2024 132818.112MainForm - THRD.ReciveAnswer. Result: 
23.12.2024 132822.824MainForm - SelectPort - Сортировка портов
23.12.2024 133309.626MainForm - FormShow - Создание фрейма номер - 0 - успешно!
23.12.2024 133309.839MainForm - AddRich(Порт COM1 открыт!, Номер вкладки:0)
23.12.2024 133309.989MainForm - FormShow - Создание фрейма номер - 1 - успешно!
23.12.2024 133310.110MainForm - FormShow - Создание фрейма номер - 2 - успешно!
23.12.2024 133310.219MainForm - FormShow - Создание фрейма номер - 3 - успешно!
23.12.2024 133310.338MainForm - FormShow - Создание фрейма номер - 4 - успешно!
23.12.2024 133310.468MainForm - FormShow - Создание фрейма номер - 5 - успешно!
23.12.2024 133310.609MainForm - THRD.StartThread
23.12.2024 133310.651MainForm - AddRich(Порт COM3 открыт!, Номер вкладки:1)
23.12.2024 133310.651MainForm - AddRich(Опрос КПА, Номер вкладки:0)
23.12.2024 133310.652КПА-1 - THRD.StartThread
23.12.2024 133310.652MainForm - AddRich(Опрос КПА, Номер вкладки:1)
23.12.2024 133314.315MainForm - SelectPort - Сортировка портов
23.12.2024 133315.621MainForm - AddRich(Данных нет или время ожидания истекло!, Номер вкладки:0)
23.12.2024 133315.621MainForm - THRD.ReciveAnswer. Ответ: 
23.12.2024 133315.622MainForm - THRD.ReciveAnswer. Result: 
23.12.2024 133315.658MainForm - AddRich(Порт COM1 закрыт!, Номер вкладки:0)
23.12.2024 133315.731MainForm - AddRich(Порт COM5 открыт!, Номер вкладки:0)
23.12.2024 133315.737MainForm - AddRich(Опрос КПА, Номер вкладки:0)
23.12.2024 133315.767MainForm - AddRich(Ответ: {"KPA-1","1.05.04","5","03.01.2000,23:16:38","49560","0",{"7BFFFFC3F","1","1","","","","","","1"}}
, Номер вкладки:0)
23.12.2024 133315.767MainForm - THRD.BCPRxChar. Ответ: {"KPA-1","1.05.04","5","03.01.2000,23:16:38","49560","0",{"7BFFFFC3F","1","1","","","","","","1"}}

23.12.2024 133325.161MainForm - SelectPort - Сортировка портов
23.12.2024 133353.867MainForm - FormShow - Создание фрейма номер - 0 - успешно!
23.12.2024 133354.083MainForm - AddRich(Порт COM1 открыт!, Номер вкладки:0)
23.12.2024 133354.262MainForm - FormShow - Создание фрейма номер - 1 - успешно!
23.12.2024 133354.389MainForm - FormShow - Создание фрейма номер - 2 - успешно!
23.12.2024 133354.501MainForm - FormShow - Создание фрейма номер - 3 - успешно!
23.12.2024 133354.613MainForm - FormShow - Создание фрейма номер - 4 - успешно!
23.12.2024 133354.733MainForm - FormShow - Создание фрейма номер - 5 - успешно!
23.12.2024 133354.875MainForm - THRD.StartThread
23.12.2024 133354.920MainForm - AddRich(Порт COM3 открыт!, Номер вкладки:1)
23.12.2024 133354.920MainForm - AddRich(Опрос КПА, Номер вкладки:0)
23.12.2024 133354.921КПА-1 - THRD.StartThread
23.12.2024 133354.921MainForm - AddRich(Опрос КПА, Номер вкладки:1)
23.12.2024 133400.825MainForm - SelectPort - Сортировка портов
23.12.2024 133406.315MainForm - AddRich(Данных нет или время ожидания истекло!, Номер вкладки:0)
23.12.2024 133406.421MainForm - THRD.ReciveAnswer. Ответ: 
23.12.2024 133406.426MainForm - THRD.ReciveAnswer. Result: 
23.12.2024 133406.469MainForm - AddRich(Порт COM1 закрыт!, Номер вкладки:0)
23.12.2024 133406.541MainForm - AddRich(Порт COM5 открыт!, Номер вкладки:0)
23.12.2024 133406.547MainForm - AddRich(Опрос КПА, Номер вкладки:0)
23.12.2024 133406.578MainForm - AddRich(Ответ: {"KPA-1","1.05.04","5","03.01.2000,23:17:28","49560","0",{"7BFFFFC3F","1","1","","","","","","1"}}
, Номер вкладки:0)
23.12.2024 133406.578MainForm - THRD.BCPRxChar. Ответ: {"KPA-1","1.05.04","5","03.01.2000,23:17:28","49560","0",{"7BFFFFC3F","1","1","","","","","","1"}}

23.12.2024 133410.955MainForm - SelectPort - Сортировка портов
23.12.2024 133938.060MainForm - FormShow - Создание фрейма номер - 0 - успешно!
23.12.2024 133938.279MainForm - AddRich(Порт COM1 открыт!, Номер вкладки:0)
23.12.2024 133938.425MainForm - FormShow - Создание фрейма номер - 1 - успешно!
23.12.2024 133938.557MainForm - FormShow - Создание фрейма номер - 2 - успешно!
23.12.2024 133938.672MainForm - FormShow - Создание фрейма номер - 3 - успешно!
23.12.2024 133938.787MainForm - FormShow - Создание фрейма номер - 4 - успешно!
23.12.2024 133938.905MainForm - FormShow - Создание фрейма номер - 5 - успешно!
23.12.2024 133939.056MainForm - THRD.StartThread
23.12.2024 133939.112MainForm - AddRich(Порт COM3 открыт!, Номер вкладки:1)
23.12.2024 133939.113MainForm - AddRich(Опрос КПА, Номер вкладки:0)
23.12.2024 133939.113КПА-1 - THRD.StartThread
23.12.2024 133939.114MainForm - AddRich(Опрос КПА, Номер вкладки:1)
23.12.2024 133942.564MainForm - SelectPort - Сортировка портов
23.12.2024 133943.352MainForm - AddRich(Данных нет или время ожидания истекло!, Номер вкладки:0)
23.12.2024 133943.352MainForm - THRD.ReciveAnswer. Ответ: 
23.12.2024 133943.352MainForm - THRD.ReciveAnswer. Result: 
23.12.2024 133943.383MainForm - AddRich(Порт COM1 закрыт!, Номер вкладки:0)
23.12.2024 133943.452MainForm - AddRich(Порт COM5 открыт!, Номер вкладки:0)
23.12.2024 133943.458MainForm - AddRich(Опрос КПА, Номер вкладки:0)
23.12.2024 133943.488MainForm - AddRich(Ответ: {"KPA-1","1.05.04","5","03.01.2000,23:23:05","49560","0",{"7BFFFFC3F","1","1","","","","","","1"}}
, Номер вкладки:0)
23.12.2024 133943.488MainForm - THRD.BCPRxChar. Ответ: {"KPA-1","1.05.04","5","03.01.2000,23:23:05","49560","0",{"7BFFFFC3F","1","1","","","","","","1"}}

23.12.2024 133946.145MainForm - SelectPort - Сортировка портов
23.12.2024 133947.580MainForm - AddRich(Порт COM1 открыт!, Номер вкладки:2)
23.12.2024 133947.580КПА-2 - THRD.StartThread
23.12.2024 133947.586MainForm - AddRich(Опрос КПА, Номер вкладки:2)
23.12.2024 133954.839MainForm - AddRich(Данных нет или время ожидания истекло!, Номер вкладки:1)
23.12.2024 133954.839КПА-1 - THRD.ReciveAnswer. Ответ: 
23.12.2024 133954.839КПА-1 - THRD.ReciveAnswer. Result: 
23.12.2024 133959.229MainForm - AddRich(Данных нет или время ожидания истекло!, Номер вкладки:0)
23.12.2024 133959.230MainForm - THRD.ReciveAnswer. Ответ: 
23.12.2024 133959.230MainForm - THRD.ReciveAnswer. Result: 
23.12.2024 134003.395MainForm - AddRich(Данных нет или время ожидания истекло!, Номер вкладки:2)
23.12.2024 134003.396КПА-2 - THRD.ReciveAnswer. Ответ: 
23.12.2024 134003.396КПА-2 - THRD.ReciveAnswer. Result: 
23.12.2024 134015.847MainForm - SelectPort - Сортировка портов
23.12.2024 134015.848MainForm - SelectPort - Сортировка портов
23.12.2024 144710.195MainForm - FormShow - Создание фрейма номер - 0 - успешно!
23.12.2024 144710.407MainForm - AddRich(Вкладка:0: COM1: Порт открыт!)
23.12.2024 144710.574MainForm - FormShow - Создание фрейма номер - 1 - успешно!
23.12.2024 144710.704MainForm - FormShow - Создание фрейма номер - 2 - успешно!
23.12.2024 144710.815MainForm - FormShow - Создание фрейма номер - 3 - успешно!
23.12.2024 144710.909MainForm - FormShow - Создание фрейма номер - 4 - успешно!
23.12.2024 144711.004MainForm - FormShow - Создание фрейма номер - 5 - успешно!
23.12.2024 144711.104MainForm - AddRich(Вкладка:0: COM1: Опрос КПА)
23.12.2024 144711.106MainForm - AddRich(Вкладка:1: COM3: Порт открыт!)
23.12.2024 144711.106MainForm - AddRich(Вкладка:1: COM3: Опрос КПА)
23.12.2024 144724.434MainForm - SelectPort - Сортировка портов
23.12.2024 144725.796MainForm - AddRich(Вкладка:0: COM1: Данных нет или время ожидания истекло!)
23.12.2024 144725.796MainForm - THRD.ReciveAnswer. Ответ: 
23.12.2024 144725.796MainForm - THRD.ReciveAnswer. Result: 
23.12.2024 144725.855MainForm - AddRich(Вкладка:0: COM1: Порт закрыт!)
23.12.2024 144725.917MainForm - AddRich(Вкладка:0: COM5: Порт открыт!)
23.12.2024 144725.954MainForm - AddRich(Вкладка:0: COM5: Опрос КПА)
23.12.2024 144725.984MainForm - AddRich(Вкладка:0: COM5: Ответ: {"KPA-1","1.05.04","5","04.01.2000,00:30:49","49560","0",{"7BFFFFC3F","1","1","","","","","","1"}}
)
23.12.2024 144725.984MainForm - THRD.BCPRxChar. Ответ: {"KPA-1","1.05.04","5","04.01.2000,00:30:49","49560","0",{"7BFFFFC3F","1","1","","","","","","1"}}

23.12.2024 144726.804MainForm - AddRich(Вкладка:1: COM3: Данных нет или время ожидания истекло!)
23.12.2024 144726.804КПА-1 - THRD.ReciveAnswer. Ответ: 
23.12.2024 144726.804КПА-1 - THRD.ReciveAnswer. Result: 
23.12.2024 144741.843MainForm - AddRich(Вкладка:0: COM5: Данных нет или время ожидания истекло!)
23.12.2024 144741.843MainForm - THRD.ReciveAnswer. Ответ: 
23.12.2024 144741.843MainForm - THRD.ReciveAnswer. Result: 
23.12.2024 144929.802MainForm - FormShow - Создание фрейма номер - 0 - успешно!
23.12.2024 144930.022MainForm - AddRich(Вкладка:0: COM1: Порт открыт!)
23.12.2024 144930.183MainForm - FormShow - Создание фрейма номер - 1 - успешно!
23.12.2024 144930.311MainForm - FormShow - Создание фрейма номер - 2 - успешно!
23.12.2024 144930.405MainForm - FormShow - Создание фрейма номер - 3 - успешно!
23.12.2024 144930.495MainForm - FormShow - Создание фрейма номер - 4 - успешно!
23.12.2024 144930.590MainForm - FormShow - Создание фрейма номер - 5 - успешно!
23.12.2024 144930.685MainForm - AddRich(Вкладка:0: COM1: Опрос КПА)
23.12.2024 144930.687MainForm - AddRich(Вкладка:1: COM3: Порт открыт!)
23.12.2024 144930.695MainForm - AddRich(Вкладка:1: COM3: Опрос КПА)
23.12.2024 144935.001MainForm - SelectPort - Сортировка портов
23.12.2024 144935.783MainForm - AddRich(Вкладка:0: COM1: Данных нет или время ожидания истекло!)
23.12.2024 144935.783MainForm - THRD.ReciveAnswer. Ответ: 
23.12.2024 144935.784MainForm - THRD.ReciveAnswer. Result: 
23.12.2024 144935.823MainForm - AddRich(Вкладка:0: COM1: Порт закрыт!)
23.12.2024 144935.878MainForm - AddRich(Вкладка:0: COM5: Порт открыт!)
23.12.2024 144935.884MainForm - AddRich(Вкладка:0: COM5: Опрос КПА)
23.12.2024 144935.914MainForm - AddRich(Вкладка:0: COM5: Ответ: {"KPA-1","1.05.04","5","04.01.2000,00:32:59","49560","0",{"7BFFFFC3F","1","1","","","","","","1"}}
)
23.12.2024 144935.914MainForm - THRD.BCPRxChar. Ответ: {"KPA-1","1.05.04","5","04.01.2000,00:32:59","49560","0",{"7BFFFFC3F","1","1","","","","","","1"}}

23.12.2024 144946.388MainForm - AddRich(Вкладка:1: COM3: Данных нет или время ожидания истекло!)
23.12.2024 144946.388КПА-1 - THRD.ReciveAnswer. Ответ: 
23.12.2024 144946.397КПА-1 - THRD.ReciveAnswer. Result: 
23.12.2024 144947.355MainForm - SelectPort - Сортировка портов
23.12.2024 144948.471MainForm - AddRich(Вкладка:2: COM1: Порт открыт!)
23.12.2024 144948.477MainForm - AddRich(Вкладка:2: COM1: Опрос КПА)
23.12.2024 144951.699MainForm - AddRich(Вкладка:0: COM5: Данных нет или время ожидания истекло!)
23.12.2024 144951.699MainForm - THRD.ReciveAnswer. Ответ: 
23.12.2024 144951.706MainForm - THRD.ReciveAnswer. Result: 
23.12.2024 145004.444MainForm - AddRich(Вкладка:2: COM1: Данных нет или время ожидания истекло!)
23.12.2024 145004.444КПА-2 - THRD.ReciveAnswer. Ответ: 
23.12.2024 145004.444КПА-2 - THRD.ReciveAnswer. Result: 
23.12.2024 150825.838 MainForm - FormShow - Создание фрейма номер - 0 - успешно!
23.12.2024 150826.042 MainForm - AddRich(Вкладка:0: COM1: Порт открыт!)
23.12.2024 150826.193 MainForm - FormShow - Создание фрейма номер - 1 - успешно!
23.12.2024 150826.385 MainForm - AddRich(Вкладка:0: COM1: Опрос КПА)
23.12.2024 150826.399 MainForm - AddRich(Вкладка:1: COM3: Порт открыт!)
23.12.2024 150826.454 MainForm - FormShow - Создание фрейма номер - 2 - успешно!
23.12.2024 150826.577 MainForm - FormShow - Создание фрейма номер - 3 - успешно!
23.12.2024 150826.672 MainForm - FormShow - Создание фрейма номер - 4 - успешно!
23.12.2024 150826.761 MainForm - FormShow - Создание фрейма номер - 5 - успешно!
23.12.2024 150826.858 MainForm - AddRich(Вкладка:1: COM3: Опрос КПА)
23.12.2024 150826.867 MainForm - AddRich(Вкладка:2: COM5: Порт открыт!)
23.12.2024 150826.867 MainForm - AddRich(Вкладка:2: COM5: Опрос КПА)
23.12.2024 150826.923 MainForm - AddRich(Вкладка:2: COM5: Ответ: {"KPA-1","1.05.04","5","04.01.2000,00:51:50","49560","0",{"7BFFFFC3F","1","1","","","","","","1"}}
)
23.12.2024 152857.007 MainForm - FormShow - Создание фрейма номер - 0 - успешно!
23.12.2024 152857.216 MainForm - AddRich(Вкладка:0: COM1: Порт открыт!)
23.12.2024 152857.371 MainForm - FormShow - Создание фрейма номер - 1 - успешно!
23.12.2024 152857.563 MainForm - AddRich(Вкладка:0: COM1: Опрос КПА)
23.12.2024 152857.576 MainForm - AddRich(Вкладка:1: COM3: Порт открыт!)
23.12.2024 152857.627 MainForm - FormShow - Создание фрейма номер - 2 - успешно!
23.12.2024 152857.774 MainForm - FormShow - Создание фрейма номер - 3 - успешно!
23.12.2024 152857.870 MainForm - FormShow - Создание фрейма номер - 4 - успешно!
23.12.2024 152857.966 MainForm - FormShow - Создание фрейма номер - 5 - успешно!
23.12.2024 152858.048 MainForm - AddRich(Вкладка:1: COM3: Опрос КПА)
23.12.2024 152858.049 MainForm - AddRich(Вкладка:2: COM5: Порт открыт!)
23.12.2024 152858.050 MainForm - AddRich(Вкладка:2: COM5: Опрос КПА)
23.12.2024 152858.108 MainForm - AddRich(Вкладка:2: COM5: THRD.BCPRxChar. Ответ: {"KPA-1","1.05.04","5","04.01.2000,01:12:22","49560","0",{"7BFFFFC3F","1","1","","","","","","1"}}
)
23.12.2024 152913.283 MainForm - AddRich(Вкладка:0: COM1: Данных нет или время ожидания истекло!)
23.12.2024 152913.283 MainForm - AddRich(Вкладка:0: COM1: THRD.ReciveAnswer. Ответ: )
23.12.2024 152913.725 MainForm - AddRich(Вкладка:1: COM3: Данных нет или время ожидания истекло!)
23.12.2024 152913.726 MainForm - AddRich(Вкладка:1: COM3: THRD.ReciveAnswer. Ответ: )
23.12.2024 152913.741 MainForm - AddRich(Вкладка:2: COM5: Данных нет или время ожидания истекло!)
23.12.2024 152913.741 MainForm - AddRich(Вкладка:2: COM5: THRD.ReciveAnswer. Ответ: )
23.12.2024 152946.292 MainForm - FormShow - Создание фрейма номер - 0 - успешно!
23.12.2024 152946.496 MainForm - AddRich(Вкладка:0: COM1: Порт открыт!)
23.12.2024 152946.646 MainForm - FormShow - Создание фрейма номер - 1 - успешно!
23.12.2024 152946.832 MainForm - AddRich(Вкладка:0: COM1: Опрос КПА)
23.12.2024 152946.846 MainForm - AddRich(Вкладка:1: COM3: Порт открыт!)
23.12.2024 152946.891 MainForm - FormShow - Создание фрейма номер - 2 - успешно!
23.12.2024 152947.017 MainForm - FormShow - Создание фрейма номер - 3 - успешно!
23.12.2024 152947.110 MainForm - FormShow - Создание фрейма номер - 4 - успешно!
23.12.2024 152947.203 MainForm - FormShow - Создание фрейма номер - 5 - успешно!
23.12.2024 152947.287 MainForm - AddRich(Вкладка:1: COM3: Опрос КПА)
23.12.2024 152947.288 MainForm - AddRich(Вкладка:2: COM5: Порт открыт!)
23.12.2024 152947.289 MainForm - AddRich(Вкладка:2: COM5: Опрос КПА)
23.12.2024 152947.346 MainForm - AddRich(Вкладка:2: COM5: THRD.BCPRxChar. Ответ: {"KPA-1","1.05.04","5","04.01.2000,01:13:11","49560","0",{"7BFFFFC3F","1","1","","","","","","1"}}
)
23.12.2024 153028.842 MainForm - AddRich(Вкладка:0: COM1: Данных нет или время ожидания истекло!)
23.12.2024 153028.842 MainForm - AddRich(Вкладка:0: COM1: THRD.ReciveAnswer. Ответ: )
23.12.2024 153029.291 MainForm - AddRich(Вкладка:2: COM5: Данных нет или время ожидания истекло!)
23.12.2024 153029.297 MainForm - AddRich(Вкладка:1: COM3: Данных нет или время ожидания истекло!)
23.12.2024 153029.297 MainForm - AddRich(Вкладка:2: COM5: THRD.ReciveAnswer. Ответ: )
23.12.2024 153029.297 MainForm - AddRich(Вкладка:1: COM3: THRD.ReciveAnswer. Ответ: )
23.12.2024 153229.135 MainForm - FormShow - Создание фрейма номер - 0 - успешно!
23.12.2024 153236.385 MainForm - AddRich(Вкладка:0: COM1: Порт открыт!)
23.12.2024 153236.531 MainForm - FormShow - Создание фрейма номер - 1 - успешно!
23.12.2024 153237.538 MainForm - AddRich(Вкладка:0: COM1: Опрос КПА)
23.12.2024 153238.178 MainForm - AddRich(Вкладка:1: COM3: Порт открыт!)
23.12.2024 153238.221 MainForm - FormShow - Создание фрейма номер - 2 - успешно!
23.12.2024 153238.357 MainForm - FormShow - Создание фрейма номер - 3 - успешно!
23.12.2024 153238.452 MainForm - FormShow - Создание фрейма номер - 4 - успешно!
23.12.2024 153238.548 MainForm - FormShow - Создание фрейма номер - 5 - успешно!
23.12.2024 153239.868 MainForm - AddRich(Вкладка:1: COM3: Опрос КПА)
23.12.2024 153240.999 MainForm - AddRich(Вкладка:2: COM5: Порт открыт!)
23.12.2024 153242.041 MainForm - AddRich(Вкладка:2: COM5: Опрос КПА)
23.12.2024 153242.908 MainForm - AddRich(Вкладка:2: COM5: THRD.BCPRxChar. Ответ: {"KPA-1","1.05.04","5","04.01.2000,01:16:06","49560","0",{"7BFFFFC3F","1","1","","","","","","1"}}
)
23.12.2024 153442.642 MainForm - FormShow - Создание фрейма номер - 0 - успешно!
23.12.2024 153442.842 MainForm - AddRich(Вкладка:0: COM1: Порт открыт!)
23.12.2024 153442.999 MainForm - FormShow - Создание фрейма номер - 1 - успешно!
23.12.2024 153443.181 MainForm - AddRich(Вкладка:0: COM1: Опрос КПА)
23.12.2024 153443.195 MainForm - AddRich(Вкладка:1: COM3: Порт открыт!)
23.12.2024 153443.252 MainForm - FormShow - Создание фрейма номер - 2 - успешно!
23.12.2024 153443.372 MainForm - FormShow - Создание фрейма номер - 3 - успешно!
23.12.2024 153443.459 MainForm - FormShow - Создание фрейма номер - 4 - успешно!
23.12.2024 153443.546 MainForm - FormShow - Создание фрейма номер - 5 - успешно!
23.12.2024 153443.627 MainForm - AddRich(Вкладка:1: COM3: Опрос КПА)
23.12.2024 153443.628 MainForm - AddRich(Вкладка:2: COM5: Порт открыт!)
23.12.2024 153443.628 MainForm - AddRich(Вкладка:2: COM5: Опрос КПА)
23.12.2024 153443.685 MainForm - AddRich(Вкладка:2: COM5: THRD.BCPRxChar. Ответ: {"KPA-1","1.05.04","5","04.01.2000,01:18:08","49560","0",{"7BFFFFC3F","1","1","","","","","","1"}}
)
23.12.2024 153512.719 MainForm - AddRich(Вкладка:2: COM5: THRD.BCPRxChar. Ответ: {"KPA-1","1.05.04","5","04.01.2000,01:18:08","49560","0",{"7BFFFFC3F","1","1","","","","","","1"}}
)
23.12.2024 154457.667 MainForm - FormShow - Создание фрейма номер - 0 - успешно!
23.12.2024 154457.871 MainForm - AddRich(Вкладка:0: COM1: Порт открыт!)
23.12.2024 154458.012 MainForm - FormShow - Создание фрейма номер - 1 - успешно!
23.12.2024 154458.192 MainForm - AddRich(Вкладка:0: COM1: Опрос КПА)
23.12.2024 154458.205 MainForm - AddRich(Вкладка:1: COM3: Порт открыт!)
23.12.2024 154458.257 MainForm - FormShow - Создание фрейма номер - 2 - успешно!
23.12.2024 154458.390 MainForm - FormShow - Создание фрейма номер - 3 - успешно!
23.12.2024 154458.484 MainForm - FormShow - Создание фрейма номер - 4 - успешно!
23.12.2024 154458.575 MainForm - FormShow - Создание фрейма номер - 5 - успешно!
23.12.2024 154458.660 MainForm - AddRich(Вкладка:1: COM3: Опрос КПА)
23.12.2024 154458.661 MainForm - AddRich(Вкладка:2: COM5: Порт открыт!)
23.12.2024 154458.661 MainForm - AddRich(Вкладка:2: COM5: Опрос КПА)
23.12.2024 154458.686 MainForm - AddRich(Вкладка:2: COM5: THRD.BCPRxChar. Ответ: {"KPA-1","1.05.04","5","04.01.2000,01:28:23","49560","0",{"7BFFFFC3F","1","1","","","","","","1"}}
)
23.12.2024 154458.730 MainForm - AddRich(Вкладка:2: COM5: THRD.BCPRxChar. Ответ: {"KPA-1","1.05.04","5","04.01.2000,01:28:23","49560","0",{"7BFFFFC3F","1","1","","","","","","1"}}
)
23.12.2024 154513.927 MainForm - AddRich(Вкладка:0: COM1: Данных нет или время ожидания истекло!)
23.12.2024 154513.927 MainForm - AddRich(Вкладка:0: COM1: THRD.ReciveAnswer. Ответ: )
23.12.2024 154514.406 MainForm - AddRich(Вкладка:2: COM5: Данных нет или время ожидания истекло!)
23.12.2024 154514.412 MainForm - AddRich(Вкладка:1: COM3: Данных нет или время ожидания истекло!)
23.12.2024 154514.412 MainForm - AddRich(Вкладка:2: COM5: THRD.ReciveAnswer. Ответ: )
23.12.2024 154514.412 MainForm - AddRich(Вкладка:1: COM3: THRD.ReciveAnswer. Ответ: )
23.12.2024 154647.033 MainForm - FormShow - Создание фрейма номер - 0 - успешно!
23.12.2024 154647.235 MainForm - AddRich(Вкладка:0: COM1: Порт открыт!)
23.12.2024 154647.380 MainForm - FormShow - Создание фрейма номер - 1 - успешно!
23.12.2024 154647.585 MainForm - AddRich(Вкладка:0: COM1: Опрос КПА)
23.12.2024 154647.600 MainForm - AddRich(Вкладка:1: COM3: Порт открыт!)
23.12.2024 154647.648 MainForm - FormShow - Создание фрейма номер - 2 - успешно!
23.12.2024 154647.785 MainForm - FormShow - Создание фрейма номер - 3 - успешно!
23.12.2024 154647.876 MainForm - FormShow - Создание фрейма номер - 4 - успешно!
23.12.2024 154647.989 MainForm - FormShow - Создание фрейма номер - 5 - успешно!
23.12.2024 154648.077 MainForm - AddRich(Вкладка:1: COM3: Опрос КПА)
23.12.2024 154648.088 MainForm - AddRich(Вкладка:2: COM5: Порт открыт!)
23.12.2024 154648.089 MainForm - AddRich(Вкладка:2: COM5: Опрос КПА)
23.12.2024 154648.114 MainForm - AddRich(Вкладка:2: COM5: THRD.BCPRxChar. Ответ: {"KPA-1","1.05.04","5","04.01.2000,01:30:12","49560","0",{"7BFFFFC3F","1","1","","","","","","1"}}
)
23.12.2024 154648.145 MainForm - AddRich(Вкладка:2: COM5: THRD.BCPRxChar. Ответ: {"KPA-1","1.05.04","5","04.01.2000,01:30:12","49560","0",{"7BFFFFC3F","1","1","","","","","","1"}}
)
