13.12.2024 141718.911 - FormShow - Создание фрейма номер - 0 - успешно!
13.12.2024 141719.027 - FormShow - Создание фрейма номер - 1 - успешно!
13.12.2024 141719.126 - FormShow - Создание фрейма номер - 2 - успешно!
13.12.2024 141719.227 - FormShow - Создание фрейма номер - 3 - успешно!
13.12.2024 141719.323 - FormShow - Создание фрейма номер - 4 - успешно!
13.12.2024 141719.415 - FormShow - Создание фрейма номер - 5 - успешно!
13.12.2024 142010.603 - FormShow - Создание фрейма номер - 0 - успешно!
13.12.2024 142010.736 - FormShow - Создание фрейма номер - 1 - успешно!
13.12.2024 142010.850 - FormShow - Создание фрейма номер - 2 - успешно!
13.12.2024 142010.952 - FormShow - Создание фрейма номер - 3 - успешно!
13.12.2024 142011.048 - FormShow - Создание фрейма номер - 4 - успешно!
13.12.2024 142011.145 - FormShow - Создание фрейма номер - 5 - успешно!
13.12.2024 142235.295 - FormShow - Создание фрейма номер - 0 - успешно!
13.12.2024 142235.407 - FormShow - Создание фрейма номер - 1 - успешно!
13.12.2024 142235.506 - FormShow - Создание фрейма номер - 2 - успешно!
13.12.2024 142235.607 - FormShow - Создание фрейма номер - 3 - успешно!
13.12.2024 142235.697 - FormShow - Создание фрейма номер - 4 - успешно!
13.12.2024 142235.793 - FormShow - Создание фрейма номер - 5 - успешно!
13.12.2024 143556.572 - FormShow - Создание фрейма номер - 0 - успешно!
13.12.2024 143616.369 - FormShow - Создание фрейма номер - 1 - успешно!
13.12.2024 143616.501 - FormShow - Создание фрейма номер - 2 - успешно!
13.12.2024 143616.602 - FormShow - Создание фрейма номер - 3 - успешно!
13.12.2024 143616.724 - FormShow - Создание фрейма номер - 4 - успешно!
13.12.2024 143616.850 - FormShow - Создание фрейма номер - 5 - успешно!
13.12.2024 143616.976 - THRD.StartThread
13.12.2024 143618.688 - THRD.StartThread
13.12.2024 143659.981 - FormShow - Создание фрейма номер - 0 - успешно!
13.12.2024 143700.328 - FormShow - Создание фрейма номер - 1 - успешно!
13.12.2024 143700.455 - FormShow - Создание фрейма номер - 2 - успешно!
13.12.2024 143700.565 - FormShow - Создание фрейма номер - 3 - успешно!
13.12.2024 143700.662 - FormShow - Создание фрейма номер - 4 - успешно!
13.12.2024 143700.770 - FormShow - Создание фрейма номер - 5 - успешно!
13.12.2024 143700.875 - THRD.StartThread
13.12.2024 143700.935 - THRD.StartThread
13.12.2024 144941.947MainForm - FormShow - Создание фрейма номер - 0 - успешно!
13.12.2024 144942.178MainForm - AddRich(Порт COM1 открыт!, Номер вкладки:0)
13.12.2024 144942.295MainForm - FormShow - Создание фрейма номер - 1 - успешно!
13.12.2024 144942.432MainForm - FormShow - Создание фрейма номер - 2 - успешно!
13.12.2024 144942.525MainForm - FormShow - Создание фрейма номер - 3 - успешно!
13.12.2024 144942.625MainForm - FormShow - Создание фрейма номер - 4 - успешно!
13.12.2024 144942.735MainForm - FormShow - Создание фрейма номер - 5 - успешно!
13.12.2024 144942.867MainForm - THRD.StartThread
13.12.2024 144942.920MainForm - AddRich(Порт COM3 открыт!, Номер вкладки:1)
13.12.2024 144942.920КПА-1 - THRD.StartThread
13.12.2024 144950.473MainForm - SelectPort - Сортировка портов
13.12.2024 144950.474MainForm - SelectPort - Сортировка портов
13.12.2024 144955.058MainForm - SelectPort - Сортировка портов
