19.12.2024 163448.314MainForm - FormShow - Создание фрейма номер - 0 - успешно!
19.12.2024 163448.524MainForm - AddRich(Порт COM1 открыт!, Номер вкладки:0)
19.12.2024 163448.626MainForm - FormShow - Создание фрейма номер - 1 - успешно!
19.12.2024 163448.777MainForm - FormShow - Создание фрейма номер - 2 - успешно!
19.12.2024 163448.874MainForm - FormShow - Создание фрейма номер - 3 - успешно!
19.12.2024 163448.969MainForm - FormShow - Создание фрейма номер - 4 - успешно!
19.12.2024 163449.071MainForm - FormShow - Создание фрейма номер - 5 - успешно!
19.12.2024 163449.169MainForm - THRD.StartThread
19.12.2024 163452.012MainForm - AddRich(Порт COM3 открыт!, Номер вкладки:1)
19.12.2024 163452.012КПА-1 - THRD.StartThread
19.12.2024 163507.731MainForm - AddRich(Данных нет или время ожидания истекло!, Номер вкладки:0)
19.12.2024 163507.731MainForm - THRD.ReciveAnswer. Ответ: 
19.12.2024 163507.733MainForm - THRD.ReciveAnswer. Result: 
19.12.2024 163507.751MainForm - AddRich(Данных нет или время ожидания истекло!, Номер вкладки:1)
19.12.2024 163507.751КПА-1 - THRD.ReciveAnswer. Ответ: 
19.12.2024 163507.751КПА-1 - THRD.ReciveAnswer. Result: 
19.12.2024 163523.485MainForm - AddRich(Данных нет или время ожидания истекло!, Номер вкладки:0)
19.12.2024 163523.485MainForm - THRD.ReciveAnswer. Ответ: 
19.12.2024 163523.485MainForm - THRD.ReciveAnswer. Result: 
19.12.2024 163523.499MainForm - AddRich(Данных нет или время ожидания истекло!, Номер вкладки:1)
19.12.2024 163523.500КПА-1 - THRD.ReciveAnswer. Ответ: 
19.12.2024 163523.500КПА-1 - THRD.ReciveAnswer. Result: 
19.12.2024 163539.318MainForm - AddRich(Данных нет или время ожидания истекло!, Номер вкладки:0)
19.12.2024 163539.320MainForm - THRD.ReciveAnswer. Ответ: 
19.12.2024 163539.320MainForm - THRD.ReciveAnswer. Result: 
19.12.2024 163539.563MainForm - AddRich(Данных нет или время ожидания истекло!, Номер вкладки:1)
19.12.2024 163539.565КПА-1 - THRD.ReciveAnswer. Ответ: 
19.12.2024 163539.565КПА-1 - THRD.ReciveAnswer. Result: 
19.12.2024 163555.638MainForm - AddRich(Данных нет или время ожидания истекло!, Номер вкладки:0)
19.12.2024 163555.638MainForm - THRD.ReciveAnswer. Ответ: 
19.12.2024 163555.638MainForm - THRD.ReciveAnswer. Result: 
19.12.2024 163555.889MainForm - AddRich(Данных нет или время ожидания истекло!, Номер вкладки:1)
19.12.2024 163555.889КПА-1 - THRD.ReciveAnswer. Ответ: 
19.12.2024 163555.889КПА-1 - THRD.ReciveAnswer. Result: 
19.12.2024 163611.304MainForm - AddRich(Данных нет или время ожидания истекло!, Номер вкладки:0)
19.12.2024 163611.304MainForm - THRD.ReciveAnswer. Ответ: 
19.12.2024 163611.304MainForm - THRD.ReciveAnswer. Result: 
19.12.2024 163611.554MainForm - AddRich(Данных нет или время ожидания истекло!, Номер вкладки:1)
19.12.2024 163611.555КПА-1 - THRD.ReciveAnswer. Ответ: 
19.12.2024 163611.555КПА-1 - THRD.ReciveAnswer. Result: 
